[0.029s] Invoking command in '/home/chief-of-mischief/Desktop/ROS-learnings/ros2_ws/build/interfaces': CMAKE_PREFIX_PATH=${CMAKE_PREFIX_PATH}:/home/chief-of-mischief/Desktop/ROS-learnings/ros2_ws/install/my_py_pkg:/home/chief-of-mischief/Desktop/ROS-learnings/ros2_ws/install/p_py_pkg:/opt/ros/humble /usr/bin/cmake --build /home/chief-of-mischief/Desktop/ROS-learnings/ros2_ws/build/interfaces -- -j24 -l24
[0.043s] -- Found ament_cmake: 1.3.3 (/opt/ros/humble/share/ament_cmake/cmake)
[0.127s] -- Override CMake install command with custom implementation using symlinks instead of copying resources
[0.131s] -- Found rosidl_default_generators: 1.2.0 (/opt/ros/humble/share/rosidl_default_generators/cmake)
[0.132s] -- Using all available rosidl_typesupport_c: rosidl_typesupport_fastrtps_c;rosidl_typesupport_introspection_c
[0.133s] -- Found rosidl_adapter: 3.1.4 (/opt/ros/humble/share/rosidl_adapter/cmake)
[0.150s] -- Using all available rosidl_typesupport_cpp: rosidl_typesupport_fastrtps_cpp;rosidl_typesupport_introspection_cpp
[0.329s] -- Found ament_cmake_ros: 0.10.0 (/opt/ros/humble/share/ament_cmake_ros/cmake)
[0.443s] -- Using all available rosidl_typesupport_c: rosidl_typesupport_fastrtps_c;rosidl_typesupport_introspection_c
[0.593s] -- Using all available rosidl_typesupport_cpp: rosidl_typesupport_fastrtps_cpp;rosidl_typesupport_introspection_cpp
[0.609s] -- Found python_cmake_module: 0.10.0 (/opt/ros/humble/share/python_cmake_module/cmake)
[0.623s] -- Using PYTHON_EXECUTABLE: /usr/bin/python3
[0.623s] -- Using PYTHON_INCLUDE_DIRS: /usr/include/python3.10
[0.623s] -- Using PYTHON_LIBRARIES: /usr/lib/x86_64-linux-gnu/libpython3.10.so
[0.640s] -- Configuring done
[0.654s] -- Generating done
[0.655s] -- Build files have been written to: /home/chief-of-mischief/Desktop/ROS-learnings/ros2_ws/build/interfaces
[0.668s] [  1%] [34m[1mGenerating C code for ROS interfaces[0m
[0.674s] [  3%] [34m[1mGenerating C++ code for ROS interfaces[0m
[0.681s] [  3%] Built target ament_cmake_python_symlink_interfaces
[0.854s] running egg_info
[0.854s] writing interfaces.egg-info/PKG-INFO
[0.854s] writing dependency_links to interfaces.egg-info/dependency_links.txt
[0.854s] writing top-level names to interfaces.egg-info/top_level.txt
[0.856s] reading manifest file 'interfaces.egg-info/SOURCES.txt'
[0.856s] writing manifest file 'interfaces.egg-info/SOURCES.txt'
[0.872s] [  3%] Built target ament_cmake_python_build_interfaces_egg
[0.918s] [  3%] Built target interfaces__cpp
[0.923s] [  9%] [34m[1mGenerating C++ type support dispatch for ROS interfaces[0m
[0.923s] [  9%] [34m[1mGenerating C++ introspection for ROS interfaces[0m
[0.924s] [  9%] [34m[1mGenerating C++ type support for eProsima Fast-RTPS[0m
[0.938s] [35m[1mConsolidate compiler generated dependencies of target interfaces__rosidl_generator_c[0m
[0.945s] [ 12%] [32mBuilding C object CMakeFiles/interfaces__rosidl_generator_c.dir/rosidl_generator_c/interfaces/msg/detail/led_status__functions.c.o[0m
[0.945s] [ 14%] [32mBuilding C object CMakeFiles/interfaces__rosidl_generator_c.dir/rosidl_generator_c/interfaces/srv/detail/compute_rectangle_area__functions.c.o[0m
[0.945s] [ 14%] [32mBuilding C object CMakeFiles/interfaces__rosidl_generator_c.dir/rosidl_generator_c/interfaces/msg/detail/hardware_status__functions.c.o[0m
[0.947s] [ 16%] [32mBuilding C object CMakeFiles/interfaces__rosidl_generator_c.dir/rosidl_generator_c/interfaces/srv/detail/set_led__functions.c.o[0m
[0.983s] [ 18%] [32m[1mLinking C shared library libinterfaces__rosidl_generator_c.so[0m
[1.004s] [ 18%] Built target interfaces__rosidl_generator_c
[1.011s] [ 20%] [34m[1mGenerating C type support for eProsima Fast-RTPS[0m
[1.011s] [ 21%] [34m[1mGenerating C type support dispatch for ROS interfaces[0m
[1.011s] [ 23%] [34m[1mGenerating C introspection for ROS interfaces[0m
[1.114s] [35m[1mConsolidate compiler generated dependencies of target interfaces__rosidl_typesupport_cpp[0m
[1.122s] [ 25%] [32mBuilding CXX object CMakeFiles/interfaces__rosidl_typesupport_cpp.dir/rosidl_typesupport_cpp/interfaces/srv/compute_rectangle_area__type_support.cpp.o[0m
[1.123s] [ 29%] [32mBuilding CXX object CMakeFiles/interfaces__rosidl_typesupport_cpp.dir/rosidl_typesupport_cpp/interfaces/msg/hardware_status__type_support.cpp.o[0m
[1.124s] [ 29%] [32mBuilding CXX object CMakeFiles/interfaces__rosidl_typesupport_cpp.dir/rosidl_typesupport_cpp/interfaces/msg/led_status__type_support.cpp.o[0m
[1.124s] [ 30%] [32mBuilding CXX object CMakeFiles/interfaces__rosidl_typesupport_cpp.dir/rosidl_typesupport_cpp/interfaces/srv/set_led__type_support.cpp.o[0m
[1.133s] [35m[1mConsolidate compiler generated dependencies of target interfaces__rosidl_typesupport_introspection_cpp[0m
[1.143s] [ 32%] [32mBuilding CXX object CMakeFiles/interfaces__rosidl_typesupport_introspection_cpp.dir/rosidl_typesupport_introspection_cpp/interfaces/msg/detail/hardware_status__type_support.cpp.o[0m
[1.143s] [ 34%] [32mBuilding CXX object CMakeFiles/interfaces__rosidl_typesupport_introspection_cpp.dir/rosidl_typesupport_introspection_cpp/interfaces/srv/detail/set_led__type_support.cpp.o[0m
[1.144s] [ 38%] [32mBuilding CXX object CMakeFiles/interfaces__rosidl_typesupport_introspection_cpp.dir/rosidl_typesupport_introspection_cpp/interfaces/srv/detail/compute_rectangle_area__type_support.cpp.o[0m
[1.144s] [ 38%] [32mBuilding CXX object CMakeFiles/interfaces__rosidl_typesupport_introspection_cpp.dir/rosidl_typesupport_introspection_cpp/interfaces/msg/detail/led_status__type_support.cpp.o[0m
[1.163s] [35m[1mConsolidate compiler generated dependencies of target interfaces__rosidl_typesupport_fastrtps_cpp[0m
[1.176s] [ 45%] [32mBuilding CXX object CMakeFiles/interfaces__rosidl_typesupport_fastrtps_cpp.dir/rosidl_typesupport_fastrtps_cpp/interfaces/msg/detail/dds_fastrtps/led_status__type_support.cpp.o[0m
[1.176s] [ 45%] [32mBuilding CXX object CMakeFiles/interfaces__rosidl_typesupport_fastrtps_cpp.dir/rosidl_typesupport_fastrtps_cpp/interfaces/msg/detail/dds_fastrtps/hardware_status__type_support.cpp.o[0m
[1.176s] [ 45%] [32mBuilding CXX object CMakeFiles/interfaces__rosidl_typesupport_fastrtps_cpp.dir/rosidl_typesupport_fastrtps_cpp/interfaces/srv/detail/dds_fastrtps/set_led__type_support.cpp.o[0m
[1.176s] [ 45%] [32mBuilding CXX object CMakeFiles/interfaces__rosidl_typesupport_fastrtps_cpp.dir/rosidl_typesupport_fastrtps_cpp/interfaces/srv/detail/dds_fastrtps/compute_rectangle_area__type_support.cpp.o[0m
[1.207s] [35m[1mConsolidate compiler generated dependencies of target interfaces__rosidl_typesupport_c[0m
[1.217s] [ 50%] [32mBuilding CXX object CMakeFiles/interfaces__rosidl_typesupport_c.dir/rosidl_typesupport_c/interfaces/srv/set_led__type_support.cpp.o[0m
[1.217s] [ 52%] [32mBuilding CXX object CMakeFiles/interfaces__rosidl_typesupport_c.dir/rosidl_typesupport_c/interfaces/srv/compute_rectangle_area__type_support.cpp.o[0m
[1.217s] [ 50%] [32mBuilding CXX object CMakeFiles/interfaces__rosidl_typesupport_c.dir/rosidl_typesupport_c/interfaces/msg/hardware_status__type_support.cpp.o[0m
[1.219s] [ 52%] [32mBuilding CXX object CMakeFiles/interfaces__rosidl_typesupport_c.dir/rosidl_typesupport_c/interfaces/msg/led_status__type_support.cpp.o[0m
[1.255s] [ 54%] [32m[1mLinking CXX shared library libinterfaces__rosidl_typesupport_c.so[0m
[1.266s] [35m[1mConsolidate compiler generated dependencies of target interfaces__rosidl_typesupport_introspection_c[0m
[1.275s] [ 56%] [32mBuilding C object CMakeFiles/interfaces__rosidl_typesupport_introspection_c.dir/rosidl_typesupport_introspection_c/interfaces/msg/detail/hardware_status__type_support.c.o[0m
[1.276s] [ 58%] [32mBuilding C object CMakeFiles/interfaces__rosidl_typesupport_introspection_c.dir/rosidl_typesupport_introspection_c/interfaces/msg/detail/led_status__type_support.c.o[0m
[1.276s] [ 60%] [32mBuilding C object CMakeFiles/interfaces__rosidl_typesupport_introspection_c.dir/rosidl_typesupport_introspection_c/interfaces/srv/detail/set_led__type_support.c.o[0m
[1.279s] [ 61%] [32mBuilding C object CMakeFiles/interfaces__rosidl_typesupport_introspection_c.dir/rosidl_typesupport_introspection_c/interfaces/srv/detail/compute_rectangle_area__type_support.c.o[0m
[1.280s] [35m[1mConsolidate compiler generated dependencies of target interfaces__rosidl_typesupport_fastrtps_c[0m
[1.286s] [ 61%] Built target interfaces__rosidl_typesupport_c
[1.292s] [ 63%] [32mBuilding CXX object CMakeFiles/interfaces__rosidl_typesupport_fastrtps_c.dir/rosidl_typesupport_fastrtps_c/interfaces/msg/detail/led_status__type_support_c.cpp.o[0m
[1.292s] [ 65%] [32mBuilding CXX object CMakeFiles/interfaces__rosidl_typesupport_fastrtps_c.dir/rosidl_typesupport_fastrtps_c/interfaces/msg/detail/hardware_status__type_support_c.cpp.o[0m
[1.292s] [ 67%] [32mBuilding CXX object CMakeFiles/interfaces__rosidl_typesupport_fastrtps_c.dir/rosidl_typesupport_fastrtps_c/interfaces/srv/detail/set_led__type_support_c.cpp.o[0m
[1.292s] [ 69%] [32mBuilding CXX object CMakeFiles/interfaces__rosidl_typesupport_fastrtps_c.dir/rosidl_typesupport_fastrtps_c/interfaces/srv/detail/compute_rectangle_area__type_support_c.cpp.o[0m
[1.310s] [ 70%] [32m[1mLinking C shared library libinterfaces__rosidl_typesupport_introspection_c.so[0m
[1.339s] [ 70%] Built target interfaces__rosidl_typesupport_introspection_c
[1.411s] [ 72%] [32m[1mLinking CXX shared library libinterfaces__rosidl_typesupport_cpp.so[0m
[1.443s] [ 72%] Built target interfaces__rosidl_typesupport_cpp
[1.478s] [ 74%] [32m[1mLinking CXX shared library libinterfaces__rosidl_typesupport_introspection_cpp.so[0m
[1.515s] [ 74%] Built target interfaces__rosidl_typesupport_introspection_cpp
[1.532s] [ 76%] [32m[1mLinking CXX shared library libinterfaces__rosidl_typesupport_fastrtps_c.so[0m
[1.550s] [ 78%] [32m[1mLinking CXX shared library libinterfaces__rosidl_typesupport_fastrtps_cpp.so[0m
[1.572s] [ 78%] Built target interfaces__rosidl_typesupport_fastrtps_c
[1.589s] [ 78%] Built target interfaces__rosidl_typesupport_fastrtps_cpp
[1.599s] [ 78%] Built target interfaces
[1.617s] [ 80%] [34m[1mGenerating Python code for ROS interfaces[0m
[1.962s] [ 80%] Built target interfaces__py
[1.967s] [35m[1mConsolidate compiler generated dependencies of target interfaces__rosidl_generator_py[0m
[1.974s] [ 81%] [32mBuilding C object CMakeFiles/interfaces__rosidl_generator_py.dir/rosidl_generator_py/interfaces/msg/_hardware_status_s.c.o[0m
[1.974s] [ 83%] [32mBuilding C object CMakeFiles/interfaces__rosidl_generator_py.dir/rosidl_generator_py/interfaces/msg/_led_status_s.c.o[0m
[1.974s] [ 85%] [32mBuilding C object CMakeFiles/interfaces__rosidl_generator_py.dir/rosidl_generator_py/interfaces/srv/_compute_rectangle_area_s.c.o[0m
[1.974s] [ 87%] [32mBuilding C object CMakeFiles/interfaces__rosidl_generator_py.dir/rosidl_generator_py/interfaces/srv/_set_led_s.c.o[0m
[2.032s] [ 89%] [32m[1mLinking C shared library rosidl_generator_py/interfaces/libinterfaces__rosidl_generator_py.so[0m
[2.053s] [ 89%] Built target interfaces__rosidl_generator_py
[2.058s] [35m[1mConsolidate compiler generated dependencies of target interfaces__rosidl_typesupport_fastrtps_c__pyext[0m
[2.058s] [35m[1mConsolidate compiler generated dependencies of target interfaces__rosidl_typesupport_introspection_c__pyext[0m
[2.058s] [35m[1mConsolidate compiler generated dependencies of target interfaces__rosidl_typesupport_c__pyext[0m
[2.064s] [ 92%] [32mBuilding C object CMakeFiles/interfaces__rosidl_typesupport_introspection_c__pyext.dir/rosidl_generator_py/interfaces/_interfaces_s.ep.rosidl_typesupport_introspection_c.c.o[0m
[2.064s] [ 92%] [32mBuilding C object CMakeFiles/interfaces__rosidl_typesupport_fastrtps_c__pyext.dir/rosidl_generator_py/interfaces/_interfaces_s.ep.rosidl_typesupport_fastrtps_c.c.o[0m
[2.065s] [ 94%] [32mBuilding C object CMakeFiles/interfaces__rosidl_typesupport_c__pyext.dir/rosidl_generator_py/interfaces/_interfaces_s.ep.rosidl_typesupport_c.c.o[0m
[2.122s] [ 96%] [32m[1mLinking C shared library rosidl_generator_py/interfaces/interfaces_s__rosidl_typesupport_c.cpython-310-x86_64-linux-gnu.so[0m
[2.123s] [ 98%] [32m[1mLinking C shared library rosidl_generator_py/interfaces/interfaces_s__rosidl_typesupport_fastrtps_c.cpython-310-x86_64-linux-gnu.so[0m
[2.124s] [100%] [32m[1mLinking C shared library rosidl_generator_py/interfaces/interfaces_s__rosidl_typesupport_introspection_c.cpython-310-x86_64-linux-gnu.so[0m
[2.139s] [100%] Built target interfaces__rosidl_typesupport_c__pyext
[2.141s] [100%] Built target interfaces__rosidl_typesupport_fastrtps_c__pyext
[2.142s] [100%] Built target interfaces__rosidl_typesupport_introspection_c__pyext
[2.149s] Invoked command in '/home/chief-of-mischief/Desktop/ROS-learnings/ros2_ws/build/interfaces' returned '0': CMAKE_PREFIX_PATH=${CMAKE_PREFIX_PATH}:/home/chief-of-mischief/Desktop/ROS-learnings/ros2_ws/install/my_py_pkg:/home/chief-of-mischief/Desktop/ROS-learnings/ros2_ws/install/p_py_pkg:/opt/ros/humble /usr/bin/cmake --build /home/chief-of-mischief/Desktop/ROS-learnings/ros2_ws/build/interfaces -- -j24 -l24
[2.200s] Invoking command in '/home/chief-of-mischief/Desktop/ROS-learnings/ros2_ws/build/interfaces': CMAKE_PREFIX_PATH=${CMAKE_PREFIX_PATH}:/home/chief-of-mischief/Desktop/ROS-learnings/ros2_ws/install/my_py_pkg:/home/chief-of-mischief/Desktop/ROS-learnings/ros2_ws/install/p_py_pkg:/opt/ros/humble /usr/bin/cmake --install /home/chief-of-mischief/Desktop/ROS-learnings/ros2_ws/build/interfaces
[2.204s] -- Install configuration: ""
[2.205s] -- Execute custom install script
[2.205s] -- Up-to-date symlink: /home/chief-of-mischief/Desktop/ROS-learnings/ros2_ws/install/interfaces/share/ament_index/resource_index/rosidl_interfaces/interfaces
[2.205s] -- Up-to-date symlink: /home/chief-of-mischief/Desktop/ROS-learnings/ros2_ws/install/interfaces/include/interfaces/interfaces/msg/detail/hardware_status__functions.h
[2.205s] -- Up-to-date symlink: /home/chief-of-mischief/Desktop/ROS-learnings/ros2_ws/install/interfaces/include/interfaces/interfaces/msg/detail/hardware_status__struct.h
[2.205s] -- Up-to-date symlink: /home/chief-of-mischief/Desktop/ROS-learnings/ros2_ws/install/interfaces/include/interfaces/interfaces/msg/detail/hardware_status__type_support.h
[2.205s] -- Symlinking: /home/chief-of-mischief/Desktop/ROS-learnings/ros2_ws/install/interfaces/include/interfaces/interfaces/msg/detail/led_status__functions.h
[2.209s] -- Symlinking: /home/chief-of-mischief/Desktop/ROS-learnings/ros2_ws/install/interfaces/include/interfaces/interfaces/msg/detail/led_status__struct.h
[2.213s] -- Symlinking: /home/chief-of-mischief/Desktop/ROS-learnings/ros2_ws/install/interfaces/include/interfaces/interfaces/msg/detail/led_status__type_support.h
[2.218s] -- Up-to-date symlink: /home/chief-of-mischief/Desktop/ROS-learnings/ros2_ws/install/interfaces/include/interfaces/interfaces/msg/hardware_status.h
[2.218s] -- Symlinking: /home/chief-of-mischief/Desktop/ROS-learnings/ros2_ws/install/interfaces/include/interfaces/interfaces/msg/led_status.h
[2.222s] -- Up-to-date symlink: /home/chief-of-mischief/Desktop/ROS-learnings/ros2_ws/install/interfaces/include/interfaces/interfaces/msg/rosidl_generator_c__visibility_control.h
[2.222s] -- Up-to-date symlink: /home/chief-of-mischief/Desktop/ROS-learnings/ros2_ws/install/interfaces/include/interfaces/interfaces/srv/compute_rectangle_area.h
[2.222s] -- Up-to-date symlink: /home/chief-of-mischief/Desktop/ROS-learnings/ros2_ws/install/interfaces/include/interfaces/interfaces/srv/detail/compute_rectangle_area__functions.h
[2.222s] -- Up-to-date symlink: /home/chief-of-mischief/Desktop/ROS-learnings/ros2_ws/install/interfaces/include/interfaces/interfaces/srv/detail/compute_rectangle_area__struct.h
[2.222s] -- Up-to-date symlink: /home/chief-of-mischief/Desktop/ROS-learnings/ros2_ws/install/interfaces/include/interfaces/interfaces/srv/detail/compute_rectangle_area__type_support.h
[2.222s] -- Symlinking: /home/chief-of-mischief/Desktop/ROS-learnings/ros2_ws/install/interfaces/include/interfaces/interfaces/srv/detail/set_led__functions.h
[2.226s] -- Symlinking: /home/chief-of-mischief/Desktop/ROS-learnings/ros2_ws/install/interfaces/include/interfaces/interfaces/srv/detail/set_led__struct.h
[2.231s] -- Symlinking: /home/chief-of-mischief/Desktop/ROS-learnings/ros2_ws/install/interfaces/include/interfaces/interfaces/srv/detail/set_led__type_support.h
[2.235s] -- Symlinking: /home/chief-of-mischief/Desktop/ROS-learnings/ros2_ws/install/interfaces/include/interfaces/interfaces/srv/set_led.h
[2.240s] -- Up-to-date symlink: /home/chief-of-mischief/Desktop/ROS-learnings/ros2_ws/install/interfaces/share/interfaces/environment/library_path.sh
[2.240s] -- Up-to-date symlink: /home/chief-of-mischief/Desktop/ROS-learnings/ros2_ws/install/interfaces/share/interfaces/environment/library_path.dsv
[2.240s] -- Up-to-date symlink: /home/chief-of-mischief/Desktop/ROS-learnings/ros2_ws/install/interfaces/include/interfaces/interfaces/msg/detail/hardware_status__rosidl_typesupport_fastrtps_c.h
[2.240s] -- Symlinking: /home/chief-of-mischief/Desktop/ROS-learnings/ros2_ws/install/interfaces/include/interfaces/interfaces/msg/detail/led_status__rosidl_typesupport_fastrtps_c.h
[2.244s] -- Up-to-date symlink: /home/chief-of-mischief/Desktop/ROS-learnings/ros2_ws/install/interfaces/include/interfaces/interfaces/msg/rosidl_typesupport_fastrtps_c__visibility_control.h
[2.244s] -- Up-to-date symlink: /home/chief-of-mischief/Desktop/ROS-learnings/ros2_ws/install/interfaces/include/interfaces/interfaces/srv/detail/compute_rectangle_area__rosidl_typesupport_fastrtps_c.h
[2.244s] -- Symlinking: /home/chief-of-mischief/Desktop/ROS-learnings/ros2_ws/install/interfaces/include/interfaces/interfaces/srv/detail/set_led__rosidl_typesupport_fastrtps_c.h
[2.249s] -- Up-to-date symlink: /home/chief-of-mischief/Desktop/ROS-learnings/ros2_ws/install/interfaces/include/interfaces/interfaces/msg/detail/hardware_status__rosidl_typesupport_introspection_c.h
[2.249s] -- Symlinking: /home/chief-of-mischief/Desktop/ROS-learnings/ros2_ws/install/interfaces/include/interfaces/interfaces/msg/detail/led_status__rosidl_typesupport_introspection_c.h
[2.252s] -- Up-to-date symlink: /home/chief-of-mischief/Desktop/ROS-learnings/ros2_ws/install/interfaces/include/interfaces/interfaces/msg/rosidl_typesupport_introspection_c__visibility_control.h
[2.253s] -- Up-to-date symlink: /home/chief-of-mischief/Desktop/ROS-learnings/ros2_ws/install/interfaces/include/interfaces/interfaces/srv/detail/compute_rectangle_area__rosidl_typesupport_introspection_c.h
[2.253s] -- Symlinking: /home/chief-of-mischief/Desktop/ROS-learnings/ros2_ws/install/interfaces/include/interfaces/interfaces/srv/detail/set_led__rosidl_typesupport_introspection_c.h
[2.257s] -- Up-to-date symlink: /home/chief-of-mischief/Desktop/ROS-learnings/ros2_ws/install/interfaces/include/interfaces/interfaces/msg/detail/hardware_status__builder.hpp
[2.257s] -- Up-to-date symlink: /home/chief-of-mischief/Desktop/ROS-learnings/ros2_ws/install/interfaces/include/interfaces/interfaces/msg/detail/hardware_status__struct.hpp
[2.257s] -- Up-to-date symlink: /home/chief-of-mischief/Desktop/ROS-learnings/ros2_ws/install/interfaces/include/interfaces/interfaces/msg/detail/hardware_status__traits.hpp
[2.257s] -- Symlinking: /home/chief-of-mischief/Desktop/ROS-learnings/ros2_ws/install/interfaces/include/interfaces/interfaces/msg/detail/led_status__builder.hpp
[2.261s] -- Symlinking: /home/chief-of-mischief/Desktop/ROS-learnings/ros2_ws/install/interfaces/include/interfaces/interfaces/msg/detail/led_status__struct.hpp
[2.268s] -- Symlinking: /home/chief-of-mischief/Desktop/ROS-learnings/ros2_ws/install/interfaces/include/interfaces/interfaces/msg/detail/led_status__traits.hpp
[2.275s] -- Up-to-date symlink: /home/chief-of-mischief/Desktop/ROS-learnings/ros2_ws/install/interfaces/include/interfaces/interfaces/msg/hardware_status.hpp
[2.275s] -- Symlinking: /home/chief-of-mischief/Desktop/ROS-learnings/ros2_ws/install/interfaces/include/interfaces/interfaces/msg/led_status.hpp
[2.282s] -- Up-to-date symlink: /home/chief-of-mischief/Desktop/ROS-learnings/ros2_ws/install/interfaces/include/interfaces/interfaces/srv/compute_rectangle_area.hpp
[2.282s] -- Up-to-date symlink: /home/chief-of-mischief/Desktop/ROS-learnings/ros2_ws/install/interfaces/include/interfaces/interfaces/srv/detail/compute_rectangle_area__builder.hpp
[2.282s] -- Up-to-date symlink: /home/chief-of-mischief/Desktop/ROS-learnings/ros2_ws/install/interfaces/include/interfaces/interfaces/srv/detail/compute_rectangle_area__struct.hpp
[2.282s] -- Up-to-date symlink: /home/chief-of-mischief/Desktop/ROS-learnings/ros2_ws/install/interfaces/include/interfaces/interfaces/srv/detail/compute_rectangle_area__traits.hpp
[2.282s] -- Symlinking: /home/chief-of-mischief/Desktop/ROS-learnings/ros2_ws/install/interfaces/include/interfaces/interfaces/srv/detail/set_led__builder.hpp
[2.288s] -- Symlinking: /home/chief-of-mischief/Desktop/ROS-learnings/ros2_ws/install/interfaces/include/interfaces/interfaces/srv/detail/set_led__struct.hpp
[2.294s] -- Symlinking: /home/chief-of-mischief/Desktop/ROS-learnings/ros2_ws/install/interfaces/include/interfaces/interfaces/srv/detail/set_led__traits.hpp
[2.300s] -- Symlinking: /home/chief-of-mischief/Desktop/ROS-learnings/ros2_ws/install/interfaces/include/interfaces/interfaces/srv/set_led.hpp
[2.304s] -- Up-to-date symlink: /home/chief-of-mischief/Desktop/ROS-learnings/ros2_ws/install/interfaces/include/interfaces/interfaces/msg/detail/hardware_status__rosidl_typesupport_fastrtps_cpp.hpp
[2.305s] -- Symlinking: /home/chief-of-mischief/Desktop/ROS-learnings/ros2_ws/install/interfaces/include/interfaces/interfaces/msg/detail/led_status__rosidl_typesupport_fastrtps_cpp.hpp
[2.311s] -- Up-to-date symlink: /home/chief-of-mischief/Desktop/ROS-learnings/ros2_ws/install/interfaces/include/interfaces/interfaces/msg/rosidl_typesupport_fastrtps_cpp__visibility_control.h
[2.312s] -- Up-to-date symlink: /home/chief-of-mischief/Desktop/ROS-learnings/ros2_ws/install/interfaces/include/interfaces/interfaces/srv/detail/compute_rectangle_area__rosidl_typesupport_fastrtps_cpp.hpp
[2.312s] -- Symlinking: /home/chief-of-mischief/Desktop/ROS-learnings/ros2_ws/install/interfaces/include/interfaces/interfaces/srv/detail/set_led__rosidl_typesupport_fastrtps_cpp.hpp
[2.321s] -- Up-to-date symlink: /home/chief-of-mischief/Desktop/ROS-learnings/ros2_ws/install/interfaces/include/interfaces/interfaces/msg/detail/hardware_status__rosidl_typesupport_introspection_cpp.hpp
[2.321s] -- Symlinking: /home/chief-of-mischief/Desktop/ROS-learnings/ros2_ws/install/interfaces/include/interfaces/interfaces/msg/detail/led_status__rosidl_typesupport_introspection_cpp.hpp
[2.331s] -- Up-to-date symlink: /home/chief-of-mischief/Desktop/ROS-learnings/ros2_ws/install/interfaces/include/interfaces/interfaces/srv/detail/compute_rectangle_area__rosidl_typesupport_introspection_cpp.hpp
[2.332s] -- Symlinking: /home/chief-of-mischief/Desktop/ROS-learnings/ros2_ws/install/interfaces/include/interfaces/interfaces/srv/detail/set_led__rosidl_typesupport_introspection_cpp.hpp
[2.343s] -- Up-to-date symlink: /home/chief-of-mischief/Desktop/ROS-learnings/ros2_ws/install/interfaces/share/interfaces/environment/pythonpath.sh
[2.343s] -- Up-to-date symlink: /home/chief-of-mischief/Desktop/ROS-learnings/ros2_ws/install/interfaces/share/interfaces/environment/pythonpath.dsv
[2.344s] -- Up-to-date symlink: /home/chief-of-mischief/Desktop/ROS-learnings/ros2_ws/install/interfaces/local/lib/python3.10/dist-packages/interfaces-0.0.0-py3.10.egg-info/PKG-INFO
[2.344s] -- Up-to-date symlink: /home/chief-of-mischief/Desktop/ROS-learnings/ros2_ws/install/interfaces/local/lib/python3.10/dist-packages/interfaces-0.0.0-py3.10.egg-info/SOURCES.txt
[2.344s] -- Up-to-date symlink: /home/chief-of-mischief/Desktop/ROS-learnings/ros2_ws/install/interfaces/local/lib/python3.10/dist-packages/interfaces-0.0.0-py3.10.egg-info/dependency_links.txt
[2.344s] -- Up-to-date symlink: /home/chief-of-mischief/Desktop/ROS-learnings/ros2_ws/install/interfaces/local/lib/python3.10/dist-packages/interfaces-0.0.0-py3.10.egg-info/top_level.txt
[2.345s] -- Up-to-date symlink: /home/chief-of-mischief/Desktop/ROS-learnings/ros2_ws/install/interfaces/local/lib/python3.10/dist-packages/interfaces/__init__.py
[2.345s] -- Up-to-date symlink: /home/chief-of-mischief/Desktop/ROS-learnings/ros2_ws/install/interfaces/local/lib/python3.10/dist-packages/interfaces/_interfaces_s.ep.rosidl_typesupport_c.c
[2.346s] -- Up-to-date symlink: /home/chief-of-mischief/Desktop/ROS-learnings/ros2_ws/install/interfaces/local/lib/python3.10/dist-packages/interfaces/_interfaces_s.ep.rosidl_typesupport_fastrtps_c.c
[2.346s] -- Up-to-date symlink: /home/chief-of-mischief/Desktop/ROS-learnings/ros2_ws/install/interfaces/local/lib/python3.10/dist-packages/interfaces/_interfaces_s.ep.rosidl_typesupport_introspection_c.c
[2.346s] -- Up-to-date symlink: /home/chief-of-mischief/Desktop/ROS-learnings/ros2_ws/install/interfaces/local/lib/python3.10/dist-packages/interfaces/interfaces_s__rosidl_typesupport_c.cpython-310-x86_64-linux-gnu.so
[2.346s] -- Up-to-date symlink: /home/chief-of-mischief/Desktop/ROS-learnings/ros2_ws/install/interfaces/local/lib/python3.10/dist-packages/interfaces/interfaces_s__rosidl_typesupport_fastrtps_c.cpython-310-x86_64-linux-gnu.so
[2.346s] -- Up-to-date symlink: /home/chief-of-mischief/Desktop/ROS-learnings/ros2_ws/install/interfaces/local/lib/python3.10/dist-packages/interfaces/interfaces_s__rosidl_typesupport_introspection_c.cpython-310-x86_64-linux-gnu.so
[2.347s] -- Up-to-date symlink: /home/chief-of-mischief/Desktop/ROS-learnings/ros2_ws/install/interfaces/local/lib/python3.10/dist-packages/interfaces/libinterfaces__rosidl_generator_py.so
[2.347s] -- Up-to-date symlink: /home/chief-of-mischief/Desktop/ROS-learnings/ros2_ws/install/interfaces/local/lib/python3.10/dist-packages/interfaces/msg/__init__.py
[2.347s] -- Up-to-date symlink: /home/chief-of-mischief/Desktop/ROS-learnings/ros2_ws/install/interfaces/local/lib/python3.10/dist-packages/interfaces/msg/_hardware_status.py
[2.347s] -- Up-to-date symlink: /home/chief-of-mischief/Desktop/ROS-learnings/ros2_ws/install/interfaces/local/lib/python3.10/dist-packages/interfaces/msg/_hardware_status_s.c
[2.347s] -- Symlinking: /home/chief-of-mischief/Desktop/ROS-learnings/ros2_ws/install/interfaces/local/lib/python3.10/dist-packages/interfaces/msg/_led_status.py
[2.354s] -- Symlinking: /home/chief-of-mischief/Desktop/ROS-learnings/ros2_ws/install/interfaces/local/lib/python3.10/dist-packages/interfaces/msg/_led_status_s.c
[2.360s] -- Up-to-date symlink: /home/chief-of-mischief/Desktop/ROS-learnings/ros2_ws/install/interfaces/local/lib/python3.10/dist-packages/interfaces/srv/__init__.py
[2.360s] -- Up-to-date symlink: /home/chief-of-mischief/Desktop/ROS-learnings/ros2_ws/install/interfaces/local/lib/python3.10/dist-packages/interfaces/srv/_compute_rectangle_area.py
[2.360s] -- Up-to-date symlink: /home/chief-of-mischief/Desktop/ROS-learnings/ros2_ws/install/interfaces/local/lib/python3.10/dist-packages/interfaces/srv/_compute_rectangle_area_s.c
[2.360s] -- Symlinking: /home/chief-of-mischief/Desktop/ROS-learnings/ros2_ws/install/interfaces/local/lib/python3.10/dist-packages/interfaces/srv/_set_led.py
[2.365s] -- Symlinking: /home/chief-of-mischief/Desktop/ROS-learnings/ros2_ws/install/interfaces/local/lib/python3.10/dist-packages/interfaces/srv/_set_led_s.c
[2.371s] -- Up-to-date symlink: /home/chief-of-mischief/Desktop/ROS-learnings/ros2_ws/install/interfaces/local/lib/python3.10/dist-packages/interfaces/interfaces_s__rosidl_typesupport_fastrtps_c.cpython-310-x86_64-linux-gnu.so
[2.371s] -- Up-to-date symlink: /home/chief-of-mischief/Desktop/ROS-learnings/ros2_ws/install/interfaces/local/lib/python3.10/dist-packages/interfaces/interfaces_s__rosidl_typesupport_introspection_c.cpython-310-x86_64-linux-gnu.so
[2.371s] -- Up-to-date symlink: /home/chief-of-mischief/Desktop/ROS-learnings/ros2_ws/install/interfaces/local/lib/python3.10/dist-packages/interfaces/interfaces_s__rosidl_typesupport_c.cpython-310-x86_64-linux-gnu.so
[2.371s] -- Up-to-date symlink: /home/chief-of-mischief/Desktop/ROS-learnings/ros2_ws/install/interfaces/share/interfaces/msg/HardwareStatus.idl
[2.371s] -- Symlinking: /home/chief-of-mischief/Desktop/ROS-learnings/ros2_ws/install/interfaces/share/interfaces/msg/LedStatus.idl
[2.377s] -- Up-to-date symlink: /home/chief-of-mischief/Desktop/ROS-learnings/ros2_ws/install/interfaces/share/interfaces/srv/ComputeRectangleArea.idl
[2.377s] -- Symlinking: /home/chief-of-mischief/Desktop/ROS-learnings/ros2_ws/install/interfaces/share/interfaces/srv/SetLed.idl
[2.382s] -- Up-to-date symlink: /home/chief-of-mischief/Desktop/ROS-learnings/ros2_ws/install/interfaces/share/interfaces/msg/HardwareStatus.msg
[2.383s] -- Symlinking: /home/chief-of-mischief/Desktop/ROS-learnings/ros2_ws/install/interfaces/share/interfaces/msg/LedStatus.msg
[2.388s] -- Up-to-date symlink: /home/chief-of-mischief/Desktop/ROS-learnings/ros2_ws/install/interfaces/share/interfaces/srv/ComputeRectangleArea.srv
[2.388s] -- Up-to-date symlink: /home/chief-of-mischief/Desktop/ROS-learnings/ros2_ws/install/interfaces/share/interfaces/srv/ComputeRectangleArea_Request.msg
[2.388s] -- Up-to-date symlink: /home/chief-of-mischief/Desktop/ROS-learnings/ros2_ws/install/interfaces/share/interfaces/srv/ComputeRectangleArea_Response.msg
[2.389s] -- Symlinking: /home/chief-of-mischief/Desktop/ROS-learnings/ros2_ws/install/interfaces/share/interfaces/srv/SetLed.srv
[2.393s] -- Symlinking: /home/chief-of-mischief/Desktop/ROS-learnings/ros2_ws/install/interfaces/share/interfaces/srv/SetLed_Request.msg
[2.396s] -- Symlinking: /home/chief-of-mischief/Desktop/ROS-learnings/ros2_ws/install/interfaces/share/interfaces/srv/SetLed_Response.msg
[2.400s] -- Up-to-date symlink: /home/chief-of-mischief/Desktop/ROS-learnings/ros2_ws/install/interfaces/share/ament_index/resource_index/package_run_dependencies/interfaces
[2.400s] -- Up-to-date symlink: /home/chief-of-mischief/Desktop/ROS-learnings/ros2_ws/install/interfaces/share/ament_index/resource_index/parent_prefix_path/interfaces
[2.400s] -- Up-to-date symlink: /home/chief-of-mischief/Desktop/ROS-learnings/ros2_ws/install/interfaces/share/interfaces/environment/ament_prefix_path.sh
[2.400s] -- Up-to-date symlink: /home/chief-of-mischief/Desktop/ROS-learnings/ros2_ws/install/interfaces/share/interfaces/environment/ament_prefix_path.dsv
[2.400s] -- Up-to-date symlink: /home/chief-of-mischief/Desktop/ROS-learnings/ros2_ws/install/interfaces/share/interfaces/environment/path.sh
[2.400s] -- Up-to-date symlink: /home/chief-of-mischief/Desktop/ROS-learnings/ros2_ws/install/interfaces/share/interfaces/environment/path.dsv
[2.400s] -- Up-to-date symlink: /home/chief-of-mischief/Desktop/ROS-learnings/ros2_ws/install/interfaces/share/interfaces/local_setup.bash
[2.400s] -- Up-to-date symlink: /home/chief-of-mischief/Desktop/ROS-learnings/ros2_ws/install/interfaces/share/interfaces/local_setup.sh
[2.400s] -- Up-to-date symlink: /home/chief-of-mischief/Desktop/ROS-learnings/ros2_ws/install/interfaces/share/interfaces/local_setup.zsh
[2.400s] -- Up-to-date symlink: /home/chief-of-mischief/Desktop/ROS-learnings/ros2_ws/install/interfaces/share/interfaces/local_setup.dsv
[2.400s] -- Symlinking: /home/chief-of-mischief/Desktop/ROS-learnings/ros2_ws/install/interfaces/share/interfaces/package.dsv
[2.404s] -- Up-to-date symlink: /home/chief-of-mischief/Desktop/ROS-learnings/ros2_ws/install/interfaces/share/ament_index/resource_index/packages/interfaces
[2.404s] -- Up-to-date symlink: /home/chief-of-mischief/Desktop/ROS-learnings/ros2_ws/install/interfaces/share/interfaces/cmake/rosidl_cmake-extras.cmake
[2.404s] -- Up-to-date symlink: /home/chief-of-mischief/Desktop/ROS-learnings/ros2_ws/install/interfaces/share/interfaces/cmake/ament_cmake_export_include_directories-extras.cmake
[2.404s] -- Up-to-date symlink: /home/chief-of-mischief/Desktop/ROS-learnings/ros2_ws/install/interfaces/share/interfaces/cmake/ament_cmake_export_libraries-extras.cmake
[2.404s] -- Up-to-date symlink: /home/chief-of-mischief/Desktop/ROS-learnings/ros2_ws/install/interfaces/share/interfaces/cmake/ament_cmake_export_targets-extras.cmake
[2.404s] -- Up-to-date symlink: /home/chief-of-mischief/Desktop/ROS-learnings/ros2_ws/install/interfaces/share/interfaces/cmake/rosidl_cmake_export_typesupport_targets-extras.cmake
[2.404s] -- Up-to-date symlink: /home/chief-of-mischief/Desktop/ROS-learnings/ros2_ws/install/interfaces/share/interfaces/cmake/ament_cmake_export_dependencies-extras.cmake
[2.404s] -- Up-to-date symlink: /home/chief-of-mischief/Desktop/ROS-learnings/ros2_ws/install/interfaces/share/interfaces/cmake/rosidl_cmake_export_typesupport_libraries-extras.cmake
[2.404s] -- Up-to-date symlink: /home/chief-of-mischief/Desktop/ROS-learnings/ros2_ws/install/interfaces/share/interfaces/cmake/interfacesConfig.cmake
[2.405s] -- Up-to-date symlink: /home/chief-of-mischief/Desktop/ROS-learnings/ros2_ws/install/interfaces/share/interfaces/cmake/interfacesConfig-version.cmake
[2.405s] -- Up-to-date symlink: /home/chief-of-mischief/Desktop/ROS-learnings/ros2_ws/install/interfaces/share/interfaces/package.xml
[2.405s] -- Installing: /home/chief-of-mischief/Desktop/ROS-learnings/ros2_ws/install/interfaces/lib/libinterfaces__rosidl_generator_c.so
[2.405s] -- Set runtime path of "/home/chief-of-mischief/Desktop/ROS-learnings/ros2_ws/install/interfaces/lib/libinterfaces__rosidl_generator_c.so" to ""
[2.405s] -- Installing: /home/chief-of-mischief/Desktop/ROS-learnings/ros2_ws/install/interfaces/lib/libinterfaces__rosidl_typesupport_fastrtps_c.so
[2.405s] -- Set runtime path of "/home/chief-of-mischief/Desktop/ROS-learnings/ros2_ws/install/interfaces/lib/libinterfaces__rosidl_typesupport_fastrtps_c.so" to ""
[2.406s] -- Installing: /home/chief-of-mischief/Desktop/ROS-learnings/ros2_ws/install/interfaces/lib/libinterfaces__rosidl_typesupport_introspection_c.so
[2.406s] -- Set runtime path of "/home/chief-of-mischief/Desktop/ROS-learnings/ros2_ws/install/interfaces/lib/libinterfaces__rosidl_typesupport_introspection_c.so" to ""
[2.406s] -- Installing: /home/chief-of-mischief/Desktop/ROS-learnings/ros2_ws/install/interfaces/lib/libinterfaces__rosidl_typesupport_c.so
[2.406s] -- Set runtime path of "/home/chief-of-mischief/Desktop/ROS-learnings/ros2_ws/install/interfaces/lib/libinterfaces__rosidl_typesupport_c.so" to ""
[2.406s] -- Installing: /home/chief-of-mischief/Desktop/ROS-learnings/ros2_ws/install/interfaces/lib/libinterfaces__rosidl_typesupport_fastrtps_cpp.so
[2.406s] -- Set runtime path of "/home/chief-of-mischief/Desktop/ROS-learnings/ros2_ws/install/interfaces/lib/libinterfaces__rosidl_typesupport_fastrtps_cpp.so" to ""
[2.407s] -- Installing: /home/chief-of-mischief/Desktop/ROS-learnings/ros2_ws/install/interfaces/lib/libinterfaces__rosidl_typesupport_introspection_cpp.so
[2.407s] -- Set runtime path of "/home/chief-of-mischief/Desktop/ROS-learnings/ros2_ws/install/interfaces/lib/libinterfaces__rosidl_typesupport_introspection_cpp.so" to ""
[2.407s] -- Installing: /home/chief-of-mischief/Desktop/ROS-learnings/ros2_ws/install/interfaces/lib/libinterfaces__rosidl_typesupport_cpp.so
[2.407s] -- Set runtime path of "/home/chief-of-mischief/Desktop/ROS-learnings/ros2_ws/install/interfaces/lib/libinterfaces__rosidl_typesupport_cpp.so" to ""
[2.455s] Listing '/home/chief-of-mischief/Desktop/ROS-learnings/ros2_ws/install/interfaces/local/lib/python3.10/dist-packages/interfaces'...
[2.455s] Compiling '/home/chief-of-mischief/Desktop/ROS-learnings/ros2_ws/install/interfaces/local/lib/python3.10/dist-packages/interfaces/__init__.py'...
[2.455s] Listing '/home/chief-of-mischief/Desktop/ROS-learnings/ros2_ws/install/interfaces/local/lib/python3.10/dist-packages/interfaces/msg'...
[2.455s] Compiling '/home/chief-of-mischief/Desktop/ROS-learnings/ros2_ws/install/interfaces/local/lib/python3.10/dist-packages/interfaces/msg/__init__.py'...
[2.455s] Compiling '/home/chief-of-mischief/Desktop/ROS-learnings/ros2_ws/install/interfaces/local/lib/python3.10/dist-packages/interfaces/msg/_hardware_status.py'...
[2.455s] Compiling '/home/chief-of-mischief/Desktop/ROS-learnings/ros2_ws/install/interfaces/local/lib/python3.10/dist-packages/interfaces/msg/_led_status.py'...
[2.455s] Listing '/home/chief-of-mischief/Desktop/ROS-learnings/ros2_ws/install/interfaces/local/lib/python3.10/dist-packages/interfaces/srv'...
[2.455s] Compiling '/home/chief-of-mischief/Desktop/ROS-learnings/ros2_ws/install/interfaces/local/lib/python3.10/dist-packages/interfaces/srv/__init__.py'...
[2.456s] Compiling '/home/chief-of-mischief/Desktop/ROS-learnings/ros2_ws/install/interfaces/local/lib/python3.10/dist-packages/interfaces/srv/_compute_rectangle_area.py'...
[2.456s] Compiling '/home/chief-of-mischief/Desktop/ROS-learnings/ros2_ws/install/interfaces/local/lib/python3.10/dist-packages/interfaces/srv/_set_led.py'...
[2.458s] -- Installing: /home/chief-of-mischief/Desktop/ROS-learnings/ros2_ws/install/interfaces/lib/libinterfaces__rosidl_generator_py.so
[2.458s] -- Set runtime path of "/home/chief-of-mischief/Desktop/ROS-learnings/ros2_ws/install/interfaces/lib/libinterfaces__rosidl_generator_py.so" to ""
[2.459s] -- Up-to-date: /home/chief-of-mischief/Desktop/ROS-learnings/ros2_ws/install/interfaces/share/interfaces/cmake/export_interfaces__rosidl_generator_cExport.cmake
[2.459s] -- Up-to-date: /home/chief-of-mischief/Desktop/ROS-learnings/ros2_ws/install/interfaces/share/interfaces/cmake/export_interfaces__rosidl_generator_cExport-noconfig.cmake
[2.459s] -- Up-to-date: /home/chief-of-mischief/Desktop/ROS-learnings/ros2_ws/install/interfaces/share/interfaces/cmake/export_interfaces__rosidl_typesupport_fastrtps_cExport.cmake
[2.459s] -- Up-to-date: /home/chief-of-mischief/Desktop/ROS-learnings/ros2_ws/install/interfaces/share/interfaces/cmake/export_interfaces__rosidl_typesupport_fastrtps_cExport-noconfig.cmake
[2.459s] -- Up-to-date: /home/chief-of-mischief/Desktop/ROS-learnings/ros2_ws/install/interfaces/share/interfaces/cmake/interfaces__rosidl_typesupport_introspection_cExport.cmake
[2.459s] -- Up-to-date: /home/chief-of-mischief/Desktop/ROS-learnings/ros2_ws/install/interfaces/share/interfaces/cmake/interfaces__rosidl_typesupport_introspection_cExport-noconfig.cmake
[2.459s] -- Up-to-date: /home/chief-of-mischief/Desktop/ROS-learnings/ros2_ws/install/interfaces/share/interfaces/cmake/interfaces__rosidl_typesupport_cExport.cmake
[2.459s] -- Up-to-date: /home/chief-of-mischief/Desktop/ROS-learnings/ros2_ws/install/interfaces/share/interfaces/cmake/interfaces__rosidl_typesupport_cExport-noconfig.cmake
[2.459s] -- Up-to-date: /home/chief-of-mischief/Desktop/ROS-learnings/ros2_ws/install/interfaces/share/interfaces/cmake/export_interfaces__rosidl_generator_cppExport.cmake
[2.459s] -- Up-to-date: /home/chief-of-mischief/Desktop/ROS-learnings/ros2_ws/install/interfaces/share/interfaces/cmake/export_interfaces__rosidl_typesupport_fastrtps_cppExport.cmake
[2.459s] -- Up-to-date: /home/chief-of-mischief/Desktop/ROS-learnings/ros2_ws/install/interfaces/share/interfaces/cmake/export_interfaces__rosidl_typesupport_fastrtps_cppExport-noconfig.cmake
[2.459s] -- Up-to-date: /home/chief-of-mischief/Desktop/ROS-learnings/ros2_ws/install/interfaces/share/interfaces/cmake/interfaces__rosidl_typesupport_introspection_cppExport.cmake
[2.459s] -- Up-to-date: /home/chief-of-mischief/Desktop/ROS-learnings/ros2_ws/install/interfaces/share/interfaces/cmake/interfaces__rosidl_typesupport_introspection_cppExport-noconfig.cmake
[2.459s] -- Up-to-date: /home/chief-of-mischief/Desktop/ROS-learnings/ros2_ws/install/interfaces/share/interfaces/cmake/interfaces__rosidl_typesupport_cppExport.cmake
[2.459s] -- Up-to-date: /home/chief-of-mischief/Desktop/ROS-learnings/ros2_ws/install/interfaces/share/interfaces/cmake/interfaces__rosidl_typesupport_cppExport-noconfig.cmake
[2.459s] -- Up-to-date: /home/chief-of-mischief/Desktop/ROS-learnings/ros2_ws/install/interfaces/share/interfaces/cmake/export_interfaces__rosidl_generator_pyExport.cmake
[2.459s] -- Up-to-date: /home/chief-of-mischief/Desktop/ROS-learnings/ros2_ws/install/interfaces/share/interfaces/cmake/export_interfaces__rosidl_generator_pyExport-noconfig.cmake
[2.463s] Invoked command in '/home/chief-of-mischief/Desktop/ROS-learnings/ros2_ws/build/interfaces' returned '0': CMAKE_PREFIX_PATH=${CMAKE_PREFIX_PATH}:/home/chief-of-mischief/Desktop/ROS-learnings/ros2_ws/install/my_py_pkg:/home/chief-of-mischief/Desktop/ROS-learnings/ros2_ws/install/p_py_pkg:/opt/ros/humble /usr/bin/cmake --install /home/chief-of-mischief/Desktop/ROS-learnings/ros2_ws/build/interfaces
