[0.019s] Invoking command in '/home/chief-of-mischief/Desktop/ROS-learnings/my_package/build/my_package': CMAKE_PREFIX_PATH=/home/chief-of-mischief/Desktop/ROS-learnings/ros2_ws/install/py_pkg:/opt/ros/humble CONDA_PROMPT_MODIFIER=(base) /usr/bin/cmake /home/chief-of-mischief/Desktop/ROS-learnings/my_package/src/my_package -DCMAKE_INSTALL_PREFIX=/home/chief-of-mischief/Desktop/ROS-learnings/my_package/install/my_package
[0.100s] -- The C compiler identification is GNU 11.3.0
[0.186s] -- The CXX compiler identification is GNU 11.3.0
[0.197s] -- Detecting C compiler ABI info
[0.265s] -- Detecting C compiler ABI info - done
[0.269s] -- Check for working C compiler: /usr/bin/cc - skipped
[0.269s] -- Detecting C compile features
[0.270s] -- Detecting C compile features - done
[0.272s] -- Detecting CXX compiler ABI info
[0.352s] -- Detecting CXX compiler ABI info - done
[0.357s] -- Check for working CXX compiler: /usr/bin/c++ - skipped
[0.357s] -- Detecting CXX compile features
[0.357s] -- Detecting CXX compile features - done
[0.359s] -- Found ament_cmake: 1.3.3 (/opt/ros/humble/share/ament_cmake/cmake)
[0.484s] -- Found Python3: /usr/bin/python3.10 (found version "3.10.6") found components: Interpreter 
[0.542s] -- Found ament_lint_auto: 0.12.4 (/opt/ros/humble/share/ament_lint_auto/cmake)
[0.586s] -- Added test 'copyright' to check source files copyright and LICENSE
[0.587s] -- Added test 'flake8' to check Python code syntax and style conventions
[0.587s] -- Added test 'lint_cmake' to check CMake code style
[0.588s] -- Added test 'pep257' to check Python code against some of the docstring style conventions in PEP 257
[0.588s] -- Added test 'xmllint' to check XML markup files
[0.589s] -- Configuring done
[0.590s] -- Generating done
[0.590s] -- Build files have been written to: /home/chief-of-mischief/Desktop/ROS-learnings/my_package/build/my_package
[0.594s] Invoked command in '/home/chief-of-mischief/Desktop/ROS-learnings/my_package/build/my_package' returned '0': CMAKE_PREFIX_PATH=/home/chief-of-mischief/Desktop/ROS-learnings/ros2_ws/install/py_pkg:/opt/ros/humble CONDA_PROMPT_MODIFIER=(base) /usr/bin/cmake /home/chief-of-mischief/Desktop/ROS-learnings/my_package/src/my_package -DCMAKE_INSTALL_PREFIX=/home/chief-of-mischief/Desktop/ROS-learnings/my_package/install/my_package
[0.594s] Invoking command in '/home/chief-of-mischief/Desktop/ROS-learnings/my_package/build/my_package': CMAKE_PREFIX_PATH=/home/chief-of-mischief/Desktop/ROS-learnings/ros2_ws/install/py_pkg:/opt/ros/humble CONDA_PROMPT_MODIFIER=(base) /usr/bin/cmake --build /home/chief-of-mischief/Desktop/ROS-learnings/my_package/build/my_package -- -j24 -l24
[0.617s] Invoked command in '/home/chief-of-mischief/Desktop/ROS-learnings/my_package/build/my_package' returned '0': CMAKE_PREFIX_PATH=/home/chief-of-mischief/Desktop/ROS-learnings/ros2_ws/install/py_pkg:/opt/ros/humble CONDA_PROMPT_MODIFIER=(base) /usr/bin/cmake --build /home/chief-of-mischief/Desktop/ROS-learnings/my_package/build/my_package -- -j24 -l24
[0.636s] Invoking command in '/home/chief-of-mischief/Desktop/ROS-learnings/my_package/build/my_package': CMAKE_PREFIX_PATH=/home/chief-of-mischief/Desktop/ROS-learnings/ros2_ws/install/py_pkg:/opt/ros/humble CONDA_PROMPT_MODIFIER=(base) /usr/bin/cmake --install /home/chief-of-mischief/Desktop/ROS-learnings/my_package/build/my_package
[0.639s] -- Install configuration: ""
[0.639s] -- Up-to-date: /home/chief-of-mischief/Desktop/ROS-learnings/my_package/install/my_package/share/my_package/launch/launch
[0.639s] -- Up-to-date: /home/chief-of-mischief/Desktop/ROS-learnings/my_package/install/my_package/share/my_package/launch/launch/talker.launch.py
[0.639s] -- Up-to-date: /home/chief-of-mischief/Desktop/ROS-learnings/my_package/install/my_package/share/my_package/launch/launch/listener.launch.py
[0.639s] -- Installing: /home/chief-of-mischief/Desktop/ROS-learnings/my_package/install/my_package/share/ament_index/resource_index/package_run_dependencies/my_package
[0.640s] -- Installing: /home/chief-of-mischief/Desktop/ROS-learnings/my_package/install/my_package/share/ament_index/resource_index/parent_prefix_path/my_package
[0.640s] -- Installing: /home/chief-of-mischief/Desktop/ROS-learnings/my_package/install/my_package/share/my_package/environment/ament_prefix_path.sh
[0.640s] -- Installing: /home/chief-of-mischief/Desktop/ROS-learnings/my_package/install/my_package/share/my_package/environment/ament_prefix_path.dsv
[0.640s] -- Installing: /home/chief-of-mischief/Desktop/ROS-learnings/my_package/install/my_package/share/my_package/environment/path.sh
[0.640s] -- Installing: /home/chief-of-mischief/Desktop/ROS-learnings/my_package/install/my_package/share/my_package/environment/path.dsv
[0.640s] -- Installing: /home/chief-of-mischief/Desktop/ROS-learnings/my_package/install/my_package/share/my_package/local_setup.bash
[0.640s] -- Installing: /home/chief-of-mischief/Desktop/ROS-learnings/my_package/install/my_package/share/my_package/local_setup.sh
[0.640s] -- Installing: /home/chief-of-mischief/Desktop/ROS-learnings/my_package/install/my_package/share/my_package/local_setup.zsh
[0.640s] -- Installing: /home/chief-of-mischief/Desktop/ROS-learnings/my_package/install/my_package/share/my_package/local_setup.dsv
[0.640s] -- Installing: /home/chief-of-mischief/Desktop/ROS-learnings/my_package/install/my_package/share/my_package/package.dsv
[0.640s] -- Installing: /home/chief-of-mischief/Desktop/ROS-learnings/my_package/install/my_package/share/ament_index/resource_index/packages/my_package
[0.640s] -- Installing: /home/chief-of-mischief/Desktop/ROS-learnings/my_package/install/my_package/share/my_package/cmake/my_packageConfig.cmake
[0.640s] -- Installing: /home/chief-of-mischief/Desktop/ROS-learnings/my_package/install/my_package/share/my_package/cmake/my_packageConfig-version.cmake
[0.640s] -- Up-to-date: /home/chief-of-mischief/Desktop/ROS-learnings/my_package/install/my_package/share/my_package/package.xml
[0.642s] Invoked command in '/home/chief-of-mischief/Desktop/ROS-learnings/my_package/build/my_package' returned '0': CMAKE_PREFIX_PATH=/home/chief-of-mischief/Desktop/ROS-learnings/ros2_ws/install/py_pkg:/opt/ros/humble CONDA_PROMPT_MODIFIER=(base) /usr/bin/cmake --install /home/chief-of-mischief/Desktop/ROS-learnings/my_package/build/my_package
