[0.020s] Invoking command in '/home/chief-of-mischief/Desktop/ROS-learnings/ros2_ws/build/c_py_pkg': CMAKE_PREFIX_PATH=${CMAKE_PREFIX_PATH}:/opt/ros/humble /usr/bin/cmake --build /home/chief-of-mischief/Desktop/ROS-learnings/ros2_ws/build/c_py_pkg -- -j24 -l24
[0.056s] Built target ament_cmake_python_symlink_scripts
[0.197s] running egg_info
[0.198s] writing scripts.egg-info/PKG-INFO
[0.198s] writing dependency_links to scripts.egg-info/dependency_links.txt
[0.198s] writing top-level names to scripts.egg-info/top_level.txt
[0.199s] reading manifest file 'scripts.egg-info/SOURCES.txt'
[0.199s] writing manifest file 'scripts.egg-info/SOURCES.txt'
[0.213s] Built target ament_cmake_python_build_scripts_egg
[0.219s] Invoked command in '/home/chief-of-mischief/Desktop/ROS-learnings/ros2_ws/build/c_py_pkg' returned '0': CMAKE_PREFIX_PATH=${CMAKE_PREFIX_PATH}:/opt/ros/humble /usr/bin/cmake --build /home/chief-of-mischief/Desktop/ROS-learnings/ros2_ws/build/c_py_pkg -- -j24 -l24
[0.229s] Invoking command in '/home/chief-of-mischief/Desktop/ROS-learnings/ros2_ws/build/c_py_pkg': CMAKE_PREFIX_PATH=${CMAKE_PREFIX_PATH}:/opt/ros/humble /usr/bin/cmake --install /home/chief-of-mischief/Desktop/ROS-learnings/ros2_ws/build/c_py_pkg
[0.232s] -- Install configuration: ""
[0.232s] -- Execute custom install script
[0.232s] -- Up-to-date symlink: /home/chief-of-mischief/Desktop/ROS-learnings/ros2_ws/install/c_py_pkg/share/c_py_pkg/environment/pythonpath.sh
[0.232s] -- Up-to-date symlink: /home/chief-of-mischief/Desktop/ROS-learnings/ros2_ws/install/c_py_pkg/share/c_py_pkg/environment/pythonpath.dsv
[0.232s] -- Up-to-date symlink: /home/chief-of-mischief/Desktop/ROS-learnings/ros2_ws/install/c_py_pkg/local/lib/python3.10/dist-packages/scripts-0.0.0-py3.10.egg-info/PKG-INFO
[0.233s] -- Up-to-date symlink: /home/chief-of-mischief/Desktop/ROS-learnings/ros2_ws/install/c_py_pkg/local/lib/python3.10/dist-packages/scripts-0.0.0-py3.10.egg-info/SOURCES.txt
[0.233s] -- Up-to-date symlink: /home/chief-of-mischief/Desktop/ROS-learnings/ros2_ws/install/c_py_pkg/local/lib/python3.10/dist-packages/scripts-0.0.0-py3.10.egg-info/dependency_links.txt
[0.233s] -- Up-to-date symlink: /home/chief-of-mischief/Desktop/ROS-learnings/ros2_ws/install/c_py_pkg/local/lib/python3.10/dist-packages/scripts-0.0.0-py3.10.egg-info/top_level.txt
[0.233s] -- Up-to-date symlink: /home/chief-of-mischief/Desktop/ROS-learnings/ros2_ws/install/c_py_pkg/local/lib/python3.10/dist-packages/scripts/__init__.py
[0.233s] -- Up-to-date symlink: /home/chief-of-mischief/Desktop/ROS-learnings/ros2_ws/install/c_py_pkg/local/lib/python3.10/dist-packages/scripts/publisher.py
[0.233s] -- Up-to-date symlink: /home/chief-of-mischief/Desktop/ROS-learnings/ros2_ws/install/c_py_pkg/local/lib/python3.10/dist-packages/scripts/subscriber.py
[0.233s] -- Up-to-date symlink: /home/chief-of-mischief/Desktop/ROS-learnings/ros2_ws/install/c_py_pkg/lib/c_py_pkg/publisher.py
[0.233s] -- Up-to-date symlink: /home/chief-of-mischief/Desktop/ROS-learnings/ros2_ws/install/c_py_pkg/lib/c_py_pkg/subscriber.py
[0.233s] -- Up-to-date symlink: /home/chief-of-mischief/Desktop/ROS-learnings/ros2_ws/install/c_py_pkg/share/ament_index/resource_index/package_run_dependencies/c_py_pkg
[0.233s] -- Up-to-date symlink: /home/chief-of-mischief/Desktop/ROS-learnings/ros2_ws/install/c_py_pkg/share/ament_index/resource_index/parent_prefix_path/c_py_pkg
[0.233s] -- Up-to-date symlink: /home/chief-of-mischief/Desktop/ROS-learnings/ros2_ws/install/c_py_pkg/share/c_py_pkg/environment/ament_prefix_path.sh
[0.233s] -- Up-to-date symlink: /home/chief-of-mischief/Desktop/ROS-learnings/ros2_ws/install/c_py_pkg/share/c_py_pkg/environment/ament_prefix_path.dsv
[0.233s] -- Up-to-date symlink: /home/chief-of-mischief/Desktop/ROS-learnings/ros2_ws/install/c_py_pkg/share/c_py_pkg/environment/path.sh
[0.234s] -- Up-to-date symlink: /home/chief-of-mischief/Desktop/ROS-learnings/ros2_ws/install/c_py_pkg/share/c_py_pkg/environment/path.dsv
[0.234s] -- Up-to-date symlink: /home/chief-of-mischief/Desktop/ROS-learnings/ros2_ws/install/c_py_pkg/share/c_py_pkg/local_setup.bash
[0.234s] -- Up-to-date symlink: /home/chief-of-mischief/Desktop/ROS-learnings/ros2_ws/install/c_py_pkg/share/c_py_pkg/local_setup.sh
[0.234s] -- Up-to-date symlink: /home/chief-of-mischief/Desktop/ROS-learnings/ros2_ws/install/c_py_pkg/share/c_py_pkg/local_setup.zsh
[0.234s] -- Up-to-date symlink: /home/chief-of-mischief/Desktop/ROS-learnings/ros2_ws/install/c_py_pkg/share/c_py_pkg/local_setup.dsv
[0.234s] -- Symlinking: /home/chief-of-mischief/Desktop/ROS-learnings/ros2_ws/install/c_py_pkg/share/c_py_pkg/package.dsv
[0.238s] -- Up-to-date symlink: /home/chief-of-mischief/Desktop/ROS-learnings/ros2_ws/install/c_py_pkg/share/ament_index/resource_index/packages/c_py_pkg
[0.238s] -- Up-to-date symlink: /home/chief-of-mischief/Desktop/ROS-learnings/ros2_ws/install/c_py_pkg/share/c_py_pkg/cmake/c_py_pkgConfig.cmake
[0.238s] -- Up-to-date symlink: /home/chief-of-mischief/Desktop/ROS-learnings/ros2_ws/install/c_py_pkg/share/c_py_pkg/cmake/c_py_pkgConfig-version.cmake
[0.238s] -- Up-to-date symlink: /home/chief-of-mischief/Desktop/ROS-learnings/ros2_ws/install/c_py_pkg/share/c_py_pkg/package.xml
[0.256s] Listing '/home/chief-of-mischief/Desktop/ROS-learnings/ros2_ws/install/c_py_pkg/local/lib/python3.10/dist-packages/scripts'...
[0.257s] Compiling '/home/chief-of-mischief/Desktop/ROS-learnings/ros2_ws/install/c_py_pkg/local/lib/python3.10/dist-packages/scripts/subscriber.py'...
[0.262s] Invoked command in '/home/chief-of-mischief/Desktop/ROS-learnings/ros2_ws/build/c_py_pkg' returned '0': CMAKE_PREFIX_PATH=${CMAKE_PREFIX_PATH}:/opt/ros/humble /usr/bin/cmake --install /home/chief-of-mischief/Desktop/ROS-learnings/ros2_ws/build/c_py_pkg
