[0.012s] Invoking command in '/home/dev/Desktop/dev_ws/build/my_package': CMAKE_PREFIX_PATH=/opt/ros/foxy /usr/bin/cmake /home/dev/Desktop/dev_ws/src/my_package -DCMAKE_INSTALL_PREFIX=/home/dev/Desktop/dev_ws/install/my_package
[0.080s] -- The C compiler identification is GNU 9.4.0
[0.125s] -- The CXX compiler identification is GNU 9.4.0
[0.129s] -- Check for working C compiler: /usr/bin/cc
[0.190s] -- Check for working C compiler: /usr/bin/cc -- works
[0.191s] -- Detecting C compiler ABI info
[0.245s] -- Detecting C compiler ABI info - done
[0.254s] -- Detecting C compile features
[0.255s] -- Detecting C compile features - done
[0.257s] -- Check for working CXX compiler: /usr/bin/c++
[0.332s] -- Check for working CXX compiler: /usr/bin/c++ -- works
[0.333s] -- Detecting CXX compiler ABI info
[0.400s] -- Detecting CXX compiler ABI info - done
[0.409s] -- Detecting CXX compile features
[0.409s] -- Detecting CXX compile features - done
[0.411s] -- Found ament_cmake: 0.9.11 (/opt/ros/foxy/share/ament_cmake/cmake)
[0.431s] -- Found PythonInterp: /usr/bin/python3 (found suitable version "3.8.10", minimum required is "3") 
[0.431s] -- Using PYTHON_EXECUTABLE: /usr/bin/python3
[0.575s] -- Found ament_lint_auto: 0.9.7 (/opt/ros/foxy/share/ament_lint_auto/cmake)
[0.632s] -- Added test 'copyright' to check source files copyright and LICENSE
[0.634s] -- Added test 'flake8' to check Python code syntax and style conventions
[0.634s] -- Added test 'lint_cmake' to check CMake code style
[0.634s] -- Added test 'pep257' to check Python code against some of the style conventions in PEP 257
[0.635s] -- Added test 'xmllint' to check XML markup files
[0.637s] -- Configuring done
[0.638s] -- Generating done
[0.639s] -- Build files have been written to: /home/dev/Desktop/dev_ws/build/my_package
[0.642s] Invoked command in '/home/dev/Desktop/dev_ws/build/my_package' returned '0': CMAKE_PREFIX_PATH=/opt/ros/foxy /usr/bin/cmake /home/dev/Desktop/dev_ws/src/my_package -DCMAKE_INSTALL_PREFIX=/home/dev/Desktop/dev_ws/install/my_package
[0.644s] Invoking command in '/home/dev/Desktop/dev_ws/build/my_package': CMAKE_PREFIX_PATH=/opt/ros/foxy /usr/bin/cmake --build /home/dev/Desktop/dev_ws/build/my_package -- -j8 -l8
[0.674s] Invoked command in '/home/dev/Desktop/dev_ws/build/my_package' returned '0': CMAKE_PREFIX_PATH=/opt/ros/foxy /usr/bin/cmake --build /home/dev/Desktop/dev_ws/build/my_package -- -j8 -l8
[0.701s] Invoking command in '/home/dev/Desktop/dev_ws/build/my_package': CMAKE_PREFIX_PATH=/opt/ros/foxy /usr/bin/cmake --install /home/dev/Desktop/dev_ws/build/my_package
[0.708s] -- Install configuration: ""
[0.708s] -- Installing: /home/dev/Desktop/dev_ws/install/my_package/share/my_package/launch/launch
[0.708s] -- Installing: /home/dev/Desktop/dev_ws/install/my_package/share/my_package/launch/launch/talker.launch.py
[0.709s] -- Installing: /home/dev/Desktop/dev_ws/install/my_package/share/my_package/launch/launch/listener.launch.py
[0.709s] -- Installing: /home/dev/Desktop/dev_ws/install/my_package/share/ament_index/resource_index/package_run_dependencies/my_package
[0.710s] -- Installing: /home/dev/Desktop/dev_ws/install/my_package/share/ament_index/resource_index/parent_prefix_path/my_package
[0.710s] -- Installing: /home/dev/Desktop/dev_ws/install/my_package/share/my_package/environment/ament_prefix_path.sh
[0.710s] -- Installing: /home/dev/Desktop/dev_ws/install/my_package/share/my_package/environment/ament_prefix_path.dsv
[0.710s] -- Installing: /home/dev/Desktop/dev_ws/install/my_package/share/my_package/environment/path.sh
[0.710s] -- Installing: /home/dev/Desktop/dev_ws/install/my_package/share/my_package/environment/path.dsv
[0.710s] -- Installing: /home/dev/Desktop/dev_ws/install/my_package/share/my_package/local_setup.bash
[0.710s] -- Installing: /home/dev/Desktop/dev_ws/install/my_package/share/my_package/local_setup.sh
[0.710s] -- Installing: /home/dev/Desktop/dev_ws/install/my_package/share/my_package/local_setup.zsh
[0.710s] -- Installing: /home/dev/Desktop/dev_ws/install/my_package/share/my_package/local_setup.dsv
[0.710s] -- Installing: /home/dev/Desktop/dev_ws/install/my_package/share/my_package/package.dsv
[0.711s] -- Installing: /home/dev/Desktop/dev_ws/install/my_package/share/ament_index/resource_index/packages/my_package
[0.711s] -- Installing: /home/dev/Desktop/dev_ws/install/my_package/share/my_package/cmake/my_packageConfig.cmake
[0.711s] -- Installing: /home/dev/Desktop/dev_ws/install/my_package/share/my_package/cmake/my_packageConfig-version.cmake
[0.711s] -- Installing: /home/dev/Desktop/dev_ws/install/my_package/share/my_package/package.xml
[0.712s] Invoked command in '/home/dev/Desktop/dev_ws/build/my_package' returned '0': CMAKE_PREFIX_PATH=/opt/ros/foxy /usr/bin/cmake --install /home/dev/Desktop/dev_ws/build/my_package
