[0.014s] Invoking command in '/home/chief-of-mischief/Desktop/ROS-learnings/ros2_ws/build/cpp_pkg': CMAKE_PREFIX_PATH=${CMAKE_PREFIX_PATH}:/opt/ros/humble /usr/bin/cmake --build /home/chief-of-mischief/Desktop/ROS-learnings/ros2_ws/build/cpp_pkg -- -j24 -l24
[0.063s] [100%] Built target cpp_node
[0.089s] Invoked command in '/home/chief-of-mischief/Desktop/ROS-learnings/ros2_ws/build/cpp_pkg' returned '0': CMAKE_PREFIX_PATH=${CMAKE_PREFIX_PATH}:/opt/ros/humble /usr/bin/cmake --build /home/chief-of-mischief/Desktop/ROS-learnings/ros2_ws/build/cpp_pkg -- -j24 -l24
[0.112s] Invoking command in '/home/chief-of-mischief/Desktop/ROS-learnings/ros2_ws/build/cpp_pkg': CMAKE_PREFIX_PATH=${CMAKE_PREFIX_PATH}:/opt/ros/humble /usr/bin/cmake --install /home/chief-of-mischief/Desktop/ROS-learnings/ros2_ws/build/cpp_pkg
[0.116s] -- Install configuration: ""
[0.116s] -- Up-to-date: /home/chief-of-mischief/Desktop/ROS-learnings/ros2_ws/install/cpp_pkg/lib/cpp_pkg/cpp_node
[0.116s] -- Up-to-date: /home/chief-of-mischief/Desktop/ROS-learnings/ros2_ws/install/cpp_pkg/share/ament_index/resource_index/package_run_dependencies/cpp_pkg
[0.116s] -- Up-to-date: /home/chief-of-mischief/Desktop/ROS-learnings/ros2_ws/install/cpp_pkg/share/ament_index/resource_index/parent_prefix_path/cpp_pkg
[0.116s] -- Up-to-date: /home/chief-of-mischief/Desktop/ROS-learnings/ros2_ws/install/cpp_pkg/share/cpp_pkg/environment/ament_prefix_path.sh
[0.116s] -- Up-to-date: /home/chief-of-mischief/Desktop/ROS-learnings/ros2_ws/install/cpp_pkg/share/cpp_pkg/environment/ament_prefix_path.dsv
[0.116s] -- Up-to-date: /home/chief-of-mischief/Desktop/ROS-learnings/ros2_ws/install/cpp_pkg/share/cpp_pkg/environment/path.sh
[0.116s] -- Up-to-date: /home/chief-of-mischief/Desktop/ROS-learnings/ros2_ws/install/cpp_pkg/share/cpp_pkg/environment/path.dsv
[0.116s] -- Up-to-date: /home/chief-of-mischief/Desktop/ROS-learnings/ros2_ws/install/cpp_pkg/share/cpp_pkg/local_setup.bash
[0.116s] -- Up-to-date: /home/chief-of-mischief/Desktop/ROS-learnings/ros2_ws/install/cpp_pkg/share/cpp_pkg/local_setup.sh
[0.116s] -- Up-to-date: /home/chief-of-mischief/Desktop/ROS-learnings/ros2_ws/install/cpp_pkg/share/cpp_pkg/local_setup.zsh
[0.116s] -- Up-to-date: /home/chief-of-mischief/Desktop/ROS-learnings/ros2_ws/install/cpp_pkg/share/cpp_pkg/local_setup.dsv
[0.116s] -- Installing: /home/chief-of-mischief/Desktop/ROS-learnings/ros2_ws/install/cpp_pkg/share/cpp_pkg/package.dsv
[0.116s] -- Up-to-date: /home/chief-of-mischief/Desktop/ROS-learnings/ros2_ws/install/cpp_pkg/share/ament_index/resource_index/packages/cpp_pkg
[0.117s] -- Up-to-date: /home/chief-of-mischief/Desktop/ROS-learnings/ros2_ws/install/cpp_pkg/share/cpp_pkg/cmake/cpp_pkgConfig.cmake
[0.117s] -- Up-to-date: /home/chief-of-mischief/Desktop/ROS-learnings/ros2_ws/install/cpp_pkg/share/cpp_pkg/cmake/cpp_pkgConfig-version.cmake
[0.117s] -- Up-to-date: /home/chief-of-mischief/Desktop/ROS-learnings/ros2_ws/install/cpp_pkg/share/cpp_pkg/package.xml
[0.121s] Invoked command in '/home/chief-of-mischief/Desktop/ROS-learnings/ros2_ws/build/cpp_pkg' returned '0': CMAKE_PREFIX_PATH=${CMAKE_PREFIX_PATH}:/opt/ros/humble /usr/bin/cmake --install /home/chief-of-mischief/Desktop/ROS-learnings/ros2_ws/build/cpp_pkg
