[0.112s] DEBUG:colcon:Command line arguments: ['/usr/bin/colcon', 'build', '--symlink-install']
[0.112s] DEBUG:colcon:Parsed command line arguments: Namespace(allow_overriding=[], ament_cmake_args=None, base_paths=['.'], build_base='build', catkin_cmake_args=None, catkin_skip_building_tests=False, cmake_args=None, cmake_clean_cache=False, cmake_clean_first=False, cmake_force_configure=False, cmake_target=None, cmake_target_skip_unavailable=False, continue_on_error=False, event_handlers=None, executor='parallel', ignore_user_meta=False, install_base='install', log_base=None, log_level=None, main=<bound method BuildVerb.main of <colcon_core.verb.build.BuildVerb object at 0x7f0d81d34490>>, merge_install=False, metas=['./colcon.meta'], packages_above=None, packages_above_and_dependencies=None, packages_above_depth=None, packages_end=None, packages_ignore=None, packages_ignore_regex=None, packages_select=None, packages_select_build_failed=False, packages_select_by_dep=None, packages_select_regex=None, packages_select_test_failures=False, packages_skip=None, packages_skip_build_finished=False, packages_skip_by_dep=None, packages_skip_regex=None, packages_skip_test_passed=False, packages_skip_up_to=None, packages_start=None, packages_up_to=None, packages_up_to_regex=None, parallel_workers=8, paths=None, symlink_install=True, test_result_base=None, verb_extension=<colcon_core.verb.build.BuildVerb object at 0x7f0d81d34490>, verb_name='build', verb_parser=<colcon_defaults.argument_parser.defaults.DefaultArgumentsDecorator object at 0x7f0d81d349d0>)
[0.133s] Level 1:colcon.colcon_core.package_discovery:discover_packages(colcon_meta) check parameters
[0.134s] Level 1:colcon.colcon_core.package_discovery:discover_packages(recursive) check parameters
[0.135s] Level 1:colcon.colcon_core.package_discovery:discover_packages(ignore) check parameters
[0.135s] Level 1:colcon.colcon_core.package_discovery:discover_packages(path) check parameters
[0.135s] Level 1:colcon.colcon_core.package_discovery:discover_packages(colcon_meta) discover
[0.135s] Level 1:colcon.colcon_core.package_discovery:discover_packages(recursive) discover
[0.135s] INFO:colcon.colcon_core.package_discovery:Crawling recursively for packages in '/home/dev/Desktop/dev_ws'
[0.135s] Level 1:colcon.colcon_core.package_identification:_identify(.) by extensions ['ignore', 'ignore_ament_install']
[0.135s] Level 1:colcon.colcon_core.package_identification:_identify(.) by extension 'ignore'
[0.135s] Level 1:colcon.colcon_core.package_identification:_identify(.) by extension 'ignore_ament_install'
[0.135s] Level 1:colcon.colcon_core.package_identification:_identify(.) by extensions ['colcon_pkg']
[0.135s] Level 1:colcon.colcon_core.package_identification:_identify(.) by extension 'colcon_pkg'
[0.135s] Level 1:colcon.colcon_core.package_identification:_identify(.) by extensions ['colcon_meta']
[0.135s] Level 1:colcon.colcon_core.package_identification:_identify(.) by extension 'colcon_meta'
[0.135s] Level 1:colcon.colcon_core.package_identification:_identify(.) by extensions ['ros']
[0.135s] Level 1:colcon.colcon_core.package_identification:_identify(.) by extension 'ros'
[0.144s] Level 1:colcon.colcon_core.package_identification:_identify(.) by extensions ['cmake', 'python']
[0.144s] Level 1:colcon.colcon_core.package_identification:_identify(.) by extension 'cmake'
[0.144s] Level 1:colcon.colcon_core.package_identification:_identify(.) by extension 'python'
[0.144s] Level 1:colcon.colcon_core.package_identification:_identify(.) by extensions ['python_setup_py']
[0.144s] Level 1:colcon.colcon_core.package_identification:_identify(.) by extension 'python_setup_py'
[0.145s] Level 1:colcon.colcon_core.package_identification:_identify(build) by extensions ['ignore', 'ignore_ament_install']
[0.145s] Level 1:colcon.colcon_core.package_identification:_identify(build) by extension 'ignore'
[0.145s] Level 1:colcon.colcon_core.package_identification:_identify(build) ignored
[0.145s] Level 1:colcon.colcon_core.package_identification:_identify(install) by extensions ['ignore', 'ignore_ament_install']
[0.145s] Level 1:colcon.colcon_core.package_identification:_identify(install) by extension 'ignore'
[0.145s] Level 1:colcon.colcon_core.package_identification:_identify(install) ignored
[0.145s] Level 1:colcon.colcon_core.package_identification:_identify(log) by extensions ['ignore', 'ignore_ament_install']
[0.145s] Level 1:colcon.colcon_core.package_identification:_identify(log) by extension 'ignore'
[0.145s] Level 1:colcon.colcon_core.package_identification:_identify(log) ignored
[0.145s] Level 1:colcon.colcon_core.package_identification:_identify(src) by extensions ['ignore', 'ignore_ament_install']
[0.145s] Level 1:colcon.colcon_core.package_identification:_identify(src) by extension 'ignore'
[0.145s] Level 1:colcon.colcon_core.package_identification:_identify(src) by extension 'ignore_ament_install'
[0.145s] Level 1:colcon.colcon_core.package_identification:_identify(src) by extensions ['colcon_pkg']
[0.145s] Level 1:colcon.colcon_core.package_identification:_identify(src) by extension 'colcon_pkg'
[0.145s] Level 1:colcon.colcon_core.package_identification:_identify(src) by extensions ['colcon_meta']
[0.145s] Level 1:colcon.colcon_core.package_identification:_identify(src) by extension 'colcon_meta'
[0.145s] Level 1:colcon.colcon_core.package_identification:_identify(src) by extensions ['ros']
[0.145s] Level 1:colcon.colcon_core.package_identification:_identify(src) by extension 'ros'
[0.146s] Level 1:colcon.colcon_core.package_identification:_identify(src) by extensions ['cmake', 'python']
[0.146s] Level 1:colcon.colcon_core.package_identification:_identify(src) by extension 'cmake'
[0.146s] Level 1:colcon.colcon_core.package_identification:_identify(src) by extension 'python'
[0.146s] Level 1:colcon.colcon_core.package_identification:_identify(src) by extensions ['python_setup_py']
[0.146s] Level 1:colcon.colcon_core.package_identification:_identify(src) by extension 'python_setup_py'
[0.146s] Level 1:colcon.colcon_core.package_identification:_identify(src/urdf_example) by extensions ['ignore', 'ignore_ament_install']
[0.146s] Level 1:colcon.colcon_core.package_identification:_identify(src/urdf_example) by extension 'ignore'
[0.146s] Level 1:colcon.colcon_core.package_identification:_identify(src/urdf_example) by extension 'ignore_ament_install'
[0.146s] Level 1:colcon.colcon_core.package_identification:_identify(src/urdf_example) by extensions ['colcon_pkg']
[0.146s] Level 1:colcon.colcon_core.package_identification:_identify(src/urdf_example) by extension 'colcon_pkg'
[0.146s] Level 1:colcon.colcon_core.package_identification:_identify(src/urdf_example) by extensions ['colcon_meta']
[0.146s] Level 1:colcon.colcon_core.package_identification:_identify(src/urdf_example) by extension 'colcon_meta'
[0.146s] Level 1:colcon.colcon_core.package_identification:_identify(src/urdf_example) by extensions ['ros']
[0.146s] Level 1:colcon.colcon_core.package_identification:_identify(src/urdf_example) by extension 'ros'
[0.148s] DEBUG:colcon.colcon_core.package_identification:Package 'src/urdf_example' with type 'ros.ament_cmake' and name 'urdf_example'
[0.148s] Level 1:colcon.colcon_core.package_discovery:discover_packages(recursive) using defaults
[0.148s] Level 1:colcon.colcon_core.package_discovery:discover_packages(ignore) discover
[0.148s] Level 1:colcon.colcon_core.package_discovery:discover_packages(ignore) using defaults
[0.148s] Level 1:colcon.colcon_core.package_discovery:discover_packages(path) discover
[0.148s] Level 1:colcon.colcon_core.package_discovery:discover_packages(path) using defaults
[0.173s] Level 1:colcon.colcon_core.package_discovery:discover_packages(prefix_path) check parameters
[0.173s] Level 1:colcon.colcon_core.package_discovery:discover_packages(prefix_path) discover
[0.176s] DEBUG:colcon.colcon_installed_package_information.package_discovery:Found 266 installed packages in /opt/ros/foxy
[0.178s] Level 1:colcon.colcon_core.package_discovery:discover_packages(prefix_path) using defaults
[0.251s] Level 5:colcon.colcon_core.verb:set package 'urdf_example' build argument 'cmake_args' from command line to 'None'
[0.251s] Level 5:colcon.colcon_core.verb:set package 'urdf_example' build argument 'cmake_target' from command line to 'None'
[0.251s] Level 5:colcon.colcon_core.verb:set package 'urdf_example' build argument 'cmake_target_skip_unavailable' from command line to 'False'
[0.251s] Level 5:colcon.colcon_core.verb:set package 'urdf_example' build argument 'cmake_clean_cache' from command line to 'False'
[0.251s] Level 5:colcon.colcon_core.verb:set package 'urdf_example' build argument 'cmake_clean_first' from command line to 'False'
[0.251s] Level 5:colcon.colcon_core.verb:set package 'urdf_example' build argument 'cmake_force_configure' from command line to 'False'
[0.251s] Level 5:colcon.colcon_core.verb:set package 'urdf_example' build argument 'ament_cmake_args' from command line to 'None'
[0.251s] Level 5:colcon.colcon_core.verb:set package 'urdf_example' build argument 'catkin_cmake_args' from command line to 'None'
[0.251s] Level 5:colcon.colcon_core.verb:set package 'urdf_example' build argument 'catkin_skip_building_tests' from command line to 'False'
[0.251s] DEBUG:colcon.colcon_core.verb:Building package 'urdf_example' with the following arguments: {'ament_cmake_args': None, 'build_base': '/home/dev/Desktop/dev_ws/build/urdf_example', 'catkin_cmake_args': None, 'catkin_skip_building_tests': False, 'cmake_args': None, 'cmake_clean_cache': False, 'cmake_clean_first': False, 'cmake_force_configure': False, 'cmake_target': None, 'cmake_target_skip_unavailable': False, 'install_base': '/home/dev/Desktop/dev_ws/install/urdf_example', 'merge_install': False, 'path': '/home/dev/Desktop/dev_ws/src/urdf_example', 'symlink_install': True, 'test_result_base': None}
[0.252s] INFO:colcon.colcon_core.executor:Executing jobs using 'parallel' executor
[0.255s] DEBUG:colcon.colcon_parallel_executor.executor.parallel:run_until_complete
[0.255s] INFO:colcon.colcon_ros.task.ament_cmake.build:Building ROS package in '/home/dev/Desktop/dev_ws/src/urdf_example' with build type 'ament_cmake'
[0.256s] INFO:colcon.colcon_cmake.task.cmake.build:Building CMake package in '/home/dev/Desktop/dev_ws/src/urdf_example'
[0.261s] INFO:colcon.colcon_core.plugin_system:Skipping extension 'colcon_core.shell.bat': Not used on non-Windows systems
[0.261s] INFO:colcon.colcon_core.shell:Skip shell extension 'powershell' for command environment: Not usable outside of PowerShell
[0.261s] DEBUG:colcon.colcon_core.shell:Skip shell extension 'dsv' for command environment
[0.272s] DEBUG:colcon.colcon_core.event_handler.log_command:Invoking command in '/home/dev/Desktop/dev_ws/build/urdf_example': CMAKE_PREFIX_PATH=/opt/ros/foxy /usr/bin/cmake /home/dev/Desktop/dev_ws/src/urdf_example -DAMENT_CMAKE_SYMLINK_INSTALL=1 -DCMAKE_INSTALL_PREFIX=/home/dev/Desktop/dev_ws/install/urdf_example
[0.902s] DEBUG:colcon.colcon_core.event_handler.log_command:Invoked command in '/home/dev/Desktop/dev_ws/build/urdf_example' returned '0': CMAKE_PREFIX_PATH=/opt/ros/foxy /usr/bin/cmake /home/dev/Desktop/dev_ws/src/urdf_example -DAMENT_CMAKE_SYMLINK_INSTALL=1 -DCMAKE_INSTALL_PREFIX=/home/dev/Desktop/dev_ws/install/urdf_example
[0.907s] DEBUG:colcon.colcon_core.event_handler.log_command:Invoking command in '/home/dev/Desktop/dev_ws/build/urdf_example': CMAKE_PREFIX_PATH=/opt/ros/foxy /usr/bin/cmake --build /home/dev/Desktop/dev_ws/build/urdf_example -- -j8 -l8
[0.934s] DEBUG:colcon.colcon_core.event_handler.log_command:Invoked command in '/home/dev/Desktop/dev_ws/build/urdf_example' returned '0': CMAKE_PREFIX_PATH=/opt/ros/foxy /usr/bin/cmake --build /home/dev/Desktop/dev_ws/build/urdf_example -- -j8 -l8
[0.963s] DEBUG:colcon.colcon_core.event_handler.log_command:Invoking command in '/home/dev/Desktop/dev_ws/build/urdf_example': CMAKE_PREFIX_PATH=/opt/ros/foxy /usr/bin/cmake --install /home/dev/Desktop/dev_ws/build/urdf_example
[1.124s] Level 1:colcon.colcon_core.environment:create_environment_scripts_only(urdf_example)
[1.127s] DEBUG:colcon.colcon_core.event_handler.log_command:Invoked command in '/home/dev/Desktop/dev_ws/build/urdf_example' returned '0': CMAKE_PREFIX_PATH=/opt/ros/foxy /usr/bin/cmake --install /home/dev/Desktop/dev_ws/build/urdf_example
[1.129s] Level 1:colcon.colcon_core.environment:checking '/home/dev/Desktop/dev_ws/install/urdf_example' for CMake module files
[1.130s] Level 1:colcon.colcon_core.environment:checking '/home/dev/Desktop/dev_ws/install/urdf_example' for CMake config files
[1.130s] Level 1:colcon.colcon_core.shell:create_environment_hook('urdf_example', 'cmake_prefix_path')
[1.131s] INFO:colcon.colcon_core.shell:Creating environment hook '/home/dev/Desktop/dev_ws/install/urdf_example/share/urdf_example/hook/cmake_prefix_path.ps1'
[1.132s] INFO:colcon.colcon_core.shell:Creating environment descriptor '/home/dev/Desktop/dev_ws/install/urdf_example/share/urdf_example/hook/cmake_prefix_path.dsv'
[1.132s] INFO:colcon.colcon_core.shell:Creating environment hook '/home/dev/Desktop/dev_ws/install/urdf_example/share/urdf_example/hook/cmake_prefix_path.sh'
[1.133s] Level 1:colcon.colcon_core.environment:checking '/home/dev/Desktop/dev_ws/install/urdf_example/bin'
[1.133s] Level 1:colcon.colcon_core.environment:checking '/home/dev/Desktop/dev_ws/install/urdf_example/lib/pkgconfig/urdf_example.pc'
[1.133s] Level 1:colcon.colcon_core.environment:checking '/home/dev/Desktop/dev_ws/install/urdf_example/lib/python3.8/site-packages'
[1.133s] Level 1:colcon.colcon_core.environment:checking '/home/dev/Desktop/dev_ws/install/urdf_example/bin'
[1.134s] INFO:colcon.colcon_core.shell:Creating package script '/home/dev/Desktop/dev_ws/install/urdf_example/share/urdf_example/package.ps1'
[1.135s] INFO:colcon.colcon_core.shell:Creating package descriptor '/home/dev/Desktop/dev_ws/install/urdf_example/share/urdf_example/package.dsv'
[1.136s] INFO:colcon.colcon_core.shell:Creating package script '/home/dev/Desktop/dev_ws/install/urdf_example/share/urdf_example/package.sh'
[1.136s] INFO:colcon.colcon_core.shell:Creating package script '/home/dev/Desktop/dev_ws/install/urdf_example/share/urdf_example/package.bash'
[1.137s] INFO:colcon.colcon_core.shell:Creating package script '/home/dev/Desktop/dev_ws/install/urdf_example/share/urdf_example/package.zsh'
[1.137s] Level 1:colcon.colcon_core.environment:create_file_with_runtime_dependencies(/home/dev/Desktop/dev_ws/install/urdf_example/share/colcon-core/packages/urdf_example)
[1.155s] Level 1:colcon.colcon_core.environment:create_environment_scripts_only(urdf_example)
[1.156s] Level 1:colcon.colcon_core.environment:checking '/home/dev/Desktop/dev_ws/install/urdf_example' for CMake module files
[1.157s] Level 1:colcon.colcon_core.environment:checking '/home/dev/Desktop/dev_ws/install/urdf_example' for CMake config files
[1.157s] Level 1:colcon.colcon_core.shell:create_environment_hook('urdf_example', 'cmake_prefix_path')
[1.158s] INFO:colcon.colcon_core.shell:Creating environment hook '/home/dev/Desktop/dev_ws/install/urdf_example/share/urdf_example/hook/cmake_prefix_path.ps1'
[1.159s] INFO:colcon.colcon_core.shell:Creating environment descriptor '/home/dev/Desktop/dev_ws/install/urdf_example/share/urdf_example/hook/cmake_prefix_path.dsv'
[1.159s] INFO:colcon.colcon_core.shell:Creating environment hook '/home/dev/Desktop/dev_ws/install/urdf_example/share/urdf_example/hook/cmake_prefix_path.sh'
[1.160s] Level 1:colcon.colcon_core.environment:checking '/home/dev/Desktop/dev_ws/install/urdf_example/bin'
[1.160s] Level 1:colcon.colcon_core.environment:checking '/home/dev/Desktop/dev_ws/install/urdf_example/lib/pkgconfig/urdf_example.pc'
[1.160s] Level 1:colcon.colcon_core.environment:checking '/home/dev/Desktop/dev_ws/install/urdf_example/lib/python3.8/site-packages'
[1.160s] Level 1:colcon.colcon_core.environment:checking '/home/dev/Desktop/dev_ws/install/urdf_example/bin'
[1.161s] INFO:colcon.colcon_core.shell:Creating package script '/home/dev/Desktop/dev_ws/install/urdf_example/share/urdf_example/package.ps1'
[1.162s] INFO:colcon.colcon_core.shell:Creating package descriptor '/home/dev/Desktop/dev_ws/install/urdf_example/share/urdf_example/package.dsv'
[1.162s] INFO:colcon.colcon_core.shell:Creating package script '/home/dev/Desktop/dev_ws/install/urdf_example/share/urdf_example/package.sh'
[1.162s] INFO:colcon.colcon_core.shell:Creating package script '/home/dev/Desktop/dev_ws/install/urdf_example/share/urdf_example/package.bash'
[1.163s] INFO:colcon.colcon_core.shell:Creating package script '/home/dev/Desktop/dev_ws/install/urdf_example/share/urdf_example/package.zsh'
[1.163s] Level 1:colcon.colcon_core.environment:create_file_with_runtime_dependencies(/home/dev/Desktop/dev_ws/install/urdf_example/share/colcon-core/packages/urdf_example)
[1.163s] DEBUG:colcon.colcon_parallel_executor.executor.parallel:closing loop
[1.164s] DEBUG:colcon.colcon_parallel_executor.executor.parallel:loop closed
[1.164s] DEBUG:colcon.colcon_parallel_executor.executor.parallel:run_until_complete finished with '0'
[1.164s] DEBUG:colcon.colcon_core.event_reactor:joining thread
[1.170s] INFO:colcon.colcon_core.plugin_system:Skipping extension 'colcon_notification.desktop_notification.terminal_notifier': Not used on non-Darwin systems
[1.170s] INFO:colcon.colcon_core.plugin_system:Skipping extension 'colcon_notification.desktop_notification.win32': Not used on non-Windows systems
[1.170s] INFO:colcon.colcon_notification.desktop_notification:Sending desktop notification using 'notify2'
[1.187s] DEBUG:colcon.colcon_core.event_reactor:joined thread
[1.189s] INFO:colcon.colcon_core.shell:Creating prefix script '/home/dev/Desktop/dev_ws/install/local_setup.ps1'
[1.191s] INFO:colcon.colcon_core.shell:Creating prefix util module '/home/dev/Desktop/dev_ws/install/_local_setup_util_ps1.py'
[1.192s] INFO:colcon.colcon_core.shell:Creating prefix chain script '/home/dev/Desktop/dev_ws/install/setup.ps1'
[1.193s] INFO:colcon.colcon_core.shell:Creating prefix script '/home/dev/Desktop/dev_ws/install/local_setup.sh'
[1.194s] INFO:colcon.colcon_core.shell:Creating prefix util module '/home/dev/Desktop/dev_ws/install/_local_setup_util_sh.py'
[1.194s] INFO:colcon.colcon_core.shell:Creating prefix chain script '/home/dev/Desktop/dev_ws/install/setup.sh'
[1.195s] INFO:colcon.colcon_core.shell:Creating prefix script '/home/dev/Desktop/dev_ws/install/local_setup.bash'
[1.196s] INFO:colcon.colcon_core.shell:Creating prefix chain script '/home/dev/Desktop/dev_ws/install/setup.bash'
[1.197s] INFO:colcon.colcon_core.shell:Creating prefix script '/home/dev/Desktop/dev_ws/install/local_setup.zsh'
[1.198s] INFO:colcon.colcon_core.shell:Creating prefix chain script '/home/dev/Desktop/dev_ws/install/setup.zsh'
