-- The C compiler identification is GNU 9.4.0
-- The CXX compiler identification is GNU 9.4.0
-- Check for working C compiler: /usr/bin/cc
-- Check for working C compiler: /usr/bin/cc -- works
-- Detecting C compiler ABI info
-- Detecting C compiler ABI info - done
-- Detecting C compile features
-- Detecting C compile features - done
-- Check for working CXX compiler: /usr/bin/c++
-- Check for working CXX compiler: /usr/bin/c++ -- works
-- Detecting CXX compiler ABI info
-- Detecting CXX compiler ABI info - done
-- Detecting CXX compile features
-- Detecting CXX compile features - done
-- Found ament_cmake: 0.9.11 (/opt/ros/foxy/share/ament_cmake/cmake)
-- Found PythonInterp: /usr/bin/python3 (found suitable version "3.8.10", minimum required is "3") 
-- Using PYTHON_EXECUTABLE: /usr/bin/python3
-- Override CMake install command with custom implementation using symlinks instead of copying resources
-- Found ament_lint_auto: 0.9.7 (/opt/ros/foxy/share/ament_lint_auto/cmake)
-- Added test 'copyright' to check source files copyright and LICENSE
-- Added test 'flake8' to check Python code syntax and style conventions
-- Added test 'lint_cmake' to check CMake code style
-- Added test 'pep257' to check Python code against some of the style conventions in PEP 257
-- Added test 'xmllint' to check XML markup files
-- Configuring done
-- Generating done
-- Build files have been written to: /home/dev/Desktop/dev_ws/build/urdf_example
-- Install configuration: ""
-- Execute custom install script
-- Symlinking: /home/dev/Desktop/dev_ws/install/urdf_example/share/urdf_example/description/example_gazebo.xacro
-- Symlinking: /home/dev/Desktop/dev_ws/install/urdf_example/share/urdf_example/description/example_include.xacro
-- Symlinking: /home/dev/Desktop/dev_ws/install/urdf_example/share/urdf_example/description/example_robot.urdf.xacro
-- Symlinking: /home/dev/Desktop/dev_ws/install/urdf_example/share/urdf_example/launch/rsp.launch.py
-- Symlinking: /home/dev/Desktop/dev_ws/install/urdf_example/share/urdf_example/launch/rsp_sim.launch.py
-- Symlinking: /home/dev/Desktop/dev_ws/install/urdf_example/share/urdf_example/worlds/test_world.world
-- Symlinking: /home/dev/Desktop/dev_ws/install/urdf_example/share/ament_index/resource_index/package_run_dependencies/urdf_example
-- Symlinking: /home/dev/Desktop/dev_ws/install/urdf_example/share/ament_index/resource_index/parent_prefix_path/urdf_example
-- Symlinking: /home/dev/Desktop/dev_ws/install/urdf_example/share/urdf_example/environment/ament_prefix_path.sh
-- Symlinking: /home/dev/Desktop/dev_ws/install/urdf_example/share/urdf_example/environment/ament_prefix_path.dsv
-- Symlinking: /home/dev/Desktop/dev_ws/install/urdf_example/share/urdf_example/environment/path.sh
-- Symlinking: /home/dev/Desktop/dev_ws/install/urdf_example/share/urdf_example/environment/path.dsv
-- Symlinking: /home/dev/Desktop/dev_ws/install/urdf_example/share/urdf_example/local_setup.bash
-- Symlinking: /home/dev/Desktop/dev_ws/install/urdf_example/share/urdf_example/local_setup.sh
-- Symlinking: /home/dev/Desktop/dev_ws/install/urdf_example/share/urdf_example/local_setup.zsh
-- Symlinking: /home/dev/Desktop/dev_ws/install/urdf_example/share/urdf_example/local_setup.dsv
-- Symlinking: /home/dev/Desktop/dev_ws/install/urdf_example/share/urdf_example/package.dsv
-- Symlinking: /home/dev/Desktop/dev_ws/install/urdf_example/share/ament_index/resource_index/packages/urdf_example
-- Symlinking: /home/dev/Desktop/dev_ws/install/urdf_example/share/urdf_example/cmake/urdf_exampleConfig.cmake
-- Symlinking: /home/dev/Desktop/dev_ws/install/urdf_example/share/urdf_example/cmake/urdf_exampleConfig-version.cmake
-- Symlinking: /home/dev/Desktop/dev_ws/install/urdf_example/share/urdf_example/package.xml
