[0.016s] Invoking command in '/home/dev/Desktop/dev_ws/build/urdf_example': CMAKE_PREFIX_PATH=/opt/ros/foxy /usr/bin/cmake /home/dev/Desktop/dev_ws/src/urdf_example -DAMENT_CMAKE_SYMLINK_INSTALL=1 -DCMAKE_INSTALL_PREFIX=/home/dev/Desktop/dev_ws/install/urdf_example
[0.061s] -- The C compiler identification is GNU 9.4.0
[0.104s] -- The CXX compiler identification is GNU 9.4.0
[0.108s] -- Check for working C compiler: /usr/bin/cc
[0.160s] -- Check for working C compiler: /usr/bin/cc -- works
[0.161s] -- Detecting C compiler ABI info
[0.218s] -- Detecting C compiler ABI info - done
[0.235s] -- Detecting C compile features
[0.235s] -- Detecting C compile features - done
[0.238s] -- Check for working CXX compiler: /usr/bin/c++
[0.303s] -- Check for working CXX compiler: /usr/bin/c++ -- works
[0.304s] -- Detecting CXX compiler ABI info
[0.366s] -- Detecting CXX compiler ABI info - done
[0.375s] -- Detecting CXX compile features
[0.375s] -- Detecting CXX compile features - done
[0.377s] -- Found ament_cmake: 0.9.11 (/opt/ros/foxy/share/ament_cmake/cmake)
[0.396s] -- Found PythonInterp: /usr/bin/python3 (found suitable version "3.8.10", minimum required is "3") 
[0.396s] -- Using PYTHON_EXECUTABLE: /usr/bin/python3
[0.541s] -- Override CMake install command with custom implementation using symlinks instead of copying resources
[0.559s] -- Found ament_lint_auto: 0.9.7 (/opt/ros/foxy/share/ament_lint_auto/cmake)
[0.623s] -- Added test 'copyright' to check source files copyright and LICENSE
[0.632s] -- Added test 'flake8' to check Python code syntax and style conventions
[0.634s] -- Added test 'lint_cmake' to check CMake code style
[0.635s] -- Added test 'pep257' to check Python code against some of the style conventions in PEP 257
[0.639s] -- Added test 'xmllint' to check XML markup files
[0.641s] -- Configuring done
[0.643s] -- Generating done
[0.643s] -- Build files have been written to: /home/dev/Desktop/dev_ws/build/urdf_example
[0.646s] Invoked command in '/home/dev/Desktop/dev_ws/build/urdf_example' returned '0': CMAKE_PREFIX_PATH=/opt/ros/foxy /usr/bin/cmake /home/dev/Desktop/dev_ws/src/urdf_example -DAMENT_CMAKE_SYMLINK_INSTALL=1 -DCMAKE_INSTALL_PREFIX=/home/dev/Desktop/dev_ws/install/urdf_example
[0.651s] Invoking command in '/home/dev/Desktop/dev_ws/build/urdf_example': CMAKE_PREFIX_PATH=/opt/ros/foxy /usr/bin/cmake --build /home/dev/Desktop/dev_ws/build/urdf_example -- -j8 -l8
[0.677s] Invoked command in '/home/dev/Desktop/dev_ws/build/urdf_example' returned '0': CMAKE_PREFIX_PATH=/opt/ros/foxy /usr/bin/cmake --build /home/dev/Desktop/dev_ws/build/urdf_example -- -j8 -l8
[0.706s] Invoking command in '/home/dev/Desktop/dev_ws/build/urdf_example': CMAKE_PREFIX_PATH=/opt/ros/foxy /usr/bin/cmake --install /home/dev/Desktop/dev_ws/build/urdf_example
[0.714s] -- Install configuration: ""
[0.714s] -- Execute custom install script
[0.715s] -- Symlinking: /home/dev/Desktop/dev_ws/install/urdf_example/share/urdf_example/description/example_gazebo.xacro
[0.722s] -- Symlinking: /home/dev/Desktop/dev_ws/install/urdf_example/share/urdf_example/description/example_include.xacro
[0.730s] -- Symlinking: /home/dev/Desktop/dev_ws/install/urdf_example/share/urdf_example/description/example_robot.urdf.xacro
[0.737s] -- Symlinking: /home/dev/Desktop/dev_ws/install/urdf_example/share/urdf_example/launch/rsp.launch.py
[0.744s] -- Symlinking: /home/dev/Desktop/dev_ws/install/urdf_example/share/urdf_example/launch/rsp_sim.launch.py
[0.751s] -- Symlinking: /home/dev/Desktop/dev_ws/install/urdf_example/share/urdf_example/worlds/test_world.world
[0.758s] -- Symlinking: /home/dev/Desktop/dev_ws/install/urdf_example/share/ament_index/resource_index/package_run_dependencies/urdf_example
[0.766s] -- Symlinking: /home/dev/Desktop/dev_ws/install/urdf_example/share/ament_index/resource_index/parent_prefix_path/urdf_example
[0.772s] -- Symlinking: /home/dev/Desktop/dev_ws/install/urdf_example/share/urdf_example/environment/ament_prefix_path.sh
[0.780s] -- Symlinking: /home/dev/Desktop/dev_ws/install/urdf_example/share/urdf_example/environment/ament_prefix_path.dsv
[0.787s] -- Symlinking: /home/dev/Desktop/dev_ws/install/urdf_example/share/urdf_example/environment/path.sh
[0.794s] -- Symlinking: /home/dev/Desktop/dev_ws/install/urdf_example/share/urdf_example/environment/path.dsv
[0.801s] -- Symlinking: /home/dev/Desktop/dev_ws/install/urdf_example/share/urdf_example/local_setup.bash
[0.809s] -- Symlinking: /home/dev/Desktop/dev_ws/install/urdf_example/share/urdf_example/local_setup.sh
[0.817s] -- Symlinking: /home/dev/Desktop/dev_ws/install/urdf_example/share/urdf_example/local_setup.zsh
[0.824s] -- Symlinking: /home/dev/Desktop/dev_ws/install/urdf_example/share/urdf_example/local_setup.dsv
[0.831s] -- Symlinking: /home/dev/Desktop/dev_ws/install/urdf_example/share/urdf_example/package.dsv
[0.839s] -- Symlinking: /home/dev/Desktop/dev_ws/install/urdf_example/share/ament_index/resource_index/packages/urdf_example
[0.846s] -- Symlinking: /home/dev/Desktop/dev_ws/install/urdf_example/share/urdf_example/cmake/urdf_exampleConfig.cmake
[0.853s] -- Symlinking: /home/dev/Desktop/dev_ws/install/urdf_example/share/urdf_example/cmake/urdf_exampleConfig-version.cmake
[0.860s] -- Symlinking: /home/dev/Desktop/dev_ws/install/urdf_example/share/urdf_example/package.xml
[0.870s] Invoked command in '/home/dev/Desktop/dev_ws/build/urdf_example' returned '0': CMAKE_PREFIX_PATH=/opt/ros/foxy /usr/bin/cmake --install /home/dev/Desktop/dev_ws/build/urdf_example
