-- Found ament_cmake: 1.3.3 (/opt/ros/humble/share/ament_cmake/cmake)
-- Override CMake install command with custom implementation using symlinks instead of copying resources
-- Found ament_lint_auto: 0.12.4 (/opt/ros/humble/share/ament_lint_auto/cmake)
-- Added test 'copyright' to check source files copyright and LICENSE
-- Added test 'flake8' to check Python code syntax and style conventions
-- Added test 'lint_cmake' to check CMake code style
-- Added test 'pep257' to check Python code against some of the docstring style conventions in PEP 257
-- Added test 'xmllint' to check XML markup files
-- Configuring done
-- Generating done
-- Build files have been written to: /home/chief-of-mischief/Desktop/ROS-learnings/my_package/build/my_package
-- Install configuration: ""
-- Execute custom install script
-- Symlinking: /home/chief-of-mischief/Desktop/ROS-learnings/my_package/install/my_package/share/my_package/launch/launch/listener.launch.py
-- Symlinking: /home/chief-of-mischief/Desktop/ROS-learnings/my_package/install/my_package/share/my_package/launch/launch/talker.launch.py
-- Symlinking: /home/chief-of-mischief/Desktop/ROS-learnings/my_package/install/my_package/share/ament_index/resource_index/package_run_dependencies/my_package
-- Symlinking: /home/chief-of-mischief/Desktop/ROS-learnings/my_package/install/my_package/share/ament_index/resource_index/parent_prefix_path/my_package
-- Symlinking: /home/chief-of-mischief/Desktop/ROS-learnings/my_package/install/my_package/share/my_package/environment/ament_prefix_path.sh
-- Symlinking: /home/chief-of-mischief/Desktop/ROS-learnings/my_package/install/my_package/share/my_package/environment/ament_prefix_path.dsv
-- Symlinking: /home/chief-of-mischief/Desktop/ROS-learnings/my_package/install/my_package/share/my_package/environment/path.sh
-- Symlinking: /home/chief-of-mischief/Desktop/ROS-learnings/my_package/install/my_package/share/my_package/environment/path.dsv
-- Symlinking: /home/chief-of-mischief/Desktop/ROS-learnings/my_package/install/my_package/share/my_package/local_setup.bash
-- Symlinking: /home/chief-of-mischief/Desktop/ROS-learnings/my_package/install/my_package/share/my_package/local_setup.sh
-- Symlinking: /home/chief-of-mischief/Desktop/ROS-learnings/my_package/install/my_package/share/my_package/local_setup.zsh
-- Symlinking: /home/chief-of-mischief/Desktop/ROS-learnings/my_package/install/my_package/share/my_package/local_setup.dsv
-- Symlinking: /home/chief-of-mischief/Desktop/ROS-learnings/my_package/install/my_package/share/my_package/package.dsv
-- Symlinking: /home/chief-of-mischief/Desktop/ROS-learnings/my_package/install/my_package/share/ament_index/resource_index/packages/my_package
-- Symlinking: /home/chief-of-mischief/Desktop/ROS-learnings/my_package/install/my_package/share/my_package/cmake/my_packageConfig.cmake
-- Symlinking: /home/chief-of-mischief/Desktop/ROS-learnings/my_package/install/my_package/share/my_package/cmake/my_packageConfig-version.cmake
-- Symlinking: /home/chief-of-mischief/Desktop/ROS-learnings/my_package/install/my_package/share/my_package/package.xml
