[0.008s] Invoking command in '/home/chief-of-mischief/Desktop/ROS-learnings/my_package/build/my_package': CMAKE_PREFIX_PATH=/home/chief-of-mischief/Desktop/ROS-learnings/ros2_ws/install/py_pkg:/opt/ros/humble CONDA_PROMPT_MODIFIER=(base) /usr/bin/cmake /home/chief-of-mischief/Desktop/ROS-learnings/my_package/src/my_package -DAMENT_CMAKE_SYMLINK_INSTALL=1 -DCMAKE_INSTALL_PREFIX=/home/chief-of-mischief/Desktop/ROS-learnings/my_package/install/my_package
[0.014s] -- Found ament_cmake: 1.3.3 (/opt/ros/humble/share/ament_cmake/cmake)
[0.089s] -- Override CMake install command with custom implementation using symlinks instead of copying resources
[0.093s] -- Found ament_lint_auto: 0.12.4 (/opt/ros/humble/share/ament_lint_auto/cmake)
[0.133s] -- Added test 'copyright' to check source files copyright and LICENSE
[0.133s] -- Added test 'flake8' to check Python code syntax and style conventions
[0.133s] -- Added test 'lint_cmake' to check CMake code style
[0.133s] -- Added test 'pep257' to check Python code against some of the docstring style conventions in PEP 257
[0.134s] -- Added test 'xmllint' to check XML markup files
[0.134s] -- Configuring done
[0.136s] -- Generating done
[0.137s] -- Build files have been written to: /home/chief-of-mischief/Desktop/ROS-learnings/my_package/build/my_package
[0.139s] Invoked command in '/home/chief-of-mischief/Desktop/ROS-learnings/my_package/build/my_package' returned '0': CMAKE_PREFIX_PATH=/home/chief-of-mischief/Desktop/ROS-learnings/ros2_ws/install/py_pkg:/opt/ros/humble CONDA_PROMPT_MODIFIER=(base) /usr/bin/cmake /home/chief-of-mischief/Desktop/ROS-learnings/my_package/src/my_package -DAMENT_CMAKE_SYMLINK_INSTALL=1 -DCMAKE_INSTALL_PREFIX=/home/chief-of-mischief/Desktop/ROS-learnings/my_package/install/my_package
[0.140s] Invoking command in '/home/chief-of-mischief/Desktop/ROS-learnings/my_package/build/my_package': CMAKE_PREFIX_PATH=/home/chief-of-mischief/Desktop/ROS-learnings/ros2_ws/install/py_pkg:/opt/ros/humble CONDA_PROMPT_MODIFIER=(base) /usr/bin/cmake --build /home/chief-of-mischief/Desktop/ROS-learnings/my_package/build/my_package -- -j24 -l24
[0.160s] Invoked command in '/home/chief-of-mischief/Desktop/ROS-learnings/my_package/build/my_package' returned '0': CMAKE_PREFIX_PATH=/home/chief-of-mischief/Desktop/ROS-learnings/ros2_ws/install/py_pkg:/opt/ros/humble CONDA_PROMPT_MODIFIER=(base) /usr/bin/cmake --build /home/chief-of-mischief/Desktop/ROS-learnings/my_package/build/my_package -- -j24 -l24
[0.183s] Invoking command in '/home/chief-of-mischief/Desktop/ROS-learnings/my_package/build/my_package': CMAKE_PREFIX_PATH=/home/chief-of-mischief/Desktop/ROS-learnings/ros2_ws/install/py_pkg:/opt/ros/humble CONDA_PROMPT_MODIFIER=(base) /usr/bin/cmake --install /home/chief-of-mischief/Desktop/ROS-learnings/my_package/build/my_package
[0.190s] -- Install configuration: ""
[0.191s] -- Execute custom install script
[0.191s] -- Symlinking: /home/chief-of-mischief/Desktop/ROS-learnings/my_package/install/my_package/share/my_package/launch/launch/listener.launch.py
[0.200s] -- Symlinking: /home/chief-of-mischief/Desktop/ROS-learnings/my_package/install/my_package/share/my_package/launch/launch/talker.launch.py
[0.210s] -- Symlinking: /home/chief-of-mischief/Desktop/ROS-learnings/my_package/install/my_package/share/ament_index/resource_index/package_run_dependencies/my_package
[0.223s] -- Symlinking: /home/chief-of-mischief/Desktop/ROS-learnings/my_package/install/my_package/share/ament_index/resource_index/parent_prefix_path/my_package
[0.235s] -- Symlinking: /home/chief-of-mischief/Desktop/ROS-learnings/my_package/install/my_package/share/my_package/environment/ament_prefix_path.sh
[0.243s] -- Symlinking: /home/chief-of-mischief/Desktop/ROS-learnings/my_package/install/my_package/share/my_package/environment/ament_prefix_path.dsv
[0.248s] -- Symlinking: /home/chief-of-mischief/Desktop/ROS-learnings/my_package/install/my_package/share/my_package/environment/path.sh
[0.255s] -- Symlinking: /home/chief-of-mischief/Desktop/ROS-learnings/my_package/install/my_package/share/my_package/environment/path.dsv
[0.262s] -- Symlinking: /home/chief-of-mischief/Desktop/ROS-learnings/my_package/install/my_package/share/my_package/local_setup.bash
[0.268s] -- Symlinking: /home/chief-of-mischief/Desktop/ROS-learnings/my_package/install/my_package/share/my_package/local_setup.sh
[0.273s] -- Symlinking: /home/chief-of-mischief/Desktop/ROS-learnings/my_package/install/my_package/share/my_package/local_setup.zsh
[0.277s] -- Symlinking: /home/chief-of-mischief/Desktop/ROS-learnings/my_package/install/my_package/share/my_package/local_setup.dsv
[0.284s] -- Symlinking: /home/chief-of-mischief/Desktop/ROS-learnings/my_package/install/my_package/share/my_package/package.dsv
[0.291s] -- Symlinking: /home/chief-of-mischief/Desktop/ROS-learnings/my_package/install/my_package/share/ament_index/resource_index/packages/my_package
[0.299s] -- Symlinking: /home/chief-of-mischief/Desktop/ROS-learnings/my_package/install/my_package/share/my_package/cmake/my_packageConfig.cmake
[0.307s] -- Symlinking: /home/chief-of-mischief/Desktop/ROS-learnings/my_package/install/my_package/share/my_package/cmake/my_packageConfig-version.cmake
[0.316s] -- Symlinking: /home/chief-of-mischief/Desktop/ROS-learnings/my_package/install/my_package/share/my_package/package.xml
[0.331s] Invoked command in '/home/chief-of-mischief/Desktop/ROS-learnings/my_package/build/my_package' returned '0': CMAKE_PREFIX_PATH=/home/chief-of-mischief/Desktop/ROS-learnings/ros2_ws/install/py_pkg:/opt/ros/humble CONDA_PROMPT_MODIFIER=(base) /usr/bin/cmake --install /home/chief-of-mischief/Desktop/ROS-learnings/my_package/build/my_package
