[0.180s] DEBUG:colcon:Command line arguments: ['/usr/bin/colcon', 'build', '--symlink-install']
[0.180s] DEBUG:colcon:Parsed command line arguments: Namespace(log_base=None, log_level=None, verb_name='build', build_base='build', install_base='install', merge_install=False, symlink_install=True, test_result_base=None, continue_on_error=False, executor='parallel', parallel_workers=24, event_handlers=None, ignore_user_meta=False, metas=['./colcon.meta'], base_paths=['.'], packages_ignore=None, packages_ignore_regex=None, paths=None, packages_up_to=None, packages_up_to_regex=None, packages_above=None, packages_above_and_dependencies=None, packages_above_depth=None, packages_select_by_dep=None, packages_skip_by_dep=None, packages_skip_up_to=None, packages_select_build_failed=False, packages_skip_build_finished=False, packages_select_test_failures=False, packages_skip_test_passed=False, packages_select=None, packages_skip=None, packages_select_regex=None, packages_skip_regex=None, packages_start=None, packages_end=None, allow_overriding=[], cmake_args=None, cmake_target=None, cmake_target_skip_unavailable=False, cmake_clean_cache=False, cmake_clean_first=False, cmake_force_configure=False, ament_cmake_args=None, catkin_cmake_args=None, catkin_skip_building_tests=False, verb_parser=<colcon_defaults.argument_parser.defaults.DefaultArgumentsDecorator object at 0x7f3fbc36f490>, verb_extension=<colcon_core.verb.build.BuildVerb object at 0x7f3fbccb6830>, main=<bound method BuildVerb.main of <colcon_core.verb.build.BuildVerb object at 0x7f3fbccb6830>>)
[0.193s] Level 1:colcon.colcon_core.package_discovery:discover_packages(colcon_meta) check parameters
[0.193s] Level 1:colcon.colcon_core.package_discovery:discover_packages(recursive) check parameters
[0.193s] Level 1:colcon.colcon_core.package_discovery:discover_packages(ignore) check parameters
[0.193s] Level 1:colcon.colcon_core.package_discovery:discover_packages(path) check parameters
[0.193s] Level 1:colcon.colcon_core.package_discovery:discover_packages(colcon_meta) discover
[0.193s] Level 1:colcon.colcon_core.package_discovery:discover_packages(recursive) discover
[0.193s] INFO:colcon.colcon_core.package_discovery:Crawling recursively for packages in '/home/chief-of-mischief/Desktop/ROS-learnings/ros2_ws'
[0.193s] Level 1:colcon.colcon_core.package_identification:_identify(.) by extensions ['ignore', 'ignore_ament_install']
[0.193s] Level 1:colcon.colcon_core.package_identification:_identify(.) by extension 'ignore'
[0.193s] Level 1:colcon.colcon_core.package_identification:_identify(.) by extension 'ignore_ament_install'
[0.193s] Level 1:colcon.colcon_core.package_identification:_identify(.) by extensions ['colcon_pkg']
[0.193s] Level 1:colcon.colcon_core.package_identification:_identify(.) by extension 'colcon_pkg'
[0.193s] Level 1:colcon.colcon_core.package_identification:_identify(.) by extensions ['colcon_meta']
[0.193s] Level 1:colcon.colcon_core.package_identification:_identify(.) by extension 'colcon_meta'
[0.193s] Level 1:colcon.colcon_core.package_identification:_identify(.) by extensions ['ros']
[0.193s] Level 1:colcon.colcon_core.package_identification:_identify(.) by extension 'ros'
[0.199s] Level 1:colcon.colcon_core.package_identification:_identify(.) by extensions ['cmake', 'python']
[0.199s] Level 1:colcon.colcon_core.package_identification:_identify(.) by extension 'cmake'
[0.199s] Level 1:colcon.colcon_core.package_identification:_identify(.) by extension 'python'
[0.199s] Level 1:colcon.colcon_core.package_identification:_identify(.) by extensions ['python_setup_py']
[0.199s] Level 1:colcon.colcon_core.package_identification:_identify(.) by extension 'python_setup_py'
[0.199s] Level 1:colcon.colcon_core.package_identification:_identify(build) by extensions ['ignore', 'ignore_ament_install']
[0.199s] Level 1:colcon.colcon_core.package_identification:_identify(build) by extension 'ignore'
[0.199s] Level 1:colcon.colcon_core.package_identification:_identify(build) ignored
[0.199s] Level 1:colcon.colcon_core.package_identification:_identify(install) by extensions ['ignore', 'ignore_ament_install']
[0.199s] Level 1:colcon.colcon_core.package_identification:_identify(install) by extension 'ignore'
[0.199s] Level 1:colcon.colcon_core.package_identification:_identify(install) ignored
[0.199s] Level 1:colcon.colcon_core.package_identification:_identify(log) by extensions ['ignore', 'ignore_ament_install']
[0.199s] Level 1:colcon.colcon_core.package_identification:_identify(log) by extension 'ignore'
[0.199s] Level 1:colcon.colcon_core.package_identification:_identify(log) ignored
[0.199s] Level 1:colcon.colcon_core.package_identification:_identify(src) by extensions ['ignore', 'ignore_ament_install']
[0.199s] Level 1:colcon.colcon_core.package_identification:_identify(src) by extension 'ignore'
[0.199s] Level 1:colcon.colcon_core.package_identification:_identify(src) by extension 'ignore_ament_install'
[0.199s] Level 1:colcon.colcon_core.package_identification:_identify(src) by extensions ['colcon_pkg']
[0.199s] Level 1:colcon.colcon_core.package_identification:_identify(src) by extension 'colcon_pkg'
[0.199s] Level 1:colcon.colcon_core.package_identification:_identify(src) by extensions ['colcon_meta']
[0.199s] Level 1:colcon.colcon_core.package_identification:_identify(src) by extension 'colcon_meta'
[0.199s] Level 1:colcon.colcon_core.package_identification:_identify(src) by extensions ['ros']
[0.199s] Level 1:colcon.colcon_core.package_identification:_identify(src) by extension 'ros'
[0.199s] Level 1:colcon.colcon_core.package_identification:_identify(src) by extensions ['cmake', 'python']
[0.199s] Level 1:colcon.colcon_core.package_identification:_identify(src) by extension 'cmake'
[0.199s] Level 1:colcon.colcon_core.package_identification:_identify(src) by extension 'python'
[0.200s] Level 1:colcon.colcon_core.package_identification:_identify(src) by extensions ['python_setup_py']
[0.200s] Level 1:colcon.colcon_core.package_identification:_identify(src) by extension 'python_setup_py'
[0.200s] Level 1:colcon.colcon_core.package_identification:_identify(src/c_py_pkg) by extensions ['ignore', 'ignore_ament_install']
[0.200s] Level 1:colcon.colcon_core.package_identification:_identify(src/c_py_pkg) by extension 'ignore'
[0.200s] Level 1:colcon.colcon_core.package_identification:_identify(src/c_py_pkg) by extension 'ignore_ament_install'
[0.200s] Level 1:colcon.colcon_core.package_identification:_identify(src/c_py_pkg) by extensions ['colcon_pkg']
[0.200s] Level 1:colcon.colcon_core.package_identification:_identify(src/c_py_pkg) by extension 'colcon_pkg'
[0.200s] Level 1:colcon.colcon_core.package_identification:_identify(src/c_py_pkg) by extensions ['colcon_meta']
[0.200s] Level 1:colcon.colcon_core.package_identification:_identify(src/c_py_pkg) by extension 'colcon_meta'
[0.200s] Level 1:colcon.colcon_core.package_identification:_identify(src/c_py_pkg) by extensions ['ros']
[0.200s] Level 1:colcon.colcon_core.package_identification:_identify(src/c_py_pkg) by extension 'ros'
[0.201s] DEBUG:colcon.colcon_core.package_identification:Package 'src/c_py_pkg' with type 'ros.ament_cmake' and name 'c_py_pkg'
[0.201s] Level 1:colcon.colcon_core.package_identification:_identify(src/cpp_pkg) by extensions ['ignore', 'ignore_ament_install']
[0.201s] Level 1:colcon.colcon_core.package_identification:_identify(src/cpp_pkg) by extension 'ignore'
[0.201s] Level 1:colcon.colcon_core.package_identification:_identify(src/cpp_pkg) by extension 'ignore_ament_install'
[0.201s] Level 1:colcon.colcon_core.package_identification:_identify(src/cpp_pkg) by extensions ['colcon_pkg']
[0.201s] Level 1:colcon.colcon_core.package_identification:_identify(src/cpp_pkg) by extension 'colcon_pkg'
[0.201s] Level 1:colcon.colcon_core.package_identification:_identify(src/cpp_pkg) by extensions ['colcon_meta']
[0.201s] Level 1:colcon.colcon_core.package_identification:_identify(src/cpp_pkg) by extension 'colcon_meta'
[0.201s] Level 1:colcon.colcon_core.package_identification:_identify(src/cpp_pkg) by extensions ['ros']
[0.201s] Level 1:colcon.colcon_core.package_identification:_identify(src/cpp_pkg) by extension 'ros'
[0.202s] DEBUG:colcon.colcon_core.package_identification:Package 'src/cpp_pkg' with type 'ros.ament_cmake' and name 'cpp_pkg'
[0.202s] Level 1:colcon.colcon_core.package_identification:_identify(src/interfaces) by extensions ['ignore', 'ignore_ament_install']
[0.202s] Level 1:colcon.colcon_core.package_identification:_identify(src/interfaces) by extension 'ignore'
[0.202s] Level 1:colcon.colcon_core.package_identification:_identify(src/interfaces) by extension 'ignore_ament_install'
[0.202s] Level 1:colcon.colcon_core.package_identification:_identify(src/interfaces) by extensions ['colcon_pkg']
[0.202s] Level 1:colcon.colcon_core.package_identification:_identify(src/interfaces) by extension 'colcon_pkg'
[0.202s] Level 1:colcon.colcon_core.package_identification:_identify(src/interfaces) by extensions ['colcon_meta']
[0.202s] Level 1:colcon.colcon_core.package_identification:_identify(src/interfaces) by extension 'colcon_meta'
[0.202s] Level 1:colcon.colcon_core.package_identification:_identify(src/interfaces) by extensions ['ros']
[0.202s] Level 1:colcon.colcon_core.package_identification:_identify(src/interfaces) by extension 'ros'
[0.202s] DEBUG:colcon.colcon_core.package_identification:Package 'src/interfaces' with type 'ros.ament_cmake' and name 'interfaces'
[0.202s] Level 1:colcon.colcon_core.package_identification:_identify(src/interfacesclear) by extensions ['ignore', 'ignore_ament_install']
[0.202s] Level 1:colcon.colcon_core.package_identification:_identify(src/interfacesclear) by extension 'ignore'
[0.202s] Level 1:colcon.colcon_core.package_identification:_identify(src/interfacesclear) by extension 'ignore_ament_install'
[0.202s] Level 1:colcon.colcon_core.package_identification:_identify(src/interfacesclear) by extensions ['colcon_pkg']
[0.202s] Level 1:colcon.colcon_core.package_identification:_identify(src/interfacesclear) by extension 'colcon_pkg'
[0.202s] Level 1:colcon.colcon_core.package_identification:_identify(src/interfacesclear) by extensions ['colcon_meta']
[0.202s] Level 1:colcon.colcon_core.package_identification:_identify(src/interfacesclear) by extension 'colcon_meta'
[0.202s] Level 1:colcon.colcon_core.package_identification:_identify(src/interfacesclear) by extensions ['ros']
[0.202s] Level 1:colcon.colcon_core.package_identification:_identify(src/interfacesclear) by extension 'ros'
[0.203s] DEBUG:colcon.colcon_core.package_identification:Package 'src/interfacesclear' with type 'ros.ament_cmake' and name 'interfacesclear'
[0.203s] Level 1:colcon.colcon_core.package_identification:_identify(src/my_py_pkg) by extensions ['ignore', 'ignore_ament_install']
[0.203s] Level 1:colcon.colcon_core.package_identification:_identify(src/my_py_pkg) by extension 'ignore'
[0.203s] Level 1:colcon.colcon_core.package_identification:_identify(src/my_py_pkg) by extension 'ignore_ament_install'
[0.203s] Level 1:colcon.colcon_core.package_identification:_identify(src/my_py_pkg) by extensions ['colcon_pkg']
[0.203s] Level 1:colcon.colcon_core.package_identification:_identify(src/my_py_pkg) by extension 'colcon_pkg'
[0.203s] Level 1:colcon.colcon_core.package_identification:_identify(src/my_py_pkg) by extensions ['colcon_meta']
[0.203s] Level 1:colcon.colcon_core.package_identification:_identify(src/my_py_pkg) by extension 'colcon_meta'
[0.203s] Level 1:colcon.colcon_core.package_identification:_identify(src/my_py_pkg) by extensions ['ros']
[0.203s] Level 1:colcon.colcon_core.package_identification:_identify(src/my_py_pkg) by extension 'ros'
[0.203s] DEBUG:colcon.colcon_core.package_identification:Package 'src/my_py_pkg' with type 'ros.ament_python' and name 'my_py_pkg'
[0.203s] Level 1:colcon.colcon_core.package_discovery:discover_packages(recursive) using defaults
[0.203s] Level 1:colcon.colcon_core.package_discovery:discover_packages(ignore) discover
[0.203s] Level 1:colcon.colcon_core.package_discovery:discover_packages(ignore) using defaults
[0.203s] Level 1:colcon.colcon_core.package_discovery:discover_packages(path) discover
[0.203s] Level 1:colcon.colcon_core.package_discovery:discover_packages(path) using defaults
[0.219s] Level 1:colcon.colcon_core.package_discovery:discover_packages(prefix_path) check parameters
[0.219s] Level 1:colcon.colcon_core.package_discovery:discover_packages(prefix_path) discover
[0.221s] DEBUG:colcon.colcon_installed_package_information.package_discovery:Found 6 installed packages in /home/chief-of-mischief/Desktop/ROS-learnings/ros2_ws/install
[0.222s] DEBUG:colcon.colcon_installed_package_information.package_discovery:Found 270 installed packages in /opt/ros/humble
[0.223s] Level 1:colcon.colcon_core.package_discovery:discover_packages(prefix_path) using defaults
[0.250s] Level 5:colcon.colcon_core.verb:set package 'c_py_pkg' build argument 'cmake_args' from command line to 'None'
[0.250s] Level 5:colcon.colcon_core.verb:set package 'c_py_pkg' build argument 'cmake_target' from command line to 'None'
[0.250s] Level 5:colcon.colcon_core.verb:set package 'c_py_pkg' build argument 'cmake_target_skip_unavailable' from command line to 'False'
[0.250s] Level 5:colcon.colcon_core.verb:set package 'c_py_pkg' build argument 'cmake_clean_cache' from command line to 'False'
[0.250s] Level 5:colcon.colcon_core.verb:set package 'c_py_pkg' build argument 'cmake_clean_first' from command line to 'False'
[0.250s] Level 5:colcon.colcon_core.verb:set package 'c_py_pkg' build argument 'cmake_force_configure' from command line to 'False'
[0.250s] Level 5:colcon.colcon_core.verb:set package 'c_py_pkg' build argument 'ament_cmake_args' from command line to 'None'
[0.250s] Level 5:colcon.colcon_core.verb:set package 'c_py_pkg' build argument 'catkin_cmake_args' from command line to 'None'
[0.250s] Level 5:colcon.colcon_core.verb:set package 'c_py_pkg' build argument 'catkin_skip_building_tests' from command line to 'False'
[0.250s] DEBUG:colcon.colcon_core.verb:Building package 'c_py_pkg' with the following arguments: {'ament_cmake_args': None, 'build_base': '/home/chief-of-mischief/Desktop/ROS-learnings/ros2_ws/build/c_py_pkg', 'catkin_cmake_args': None, 'catkin_skip_building_tests': False, 'cmake_args': None, 'cmake_clean_cache': False, 'cmake_clean_first': False, 'cmake_force_configure': False, 'cmake_target': None, 'cmake_target_skip_unavailable': False, 'install_base': '/home/chief-of-mischief/Desktop/ROS-learnings/ros2_ws/install/c_py_pkg', 'merge_install': False, 'path': '/home/chief-of-mischief/Desktop/ROS-learnings/ros2_ws/src/c_py_pkg', 'symlink_install': True, 'test_result_base': None}
[0.251s] Level 5:colcon.colcon_core.verb:set package 'interfaces' build argument 'cmake_args' from command line to 'None'
[0.251s] Level 5:colcon.colcon_core.verb:set package 'interfaces' build argument 'cmake_target' from command line to 'None'
[0.251s] Level 5:colcon.colcon_core.verb:set package 'interfaces' build argument 'cmake_target_skip_unavailable' from command line to 'False'
[0.251s] Level 5:colcon.colcon_core.verb:set package 'interfaces' build argument 'cmake_clean_cache' from command line to 'False'
[0.251s] Level 5:colcon.colcon_core.verb:set package 'interfaces' build argument 'cmake_clean_first' from command line to 'False'
[0.251s] Level 5:colcon.colcon_core.verb:set package 'interfaces' build argument 'cmake_force_configure' from command line to 'False'
[0.251s] Level 5:colcon.colcon_core.verb:set package 'interfaces' build argument 'ament_cmake_args' from command line to 'None'
[0.251s] Level 5:colcon.colcon_core.verb:set package 'interfaces' build argument 'catkin_cmake_args' from command line to 'None'
[0.251s] Level 5:colcon.colcon_core.verb:set package 'interfaces' build argument 'catkin_skip_building_tests' from command line to 'False'
[0.251s] DEBUG:colcon.colcon_core.verb:Building package 'interfaces' with the following arguments: {'ament_cmake_args': None, 'build_base': '/home/chief-of-mischief/Desktop/ROS-learnings/ros2_ws/build/interfaces', 'catkin_cmake_args': None, 'catkin_skip_building_tests': False, 'cmake_args': None, 'cmake_clean_cache': False, 'cmake_clean_first': False, 'cmake_force_configure': False, 'cmake_target': None, 'cmake_target_skip_unavailable': False, 'install_base': '/home/chief-of-mischief/Desktop/ROS-learnings/ros2_ws/install/interfaces', 'merge_install': False, 'path': '/home/chief-of-mischief/Desktop/ROS-learnings/ros2_ws/src/interfaces', 'symlink_install': True, 'test_result_base': None}
[0.252s] Level 5:colcon.colcon_core.verb:set package 'interfacesclear' build argument 'cmake_args' from command line to 'None'
[0.252s] Level 5:colcon.colcon_core.verb:set package 'interfacesclear' build argument 'cmake_target' from command line to 'None'
[0.252s] Level 5:colcon.colcon_core.verb:set package 'interfacesclear' build argument 'cmake_target_skip_unavailable' from command line to 'False'
[0.252s] Level 5:colcon.colcon_core.verb:set package 'interfacesclear' build argument 'cmake_clean_cache' from command line to 'False'
[0.252s] Level 5:colcon.colcon_core.verb:set package 'interfacesclear' build argument 'cmake_clean_first' from command line to 'False'
[0.252s] Level 5:colcon.colcon_core.verb:set package 'interfacesclear' build argument 'cmake_force_configure' from command line to 'False'
[0.252s] Level 5:colcon.colcon_core.verb:set package 'interfacesclear' build argument 'ament_cmake_args' from command line to 'None'
[0.252s] Level 5:colcon.colcon_core.verb:set package 'interfacesclear' build argument 'catkin_cmake_args' from command line to 'None'
[0.252s] Level 5:colcon.colcon_core.verb:set package 'interfacesclear' build argument 'catkin_skip_building_tests' from command line to 'False'
[0.252s] DEBUG:colcon.colcon_core.verb:Building package 'interfacesclear' with the following arguments: {'ament_cmake_args': None, 'build_base': '/home/chief-of-mischief/Desktop/ROS-learnings/ros2_ws/build/interfacesclear', 'catkin_cmake_args': None, 'catkin_skip_building_tests': False, 'cmake_args': None, 'cmake_clean_cache': False, 'cmake_clean_first': False, 'cmake_force_configure': False, 'cmake_target': None, 'cmake_target_skip_unavailable': False, 'install_base': '/home/chief-of-mischief/Desktop/ROS-learnings/ros2_ws/install/interfacesclear', 'merge_install': False, 'path': '/home/chief-of-mischief/Desktop/ROS-learnings/ros2_ws/src/interfacesclear', 'symlink_install': True, 'test_result_base': None}
[0.253s] Level 5:colcon.colcon_core.verb:set package 'my_py_pkg' build argument 'cmake_args' from command line to 'None'
[0.253s] Level 5:colcon.colcon_core.verb:set package 'my_py_pkg' build argument 'cmake_target' from command line to 'None'
[0.253s] Level 5:colcon.colcon_core.verb:set package 'my_py_pkg' build argument 'cmake_target_skip_unavailable' from command line to 'False'
[0.253s] Level 5:colcon.colcon_core.verb:set package 'my_py_pkg' build argument 'cmake_clean_cache' from command line to 'False'
[0.253s] Level 5:colcon.colcon_core.verb:set package 'my_py_pkg' build argument 'cmake_clean_first' from command line to 'False'
[0.253s] Level 5:colcon.colcon_core.verb:set package 'my_py_pkg' build argument 'cmake_force_configure' from command line to 'False'
[0.253s] Level 5:colcon.colcon_core.verb:set package 'my_py_pkg' build argument 'ament_cmake_args' from command line to 'None'
[0.253s] Level 5:colcon.colcon_core.verb:set package 'my_py_pkg' build argument 'catkin_cmake_args' from command line to 'None'
[0.253s] Level 5:colcon.colcon_core.verb:set package 'my_py_pkg' build argument 'catkin_skip_building_tests' from command line to 'False'
[0.253s] DEBUG:colcon.colcon_core.verb:Building package 'my_py_pkg' with the following arguments: {'ament_cmake_args': None, 'build_base': '/home/chief-of-mischief/Desktop/ROS-learnings/ros2_ws/build/my_py_pkg', 'catkin_cmake_args': None, 'catkin_skip_building_tests': False, 'cmake_args': None, 'cmake_clean_cache': False, 'cmake_clean_first': False, 'cmake_force_configure': False, 'cmake_target': None, 'cmake_target_skip_unavailable': False, 'install_base': '/home/chief-of-mischief/Desktop/ROS-learnings/ros2_ws/install/my_py_pkg', 'merge_install': False, 'path': '/home/chief-of-mischief/Desktop/ROS-learnings/ros2_ws/src/my_py_pkg', 'symlink_install': True, 'test_result_base': None}
[0.254s] Level 5:colcon.colcon_core.verb:set package 'cpp_pkg' build argument 'cmake_args' from command line to 'None'
[0.254s] Level 5:colcon.colcon_core.verb:set package 'cpp_pkg' build argument 'cmake_target' from command line to 'None'
[0.254s] Level 5:colcon.colcon_core.verb:set package 'cpp_pkg' build argument 'cmake_target_skip_unavailable' from command line to 'False'
[0.254s] Level 5:colcon.colcon_core.verb:set package 'cpp_pkg' build argument 'cmake_clean_cache' from command line to 'False'
[0.254s] Level 5:colcon.colcon_core.verb:set package 'cpp_pkg' build argument 'cmake_clean_first' from command line to 'False'
[0.254s] Level 5:colcon.colcon_core.verb:set package 'cpp_pkg' build argument 'cmake_force_configure' from command line to 'False'
[0.254s] Level 5:colcon.colcon_core.verb:set package 'cpp_pkg' build argument 'ament_cmake_args' from command line to 'None'
[0.254s] Level 5:colcon.colcon_core.verb:set package 'cpp_pkg' build argument 'catkin_cmake_args' from command line to 'None'
[0.254s] Level 5:colcon.colcon_core.verb:set package 'cpp_pkg' build argument 'catkin_skip_building_tests' from command line to 'False'
[0.254s] DEBUG:colcon.colcon_core.verb:Building package 'cpp_pkg' with the following arguments: {'ament_cmake_args': None, 'build_base': '/home/chief-of-mischief/Desktop/ROS-learnings/ros2_ws/build/cpp_pkg', 'catkin_cmake_args': None, 'catkin_skip_building_tests': False, 'cmake_args': None, 'cmake_clean_cache': False, 'cmake_clean_first': False, 'cmake_force_configure': False, 'cmake_target': None, 'cmake_target_skip_unavailable': False, 'install_base': '/home/chief-of-mischief/Desktop/ROS-learnings/ros2_ws/install/cpp_pkg', 'merge_install': False, 'path': '/home/chief-of-mischief/Desktop/ROS-learnings/ros2_ws/src/cpp_pkg', 'symlink_install': True, 'test_result_base': None}
[0.255s] INFO:colcon.colcon_core.executor:Executing jobs using 'parallel' executor
[0.259s] DEBUG:colcon.colcon_parallel_executor.executor.parallel:run_until_complete
[0.259s] INFO:colcon.colcon_ros.task.ament_cmake.build:Building ROS package in '/home/chief-of-mischief/Desktop/ROS-learnings/ros2_ws/src/interfaces' with build type 'ament_cmake'
[0.259s] INFO:colcon.colcon_cmake.task.cmake.build:Building CMake package in '/home/chief-of-mischief/Desktop/ROS-learnings/ros2_ws/src/interfaces'
[0.263s] INFO:colcon.colcon_core.plugin_system:Skipping extension 'colcon_core.shell.bat': Not used on non-Windows systems
[0.263s] INFO:colcon.colcon_core.shell:Skip shell extension 'powershell' for command environment: Not usable outside of PowerShell
[0.263s] DEBUG:colcon.colcon_core.shell:Skip shell extension 'dsv' for command environment
[0.267s] INFO:colcon.colcon_ros.task.ament_cmake.build:Building ROS package in '/home/chief-of-mischief/Desktop/ROS-learnings/ros2_ws/src/c_py_pkg' with build type 'ament_cmake'
[0.267s] INFO:colcon.colcon_cmake.task.cmake.build:Building CMake package in '/home/chief-of-mischief/Desktop/ROS-learnings/ros2_ws/src/c_py_pkg'
[0.269s] INFO:colcon.colcon_core.shell:Skip shell extension 'powershell' for command environment: Not usable outside of PowerShell
[0.269s] DEBUG:colcon.colcon_core.shell:Skip shell extension 'dsv' for command environment
[0.272s] INFO:colcon.colcon_ros.task.ament_cmake.build:Building ROS package in '/home/chief-of-mischief/Desktop/ROS-learnings/ros2_ws/src/interfacesclear' with build type 'ament_cmake'
[0.272s] INFO:colcon.colcon_cmake.task.cmake.build:Building CMake package in '/home/chief-of-mischief/Desktop/ROS-learnings/ros2_ws/src/interfacesclear'
[0.274s] INFO:colcon.colcon_core.shell:Skip shell extension 'powershell' for command environment: Not usable outside of PowerShell
[0.274s] DEBUG:colcon.colcon_core.shell:Skip shell extension 'dsv' for command environment
[0.279s] INFO:colcon.colcon_ros.task.ament_python.build:Building ROS package in '/home/chief-of-mischief/Desktop/ROS-learnings/ros2_ws/src/my_py_pkg' with build type 'ament_python'
[0.279s] Level 1:colcon.colcon_core.shell:create_environment_hook('my_py_pkg', 'ament_prefix_path')
[0.281s] INFO:colcon.colcon_core.shell:Creating environment hook '/home/chief-of-mischief/Desktop/ROS-learnings/ros2_ws/install/my_py_pkg/share/my_py_pkg/hook/ament_prefix_path.ps1'
[0.281s] INFO:colcon.colcon_core.shell:Creating environment descriptor '/home/chief-of-mischief/Desktop/ROS-learnings/ros2_ws/install/my_py_pkg/share/my_py_pkg/hook/ament_prefix_path.dsv'
[0.282s] INFO:colcon.colcon_core.shell:Creating environment hook '/home/chief-of-mischief/Desktop/ROS-learnings/ros2_ws/install/my_py_pkg/share/my_py_pkg/hook/ament_prefix_path.sh'
[0.283s] INFO:colcon.colcon_core.shell:Skip shell extension 'powershell' for command environment: Not usable outside of PowerShell
[0.284s] DEBUG:colcon.colcon_core.shell:Skip shell extension 'dsv' for command environment
[0.291s] DEBUG:colcon.colcon_core.event_handler.log_command:Invoking command in '/home/chief-of-mischief/Desktop/ROS-learnings/ros2_ws/build/interfaces': CMAKE_PREFIX_PATH=${CMAKE_PREFIX_PATH}:/home/chief-of-mischief/Desktop/ROS-learnings/ros2_ws/install/my_py_pkg:/home/chief-of-mischief/Desktop/ROS-learnings/ros2_ws/install/p_py_pkg:/opt/ros/humble /usr/bin/cmake --build /home/chief-of-mischief/Desktop/ROS-learnings/ros2_ws/build/interfaces -- -j24 -l24
[0.293s] DEBUG:colcon.colcon_core.event_handler.log_command:Invoking command in '/home/chief-of-mischief/Desktop/ROS-learnings/ros2_ws/build/c_py_pkg': CMAKE_PREFIX_PATH=${CMAKE_PREFIX_PATH}:/home/chief-of-mischief/Desktop/ROS-learnings/ros2_ws/install/my_py_pkg:/home/chief-of-mischief/Desktop/ROS-learnings/ros2_ws/install/p_py_pkg:/opt/ros/humble /usr/bin/cmake --build /home/chief-of-mischief/Desktop/ROS-learnings/ros2_ws/build/c_py_pkg -- -j24 -l24
[0.294s] DEBUG:colcon.colcon_core.event_handler.log_command:Invoking command in '/home/chief-of-mischief/Desktop/ROS-learnings/ros2_ws/build/interfacesclear': CMAKE_PREFIX_PATH=${CMAKE_PREFIX_PATH}:/home/chief-of-mischief/Desktop/ROS-learnings/ros2_ws/install/my_py_pkg:/home/chief-of-mischief/Desktop/ROS-learnings/ros2_ws/install/p_py_pkg:/opt/ros/humble /usr/bin/cmake --build /home/chief-of-mischief/Desktop/ROS-learnings/ros2_ws/build/interfacesclear -- -j24 -l24
[0.437s] INFO:colcon.colcon_core.task.python.build:Building Python package in '/home/chief-of-mischief/Desktop/ROS-learnings/ros2_ws/src/my_py_pkg'
[0.438s] INFO:colcon.colcon_core.shell:Skip shell extension 'powershell' for command environment: Not usable outside of PowerShell
[0.438s] DEBUG:colcon.colcon_core.shell:Skip shell extension 'dsv' for command environment
[0.443s] DEBUG:colcon.colcon_core.event_handler.log_command:Invoked command in '/home/chief-of-mischief/Desktop/ROS-learnings/ros2_ws/build/interfacesclear' returned '0': CMAKE_PREFIX_PATH=${CMAKE_PREFIX_PATH}:/home/chief-of-mischief/Desktop/ROS-learnings/ros2_ws/install/my_py_pkg:/home/chief-of-mischief/Desktop/ROS-learnings/ros2_ws/install/p_py_pkg:/opt/ros/humble /usr/bin/cmake --build /home/chief-of-mischief/Desktop/ROS-learnings/ros2_ws/build/interfacesclear -- -j24 -l24
[0.460s] DEBUG:colcon.colcon_core.event_handler.log_command:Invoking command in '/home/chief-of-mischief/Desktop/ROS-learnings/ros2_ws/build/interfacesclear': CMAKE_PREFIX_PATH=${CMAKE_PREFIX_PATH}:/home/chief-of-mischief/Desktop/ROS-learnings/ros2_ws/install/my_py_pkg:/home/chief-of-mischief/Desktop/ROS-learnings/ros2_ws/install/p_py_pkg:/opt/ros/humble /usr/bin/cmake --install /home/chief-of-mischief/Desktop/ROS-learnings/ros2_ws/build/interfacesclear
[0.471s] Level 1:colcon.colcon_core.environment:create_environment_scripts_only(interfacesclear)
[0.472s] DEBUG:colcon.colcon_core.event_handler.log_command:Invoked command in '/home/chief-of-mischief/Desktop/ROS-learnings/ros2_ws/build/interfacesclear' returned '0': CMAKE_PREFIX_PATH=${CMAKE_PREFIX_PATH}:/home/chief-of-mischief/Desktop/ROS-learnings/ros2_ws/install/my_py_pkg:/home/chief-of-mischief/Desktop/ROS-learnings/ros2_ws/install/p_py_pkg:/opt/ros/humble /usr/bin/cmake --install /home/chief-of-mischief/Desktop/ROS-learnings/ros2_ws/build/interfacesclear
[0.476s] Level 1:colcon.colcon_core.environment:checking '/home/chief-of-mischief/Desktop/ROS-learnings/ros2_ws/install/interfacesclear' for CMake module files
[0.476s] Level 1:colcon.colcon_core.environment:checking '/home/chief-of-mischief/Desktop/ROS-learnings/ros2_ws/install/interfacesclear' for CMake config files
[0.476s] Level 1:colcon.colcon_core.shell:create_environment_hook('interfacesclear', 'cmake_prefix_path')
[0.478s] INFO:colcon.colcon_core.shell:Creating environment hook '/home/chief-of-mischief/Desktop/ROS-learnings/ros2_ws/install/interfacesclear/share/interfacesclear/hook/cmake_prefix_path.ps1'
[0.478s] INFO:colcon.colcon_core.shell:Creating environment descriptor '/home/chief-of-mischief/Desktop/ROS-learnings/ros2_ws/install/interfacesclear/share/interfacesclear/hook/cmake_prefix_path.dsv'
[0.479s] INFO:colcon.colcon_core.shell:Creating environment hook '/home/chief-of-mischief/Desktop/ROS-learnings/ros2_ws/install/interfacesclear/share/interfacesclear/hook/cmake_prefix_path.sh'
[0.479s] Level 1:colcon.colcon_core.environment:checking '/home/chief-of-mischief/Desktop/ROS-learnings/ros2_ws/install/interfacesclear/bin'
[0.479s] Level 1:colcon.colcon_core.environment:checking '/home/chief-of-mischief/Desktop/ROS-learnings/ros2_ws/install/interfacesclear/lib/pkgconfig/interfacesclear.pc'
[0.479s] Level 1:colcon.colcon_core.environment:checking '/home/chief-of-mischief/Desktop/ROS-learnings/ros2_ws/install/interfacesclear/lib/python3.10/site-packages'
[0.479s] Level 1:colcon.colcon_core.environment:checking '/home/chief-of-mischief/Desktop/ROS-learnings/ros2_ws/install/interfacesclear/bin'
[0.481s] INFO:colcon.colcon_core.shell:Creating package script '/home/chief-of-mischief/Desktop/ROS-learnings/ros2_ws/install/interfacesclear/share/interfacesclear/package.ps1'
[0.481s] INFO:colcon.colcon_core.shell:Creating package descriptor '/home/chief-of-mischief/Desktop/ROS-learnings/ros2_ws/install/interfacesclear/share/interfacesclear/package.dsv'
[0.482s] INFO:colcon.colcon_core.shell:Creating package script '/home/chief-of-mischief/Desktop/ROS-learnings/ros2_ws/install/interfacesclear/share/interfacesclear/package.sh'
[0.482s] INFO:colcon.colcon_core.shell:Creating package script '/home/chief-of-mischief/Desktop/ROS-learnings/ros2_ws/install/interfacesclear/share/interfacesclear/package.bash'
[0.482s] INFO:colcon.colcon_core.shell:Creating package script '/home/chief-of-mischief/Desktop/ROS-learnings/ros2_ws/install/interfacesclear/share/interfacesclear/package.zsh'
[0.483s] Level 1:colcon.colcon_core.environment:create_file_with_runtime_dependencies(/home/chief-of-mischief/Desktop/ROS-learnings/ros2_ws/install/interfacesclear/share/colcon-core/packages/interfacesclear)
[0.495s] Level 1:colcon.colcon_core.environment:create_environment_scripts_only(interfacesclear)
[0.498s] Level 1:colcon.colcon_core.environment:checking '/home/chief-of-mischief/Desktop/ROS-learnings/ros2_ws/install/interfacesclear' for CMake module files
[0.498s] Level 1:colcon.colcon_core.environment:checking '/home/chief-of-mischief/Desktop/ROS-learnings/ros2_ws/install/interfacesclear' for CMake config files
[0.498s] Level 1:colcon.colcon_core.shell:create_environment_hook('interfacesclear', 'cmake_prefix_path')
[0.500s] INFO:colcon.colcon_core.shell:Creating environment hook '/home/chief-of-mischief/Desktop/ROS-learnings/ros2_ws/install/interfacesclear/share/interfacesclear/hook/cmake_prefix_path.ps1'
[0.500s] INFO:colcon.colcon_core.shell:Creating environment descriptor '/home/chief-of-mischief/Desktop/ROS-learnings/ros2_ws/install/interfacesclear/share/interfacesclear/hook/cmake_prefix_path.dsv'
[0.500s] INFO:colcon.colcon_core.shell:Creating environment hook '/home/chief-of-mischief/Desktop/ROS-learnings/ros2_ws/install/interfacesclear/share/interfacesclear/hook/cmake_prefix_path.sh'
[0.501s] Level 1:colcon.colcon_core.environment:checking '/home/chief-of-mischief/Desktop/ROS-learnings/ros2_ws/install/interfacesclear/bin'
[0.501s] Level 1:colcon.colcon_core.environment:checking '/home/chief-of-mischief/Desktop/ROS-learnings/ros2_ws/install/interfacesclear/lib/pkgconfig/interfacesclear.pc'
[0.501s] Level 1:colcon.colcon_core.environment:checking '/home/chief-of-mischief/Desktop/ROS-learnings/ros2_ws/install/interfacesclear/lib/python3.10/site-packages'
[0.501s] Level 1:colcon.colcon_core.environment:checking '/home/chief-of-mischief/Desktop/ROS-learnings/ros2_ws/install/interfacesclear/bin'
[0.503s] INFO:colcon.colcon_core.shell:Creating package script '/home/chief-of-mischief/Desktop/ROS-learnings/ros2_ws/install/interfacesclear/share/interfacesclear/package.ps1'
[0.503s] INFO:colcon.colcon_core.shell:Creating package descriptor '/home/chief-of-mischief/Desktop/ROS-learnings/ros2_ws/install/interfacesclear/share/interfacesclear/package.dsv'
[0.503s] INFO:colcon.colcon_core.shell:Creating package script '/home/chief-of-mischief/Desktop/ROS-learnings/ros2_ws/install/interfacesclear/share/interfacesclear/package.sh'
[0.503s] INFO:colcon.colcon_core.shell:Creating package script '/home/chief-of-mischief/Desktop/ROS-learnings/ros2_ws/install/interfacesclear/share/interfacesclear/package.bash'
[0.504s] INFO:colcon.colcon_core.shell:Creating package script '/home/chief-of-mischief/Desktop/ROS-learnings/ros2_ws/install/interfacesclear/share/interfacesclear/package.zsh'
[0.504s] Level 1:colcon.colcon_core.environment:create_file_with_runtime_dependencies(/home/chief-of-mischief/Desktop/ROS-learnings/ros2_ws/install/interfacesclear/share/colcon-core/packages/interfacesclear)
[0.633s] DEBUG:colcon.colcon_core.event_handler.log_command:Invoking command in '/home/chief-of-mischief/Desktop/ROS-learnings/ros2_ws/build/my_py_pkg': PYTHONPATH=/home/chief-of-mischief/Desktop/ROS-learnings/ros2_ws/build/my_py_pkg/prefix_override:/home/chief-of-mischief/Desktop/ROS-learnings/ros2_ws/install/my_py_pkg/lib/python3.10/site-packages:${PYTHONPATH} /usr/bin/python3 setup.py develop --editable --build-directory /home/chief-of-mischief/Desktop/ROS-learnings/ros2_ws/build/my_py_pkg/build --no-deps install_data
[0.897s] Level 1:colcon.colcon_core.shell:create_environment_hook('my_py_pkg', 'pythonpath_develop')
[0.901s] INFO:colcon.colcon_core.shell:Creating environment hook '/home/chief-of-mischief/Desktop/ROS-learnings/ros2_ws/build/my_py_pkg/share/my_py_pkg/hook/pythonpath_develop.ps1'
[0.902s] DEBUG:colcon.colcon_core.event_handler.log_command:Invoked command in '/home/chief-of-mischief/Desktop/ROS-learnings/ros2_ws/build/my_py_pkg' returned '0': PYTHONPATH=/home/chief-of-mischief/Desktop/ROS-learnings/ros2_ws/build/my_py_pkg/prefix_override:/home/chief-of-mischief/Desktop/ROS-learnings/ros2_ws/install/my_py_pkg/lib/python3.10/site-packages:${PYTHONPATH} /usr/bin/python3 setup.py develop --editable --build-directory /home/chief-of-mischief/Desktop/ROS-learnings/ros2_ws/build/my_py_pkg/build --no-deps install_data
[0.902s] INFO:colcon.colcon_core.shell:Creating environment descriptor '/home/chief-of-mischief/Desktop/ROS-learnings/ros2_ws/build/my_py_pkg/share/my_py_pkg/hook/pythonpath_develop.dsv'
[0.902s] INFO:colcon.colcon_core.shell:Creating environment hook '/home/chief-of-mischief/Desktop/ROS-learnings/ros2_ws/build/my_py_pkg/share/my_py_pkg/hook/pythonpath_develop.sh'
[0.905s] Level 1:colcon.colcon_core.environment:checking '/home/chief-of-mischief/Desktop/ROS-learnings/ros2_ws/install/my_py_pkg' for CMake module files
[0.905s] Level 1:colcon.colcon_core.environment:checking '/home/chief-of-mischief/Desktop/ROS-learnings/ros2_ws/install/my_py_pkg' for CMake config files
[0.905s] Level 1:colcon.colcon_core.environment:checking '/home/chief-of-mischief/Desktop/ROS-learnings/ros2_ws/install/my_py_pkg/lib'
[0.906s] Level 1:colcon.colcon_core.environment:checking '/home/chief-of-mischief/Desktop/ROS-learnings/ros2_ws/install/my_py_pkg/bin'
[0.906s] Level 1:colcon.colcon_core.environment:checking '/home/chief-of-mischief/Desktop/ROS-learnings/ros2_ws/install/my_py_pkg/lib/pkgconfig/my_py_pkg.pc'
[0.906s] Level 1:colcon.colcon_core.environment:checking '/home/chief-of-mischief/Desktop/ROS-learnings/ros2_ws/install/my_py_pkg/lib/python3.10/site-packages'
[0.906s] Level 1:colcon.colcon_core.shell:create_environment_hook('my_py_pkg', 'pythonpath')
[0.908s] INFO:colcon.colcon_core.shell:Creating environment hook '/home/chief-of-mischief/Desktop/ROS-learnings/ros2_ws/install/my_py_pkg/share/my_py_pkg/hook/pythonpath.ps1'
[0.908s] INFO:colcon.colcon_core.shell:Creating environment descriptor '/home/chief-of-mischief/Desktop/ROS-learnings/ros2_ws/install/my_py_pkg/share/my_py_pkg/hook/pythonpath.dsv'
[0.909s] INFO:colcon.colcon_core.shell:Creating environment hook '/home/chief-of-mischief/Desktop/ROS-learnings/ros2_ws/install/my_py_pkg/share/my_py_pkg/hook/pythonpath.sh'
[0.909s] Level 1:colcon.colcon_core.environment:checking '/home/chief-of-mischief/Desktop/ROS-learnings/ros2_ws/install/my_py_pkg/bin'
[0.909s] Level 1:colcon.colcon_core.environment:create_environment_scripts_only(my_py_pkg)
[0.911s] INFO:colcon.colcon_core.shell:Creating package script '/home/chief-of-mischief/Desktop/ROS-learnings/ros2_ws/install/my_py_pkg/share/my_py_pkg/package.ps1'
[0.912s] INFO:colcon.colcon_core.shell:Creating package descriptor '/home/chief-of-mischief/Desktop/ROS-learnings/ros2_ws/install/my_py_pkg/share/my_py_pkg/package.dsv'
[0.912s] INFO:colcon.colcon_core.shell:Creating package script '/home/chief-of-mischief/Desktop/ROS-learnings/ros2_ws/install/my_py_pkg/share/my_py_pkg/package.sh'
[0.912s] INFO:colcon.colcon_core.shell:Creating package script '/home/chief-of-mischief/Desktop/ROS-learnings/ros2_ws/install/my_py_pkg/share/my_py_pkg/package.bash'
[0.912s] INFO:colcon.colcon_core.shell:Creating package script '/home/chief-of-mischief/Desktop/ROS-learnings/ros2_ws/install/my_py_pkg/share/my_py_pkg/package.zsh'
[0.912s] Level 1:colcon.colcon_core.environment:create_file_with_runtime_dependencies(/home/chief-of-mischief/Desktop/ROS-learnings/ros2_ws/install/my_py_pkg/share/colcon-core/packages/my_py_pkg)
[0.929s] DEBUG:colcon.colcon_core.event_handler.log_command:Invoked command in '/home/chief-of-mischief/Desktop/ROS-learnings/ros2_ws/build/c_py_pkg' returned '0': CMAKE_PREFIX_PATH=${CMAKE_PREFIX_PATH}:/home/chief-of-mischief/Desktop/ROS-learnings/ros2_ws/install/my_py_pkg:/home/chief-of-mischief/Desktop/ROS-learnings/ros2_ws/install/p_py_pkg:/opt/ros/humble /usr/bin/cmake --build /home/chief-of-mischief/Desktop/ROS-learnings/ros2_ws/build/c_py_pkg -- -j24 -l24
[0.942s] DEBUG:colcon.colcon_core.event_handler.log_command:Invoking command in '/home/chief-of-mischief/Desktop/ROS-learnings/ros2_ws/build/c_py_pkg': CMAKE_PREFIX_PATH=${CMAKE_PREFIX_PATH}:/home/chief-of-mischief/Desktop/ROS-learnings/ros2_ws/install/my_py_pkg:/home/chief-of-mischief/Desktop/ROS-learnings/ros2_ws/install/p_py_pkg:/opt/ros/humble /usr/bin/cmake --install /home/chief-of-mischief/Desktop/ROS-learnings/ros2_ws/build/c_py_pkg
[1.002s] Level 1:colcon.colcon_core.environment:create_environment_scripts_only(c_py_pkg)
[1.005s] Level 1:colcon.colcon_core.environment:checking '/home/chief-of-mischief/Desktop/ROS-learnings/ros2_ws/install/c_py_pkg' for CMake module files
[1.005s] DEBUG:colcon.colcon_core.event_handler.log_command:Invoked command in '/home/chief-of-mischief/Desktop/ROS-learnings/ros2_ws/build/c_py_pkg' returned '0': CMAKE_PREFIX_PATH=${CMAKE_PREFIX_PATH}:/home/chief-of-mischief/Desktop/ROS-learnings/ros2_ws/install/my_py_pkg:/home/chief-of-mischief/Desktop/ROS-learnings/ros2_ws/install/p_py_pkg:/opt/ros/humble /usr/bin/cmake --install /home/chief-of-mischief/Desktop/ROS-learnings/ros2_ws/build/c_py_pkg
[1.005s] Level 1:colcon.colcon_core.environment:checking '/home/chief-of-mischief/Desktop/ROS-learnings/ros2_ws/install/c_py_pkg' for CMake config files
[1.006s] Level 1:colcon.colcon_core.shell:create_environment_hook('c_py_pkg', 'cmake_prefix_path')
[1.008s] INFO:colcon.colcon_core.shell:Creating environment hook '/home/chief-of-mischief/Desktop/ROS-learnings/ros2_ws/install/c_py_pkg/share/c_py_pkg/hook/cmake_prefix_path.ps1'
[1.008s] INFO:colcon.colcon_core.shell:Creating environment descriptor '/home/chief-of-mischief/Desktop/ROS-learnings/ros2_ws/install/c_py_pkg/share/c_py_pkg/hook/cmake_prefix_path.dsv'
[1.009s] INFO:colcon.colcon_core.shell:Creating environment hook '/home/chief-of-mischief/Desktop/ROS-learnings/ros2_ws/install/c_py_pkg/share/c_py_pkg/hook/cmake_prefix_path.sh'
[1.009s] Level 1:colcon.colcon_core.environment:checking '/home/chief-of-mischief/Desktop/ROS-learnings/ros2_ws/install/c_py_pkg/lib'
[1.009s] Level 1:colcon.colcon_core.environment:checking '/home/chief-of-mischief/Desktop/ROS-learnings/ros2_ws/install/c_py_pkg/bin'
[1.009s] Level 1:colcon.colcon_core.environment:checking '/home/chief-of-mischief/Desktop/ROS-learnings/ros2_ws/install/c_py_pkg/lib/pkgconfig/c_py_pkg.pc'
[1.009s] Level 1:colcon.colcon_core.environment:checking '/home/chief-of-mischief/Desktop/ROS-learnings/ros2_ws/install/c_py_pkg/lib/python3.10/site-packages'
[1.009s] Level 1:colcon.colcon_core.environment:checking '/home/chief-of-mischief/Desktop/ROS-learnings/ros2_ws/install/c_py_pkg/bin'
[1.011s] INFO:colcon.colcon_core.shell:Creating package script '/home/chief-of-mischief/Desktop/ROS-learnings/ros2_ws/install/c_py_pkg/share/c_py_pkg/package.ps1'
[1.012s] INFO:colcon.colcon_core.shell:Creating package descriptor '/home/chief-of-mischief/Desktop/ROS-learnings/ros2_ws/install/c_py_pkg/share/c_py_pkg/package.dsv'
[1.012s] INFO:colcon.colcon_core.shell:Creating package script '/home/chief-of-mischief/Desktop/ROS-learnings/ros2_ws/install/c_py_pkg/share/c_py_pkg/package.sh'
[1.012s] INFO:colcon.colcon_core.shell:Creating package script '/home/chief-of-mischief/Desktop/ROS-learnings/ros2_ws/install/c_py_pkg/share/c_py_pkg/package.bash'
[1.012s] INFO:colcon.colcon_core.shell:Creating package script '/home/chief-of-mischief/Desktop/ROS-learnings/ros2_ws/install/c_py_pkg/share/c_py_pkg/package.zsh'
[1.013s] Level 1:colcon.colcon_core.environment:create_file_with_runtime_dependencies(/home/chief-of-mischief/Desktop/ROS-learnings/ros2_ws/install/c_py_pkg/share/colcon-core/packages/c_py_pkg)
[1.029s] Level 1:colcon.colcon_core.environment:create_environment_scripts_only(c_py_pkg)
[1.035s] Level 1:colcon.colcon_core.environment:checking '/home/chief-of-mischief/Desktop/ROS-learnings/ros2_ws/install/c_py_pkg' for CMake module files
[1.035s] Level 1:colcon.colcon_core.environment:checking '/home/chief-of-mischief/Desktop/ROS-learnings/ros2_ws/install/c_py_pkg' for CMake config files
[1.036s] Level 1:colcon.colcon_core.shell:create_environment_hook('c_py_pkg', 'cmake_prefix_path')
[1.040s] INFO:colcon.colcon_core.shell:Creating environment hook '/home/chief-of-mischief/Desktop/ROS-learnings/ros2_ws/install/c_py_pkg/share/c_py_pkg/hook/cmake_prefix_path.ps1'
[1.040s] INFO:colcon.colcon_core.shell:Creating environment descriptor '/home/chief-of-mischief/Desktop/ROS-learnings/ros2_ws/install/c_py_pkg/share/c_py_pkg/hook/cmake_prefix_path.dsv'
[1.041s] INFO:colcon.colcon_core.shell:Creating environment hook '/home/chief-of-mischief/Desktop/ROS-learnings/ros2_ws/install/c_py_pkg/share/c_py_pkg/hook/cmake_prefix_path.sh'
[1.041s] Level 1:colcon.colcon_core.environment:checking '/home/chief-of-mischief/Desktop/ROS-learnings/ros2_ws/install/c_py_pkg/lib'
[1.041s] Level 1:colcon.colcon_core.environment:checking '/home/chief-of-mischief/Desktop/ROS-learnings/ros2_ws/install/c_py_pkg/bin'
[1.041s] Level 1:colcon.colcon_core.environment:checking '/home/chief-of-mischief/Desktop/ROS-learnings/ros2_ws/install/c_py_pkg/lib/pkgconfig/c_py_pkg.pc'
[1.042s] Level 1:colcon.colcon_core.environment:checking '/home/chief-of-mischief/Desktop/ROS-learnings/ros2_ws/install/c_py_pkg/lib/python3.10/site-packages'
[1.042s] Level 1:colcon.colcon_core.environment:checking '/home/chief-of-mischief/Desktop/ROS-learnings/ros2_ws/install/c_py_pkg/bin'
[1.046s] INFO:colcon.colcon_core.shell:Creating package script '/home/chief-of-mischief/Desktop/ROS-learnings/ros2_ws/install/c_py_pkg/share/c_py_pkg/package.ps1'
[1.046s] INFO:colcon.colcon_core.shell:Creating package descriptor '/home/chief-of-mischief/Desktop/ROS-learnings/ros2_ws/install/c_py_pkg/share/c_py_pkg/package.dsv'
[1.047s] INFO:colcon.colcon_core.shell:Creating package script '/home/chief-of-mischief/Desktop/ROS-learnings/ros2_ws/install/c_py_pkg/share/c_py_pkg/package.sh'
[1.047s] INFO:colcon.colcon_core.shell:Creating package script '/home/chief-of-mischief/Desktop/ROS-learnings/ros2_ws/install/c_py_pkg/share/c_py_pkg/package.bash'
[1.047s] INFO:colcon.colcon_core.shell:Creating package script '/home/chief-of-mischief/Desktop/ROS-learnings/ros2_ws/install/c_py_pkg/share/c_py_pkg/package.zsh'
[1.048s] Level 1:colcon.colcon_core.environment:create_file_with_runtime_dependencies(/home/chief-of-mischief/Desktop/ROS-learnings/ros2_ws/install/c_py_pkg/share/colcon-core/packages/c_py_pkg)
[2.410s] DEBUG:colcon.colcon_core.event_handler.log_command:Invoked command in '/home/chief-of-mischief/Desktop/ROS-learnings/ros2_ws/build/interfaces' returned '0': CMAKE_PREFIX_PATH=${CMAKE_PREFIX_PATH}:/home/chief-of-mischief/Desktop/ROS-learnings/ros2_ws/install/my_py_pkg:/home/chief-of-mischief/Desktop/ROS-learnings/ros2_ws/install/p_py_pkg:/opt/ros/humble /usr/bin/cmake --build /home/chief-of-mischief/Desktop/ROS-learnings/ros2_ws/build/interfaces -- -j24 -l24
[2.462s] DEBUG:colcon.colcon_core.event_handler.log_command:Invoking command in '/home/chief-of-mischief/Desktop/ROS-learnings/ros2_ws/build/interfaces': CMAKE_PREFIX_PATH=${CMAKE_PREFIX_PATH}:/home/chief-of-mischief/Desktop/ROS-learnings/ros2_ws/install/my_py_pkg:/home/chief-of-mischief/Desktop/ROS-learnings/ros2_ws/install/p_py_pkg:/opt/ros/humble /usr/bin/cmake --install /home/chief-of-mischief/Desktop/ROS-learnings/ros2_ws/build/interfaces
[2.721s] Level 1:colcon.colcon_core.environment:create_environment_scripts_only(interfaces)
[2.724s] Level 1:colcon.colcon_core.environment:checking '/home/chief-of-mischief/Desktop/ROS-learnings/ros2_ws/install/interfaces' for CMake module files
[2.724s] DEBUG:colcon.colcon_core.event_handler.log_command:Invoked command in '/home/chief-of-mischief/Desktop/ROS-learnings/ros2_ws/build/interfaces' returned '0': CMAKE_PREFIX_PATH=${CMAKE_PREFIX_PATH}:/home/chief-of-mischief/Desktop/ROS-learnings/ros2_ws/install/my_py_pkg:/home/chief-of-mischief/Desktop/ROS-learnings/ros2_ws/install/p_py_pkg:/opt/ros/humble /usr/bin/cmake --install /home/chief-of-mischief/Desktop/ROS-learnings/ros2_ws/build/interfaces
[2.725s] Level 1:colcon.colcon_core.environment:checking '/home/chief-of-mischief/Desktop/ROS-learnings/ros2_ws/install/interfaces' for CMake config files
[2.725s] Level 1:colcon.colcon_core.shell:create_environment_hook('interfaces', 'cmake_prefix_path')
[2.727s] INFO:colcon.colcon_core.shell:Creating environment hook '/home/chief-of-mischief/Desktop/ROS-learnings/ros2_ws/install/interfaces/share/interfaces/hook/cmake_prefix_path.ps1'
[2.727s] INFO:colcon.colcon_core.shell:Creating environment descriptor '/home/chief-of-mischief/Desktop/ROS-learnings/ros2_ws/install/interfaces/share/interfaces/hook/cmake_prefix_path.dsv'
[2.727s] INFO:colcon.colcon_core.shell:Creating environment hook '/home/chief-of-mischief/Desktop/ROS-learnings/ros2_ws/install/interfaces/share/interfaces/hook/cmake_prefix_path.sh'
[2.728s] Level 1:colcon.colcon_core.environment:checking '/home/chief-of-mischief/Desktop/ROS-learnings/ros2_ws/install/interfaces/lib'
[2.728s] Level 1:colcon.colcon_core.shell:create_environment_hook('interfaces', 'ld_library_path_lib')
[2.729s] INFO:colcon.colcon_core.shell:Creating environment hook '/home/chief-of-mischief/Desktop/ROS-learnings/ros2_ws/install/interfaces/share/interfaces/hook/ld_library_path_lib.ps1'
[2.729s] INFO:colcon.colcon_core.shell:Creating environment descriptor '/home/chief-of-mischief/Desktop/ROS-learnings/ros2_ws/install/interfaces/share/interfaces/hook/ld_library_path_lib.dsv'
[2.730s] INFO:colcon.colcon_core.shell:Creating environment hook '/home/chief-of-mischief/Desktop/ROS-learnings/ros2_ws/install/interfaces/share/interfaces/hook/ld_library_path_lib.sh'
[2.730s] Level 1:colcon.colcon_core.environment:checking '/home/chief-of-mischief/Desktop/ROS-learnings/ros2_ws/install/interfaces/bin'
[2.730s] Level 1:colcon.colcon_core.environment:checking '/home/chief-of-mischief/Desktop/ROS-learnings/ros2_ws/install/interfaces/lib/pkgconfig/interfaces.pc'
[2.730s] Level 1:colcon.colcon_core.environment:checking '/home/chief-of-mischief/Desktop/ROS-learnings/ros2_ws/install/interfaces/lib/python3.10/site-packages'
[2.730s] Level 1:colcon.colcon_core.environment:checking '/home/chief-of-mischief/Desktop/ROS-learnings/ros2_ws/install/interfaces/bin'
[2.732s] INFO:colcon.colcon_core.shell:Creating package script '/home/chief-of-mischief/Desktop/ROS-learnings/ros2_ws/install/interfaces/share/interfaces/package.ps1'
[2.732s] INFO:colcon.colcon_core.shell:Creating package descriptor '/home/chief-of-mischief/Desktop/ROS-learnings/ros2_ws/install/interfaces/share/interfaces/package.dsv'
[2.732s] INFO:colcon.colcon_core.shell:Creating package script '/home/chief-of-mischief/Desktop/ROS-learnings/ros2_ws/install/interfaces/share/interfaces/package.sh'
[2.732s] INFO:colcon.colcon_core.shell:Creating package script '/home/chief-of-mischief/Desktop/ROS-learnings/ros2_ws/install/interfaces/share/interfaces/package.bash'
[2.732s] INFO:colcon.colcon_core.shell:Creating package script '/home/chief-of-mischief/Desktop/ROS-learnings/ros2_ws/install/interfaces/share/interfaces/package.zsh'
[2.733s] Level 1:colcon.colcon_core.environment:create_file_with_runtime_dependencies(/home/chief-of-mischief/Desktop/ROS-learnings/ros2_ws/install/interfaces/share/colcon-core/packages/interfaces)
[2.824s] Level 1:colcon.colcon_core.environment:create_environment_scripts_only(interfaces)
[2.828s] Level 1:colcon.colcon_core.environment:checking '/home/chief-of-mischief/Desktop/ROS-learnings/ros2_ws/install/interfaces' for CMake module files
[2.828s] Level 1:colcon.colcon_core.environment:checking '/home/chief-of-mischief/Desktop/ROS-learnings/ros2_ws/install/interfaces' for CMake config files
[2.829s] Level 1:colcon.colcon_core.shell:create_environment_hook('interfaces', 'cmake_prefix_path')
[2.831s] INFO:colcon.colcon_core.shell:Creating environment hook '/home/chief-of-mischief/Desktop/ROS-learnings/ros2_ws/install/interfaces/share/interfaces/hook/cmake_prefix_path.ps1'
[2.831s] INFO:colcon.colcon_core.shell:Creating environment descriptor '/home/chief-of-mischief/Desktop/ROS-learnings/ros2_ws/install/interfaces/share/interfaces/hook/cmake_prefix_path.dsv'
[2.832s] INFO:colcon.colcon_core.shell:Creating environment hook '/home/chief-of-mischief/Desktop/ROS-learnings/ros2_ws/install/interfaces/share/interfaces/hook/cmake_prefix_path.sh'
[2.832s] Level 1:colcon.colcon_core.environment:checking '/home/chief-of-mischief/Desktop/ROS-learnings/ros2_ws/install/interfaces/lib'
[2.832s] Level 1:colcon.colcon_core.shell:create_environment_hook('interfaces', 'ld_library_path_lib')
[2.834s] INFO:colcon.colcon_core.shell:Creating environment hook '/home/chief-of-mischief/Desktop/ROS-learnings/ros2_ws/install/interfaces/share/interfaces/hook/ld_library_path_lib.ps1'
[2.834s] INFO:colcon.colcon_core.shell:Creating environment descriptor '/home/chief-of-mischief/Desktop/ROS-learnings/ros2_ws/install/interfaces/share/interfaces/hook/ld_library_path_lib.dsv'
[2.834s] INFO:colcon.colcon_core.shell:Creating environment hook '/home/chief-of-mischief/Desktop/ROS-learnings/ros2_ws/install/interfaces/share/interfaces/hook/ld_library_path_lib.sh'
[2.834s] Level 1:colcon.colcon_core.environment:checking '/home/chief-of-mischief/Desktop/ROS-learnings/ros2_ws/install/interfaces/bin'
[2.834s] Level 1:colcon.colcon_core.environment:checking '/home/chief-of-mischief/Desktop/ROS-learnings/ros2_ws/install/interfaces/lib/pkgconfig/interfaces.pc'
[2.834s] Level 1:colcon.colcon_core.environment:checking '/home/chief-of-mischief/Desktop/ROS-learnings/ros2_ws/install/interfaces/lib/python3.10/site-packages'
[2.834s] Level 1:colcon.colcon_core.environment:checking '/home/chief-of-mischief/Desktop/ROS-learnings/ros2_ws/install/interfaces/bin'
[2.836s] INFO:colcon.colcon_core.shell:Creating package script '/home/chief-of-mischief/Desktop/ROS-learnings/ros2_ws/install/interfaces/share/interfaces/package.ps1'
[2.836s] INFO:colcon.colcon_core.shell:Creating package descriptor '/home/chief-of-mischief/Desktop/ROS-learnings/ros2_ws/install/interfaces/share/interfaces/package.dsv'
[2.837s] INFO:colcon.colcon_core.shell:Creating package script '/home/chief-of-mischief/Desktop/ROS-learnings/ros2_ws/install/interfaces/share/interfaces/package.sh'
[2.837s] INFO:colcon.colcon_core.shell:Creating package script '/home/chief-of-mischief/Desktop/ROS-learnings/ros2_ws/install/interfaces/share/interfaces/package.bash'
[2.837s] INFO:colcon.colcon_core.shell:Creating package script '/home/chief-of-mischief/Desktop/ROS-learnings/ros2_ws/install/interfaces/share/interfaces/package.zsh'
[2.837s] Level 1:colcon.colcon_core.environment:create_file_with_runtime_dependencies(/home/chief-of-mischief/Desktop/ROS-learnings/ros2_ws/install/interfaces/share/colcon-core/packages/interfaces)
[2.837s] INFO:colcon.colcon_ros.task.ament_cmake.build:Building ROS package in '/home/chief-of-mischief/Desktop/ROS-learnings/ros2_ws/src/cpp_pkg' with build type 'ament_cmake'
[2.837s] INFO:colcon.colcon_cmake.task.cmake.build:Building CMake package in '/home/chief-of-mischief/Desktop/ROS-learnings/ros2_ws/src/cpp_pkg'
[2.839s] INFO:colcon.colcon_core.shell:Skip shell extension 'powershell' for command environment: Not usable outside of PowerShell
[2.839s] DEBUG:colcon.colcon_core.shell:Skip shell extension 'dsv' for command environment
[2.847s] DEBUG:colcon.colcon_core.event_handler.log_command:Invoking command in '/home/chief-of-mischief/Desktop/ROS-learnings/ros2_ws/build/cpp_pkg': CMAKE_PREFIX_PATH=/home/chief-of-mischief/Desktop/ROS-learnings/ros2_ws/install/interfaces:/home/chief-of-mischief/Desktop/ROS-learnings/ros2_ws/install/interfacesclear:/home/chief-of-mischief/Desktop/ROS-learnings/ros2_ws/install/cpp_pkg:/home/chief-of-mischief/Desktop/ROS-learnings/ros2_ws/install/c_py_pkg:/home/chief-of-mischief/Desktop/ROS-learnings/ros2_ws/install/my_py_pkg:/home/chief-of-mischief/Desktop/ROS-learnings/ros2_ws/install/p_py_pkg:/opt/ros/humble /usr/bin/cmake --build /home/chief-of-mischief/Desktop/ROS-learnings/ros2_ws/build/cpp_pkg -- -j24 -l24
[5.687s] DEBUG:colcon.colcon_core.event_handler.log_command:Invoked command in '/home/chief-of-mischief/Desktop/ROS-learnings/ros2_ws/build/cpp_pkg' returned '0': CMAKE_PREFIX_PATH=/home/chief-of-mischief/Desktop/ROS-learnings/ros2_ws/install/interfaces:/home/chief-of-mischief/Desktop/ROS-learnings/ros2_ws/install/interfacesclear:/home/chief-of-mischief/Desktop/ROS-learnings/ros2_ws/install/cpp_pkg:/home/chief-of-mischief/Desktop/ROS-learnings/ros2_ws/install/c_py_pkg:/home/chief-of-mischief/Desktop/ROS-learnings/ros2_ws/install/my_py_pkg:/home/chief-of-mischief/Desktop/ROS-learnings/ros2_ws/install/p_py_pkg:/opt/ros/humble /usr/bin/cmake --build /home/chief-of-mischief/Desktop/ROS-learnings/ros2_ws/build/cpp_pkg -- -j24 -l24
[5.708s] DEBUG:colcon.colcon_core.event_handler.log_command:Invoking command in '/home/chief-of-mischief/Desktop/ROS-learnings/ros2_ws/build/cpp_pkg': CMAKE_PREFIX_PATH=/home/chief-of-mischief/Desktop/ROS-learnings/ros2_ws/install/interfaces:/home/chief-of-mischief/Desktop/ROS-learnings/ros2_ws/install/interfacesclear:/home/chief-of-mischief/Desktop/ROS-learnings/ros2_ws/install/cpp_pkg:/home/chief-of-mischief/Desktop/ROS-learnings/ros2_ws/install/c_py_pkg:/home/chief-of-mischief/Desktop/ROS-learnings/ros2_ws/install/my_py_pkg:/home/chief-of-mischief/Desktop/ROS-learnings/ros2_ws/install/p_py_pkg:/opt/ros/humble /usr/bin/cmake --install /home/chief-of-mischief/Desktop/ROS-learnings/ros2_ws/build/cpp_pkg
[5.718s] Level 1:colcon.colcon_core.environment:create_environment_scripts_only(cpp_pkg)
[5.723s] Level 1:colcon.colcon_core.environment:checking '/home/chief-of-mischief/Desktop/ROS-learnings/ros2_ws/install/cpp_pkg' for CMake module files
[5.723s] Level 1:colcon.colcon_core.environment:checking '/home/chief-of-mischief/Desktop/ROS-learnings/ros2_ws/install/cpp_pkg' for CMake config files
[5.723s] DEBUG:colcon.colcon_core.event_handler.log_command:Invoked command in '/home/chief-of-mischief/Desktop/ROS-learnings/ros2_ws/build/cpp_pkg' returned '0': CMAKE_PREFIX_PATH=/home/chief-of-mischief/Desktop/ROS-learnings/ros2_ws/install/interfaces:/home/chief-of-mischief/Desktop/ROS-learnings/ros2_ws/install/interfacesclear:/home/chief-of-mischief/Desktop/ROS-learnings/ros2_ws/install/cpp_pkg:/home/chief-of-mischief/Desktop/ROS-learnings/ros2_ws/install/c_py_pkg:/home/chief-of-mischief/Desktop/ROS-learnings/ros2_ws/install/my_py_pkg:/home/chief-of-mischief/Desktop/ROS-learnings/ros2_ws/install/p_py_pkg:/opt/ros/humble /usr/bin/cmake --install /home/chief-of-mischief/Desktop/ROS-learnings/ros2_ws/build/cpp_pkg
[5.724s] Level 1:colcon.colcon_core.shell:create_environment_hook('cpp_pkg', 'cmake_prefix_path')
[5.726s] INFO:colcon.colcon_core.shell:Creating environment hook '/home/chief-of-mischief/Desktop/ROS-learnings/ros2_ws/install/cpp_pkg/share/cpp_pkg/hook/cmake_prefix_path.ps1'
[5.726s] INFO:colcon.colcon_core.shell:Creating environment descriptor '/home/chief-of-mischief/Desktop/ROS-learnings/ros2_ws/install/cpp_pkg/share/cpp_pkg/hook/cmake_prefix_path.dsv'
[5.726s] INFO:colcon.colcon_core.shell:Creating environment hook '/home/chief-of-mischief/Desktop/ROS-learnings/ros2_ws/install/cpp_pkg/share/cpp_pkg/hook/cmake_prefix_path.sh'
[5.727s] Level 1:colcon.colcon_core.environment:checking '/home/chief-of-mischief/Desktop/ROS-learnings/ros2_ws/install/cpp_pkg/lib'
[5.727s] Level 1:colcon.colcon_core.environment:checking '/home/chief-of-mischief/Desktop/ROS-learnings/ros2_ws/install/cpp_pkg/bin'
[5.727s] Level 1:colcon.colcon_core.environment:checking '/home/chief-of-mischief/Desktop/ROS-learnings/ros2_ws/install/cpp_pkg/lib/pkgconfig/cpp_pkg.pc'
[5.727s] Level 1:colcon.colcon_core.environment:checking '/home/chief-of-mischief/Desktop/ROS-learnings/ros2_ws/install/cpp_pkg/lib/python3.10/site-packages'
[5.727s] Level 1:colcon.colcon_core.environment:checking '/home/chief-of-mischief/Desktop/ROS-learnings/ros2_ws/install/cpp_pkg/bin'
[5.730s] INFO:colcon.colcon_core.shell:Creating package script '/home/chief-of-mischief/Desktop/ROS-learnings/ros2_ws/install/cpp_pkg/share/cpp_pkg/package.ps1'
[5.731s] INFO:colcon.colcon_core.shell:Creating package descriptor '/home/chief-of-mischief/Desktop/ROS-learnings/ros2_ws/install/cpp_pkg/share/cpp_pkg/package.dsv'
[5.731s] INFO:colcon.colcon_core.shell:Creating package script '/home/chief-of-mischief/Desktop/ROS-learnings/ros2_ws/install/cpp_pkg/share/cpp_pkg/package.sh'
[5.731s] INFO:colcon.colcon_core.shell:Creating package script '/home/chief-of-mischief/Desktop/ROS-learnings/ros2_ws/install/cpp_pkg/share/cpp_pkg/package.bash'
[5.731s] INFO:colcon.colcon_core.shell:Creating package script '/home/chief-of-mischief/Desktop/ROS-learnings/ros2_ws/install/cpp_pkg/share/cpp_pkg/package.zsh'
[5.731s] Level 1:colcon.colcon_core.environment:create_file_with_runtime_dependencies(/home/chief-of-mischief/Desktop/ROS-learnings/ros2_ws/install/cpp_pkg/share/colcon-core/packages/cpp_pkg)
[5.778s] Level 1:colcon.colcon_core.environment:create_environment_scripts_only(cpp_pkg)
[5.783s] Level 1:colcon.colcon_core.environment:checking '/home/chief-of-mischief/Desktop/ROS-learnings/ros2_ws/install/cpp_pkg' for CMake module files
[5.784s] Level 1:colcon.colcon_core.environment:checking '/home/chief-of-mischief/Desktop/ROS-learnings/ros2_ws/install/cpp_pkg' for CMake config files
[5.785s] Level 1:colcon.colcon_core.shell:create_environment_hook('cpp_pkg', 'cmake_prefix_path')
[5.789s] INFO:colcon.colcon_core.shell:Creating environment hook '/home/chief-of-mischief/Desktop/ROS-learnings/ros2_ws/install/cpp_pkg/share/cpp_pkg/hook/cmake_prefix_path.ps1'
[5.789s] INFO:colcon.colcon_core.shell:Creating environment descriptor '/home/chief-of-mischief/Desktop/ROS-learnings/ros2_ws/install/cpp_pkg/share/cpp_pkg/hook/cmake_prefix_path.dsv'
[5.790s] INFO:colcon.colcon_core.shell:Creating environment hook '/home/chief-of-mischief/Desktop/ROS-learnings/ros2_ws/install/cpp_pkg/share/cpp_pkg/hook/cmake_prefix_path.sh'
[5.791s] Level 1:colcon.colcon_core.environment:checking '/home/chief-of-mischief/Desktop/ROS-learnings/ros2_ws/install/cpp_pkg/lib'
[5.791s] Level 1:colcon.colcon_core.environment:checking '/home/chief-of-mischief/Desktop/ROS-learnings/ros2_ws/install/cpp_pkg/bin'
[5.791s] Level 1:colcon.colcon_core.environment:checking '/home/chief-of-mischief/Desktop/ROS-learnings/ros2_ws/install/cpp_pkg/lib/pkgconfig/cpp_pkg.pc'
[5.791s] Level 1:colcon.colcon_core.environment:checking '/home/chief-of-mischief/Desktop/ROS-learnings/ros2_ws/install/cpp_pkg/lib/python3.10/site-packages'
[5.791s] Level 1:colcon.colcon_core.environment:checking '/home/chief-of-mischief/Desktop/ROS-learnings/ros2_ws/install/cpp_pkg/bin'
[5.796s] INFO:colcon.colcon_core.shell:Creating package script '/home/chief-of-mischief/Desktop/ROS-learnings/ros2_ws/install/cpp_pkg/share/cpp_pkg/package.ps1'
[5.797s] INFO:colcon.colcon_core.shell:Creating package descriptor '/home/chief-of-mischief/Desktop/ROS-learnings/ros2_ws/install/cpp_pkg/share/cpp_pkg/package.dsv'
[5.797s] INFO:colcon.colcon_core.shell:Creating package script '/home/chief-of-mischief/Desktop/ROS-learnings/ros2_ws/install/cpp_pkg/share/cpp_pkg/package.sh'
[5.798s] INFO:colcon.colcon_core.shell:Creating package script '/home/chief-of-mischief/Desktop/ROS-learnings/ros2_ws/install/cpp_pkg/share/cpp_pkg/package.bash'
[5.799s] INFO:colcon.colcon_core.shell:Creating package script '/home/chief-of-mischief/Desktop/ROS-learnings/ros2_ws/install/cpp_pkg/share/cpp_pkg/package.zsh'
[5.799s] Level 1:colcon.colcon_core.environment:create_file_with_runtime_dependencies(/home/chief-of-mischief/Desktop/ROS-learnings/ros2_ws/install/cpp_pkg/share/colcon-core/packages/cpp_pkg)
[5.799s] DEBUG:colcon.colcon_parallel_executor.executor.parallel:closing loop
[5.800s] DEBUG:colcon.colcon_parallel_executor.executor.parallel:loop closed
[5.800s] DEBUG:colcon.colcon_parallel_executor.executor.parallel:run_until_complete finished with '0'
[5.800s] DEBUG:colcon.colcon_core.event_reactor:joining thread
[5.819s] INFO:colcon.colcon_core.plugin_system:Skipping extension 'colcon_notification.desktop_notification.terminal_notifier': Not used on non-Darwin systems
[5.819s] INFO:colcon.colcon_core.plugin_system:Skipping extension 'colcon_notification.desktop_notification.win32': Not used on non-Windows systems
[5.819s] INFO:colcon.colcon_notification.desktop_notification:Sending desktop notification using 'notify2'
[5.829s] DEBUG:colcon.colcon_core.event_reactor:joined thread
[5.831s] INFO:colcon.colcon_core.shell:Creating prefix script '/home/chief-of-mischief/Desktop/ROS-learnings/ros2_ws/install/local_setup.ps1'
[5.832s] INFO:colcon.colcon_core.shell:Creating prefix util module '/home/chief-of-mischief/Desktop/ROS-learnings/ros2_ws/install/_local_setup_util_ps1.py'
[5.833s] INFO:colcon.colcon_core.shell:Creating prefix chain script '/home/chief-of-mischief/Desktop/ROS-learnings/ros2_ws/install/setup.ps1'
[5.836s] INFO:colcon.colcon_core.shell:Creating prefix script '/home/chief-of-mischief/Desktop/ROS-learnings/ros2_ws/install/local_setup.sh'
[5.837s] INFO:colcon.colcon_core.shell:Creating prefix util module '/home/chief-of-mischief/Desktop/ROS-learnings/ros2_ws/install/_local_setup_util_sh.py'
[5.838s] INFO:colcon.colcon_core.shell:Creating prefix chain script '/home/chief-of-mischief/Desktop/ROS-learnings/ros2_ws/install/setup.sh'
[5.841s] INFO:colcon.colcon_core.shell:Creating prefix script '/home/chief-of-mischief/Desktop/ROS-learnings/ros2_ws/install/local_setup.bash'
[5.842s] INFO:colcon.colcon_core.shell:Creating prefix chain script '/home/chief-of-mischief/Desktop/ROS-learnings/ros2_ws/install/setup.bash'
[5.847s] INFO:colcon.colcon_core.shell:Creating prefix script '/home/chief-of-mischief/Desktop/ROS-learnings/ros2_ws/install/local_setup.zsh'
[5.849s] INFO:colcon.colcon_core.shell:Creating prefix chain script '/home/chief-of-mischief/Desktop/ROS-learnings/ros2_ws/install/setup.zsh'
