-- The C compiler identification is GNU 11.3.0
-- The CXX compiler identification is GNU 11.3.0
-- Detecting C compiler ABI info
-- Detecting C compiler ABI info - done
-- Check for working C compiler: /usr/bin/cc - skipped
-- Detecting C compile features
-- Detecting C compile features - done
-- Detecting CXX compiler ABI info
-- Detecting CXX compiler ABI info - done
-- Check for working CXX compiler: /usr/bin/c++ - skipped
-- Detecting CXX compile features
-- Detecting CXX compile features - done
-- Found ament_cmake: 1.3.3 (/opt/ros/humble/share/ament_cmake/cmake)
-- Found Python3: /usr/bin/python3.10 (found version "3.10.6") found components: Interpreter 
-- Override CMake install command with custom implementation using symlinks instead of copying resources
[31mCMake Error at CMakeLists.txt:13 (find_package):
  By not providing "Findrosidl_default_parameters.cmake" in CMAKE_MODULE_PATH
  this project has asked CMake to find a package configuration file provided
  by "rosidl_default_parameters", but CMake did not find one.

  Could not find a package configuration file provided by
  "rosidl_default_parameters" with any of the following names:

    rosidl_default_parametersConfig.cmake
    rosidl_default_parameters-config.cmake

  Add the installation prefix of "rosidl_default_parameters" to
  CMAKE_PREFIX_PATH or set "rosidl_default_parameters_DIR" to a directory
  containing one of the above files.  If "rosidl_default_parameters" provides
  a separate development package or SDK, be sure it has been installed.

[0m
-- Configuring incomplete, errors occurred!
See also "/home/chief-of-mischief/Desktop/ROS-learnings/ros2_ws/build/interfaces/CMakeFiles/CMakeOutput.log".
