[0.705s] Invoking command in '/home/chief-of-mischief/Desktop/ROS-learnings/ros2_ws/build/p_py_pkg': PYTHONPATH=/home/chief-of-mischief/Desktop/ROS-learnings/ros2_ws/build/p_py_pkg/prefix_override:/home/chief-of-mischief/Desktop/ROS-learnings/ros2_ws/install/p_py_pkg/lib/python3.10/site-packages:${PYTHONPATH} /usr/bin/python3 setup.py develop --editable --build-directory /home/chief-of-mischief/Desktop/ROS-learnings/ros2_ws/build/p_py_pkg/build --no-deps install_data
[1.000s] running develop
[1.001s] /usr/lib/python3/dist-packages/setuptools/command/easy_install.py:158: EasyInstallDeprecationWarning: easy_install command is deprecated. Use build and pip and other standards-based tools.
[1.001s]   warnings.warn(
[1.002s] /usr/lib/python3/dist-packages/setuptools/command/install.py:34: SetuptoolsDeprecationWarning: setup.py install is deprecated. Use build and pip and other standards-based tools.
[1.002s]   warnings.warn(
[1.067s] /usr/lib/python3/dist-packages/pkg_resources/__init__.py:116: PkgResourcesDeprecationWarning: 1.16.0-unknown is an invalid version and will not be supported in a future release
[1.067s]   warnings.warn(
[1.067s] /usr/lib/python3/dist-packages/pkg_resources/__init__.py:116: PkgResourcesDeprecationWarning: 0.1.43ubuntu1 is an invalid version and will not be supported in a future release
[1.067s]   warnings.warn(
[1.067s] /usr/lib/python3/dist-packages/pkg_resources/__init__.py:116: PkgResourcesDeprecationWarning: 1.1build1 is an invalid version and will not be supported in a future release
[1.068s]   warnings.warn(
[1.196s] running egg_info
[1.196s] writing p_py_pkg.egg-info/PKG-INFO
[1.196s] writing dependency_links to p_py_pkg.egg-info/dependency_links.txt
[1.196s] writing entry points to p_py_pkg.egg-info/entry_points.txt
[1.196s] writing requirements to p_py_pkg.egg-info/requires.txt
[1.196s] writing top-level names to p_py_pkg.egg-info/top_level.txt
[1.197s] reading manifest file 'p_py_pkg.egg-info/SOURCES.txt'
[1.202s] writing manifest file 'p_py_pkg.egg-info/SOURCES.txt'
[1.203s] running build_ext
[1.203s] Creating /home/chief-of-mischief/Desktop/ROS-learnings/ros2_ws/install/p_py_pkg/lib/python3.10/site-packages/p-py-pkg.egg-link (link to .)
[1.204s] Installing my_publisher = p_py_pkg.publisher_2:mainmy_subscriber script to /home/chief-of-mischief/Desktop/ROS-learnings/ros2_ws/install/p_py_pkg/lib/p_py_pkg
[1.204s] 
[1.204s] Installed /home/chief-of-mischief/Desktop/ROS-learnings/ros2_ws/build/p_py_pkg
[1.204s] running install_data
[1.235s] Invoked command in '/home/chief-of-mischief/Desktop/ROS-learnings/ros2_ws/build/p_py_pkg' returned '0': PYTHONPATH=/home/chief-of-mischief/Desktop/ROS-learnings/ros2_ws/build/p_py_pkg/prefix_override:/home/chief-of-mischief/Desktop/ROS-learnings/ros2_ws/install/p_py_pkg/lib/python3.10/site-packages:${PYTHONPATH} /usr/bin/python3 setup.py develop --editable --build-directory /home/chief-of-mischief/Desktop/ROS-learnings/ros2_ws/build/p_py_pkg/build --no-deps install_data
