[0.051s] Invoking command in '/home/chief-of-mischief/Desktop/ROS-learnings/ros2_ws/build/interfaces': CMAKE_PREFIX_PATH=${CMAKE_PREFIX_PATH}:/home/chief-of-mischief/Desktop/ROS-learnings/ros2_ws/install/my_py_pkg:/home/chief-of-mischief/Desktop/ROS-learnings/ros2_ws/install/p_py_pkg:/opt/ros/humble /usr/bin/cmake /home/chief-of-mischief/Desktop/ROS-learnings/ros2_ws/src/interfaces -DAMENT_CMAKE_SYMLINK_INSTALL=1 -DCMAKE_INSTALL_PREFIX=/home/chief-of-mischief/Desktop/ROS-learnings/ros2_ws/install/interfaces
[0.225s] -- Found ament_cmake: 1.3.3 (/opt/ros/humble/share/ament_cmake/cmake)
[0.226s] -- Override CMake install command with custom implementation using symlinks instead of copying resources
[0.226s] -- Found rosidl_default_generators: 1.2.0 (/opt/ros/humble/share/rosidl_default_generators/cmake)
[0.226s] -- Using all available rosidl_typesupport_c: rosidl_typesupport_fastrtps_c;rosidl_typesupport_introspection_c
[0.226s] -- Found rosidl_adapter: 3.1.4 (/opt/ros/humble/share/rosidl_adapter/cmake)
[0.226s] -- Using all available rosidl_typesupport_cpp: rosidl_typesupport_fastrtps_cpp;rosidl_typesupport_introspection_cpp
[0.402s] -- Found ament_cmake_ros: 0.10.0 (/opt/ros/humble/share/ament_cmake_ros/cmake)
[0.538s] -- Using all available rosidl_typesupport_c: rosidl_typesupport_fastrtps_c;rosidl_typesupport_introspection_c
[0.693s] -- Using all available rosidl_typesupport_cpp: rosidl_typesupport_fastrtps_cpp;rosidl_typesupport_introspection_cpp
[0.708s] -- Found PythonInterp: /usr/bin/python3 (found suitable version "3.10.6", minimum required is "3.6") 
[0.710s] -- Found python_cmake_module: 0.10.0 (/opt/ros/humble/share/python_cmake_module/cmake)
[0.728s] -- Found PythonLibs: /usr/lib/x86_64-linux-gnu/libpython3.10.so (found suitable version "3.10.6", minimum required is "3.5") 
[0.730s] -- Using PYTHON_EXECUTABLE: /usr/bin/python3
[0.730s] -- Using PYTHON_INCLUDE_DIRS: /usr/include/python3.10
[0.730s] -- Using PYTHON_LIBRARIES: /usr/lib/x86_64-linux-gnu/libpython3.10.so
[0.741s] -- Found PythonExtra: .so  
[0.774s] -- Configuring done
[0.795s] -- Generating done
[0.797s] -- Build files have been written to: /home/chief-of-mischief/Desktop/ROS-learnings/ros2_ws/build/interfaces
[0.801s] Invoked command in '/home/chief-of-mischief/Desktop/ROS-learnings/ros2_ws/build/interfaces' returned '0': CMAKE_PREFIX_PATH=${CMAKE_PREFIX_PATH}:/home/chief-of-mischief/Desktop/ROS-learnings/ros2_ws/install/my_py_pkg:/home/chief-of-mischief/Desktop/ROS-learnings/ros2_ws/install/p_py_pkg:/opt/ros/humble /usr/bin/cmake /home/chief-of-mischief/Desktop/ROS-learnings/ros2_ws/src/interfaces -DAMENT_CMAKE_SYMLINK_INSTALL=1 -DCMAKE_INSTALL_PREFIX=/home/chief-of-mischief/Desktop/ROS-learnings/ros2_ws/install/interfaces
[0.802s] Invoking command in '/home/chief-of-mischief/Desktop/ROS-learnings/ros2_ws/build/interfaces': CMAKE_PREFIX_PATH=${CMAKE_PREFIX_PATH}:/home/chief-of-mischief/Desktop/ROS-learnings/ros2_ws/install/my_py_pkg:/home/chief-of-mischief/Desktop/ROS-learnings/ros2_ws/install/p_py_pkg:/opt/ros/humble /usr/bin/cmake --build /home/chief-of-mischief/Desktop/ROS-learnings/ros2_ws/build/interfaces -- -j24 -l24
[0.824s] [  3%] [34m[1mGenerating C code for ROS interfaces[0m
[0.829s] [  6%] [34m[1mGenerating C++ code for ROS interfaces[0m
[0.837s] [  6%] Built target ament_cmake_python_symlink_interfaces
[0.975s] [  6%] Built target interfaces__cpp
[0.981s] [ 16%] [34m[1mGenerating C++ type support dispatch for ROS interfaces[0m
[0.981s] [ 16%] [34m[1mGenerating C++ type support for eProsima Fast-RTPS[0m
[0.981s] [ 16%] [34m[1mGenerating C++ introspection for ROS interfaces[0m
[0.981s] [ 19%] [32mBuilding C object CMakeFiles/interfaces__rosidl_generator_c.dir/rosidl_generator_c/interfaces/msg/detail/hardware_status__functions.c.o[0m
[0.986s] running egg_info
[0.986s] creating interfaces.egg-info
[0.986s] writing interfaces.egg-info/PKG-INFO
[0.986s] writing dependency_links to interfaces.egg-info/dependency_links.txt
[0.986s] writing top-level names to interfaces.egg-info/top_level.txt
[0.986s] writing manifest file 'interfaces.egg-info/SOURCES.txt'
[0.988s] reading manifest file 'interfaces.egg-info/SOURCES.txt'
[0.988s] writing manifest file 'interfaces.egg-info/SOURCES.txt'
[1.004s] [ 19%] Built target ament_cmake_python_build_interfaces_egg
[1.025s] [ 22%] [32m[1mLinking C shared library libinterfaces__rosidl_generator_c.so[0m
[1.048s] [ 22%] Built target interfaces__rosidl_generator_c
[1.053s] [ 29%] [34m[1mGenerating C type support dispatch for ROS interfaces[0m
[1.053s] [ 29%] [34m[1mGenerating C introspection for ROS interfaces[0m
[1.054s] [ 32%] [34m[1mGenerating C type support for eProsima Fast-RTPS[0m
[1.129s] [ 35%] [32mBuilding CXX object CMakeFiles/interfaces__rosidl_typesupport_cpp.dir/rosidl_typesupport_cpp/interfaces/msg/hardware_status__type_support.cpp.o[0m
[1.141s] [ 38%] [32mBuilding CXX object CMakeFiles/interfaces__rosidl_typesupport_introspection_cpp.dir/rosidl_typesupport_introspection_cpp/interfaces/msg/detail/hardware_status__type_support.cpp.o[0m
[1.147s] [ 41%] [32mBuilding CXX object CMakeFiles/interfaces__rosidl_typesupport_fastrtps_cpp.dir/rosidl_typesupport_fastrtps_cpp/interfaces/msg/detail/dds_fastrtps/hardware_status__type_support.cpp.o[0m
[1.202s] [ 45%] [32mBuilding CXX object CMakeFiles/interfaces__rosidl_typesupport_c.dir/rosidl_typesupport_c/interfaces/msg/hardware_status__type_support.cpp.o[0m
[1.221s] [ 48%] [32mBuilding C object CMakeFiles/interfaces__rosidl_typesupport_introspection_c.dir/rosidl_typesupport_introspection_c/interfaces/msg/detail/hardware_status__type_support.c.o[0m
[1.221s] [ 51%] [32m[1mLinking CXX shared library libinterfaces__rosidl_typesupport_c.so[0m
[1.222s] [ 54%] [32mBuilding CXX object CMakeFiles/interfaces__rosidl_typesupport_fastrtps_c.dir/rosidl_typesupport_fastrtps_c/interfaces/msg/detail/hardware_status__type_support_c.cpp.o[0m
[1.242s] [ 58%] [32m[1mLinking C shared library libinterfaces__rosidl_typesupport_introspection_c.so[0m
[1.244s] [ 58%] Built target interfaces__rosidl_typesupport_c
[1.259s] [ 58%] Built target interfaces__rosidl_typesupport_introspection_c
[1.301s] [ 61%] [32m[1mLinking CXX shared library libinterfaces__rosidl_typesupport_cpp.so[0m
[1.325s] [ 61%] Built target interfaces__rosidl_typesupport_cpp
[1.364s] [ 64%] [32m[1mLinking CXX shared library libinterfaces__rosidl_typesupport_introspection_cpp.so[0m
[1.384s] [ 67%] [32m[1mLinking CXX shared library libinterfaces__rosidl_typesupport_fastrtps_cpp.so[0m
[1.400s] [ 67%] Built target interfaces__rosidl_typesupport_introspection_cpp
[1.406s] [ 70%] [32m[1mLinking CXX shared library libinterfaces__rosidl_typesupport_fastrtps_c.so[0m
[1.428s] [ 70%] Built target interfaces__rosidl_typesupport_fastrtps_cpp
[1.453s] [ 70%] Built target interfaces__rosidl_typesupport_fastrtps_c
[1.464s] [ 70%] Built target interfaces
[1.480s] [ 74%] [34m[1mGenerating Python code for ROS interfaces[0m
[1.685s] [ 74%] Built target interfaces__py
[1.697s] [ 77%] [32mBuilding C object CMakeFiles/interfaces__rosidl_generator_py.dir/rosidl_generator_py/interfaces/msg/_hardware_status_s.c.o[0m
[1.813s] [ 80%] [32m[1mLinking C shared library rosidl_generator_py/interfaces/libinterfaces__rosidl_generator_py.so[0m
[1.837s] [ 80%] Built target interfaces__rosidl_generator_py
[1.848s] [ 83%] [32mBuilding C object CMakeFiles/interfaces__rosidl_typesupport_fastrtps_c__pyext.dir/rosidl_generator_py/interfaces/_interfaces_s.ep.rosidl_typesupport_fastrtps_c.c.o[0m
[1.848s] [ 87%] [32mBuilding C object CMakeFiles/interfaces__rosidl_typesupport_c__pyext.dir/rosidl_generator_py/interfaces/_interfaces_s.ep.rosidl_typesupport_c.c.o[0m
[1.848s] [ 90%] [32mBuilding C object CMakeFiles/interfaces__rosidl_typesupport_introspection_c__pyext.dir/rosidl_generator_py/interfaces/_interfaces_s.ep.rosidl_typesupport_introspection_c.c.o[0m
[1.895s] [ 96%] [32m[1mLinking C shared library rosidl_generator_py/interfaces/interfaces_s__rosidl_typesupport_c.cpython-310-x86_64-linux-gnu.so[0m
[1.896s] [ 96%] [32m[1mLinking C shared library rosidl_generator_py/interfaces/interfaces_s__rosidl_typesupport_introspection_c.cpython-310-x86_64-linux-gnu.so[0m
[1.897s] [100%] [32m[1mLinking C shared library rosidl_generator_py/interfaces/interfaces_s__rosidl_typesupport_fastrtps_c.cpython-310-x86_64-linux-gnu.so[0m
[1.913s] [100%] Built target interfaces__rosidl_typesupport_c__pyext
[1.914s] [100%] Built target interfaces__rosidl_typesupport_introspection_c__pyext
[1.914s] [100%] Built target interfaces__rosidl_typesupport_fastrtps_c__pyext
[1.920s] Invoked command in '/home/chief-of-mischief/Desktop/ROS-learnings/ros2_ws/build/interfaces' returned '0': CMAKE_PREFIX_PATH=${CMAKE_PREFIX_PATH}:/home/chief-of-mischief/Desktop/ROS-learnings/ros2_ws/install/my_py_pkg:/home/chief-of-mischief/Desktop/ROS-learnings/ros2_ws/install/p_py_pkg:/opt/ros/humble /usr/bin/cmake --build /home/chief-of-mischief/Desktop/ROS-learnings/ros2_ws/build/interfaces -- -j24 -l24
[1.955s] Invoking command in '/home/chief-of-mischief/Desktop/ROS-learnings/ros2_ws/build/interfaces': CMAKE_PREFIX_PATH=${CMAKE_PREFIX_PATH}:/home/chief-of-mischief/Desktop/ROS-learnings/ros2_ws/install/my_py_pkg:/home/chief-of-mischief/Desktop/ROS-learnings/ros2_ws/install/p_py_pkg:/opt/ros/humble /usr/bin/cmake --install /home/chief-of-mischief/Desktop/ROS-learnings/ros2_ws/build/interfaces
[1.961s] -- Install configuration: ""
[1.962s] -- Execute custom install script
[1.962s] -- Symlinking: /home/chief-of-mischief/Desktop/ROS-learnings/ros2_ws/install/interfaces/share/ament_index/resource_index/rosidl_interfaces/interfaces
[1.971s] -- Symlinking: /home/chief-of-mischief/Desktop/ROS-learnings/ros2_ws/install/interfaces/include/interfaces/interfaces/msg/detail/hardware_status__functions.h
[1.980s] -- Symlinking: /home/chief-of-mischief/Desktop/ROS-learnings/ros2_ws/install/interfaces/include/interfaces/interfaces/msg/detail/hardware_status__struct.h
[1.989s] -- Symlinking: /home/chief-of-mischief/Desktop/ROS-learnings/ros2_ws/install/interfaces/include/interfaces/interfaces/msg/detail/hardware_status__type_support.h
[1.998s] -- Symlinking: /home/chief-of-mischief/Desktop/ROS-learnings/ros2_ws/install/interfaces/include/interfaces/interfaces/msg/hardware_status.h
[2.011s] -- Symlinking: /home/chief-of-mischief/Desktop/ROS-learnings/ros2_ws/install/interfaces/include/interfaces/interfaces/msg/rosidl_generator_c__visibility_control.h
[2.024s] -- Symlinking: /home/chief-of-mischief/Desktop/ROS-learnings/ros2_ws/install/interfaces/share/interfaces/environment/library_path.sh
[2.040s] -- Symlinking: /home/chief-of-mischief/Desktop/ROS-learnings/ros2_ws/install/interfaces/share/interfaces/environment/library_path.dsv
[2.049s] -- Symlinking: /home/chief-of-mischief/Desktop/ROS-learnings/ros2_ws/install/interfaces/include/interfaces/interfaces/msg/detail/hardware_status__rosidl_typesupport_fastrtps_c.h
[2.054s] -- Symlinking: /home/chief-of-mischief/Desktop/ROS-learnings/ros2_ws/install/interfaces/include/interfaces/interfaces/msg/rosidl_typesupport_fastrtps_c__visibility_control.h
[2.059s] -- Symlinking: /home/chief-of-mischief/Desktop/ROS-learnings/ros2_ws/install/interfaces/include/interfaces/interfaces/msg/detail/hardware_status__rosidl_typesupport_introspection_c.h
[2.063s] -- Symlinking: /home/chief-of-mischief/Desktop/ROS-learnings/ros2_ws/install/interfaces/include/interfaces/interfaces/msg/rosidl_typesupport_introspection_c__visibility_control.h
[2.068s] -- Symlinking: /home/chief-of-mischief/Desktop/ROS-learnings/ros2_ws/install/interfaces/include/interfaces/interfaces/msg/detail/hardware_status__builder.hpp
[2.078s] -- Symlinking: /home/chief-of-mischief/Desktop/ROS-learnings/ros2_ws/install/interfaces/include/interfaces/interfaces/msg/detail/hardware_status__struct.hpp
[2.085s] -- Symlinking: /home/chief-of-mischief/Desktop/ROS-learnings/ros2_ws/install/interfaces/include/interfaces/interfaces/msg/detail/hardware_status__traits.hpp
[2.095s] -- Symlinking: /home/chief-of-mischief/Desktop/ROS-learnings/ros2_ws/install/interfaces/include/interfaces/interfaces/msg/hardware_status.hpp
[2.104s] -- Symlinking: /home/chief-of-mischief/Desktop/ROS-learnings/ros2_ws/install/interfaces/include/interfaces/interfaces/msg/detail/hardware_status__rosidl_typesupport_fastrtps_cpp.hpp
[2.116s] -- Symlinking: /home/chief-of-mischief/Desktop/ROS-learnings/ros2_ws/install/interfaces/include/interfaces/interfaces/msg/rosidl_typesupport_fastrtps_cpp__visibility_control.h
[2.130s] -- Symlinking: /home/chief-of-mischief/Desktop/ROS-learnings/ros2_ws/install/interfaces/include/interfaces/interfaces/msg/detail/hardware_status__rosidl_typesupport_introspection_cpp.hpp
[2.145s] -- Symlinking: /home/chief-of-mischief/Desktop/ROS-learnings/ros2_ws/install/interfaces/share/interfaces/environment/pythonpath.sh
[2.155s] -- Symlinking: /home/chief-of-mischief/Desktop/ROS-learnings/ros2_ws/install/interfaces/share/interfaces/environment/pythonpath.dsv
[2.161s] -- Symlinking: /home/chief-of-mischief/Desktop/ROS-learnings/ros2_ws/install/interfaces/local/lib/python3.10/dist-packages/interfaces-0.0.0-py3.10.egg-info/PKG-INFO
[2.165s] -- Symlinking: /home/chief-of-mischief/Desktop/ROS-learnings/ros2_ws/install/interfaces/local/lib/python3.10/dist-packages/interfaces-0.0.0-py3.10.egg-info/SOURCES.txt
[2.169s] -- Symlinking: /home/chief-of-mischief/Desktop/ROS-learnings/ros2_ws/install/interfaces/local/lib/python3.10/dist-packages/interfaces-0.0.0-py3.10.egg-info/dependency_links.txt
[2.174s] -- Symlinking: /home/chief-of-mischief/Desktop/ROS-learnings/ros2_ws/install/interfaces/local/lib/python3.10/dist-packages/interfaces-0.0.0-py3.10.egg-info/top_level.txt
[2.179s] -- Symlinking: /home/chief-of-mischief/Desktop/ROS-learnings/ros2_ws/install/interfaces/local/lib/python3.10/dist-packages/interfaces/__init__.py
[2.184s] -- Symlinking: /home/chief-of-mischief/Desktop/ROS-learnings/ros2_ws/install/interfaces/local/lib/python3.10/dist-packages/interfaces/_interfaces_s.ep.rosidl_typesupport_c.c
[2.188s] -- Symlinking: /home/chief-of-mischief/Desktop/ROS-learnings/ros2_ws/install/interfaces/local/lib/python3.10/dist-packages/interfaces/_interfaces_s.ep.rosidl_typesupport_fastrtps_c.c
[2.192s] -- Symlinking: /home/chief-of-mischief/Desktop/ROS-learnings/ros2_ws/install/interfaces/local/lib/python3.10/dist-packages/interfaces/_interfaces_s.ep.rosidl_typesupport_introspection_c.c
[2.198s] -- Symlinking: /home/chief-of-mischief/Desktop/ROS-learnings/ros2_ws/install/interfaces/local/lib/python3.10/dist-packages/interfaces/interfaces_s__rosidl_typesupport_c.cpython-310-x86_64-linux-gnu.so
[2.208s] -- Symlinking: /home/chief-of-mischief/Desktop/ROS-learnings/ros2_ws/install/interfaces/local/lib/python3.10/dist-packages/interfaces/interfaces_s__rosidl_typesupport_fastrtps_c.cpython-310-x86_64-linux-gnu.so
[2.217s] -- Symlinking: /home/chief-of-mischief/Desktop/ROS-learnings/ros2_ws/install/interfaces/local/lib/python3.10/dist-packages/interfaces/interfaces_s__rosidl_typesupport_introspection_c.cpython-310-x86_64-linux-gnu.so
[2.225s] -- Symlinking: /home/chief-of-mischief/Desktop/ROS-learnings/ros2_ws/install/interfaces/local/lib/python3.10/dist-packages/interfaces/libinterfaces__rosidl_generator_py.so
[2.233s] -- Symlinking: /home/chief-of-mischief/Desktop/ROS-learnings/ros2_ws/install/interfaces/local/lib/python3.10/dist-packages/interfaces/msg/__init__.py
[2.240s] -- Symlinking: /home/chief-of-mischief/Desktop/ROS-learnings/ros2_ws/install/interfaces/local/lib/python3.10/dist-packages/interfaces/msg/_hardware_status.py
[2.246s] -- Symlinking: /home/chief-of-mischief/Desktop/ROS-learnings/ros2_ws/install/interfaces/local/lib/python3.10/dist-packages/interfaces/msg/_hardware_status_s.c
[2.251s] -- Up-to-date symlink: /home/chief-of-mischief/Desktop/ROS-learnings/ros2_ws/install/interfaces/local/lib/python3.10/dist-packages/interfaces/interfaces_s__rosidl_typesupport_fastrtps_c.cpython-310-x86_64-linux-gnu.so
[2.251s] -- Up-to-date symlink: /home/chief-of-mischief/Desktop/ROS-learnings/ros2_ws/install/interfaces/local/lib/python3.10/dist-packages/interfaces/interfaces_s__rosidl_typesupport_introspection_c.cpython-310-x86_64-linux-gnu.so
[2.251s] -- Up-to-date symlink: /home/chief-of-mischief/Desktop/ROS-learnings/ros2_ws/install/interfaces/local/lib/python3.10/dist-packages/interfaces/interfaces_s__rosidl_typesupport_c.cpython-310-x86_64-linux-gnu.so
[2.251s] -- Symlinking: /home/chief-of-mischief/Desktop/ROS-learnings/ros2_ws/install/interfaces/share/interfaces/msg/HardwareStatus.idl
[2.257s] -- Symlinking: /home/chief-of-mischief/Desktop/ROS-learnings/ros2_ws/install/interfaces/share/interfaces/msg/HardwareStatus.msg
[2.261s] -- Symlinking: /home/chief-of-mischief/Desktop/ROS-learnings/ros2_ws/install/interfaces/share/ament_index/resource_index/package_run_dependencies/interfaces
[2.268s] -- Symlinking: /home/chief-of-mischief/Desktop/ROS-learnings/ros2_ws/install/interfaces/share/ament_index/resource_index/parent_prefix_path/interfaces
[2.274s] -- Symlinking: /home/chief-of-mischief/Desktop/ROS-learnings/ros2_ws/install/interfaces/share/interfaces/environment/ament_prefix_path.sh
[2.278s] -- Symlinking: /home/chief-of-mischief/Desktop/ROS-learnings/ros2_ws/install/interfaces/share/interfaces/environment/ament_prefix_path.dsv
[2.282s] -- Symlinking: /home/chief-of-mischief/Desktop/ROS-learnings/ros2_ws/install/interfaces/share/interfaces/environment/path.sh
[2.287s] -- Symlinking: /home/chief-of-mischief/Desktop/ROS-learnings/ros2_ws/install/interfaces/share/interfaces/environment/path.dsv
[2.292s] -- Symlinking: /home/chief-of-mischief/Desktop/ROS-learnings/ros2_ws/install/interfaces/share/interfaces/local_setup.bash
[2.299s] -- Symlinking: /home/chief-of-mischief/Desktop/ROS-learnings/ros2_ws/install/interfaces/share/interfaces/local_setup.sh
[2.310s] -- Symlinking: /home/chief-of-mischief/Desktop/ROS-learnings/ros2_ws/install/interfaces/share/interfaces/local_setup.zsh
[2.323s] -- Symlinking: /home/chief-of-mischief/Desktop/ROS-learnings/ros2_ws/install/interfaces/share/interfaces/local_setup.dsv
[2.334s] -- Symlinking: /home/chief-of-mischief/Desktop/ROS-learnings/ros2_ws/install/interfaces/share/interfaces/package.dsv
[2.344s] -- Symlinking: /home/chief-of-mischief/Desktop/ROS-learnings/ros2_ws/install/interfaces/share/ament_index/resource_index/packages/interfaces
[2.350s] -- Symlinking: /home/chief-of-mischief/Desktop/ROS-learnings/ros2_ws/install/interfaces/share/interfaces/cmake/rosidl_cmake-extras.cmake
[2.355s] -- Symlinking: /home/chief-of-mischief/Desktop/ROS-learnings/ros2_ws/install/interfaces/share/interfaces/cmake/ament_cmake_export_include_directories-extras.cmake
[2.361s] -- Symlinking: /home/chief-of-mischief/Desktop/ROS-learnings/ros2_ws/install/interfaces/share/interfaces/cmake/ament_cmake_export_libraries-extras.cmake
[2.366s] -- Symlinking: /home/chief-of-mischief/Desktop/ROS-learnings/ros2_ws/install/interfaces/share/interfaces/cmake/ament_cmake_export_targets-extras.cmake
[2.371s] -- Symlinking: /home/chief-of-mischief/Desktop/ROS-learnings/ros2_ws/install/interfaces/share/interfaces/cmake/rosidl_cmake_export_typesupport_targets-extras.cmake
[2.377s] -- Symlinking: /home/chief-of-mischief/Desktop/ROS-learnings/ros2_ws/install/interfaces/share/interfaces/cmake/ament_cmake_export_dependencies-extras.cmake
[2.382s] -- Symlinking: /home/chief-of-mischief/Desktop/ROS-learnings/ros2_ws/install/interfaces/share/interfaces/cmake/rosidl_cmake_export_typesupport_libraries-extras.cmake
[2.387s] -- Symlinking: /home/chief-of-mischief/Desktop/ROS-learnings/ros2_ws/install/interfaces/share/interfaces/cmake/interfacesConfig.cmake
[2.393s] -- Symlinking: /home/chief-of-mischief/Desktop/ROS-learnings/ros2_ws/install/interfaces/share/interfaces/cmake/interfacesConfig-version.cmake
[2.406s] -- Symlinking: /home/chief-of-mischief/Desktop/ROS-learnings/ros2_ws/install/interfaces/share/interfaces/package.xml
[2.418s] -- Installing: /home/chief-of-mischief/Desktop/ROS-learnings/ros2_ws/install/interfaces/lib/libinterfaces__rosidl_generator_c.so
[2.418s] -- Set runtime path of "/home/chief-of-mischief/Desktop/ROS-learnings/ros2_ws/install/interfaces/lib/libinterfaces__rosidl_generator_c.so" to ""
[2.419s] -- Installing: /home/chief-of-mischief/Desktop/ROS-learnings/ros2_ws/install/interfaces/lib/libinterfaces__rosidl_typesupport_fastrtps_c.so
[2.419s] -- Set runtime path of "/home/chief-of-mischief/Desktop/ROS-learnings/ros2_ws/install/interfaces/lib/libinterfaces__rosidl_typesupport_fastrtps_c.so" to ""
[2.419s] -- Installing: /home/chief-of-mischief/Desktop/ROS-learnings/ros2_ws/install/interfaces/lib/libinterfaces__rosidl_typesupport_introspection_c.so
[2.420s] -- Set runtime path of "/home/chief-of-mischief/Desktop/ROS-learnings/ros2_ws/install/interfaces/lib/libinterfaces__rosidl_typesupport_introspection_c.so" to ""
[2.420s] -- Installing: /home/chief-of-mischief/Desktop/ROS-learnings/ros2_ws/install/interfaces/lib/libinterfaces__rosidl_typesupport_c.so
[2.420s] -- Set runtime path of "/home/chief-of-mischief/Desktop/ROS-learnings/ros2_ws/install/interfaces/lib/libinterfaces__rosidl_typesupport_c.so" to ""
[2.420s] -- Installing: /home/chief-of-mischief/Desktop/ROS-learnings/ros2_ws/install/interfaces/lib/libinterfaces__rosidl_typesupport_fastrtps_cpp.so
[2.421s] -- Set runtime path of "/home/chief-of-mischief/Desktop/ROS-learnings/ros2_ws/install/interfaces/lib/libinterfaces__rosidl_typesupport_fastrtps_cpp.so" to ""
[2.421s] -- Installing: /home/chief-of-mischief/Desktop/ROS-learnings/ros2_ws/install/interfaces/lib/libinterfaces__rosidl_typesupport_introspection_cpp.so
[2.421s] -- Set runtime path of "/home/chief-of-mischief/Desktop/ROS-learnings/ros2_ws/install/interfaces/lib/libinterfaces__rosidl_typesupport_introspection_cpp.so" to ""
[2.421s] -- Installing: /home/chief-of-mischief/Desktop/ROS-learnings/ros2_ws/install/interfaces/lib/libinterfaces__rosidl_typesupport_cpp.so
[2.422s] -- Set runtime path of "/home/chief-of-mischief/Desktop/ROS-learnings/ros2_ws/install/interfaces/lib/libinterfaces__rosidl_typesupport_cpp.so" to ""
[2.455s] Listing '/home/chief-of-mischief/Desktop/ROS-learnings/ros2_ws/install/interfaces/local/lib/python3.10/dist-packages/interfaces'...
[2.455s] Compiling '/home/chief-of-mischief/Desktop/ROS-learnings/ros2_ws/install/interfaces/local/lib/python3.10/dist-packages/interfaces/__init__.py'...
[2.455s] Listing '/home/chief-of-mischief/Desktop/ROS-learnings/ros2_ws/install/interfaces/local/lib/python3.10/dist-packages/interfaces/msg'...
[2.455s] Compiling '/home/chief-of-mischief/Desktop/ROS-learnings/ros2_ws/install/interfaces/local/lib/python3.10/dist-packages/interfaces/msg/__init__.py'...
[2.455s] Compiling '/home/chief-of-mischief/Desktop/ROS-learnings/ros2_ws/install/interfaces/local/lib/python3.10/dist-packages/interfaces/msg/_hardware_status.py'...
[2.458s] -- Installing: /home/chief-of-mischief/Desktop/ROS-learnings/ros2_ws/install/interfaces/lib/libinterfaces__rosidl_generator_py.so
[2.458s] -- Set runtime path of "/home/chief-of-mischief/Desktop/ROS-learnings/ros2_ws/install/interfaces/lib/libinterfaces__rosidl_generator_py.so" to ""
[2.458s] -- Installing: /home/chief-of-mischief/Desktop/ROS-learnings/ros2_ws/install/interfaces/share/interfaces/cmake/export_interfaces__rosidl_generator_cExport.cmake
[2.458s] -- Installing: /home/chief-of-mischief/Desktop/ROS-learnings/ros2_ws/install/interfaces/share/interfaces/cmake/export_interfaces__rosidl_generator_cExport-noconfig.cmake
[2.458s] -- Installing: /home/chief-of-mischief/Desktop/ROS-learnings/ros2_ws/install/interfaces/share/interfaces/cmake/export_interfaces__rosidl_typesupport_fastrtps_cExport.cmake
[2.458s] -- Installing: /home/chief-of-mischief/Desktop/ROS-learnings/ros2_ws/install/interfaces/share/interfaces/cmake/export_interfaces__rosidl_typesupport_fastrtps_cExport-noconfig.cmake
[2.458s] -- Installing: /home/chief-of-mischief/Desktop/ROS-learnings/ros2_ws/install/interfaces/share/interfaces/cmake/interfaces__rosidl_typesupport_introspection_cExport.cmake
[2.458s] -- Installing: /home/chief-of-mischief/Desktop/ROS-learnings/ros2_ws/install/interfaces/share/interfaces/cmake/interfaces__rosidl_typesupport_introspection_cExport-noconfig.cmake
[2.458s] -- Installing: /home/chief-of-mischief/Desktop/ROS-learnings/ros2_ws/install/interfaces/share/interfaces/cmake/interfaces__rosidl_typesupport_cExport.cmake
[2.458s] -- Installing: /home/chief-of-mischief/Desktop/ROS-learnings/ros2_ws/install/interfaces/share/interfaces/cmake/interfaces__rosidl_typesupport_cExport-noconfig.cmake
[2.458s] -- Installing: /home/chief-of-mischief/Desktop/ROS-learnings/ros2_ws/install/interfaces/share/interfaces/cmake/export_interfaces__rosidl_generator_cppExport.cmake
[2.459s] -- Installing: /home/chief-of-mischief/Desktop/ROS-learnings/ros2_ws/install/interfaces/share/interfaces/cmake/export_interfaces__rosidl_typesupport_fastrtps_cppExport.cmake
[2.459s] -- Installing: /home/chief-of-mischief/Desktop/ROS-learnings/ros2_ws/install/interfaces/share/interfaces/cmake/export_interfaces__rosidl_typesupport_fastrtps_cppExport-noconfig.cmake
[2.459s] -- Installing: /home/chief-of-mischief/Desktop/ROS-learnings/ros2_ws/install/interfaces/share/interfaces/cmake/interfaces__rosidl_typesupport_introspection_cppExport.cmake
[2.459s] -- Installing: /home/chief-of-mischief/Desktop/ROS-learnings/ros2_ws/install/interfaces/share/interfaces/cmake/interfaces__rosidl_typesupport_introspection_cppExport-noconfig.cmake
[2.459s] -- Installing: /home/chief-of-mischief/Desktop/ROS-learnings/ros2_ws/install/interfaces/share/interfaces/cmake/interfaces__rosidl_typesupport_cppExport.cmake
[2.459s] -- Installing: /home/chief-of-mischief/Desktop/ROS-learnings/ros2_ws/install/interfaces/share/interfaces/cmake/interfaces__rosidl_typesupport_cppExport-noconfig.cmake
[2.459s] -- Installing: /home/chief-of-mischief/Desktop/ROS-learnings/ros2_ws/install/interfaces/share/interfaces/cmake/export_interfaces__rosidl_generator_pyExport.cmake
[2.459s] -- Installing: /home/chief-of-mischief/Desktop/ROS-learnings/ros2_ws/install/interfaces/share/interfaces/cmake/export_interfaces__rosidl_generator_pyExport-noconfig.cmake
[2.466s] Invoked command in '/home/chief-of-mischief/Desktop/ROS-learnings/ros2_ws/build/interfaces' returned '0': CMAKE_PREFIX_PATH=${CMAKE_PREFIX_PATH}:/home/chief-of-mischief/Desktop/ROS-learnings/ros2_ws/install/my_py_pkg:/home/chief-of-mischief/Desktop/ROS-learnings/ros2_ws/install/p_py_pkg:/opt/ros/humble /usr/bin/cmake --install /home/chief-of-mischief/Desktop/ROS-learnings/ros2_ws/build/interfaces
