[0.009s] Invoking command in '/home/chief-of-mischief/Desktop/ROS-learnings/trying_ros_gazebo/build/urdf_example': CMAKE_PREFIX_PATH=/home/chief-of-mischief/Desktop/ROS-learnings/ros2_ws/install/py_pkg:/opt/ros/humble CONDA_PROMPT_MODIFIER=(base) /usr/bin/cmake /home/chief-of-mischief/Desktop/ROS-learnings/trying_ros_gazebo/src/urdf_example -DCMAKE_INSTALL_PREFIX=/home/chief-of-mischief/Desktop/ROS-learnings/trying_ros_gazebo/install/urdf_example
[0.053s] -- The C compiler identification is GNU 11.3.0
[0.103s] -- The CXX compiler identification is GNU 11.3.0
[0.110s] -- Detecting C compiler ABI info
[0.151s] -- Detecting C compiler ABI info - done
[0.155s] -- Check for working C compiler: /usr/bin/cc - skipped
[0.155s] -- Detecting C compile features
[0.155s] -- Detecting C compile features - done
[0.157s] -- Detecting CXX compiler ABI info
[0.222s] -- Detecting CXX compiler ABI info - done
[0.236s] -- Check for working CXX compiler: /usr/bin/c++ - skipped
[0.237s] -- Detecting CXX compile features
[0.238s] -- Detecting CXX compile features - done
[0.241s] -- Found ament_cmake: 1.3.3 (/opt/ros/humble/share/ament_cmake/cmake)
[0.389s] -- Found Python3: /usr/bin/python3.10 (found version "3.10.6") found components: Interpreter 
[0.455s] -- Found ament_lint_auto: 0.12.4 (/opt/ros/humble/share/ament_lint_auto/cmake)
[0.494s] -- Added test 'copyright' to check source files copyright and LICENSE
[0.495s] -- Added test 'flake8' to check Python code syntax and style conventions
[0.495s] -- Added test 'lint_cmake' to check CMake code style
[0.495s] -- Added test 'pep257' to check Python code against some of the docstring style conventions in PEP 257
[0.496s] -- Added test 'xmllint' to check XML markup files
[0.496s] -- Configuring done
[0.498s] -- Generating done
[0.498s] -- Build files have been written to: /home/chief-of-mischief/Desktop/ROS-learnings/trying_ros_gazebo/build/urdf_example
[0.501s] Invoked command in '/home/chief-of-mischief/Desktop/ROS-learnings/trying_ros_gazebo/build/urdf_example' returned '0': CMAKE_PREFIX_PATH=/home/chief-of-mischief/Desktop/ROS-learnings/ros2_ws/install/py_pkg:/opt/ros/humble CONDA_PROMPT_MODIFIER=(base) /usr/bin/cmake /home/chief-of-mischief/Desktop/ROS-learnings/trying_ros_gazebo/src/urdf_example -DCMAKE_INSTALL_PREFIX=/home/chief-of-mischief/Desktop/ROS-learnings/trying_ros_gazebo/install/urdf_example
[0.502s] Invoking command in '/home/chief-of-mischief/Desktop/ROS-learnings/trying_ros_gazebo/build/urdf_example': CMAKE_PREFIX_PATH=/home/chief-of-mischief/Desktop/ROS-learnings/ros2_ws/install/py_pkg:/opt/ros/humble CONDA_PROMPT_MODIFIER=(base) /usr/bin/cmake --build /home/chief-of-mischief/Desktop/ROS-learnings/trying_ros_gazebo/build/urdf_example -- -j24 -l24
[0.537s] Invoked command in '/home/chief-of-mischief/Desktop/ROS-learnings/trying_ros_gazebo/build/urdf_example' returned '0': CMAKE_PREFIX_PATH=/home/chief-of-mischief/Desktop/ROS-learnings/ros2_ws/install/py_pkg:/opt/ros/humble CONDA_PROMPT_MODIFIER=(base) /usr/bin/cmake --build /home/chief-of-mischief/Desktop/ROS-learnings/trying_ros_gazebo/build/urdf_example -- -j24 -l24
[0.551s] Invoking command in '/home/chief-of-mischief/Desktop/ROS-learnings/trying_ros_gazebo/build/urdf_example': CMAKE_PREFIX_PATH=/home/chief-of-mischief/Desktop/ROS-learnings/ros2_ws/install/py_pkg:/opt/ros/humble CONDA_PROMPT_MODIFIER=(base) /usr/bin/cmake --install /home/chief-of-mischief/Desktop/ROS-learnings/trying_ros_gazebo/build/urdf_example
[0.556s] -- Install configuration: ""
[0.556s] -- Up-to-date: /home/chief-of-mischief/Desktop/ROS-learnings/trying_ros_gazebo/install/urdf_example/share/urdf_example/description
[0.556s] -- Installing: /home/chief-of-mischief/Desktop/ROS-learnings/trying_ros_gazebo/install/urdf_example/share/urdf_example/description/example_robot.urdf.xacro
[0.556s] -- Installing: /home/chief-of-mischief/Desktop/ROS-learnings/trying_ros_gazebo/install/urdf_example/share/urdf_example/description/example_gazebo.xacro
[0.556s] -- Installing: /home/chief-of-mischief/Desktop/ROS-learnings/trying_ros_gazebo/install/urdf_example/share/urdf_example/description/example_include.xacro
[0.556s] -- Up-to-date: /home/chief-of-mischief/Desktop/ROS-learnings/trying_ros_gazebo/install/urdf_example/share/urdf_example/launch
[0.556s] -- Installing: /home/chief-of-mischief/Desktop/ROS-learnings/trying_ros_gazebo/install/urdf_example/share/urdf_example/launch/rsp_sim.launch.py
[0.556s] -- Installing: /home/chief-of-mischief/Desktop/ROS-learnings/trying_ros_gazebo/install/urdf_example/share/urdf_example/launch/rsp.launch.py
[0.556s] -- Up-to-date: /home/chief-of-mischief/Desktop/ROS-learnings/trying_ros_gazebo/install/urdf_example/share/urdf_example/worlds
[0.556s] -- Installing: /home/chief-of-mischief/Desktop/ROS-learnings/trying_ros_gazebo/install/urdf_example/share/urdf_example/worlds/test_world.world
[0.556s] -- Installing: /home/chief-of-mischief/Desktop/ROS-learnings/trying_ros_gazebo/install/urdf_example/share/ament_index/resource_index/package_run_dependencies/urdf_example
[0.556s] -- Installing: /home/chief-of-mischief/Desktop/ROS-learnings/trying_ros_gazebo/install/urdf_example/share/ament_index/resource_index/parent_prefix_path/urdf_example
[0.557s] -- Installing: /home/chief-of-mischief/Desktop/ROS-learnings/trying_ros_gazebo/install/urdf_example/share/urdf_example/environment/ament_prefix_path.sh
[0.557s] -- Installing: /home/chief-of-mischief/Desktop/ROS-learnings/trying_ros_gazebo/install/urdf_example/share/urdf_example/environment/ament_prefix_path.dsv
[0.557s] -- Installing: /home/chief-of-mischief/Desktop/ROS-learnings/trying_ros_gazebo/install/urdf_example/share/urdf_example/environment/path.sh
[0.557s] -- Installing: /home/chief-of-mischief/Desktop/ROS-learnings/trying_ros_gazebo/install/urdf_example/share/urdf_example/environment/path.dsv
[0.557s] -- Installing: /home/chief-of-mischief/Desktop/ROS-learnings/trying_ros_gazebo/install/urdf_example/share/urdf_example/local_setup.bash
[0.557s] -- Installing: /home/chief-of-mischief/Desktop/ROS-learnings/trying_ros_gazebo/install/urdf_example/share/urdf_example/local_setup.sh
[0.557s] -- Installing: /home/chief-of-mischief/Desktop/ROS-learnings/trying_ros_gazebo/install/urdf_example/share/urdf_example/local_setup.zsh
[0.557s] -- Installing: /home/chief-of-mischief/Desktop/ROS-learnings/trying_ros_gazebo/install/urdf_example/share/urdf_example/local_setup.dsv
[0.558s] -- Installing: /home/chief-of-mischief/Desktop/ROS-learnings/trying_ros_gazebo/install/urdf_example/share/urdf_example/package.dsv
[0.558s] -- Installing: /home/chief-of-mischief/Desktop/ROS-learnings/trying_ros_gazebo/install/urdf_example/share/ament_index/resource_index/packages/urdf_example
[0.559s] -- Installing: /home/chief-of-mischief/Desktop/ROS-learnings/trying_ros_gazebo/install/urdf_example/share/urdf_example/cmake/urdf_exampleConfig.cmake
[0.560s] -- Installing: /home/chief-of-mischief/Desktop/ROS-learnings/trying_ros_gazebo/install/urdf_example/share/urdf_example/cmake/urdf_exampleConfig-version.cmake
[0.560s] -- Installing: /home/chief-of-mischief/Desktop/ROS-learnings/trying_ros_gazebo/install/urdf_example/share/urdf_example/package.xml
[0.561s] Invoked command in '/home/chief-of-mischief/Desktop/ROS-learnings/trying_ros_gazebo/build/urdf_example' returned '0': CMAKE_PREFIX_PATH=/home/chief-of-mischief/Desktop/ROS-learnings/ros2_ws/install/py_pkg:/opt/ros/humble CONDA_PROMPT_MODIFIER=(base) /usr/bin/cmake --install /home/chief-of-mischief/Desktop/ROS-learnings/trying_ros_gazebo/build/urdf_example
