[0.026s] Invoking command in '/home/chief-of-mischief/Desktop/ROS-learnings/ros2_ws/build/c_py_pkg': CMAKE_PREFIX_PATH=${CMAKE_PREFIX_PATH}:/home/chief-of-mischief/Desktop/ROS-learnings/ros2_ws/install/p_py_pkg:/opt/ros/humble CONDA_PROMPT_MODIFIER=(base) /usr/bin/cmake /home/chief-of-mischief/Desktop/ROS-learnings/ros2_ws/src/c_py_pkg -DAMENT_CMAKE_SYMLINK_INSTALL=1 -DCMAKE_INSTALL_PREFIX=/home/chief-of-mischief/Desktop/ROS-learnings/ros2_ws/install/c_py_pkg
[0.205s] -- Found ament_cmake: 1.3.3 (/opt/ros/humble/share/ament_cmake/cmake)
[0.205s] -- Override CMake install command with custom implementation using symlinks instead of copying resources
[0.205s] -- Found rclcpp: 16.0.2 (/opt/ros/humble/share/rclcpp/cmake)
[0.205s] -- Found rosidl_generator_c: 3.1.4 (/opt/ros/humble/share/rosidl_generator_c/cmake)
[0.205s] -- Found rosidl_adapter: 3.1.4 (/opt/ros/humble/share/rosidl_adapter/cmake)
[0.206s] -- Found rosidl_generator_cpp: 3.1.4 (/opt/ros/humble/share/rosidl_generator_cpp/cmake)
[0.206s] -- Using all available rosidl_typesupport_c: rosidl_typesupport_fastrtps_c;rosidl_typesupport_introspection_c
[0.206s] -- Using all available rosidl_typesupport_cpp: rosidl_typesupport_fastrtps_cpp;rosidl_typesupport_introspection_cpp
[0.221s] -- Found rmw_implementation_cmake: 6.1.1 (/opt/ros/humble/share/rmw_implementation_cmake/cmake)
[0.222s] -- Found rmw_fastrtps_cpp: 6.2.2 (/opt/ros/humble/share/rmw_fastrtps_cpp/cmake)
[0.303s] -- Using RMW implementation 'rmw_fastrtps_cpp' as default
[0.415s] -- Found rclpy: 3.3.5 (/opt/ros/humble/share/rclpy/cmake)
[0.460s] -- Found ament_lint_auto: 0.12.4 (/opt/ros/humble/share/ament_lint_auto/cmake)
[0.505s] -- Added test 'flake8' to check Python code syntax and style conventions
[0.506s] -- Added test 'lint_cmake' to check CMake code style
[0.506s] -- Added test 'pep257' to check Python code against some of the docstring style conventions in PEP 257
[0.506s] -- Added test 'xmllint' to check XML markup files
[0.508s] -- Configuring done
[0.510s] -- Generating done
[0.511s] -- Build files have been written to: /home/chief-of-mischief/Desktop/ROS-learnings/ros2_ws/build/c_py_pkg
[0.516s] Invoked command in '/home/chief-of-mischief/Desktop/ROS-learnings/ros2_ws/build/c_py_pkg' returned '0': CMAKE_PREFIX_PATH=${CMAKE_PREFIX_PATH}:/home/chief-of-mischief/Desktop/ROS-learnings/ros2_ws/install/p_py_pkg:/opt/ros/humble CONDA_PROMPT_MODIFIER=(base) /usr/bin/cmake /home/chief-of-mischief/Desktop/ROS-learnings/ros2_ws/src/c_py_pkg -DAMENT_CMAKE_SYMLINK_INSTALL=1 -DCMAKE_INSTALL_PREFIX=/home/chief-of-mischief/Desktop/ROS-learnings/ros2_ws/install/c_py_pkg
[0.517s] Invoking command in '/home/chief-of-mischief/Desktop/ROS-learnings/ros2_ws/build/c_py_pkg': CMAKE_PREFIX_PATH=${CMAKE_PREFIX_PATH}:/home/chief-of-mischief/Desktop/ROS-learnings/ros2_ws/install/p_py_pkg:/opt/ros/humble CONDA_PROMPT_MODIFIER=(base) /usr/bin/cmake --build /home/chief-of-mischief/Desktop/ROS-learnings/ros2_ws/build/c_py_pkg -- -j24 -l24
[0.549s] Built target ament_cmake_python_symlink_scripts
[0.712s] running egg_info
[0.713s] writing scripts.egg-info/PKG-INFO
[0.713s] writing dependency_links to scripts.egg-info/dependency_links.txt
[0.713s] writing top-level names to scripts.egg-info/top_level.txt
[0.714s] reading manifest file 'scripts.egg-info/SOURCES.txt'
[0.714s] writing manifest file 'scripts.egg-info/SOURCES.txt'
[0.734s] Built target ament_cmake_python_build_scripts_egg
[0.754s] Invoked command in '/home/chief-of-mischief/Desktop/ROS-learnings/ros2_ws/build/c_py_pkg' returned '0': CMAKE_PREFIX_PATH=${CMAKE_PREFIX_PATH}:/home/chief-of-mischief/Desktop/ROS-learnings/ros2_ws/install/p_py_pkg:/opt/ros/humble CONDA_PROMPT_MODIFIER=(base) /usr/bin/cmake --build /home/chief-of-mischief/Desktop/ROS-learnings/ros2_ws/build/c_py_pkg -- -j24 -l24
[0.770s] Invoking command in '/home/chief-of-mischief/Desktop/ROS-learnings/ros2_ws/build/c_py_pkg': CMAKE_PREFIX_PATH=${CMAKE_PREFIX_PATH}:/home/chief-of-mischief/Desktop/ROS-learnings/ros2_ws/install/p_py_pkg:/opt/ros/humble CONDA_PROMPT_MODIFIER=(base) /usr/bin/cmake --install /home/chief-of-mischief/Desktop/ROS-learnings/ros2_ws/build/c_py_pkg
[0.775s] -- Install configuration: ""
[0.775s] -- Execute custom install script
[0.775s] -- Up-to-date symlink: /home/chief-of-mischief/Desktop/ROS-learnings/ros2_ws/install/c_py_pkg/share/c_py_pkg/environment/pythonpath.sh
[0.775s] -- Up-to-date symlink: /home/chief-of-mischief/Desktop/ROS-learnings/ros2_ws/install/c_py_pkg/share/c_py_pkg/environment/pythonpath.dsv
[0.776s] -- Up-to-date symlink: /home/chief-of-mischief/Desktop/ROS-learnings/ros2_ws/install/c_py_pkg/local/lib/python3.10/dist-packages/scripts-0.0.0-py3.10.egg-info/PKG-INFO
[0.776s] -- Up-to-date symlink: /home/chief-of-mischief/Desktop/ROS-learnings/ros2_ws/install/c_py_pkg/local/lib/python3.10/dist-packages/scripts-0.0.0-py3.10.egg-info/SOURCES.txt
[0.776s] -- Up-to-date symlink: /home/chief-of-mischief/Desktop/ROS-learnings/ros2_ws/install/c_py_pkg/local/lib/python3.10/dist-packages/scripts-0.0.0-py3.10.egg-info/dependency_links.txt
[0.776s] -- Up-to-date symlink: /home/chief-of-mischief/Desktop/ROS-learnings/ros2_ws/install/c_py_pkg/local/lib/python3.10/dist-packages/scripts-0.0.0-py3.10.egg-info/top_level.txt
[0.776s] -- Up-to-date symlink: /home/chief-of-mischief/Desktop/ROS-learnings/ros2_ws/install/c_py_pkg/local/lib/python3.10/dist-packages/scripts/__init__.py
[0.776s] -- Up-to-date symlink: /home/chief-of-mischief/Desktop/ROS-learnings/ros2_ws/install/c_py_pkg/local/lib/python3.10/dist-packages/scripts/publisher.py
[0.776s] -- Up-to-date symlink: /home/chief-of-mischief/Desktop/ROS-learnings/ros2_ws/install/c_py_pkg/local/lib/python3.10/dist-packages/scripts/robot_news_station.py
[0.776s] -- Up-to-date symlink: /home/chief-of-mischief/Desktop/ROS-learnings/ros2_ws/install/c_py_pkg/local/lib/python3.10/dist-packages/scripts/subscriber.py
[0.777s] -- Up-to-date symlink: /home/chief-of-mischief/Desktop/ROS-learnings/ros2_ws/install/c_py_pkg/lib/c_py_pkg/publisher.py
[0.777s] -- Up-to-date symlink: /home/chief-of-mischief/Desktop/ROS-learnings/ros2_ws/install/c_py_pkg/lib/c_py_pkg/subscriber.py
[0.777s] -- Up-to-date symlink: /home/chief-of-mischief/Desktop/ROS-learnings/ros2_ws/install/c_py_pkg/lib/c_py_pkg/robot_news_station.py
[0.777s] -- Up-to-date symlink: /home/chief-of-mischief/Desktop/ROS-learnings/ros2_ws/install/c_py_pkg/share/ament_index/resource_index/package_run_dependencies/c_py_pkg
[0.777s] -- Up-to-date symlink: /home/chief-of-mischief/Desktop/ROS-learnings/ros2_ws/install/c_py_pkg/share/ament_index/resource_index/parent_prefix_path/c_py_pkg
[0.777s] -- Up-to-date symlink: /home/chief-of-mischief/Desktop/ROS-learnings/ros2_ws/install/c_py_pkg/share/c_py_pkg/environment/ament_prefix_path.sh
[0.777s] -- Up-to-date symlink: /home/chief-of-mischief/Desktop/ROS-learnings/ros2_ws/install/c_py_pkg/share/c_py_pkg/environment/ament_prefix_path.dsv
[0.777s] -- Up-to-date symlink: /home/chief-of-mischief/Desktop/ROS-learnings/ros2_ws/install/c_py_pkg/share/c_py_pkg/environment/path.sh
[0.777s] -- Up-to-date symlink: /home/chief-of-mischief/Desktop/ROS-learnings/ros2_ws/install/c_py_pkg/share/c_py_pkg/environment/path.dsv
[0.777s] -- Up-to-date symlink: /home/chief-of-mischief/Desktop/ROS-learnings/ros2_ws/install/c_py_pkg/share/c_py_pkg/local_setup.bash
[0.778s] -- Up-to-date symlink: /home/chief-of-mischief/Desktop/ROS-learnings/ros2_ws/install/c_py_pkg/share/c_py_pkg/local_setup.sh
[0.778s] -- Up-to-date symlink: /home/chief-of-mischief/Desktop/ROS-learnings/ros2_ws/install/c_py_pkg/share/c_py_pkg/local_setup.zsh
[0.778s] -- Up-to-date symlink: /home/chief-of-mischief/Desktop/ROS-learnings/ros2_ws/install/c_py_pkg/share/c_py_pkg/local_setup.dsv
[0.778s] -- Symlinking: /home/chief-of-mischief/Desktop/ROS-learnings/ros2_ws/install/c_py_pkg/share/c_py_pkg/package.dsv
[0.783s] -- Up-to-date symlink: /home/chief-of-mischief/Desktop/ROS-learnings/ros2_ws/install/c_py_pkg/share/ament_index/resource_index/packages/c_py_pkg
[0.783s] -- Up-to-date symlink: /home/chief-of-mischief/Desktop/ROS-learnings/ros2_ws/install/c_py_pkg/share/c_py_pkg/cmake/c_py_pkgConfig.cmake
[0.783s] -- Up-to-date symlink: /home/chief-of-mischief/Desktop/ROS-learnings/ros2_ws/install/c_py_pkg/share/c_py_pkg/cmake/c_py_pkgConfig-version.cmake
[0.783s] -- Up-to-date symlink: /home/chief-of-mischief/Desktop/ROS-learnings/ros2_ws/install/c_py_pkg/share/c_py_pkg/package.xml
[0.805s] Listing '/home/chief-of-mischief/Desktop/ROS-learnings/ros2_ws/install/c_py_pkg/local/lib/python3.10/dist-packages/scripts'...
[0.805s] Compiling '/home/chief-of-mischief/Desktop/ROS-learnings/ros2_ws/install/c_py_pkg/local/lib/python3.10/dist-packages/scripts/robot_news_station.py'...
[0.816s] Invoked command in '/home/chief-of-mischief/Desktop/ROS-learnings/ros2_ws/build/c_py_pkg' returned '0': CMAKE_PREFIX_PATH=${CMAKE_PREFIX_PATH}:/home/chief-of-mischief/Desktop/ROS-learnings/ros2_ws/install/p_py_pkg:/opt/ros/humble CONDA_PROMPT_MODIFIER=(base) /usr/bin/cmake --install /home/chief-of-mischief/Desktop/ROS-learnings/ros2_ws/build/c_py_pkg
