[0.373s] Invoking command in '/home/chief-of-mischief/Desktop/ROS-learnings/ros2_ws/src/my_py_pkg': CONDA_PROMPT_MODIFIER=(base) PYTHONPATH=/home/chief-of-mischief/Desktop/ROS-learnings/ros2_ws/build/my_py_pkg/prefix_override:/home/chief-of-mischief/Desktop/ROS-learnings/ros2_ws/install/my_py_pkg/lib/python3.10/site-packages:${PYTHONPATH} /usr/bin/python3 setup.py egg_info --egg-base ../../build/my_py_pkg build --build-base /home/chief-of-mischief/Desktop/ROS-learnings/ros2_ws/build/my_py_pkg/build install --record /home/chief-of-mischief/Desktop/ROS-learnings/ros2_ws/build/my_py_pkg/install.log --single-version-externally-managed
[0.499s] running egg_info
[0.500s] creating ../../build/my_py_pkg/my_py_pkg.egg-info
[0.500s] writing ../../build/my_py_pkg/my_py_pkg.egg-info/PKG-INFO
[0.500s] writing dependency_links to ../../build/my_py_pkg/my_py_pkg.egg-info/dependency_links.txt
[0.500s] writing entry points to ../../build/my_py_pkg/my_py_pkg.egg-info/entry_points.txt
[0.500s] writing requirements to ../../build/my_py_pkg/my_py_pkg.egg-info/requires.txt
[0.500s] writing top-level names to ../../build/my_py_pkg/my_py_pkg.egg-info/top_level.txt
[0.500s] writing manifest file '../../build/my_py_pkg/my_py_pkg.egg-info/SOURCES.txt'
[0.501s] reading manifest file '../../build/my_py_pkg/my_py_pkg.egg-info/SOURCES.txt'
[0.501s] writing manifest file '../../build/my_py_pkg/my_py_pkg.egg-info/SOURCES.txt'
[0.501s] running build
[0.502s] running build_py
[0.502s] creating /home/chief-of-mischief/Desktop/ROS-learnings/ros2_ws/build/my_py_pkg/build
[0.502s] creating /home/chief-of-mischief/Desktop/ROS-learnings/ros2_ws/build/my_py_pkg/build/lib
[0.502s] creating /home/chief-of-mischief/Desktop/ROS-learnings/ros2_ws/build/my_py_pkg/build/lib/my_py_pkg
[0.502s] copying my_py_pkg/__init__.py -> /home/chief-of-mischief/Desktop/ROS-learnings/ros2_ws/build/my_py_pkg/build/lib/my_py_pkg
[0.502s] running install
[0.502s] /usr/lib/python3/dist-packages/setuptools/command/install.py:34: SetuptoolsDeprecationWarning: setup.py install is deprecated. Use build and pip and other standards-based tools.
[0.502s]   warnings.warn(
[0.502s] running install_lib
[0.502s] creating /home/chief-of-mischief/Desktop/ROS-learnings/ros2_ws/install/my_py_pkg/lib/python3.10/site-packages/my_py_pkg
[0.503s] copying /home/chief-of-mischief/Desktop/ROS-learnings/ros2_ws/build/my_py_pkg/build/lib/my_py_pkg/__init__.py -> /home/chief-of-mischief/Desktop/ROS-learnings/ros2_ws/install/my_py_pkg/lib/python3.10/site-packages/my_py_pkg
[0.503s] byte-compiling /home/chief-of-mischief/Desktop/ROS-learnings/ros2_ws/install/my_py_pkg/lib/python3.10/site-packages/my_py_pkg/__init__.py to __init__.cpython-310.pyc
[0.503s] running install_data
[0.503s] creating /home/chief-of-mischief/Desktop/ROS-learnings/ros2_ws/install/my_py_pkg/share/ament_index
[0.503s] creating /home/chief-of-mischief/Desktop/ROS-learnings/ros2_ws/install/my_py_pkg/share/ament_index/resource_index
[0.503s] creating /home/chief-of-mischief/Desktop/ROS-learnings/ros2_ws/install/my_py_pkg/share/ament_index/resource_index/packages
[0.503s] copying resource/my_py_pkg -> /home/chief-of-mischief/Desktop/ROS-learnings/ros2_ws/install/my_py_pkg/share/ament_index/resource_index/packages
[0.503s] copying package.xml -> /home/chief-of-mischief/Desktop/ROS-learnings/ros2_ws/install/my_py_pkg/share/my_py_pkg
[0.503s] running install_egg_info
[0.504s] Copying ../../build/my_py_pkg/my_py_pkg.egg-info to /home/chief-of-mischief/Desktop/ROS-learnings/ros2_ws/install/my_py_pkg/lib/python3.10/site-packages/my_py_pkg-0.0.0-py3.10.egg-info
[0.505s] running install_scripts
[0.518s] writing list of installed files to '/home/chief-of-mischief/Desktop/ROS-learnings/ros2_ws/build/my_py_pkg/install.log'
[0.535s] Invoked command in '/home/chief-of-mischief/Desktop/ROS-learnings/ros2_ws/src/my_py_pkg' returned '0': CONDA_PROMPT_MODIFIER=(base) PYTHONPATH=/home/chief-of-mischief/Desktop/ROS-learnings/ros2_ws/build/my_py_pkg/prefix_override:/home/chief-of-mischief/Desktop/ROS-learnings/ros2_ws/install/my_py_pkg/lib/python3.10/site-packages:${PYTHONPATH} /usr/bin/python3 setup.py egg_info --egg-base ../../build/my_py_pkg build --build-base /home/chief-of-mischief/Desktop/ROS-learnings/ros2_ws/build/my_py_pkg/build install --record /home/chief-of-mischief/Desktop/ROS-learnings/ros2_ws/build/my_py_pkg/install.log --single-version-externally-managed
