[0.413s] DEBUG:colcon:Command line arguments: ['/usr/bin/colcon', 'build']
[0.413s] DEBUG:colcon:Parsed command line arguments: Namespace(log_base=None, log_level=None, verb_name='build', build_base='build', install_base='install', merge_install=False, symlink_install=False, test_result_base=None, continue_on_error=False, executor='parallel', parallel_workers=24, event_handlers=None, ignore_user_meta=False, metas=['./colcon.meta'], base_paths=['.'], packages_ignore=None, packages_ignore_regex=None, paths=None, packages_up_to=None, packages_up_to_regex=None, packages_above=None, packages_above_and_dependencies=None, packages_above_depth=None, packages_select_by_dep=None, packages_skip_by_dep=None, packages_skip_up_to=None, packages_select_build_failed=False, packages_skip_build_finished=False, packages_select_test_failures=False, packages_skip_test_passed=False, packages_select=None, packages_skip=None, packages_select_regex=None, packages_skip_regex=None, packages_start=None, packages_end=None, allow_overriding=[], cmake_args=None, cmake_target=None, cmake_target_skip_unavailable=False, cmake_clean_cache=False, cmake_clean_first=False, cmake_force_configure=False, ament_cmake_args=None, catkin_cmake_args=None, catkin_skip_building_tests=False, verb_parser=<colcon_defaults.argument_parser.defaults.DefaultArgumentsDecorator object at 0x7f18c561ec50>, verb_extension=<colcon_core.verb.build.BuildVerb object at 0x7f18c5f43250>, main=<bound method BuildVerb.main of <colcon_core.verb.build.BuildVerb object at 0x7f18c5f43250>>)
[0.442s] Level 1:colcon.colcon_core.package_discovery:discover_packages(colcon_meta) check parameters
[0.442s] Level 1:colcon.colcon_core.package_discovery:discover_packages(recursive) check parameters
[0.442s] Level 1:colcon.colcon_core.package_discovery:discover_packages(ignore) check parameters
[0.442s] Level 1:colcon.colcon_core.package_discovery:discover_packages(path) check parameters
[0.442s] Level 1:colcon.colcon_core.package_discovery:discover_packages(colcon_meta) discover
[0.442s] Level 1:colcon.colcon_core.package_discovery:discover_packages(recursive) discover
[0.442s] INFO:colcon.colcon_core.package_discovery:Crawling recursively for packages in '/home/chief-of-mischief/Desktop/ROS-learnings/ros2_ws'
[0.443s] Level 1:colcon.colcon_core.package_identification:_identify(.) by extensions ['ignore', 'ignore_ament_install']
[0.443s] Level 1:colcon.colcon_core.package_identification:_identify(.) by extension 'ignore'
[0.443s] Level 1:colcon.colcon_core.package_identification:_identify(.) by extension 'ignore_ament_install'
[0.443s] Level 1:colcon.colcon_core.package_identification:_identify(.) by extensions ['colcon_pkg']
[0.443s] Level 1:colcon.colcon_core.package_identification:_identify(.) by extension 'colcon_pkg'
[0.443s] Level 1:colcon.colcon_core.package_identification:_identify(.) by extensions ['colcon_meta']
[0.443s] Level 1:colcon.colcon_core.package_identification:_identify(.) by extension 'colcon_meta'
[0.443s] Level 1:colcon.colcon_core.package_identification:_identify(.) by extensions ['ros']
[0.443s] Level 1:colcon.colcon_core.package_identification:_identify(.) by extension 'ros'
[0.456s] Level 1:colcon.colcon_core.package_identification:_identify(.) by extensions ['cmake', 'python']
[0.456s] Level 1:colcon.colcon_core.package_identification:_identify(.) by extension 'cmake'
[0.456s] Level 1:colcon.colcon_core.package_identification:_identify(.) by extension 'python'
[0.456s] Level 1:colcon.colcon_core.package_identification:_identify(.) by extensions ['python_setup_py']
[0.456s] Level 1:colcon.colcon_core.package_identification:_identify(.) by extension 'python_setup_py'
[0.456s] Level 1:colcon.colcon_core.package_identification:_identify(build) by extensions ['ignore', 'ignore_ament_install']
[0.456s] Level 1:colcon.colcon_core.package_identification:_identify(build) by extension 'ignore'
[0.456s] Level 1:colcon.colcon_core.package_identification:_identify(build) ignored
[0.457s] Level 1:colcon.colcon_core.package_identification:_identify(install) by extensions ['ignore', 'ignore_ament_install']
[0.457s] Level 1:colcon.colcon_core.package_identification:_identify(install) by extension 'ignore'
[0.457s] Level 1:colcon.colcon_core.package_identification:_identify(install) ignored
[0.457s] Level 1:colcon.colcon_core.package_identification:_identify(log) by extensions ['ignore', 'ignore_ament_install']
[0.457s] Level 1:colcon.colcon_core.package_identification:_identify(log) by extension 'ignore'
[0.457s] Level 1:colcon.colcon_core.package_identification:_identify(log) ignored
[0.457s] Level 1:colcon.colcon_core.package_identification:_identify(src) by extensions ['ignore', 'ignore_ament_install']
[0.457s] Level 1:colcon.colcon_core.package_identification:_identify(src) by extension 'ignore'
[0.457s] Level 1:colcon.colcon_core.package_identification:_identify(src) by extension 'ignore_ament_install'
[0.457s] Level 1:colcon.colcon_core.package_identification:_identify(src) by extensions ['colcon_pkg']
[0.457s] Level 1:colcon.colcon_core.package_identification:_identify(src) by extension 'colcon_pkg'
[0.457s] Level 1:colcon.colcon_core.package_identification:_identify(src) by extensions ['colcon_meta']
[0.457s] Level 1:colcon.colcon_core.package_identification:_identify(src) by extension 'colcon_meta'
[0.457s] Level 1:colcon.colcon_core.package_identification:_identify(src) by extensions ['ros']
[0.457s] Level 1:colcon.colcon_core.package_identification:_identify(src) by extension 'ros'
[0.458s] Level 1:colcon.colcon_core.package_identification:_identify(src) by extensions ['cmake', 'python']
[0.458s] Level 1:colcon.colcon_core.package_identification:_identify(src) by extension 'cmake'
[0.458s] Level 1:colcon.colcon_core.package_identification:_identify(src) by extension 'python'
[0.458s] Level 1:colcon.colcon_core.package_identification:_identify(src) by extensions ['python_setup_py']
[0.458s] Level 1:colcon.colcon_core.package_identification:_identify(src) by extension 'python_setup_py'
[0.458s] Level 1:colcon.colcon_core.package_identification:_identify(src/c_py_pkg) by extensions ['ignore', 'ignore_ament_install']
[0.458s] Level 1:colcon.colcon_core.package_identification:_identify(src/c_py_pkg) by extension 'ignore'
[0.458s] Level 1:colcon.colcon_core.package_identification:_identify(src/c_py_pkg) by extension 'ignore_ament_install'
[0.458s] Level 1:colcon.colcon_core.package_identification:_identify(src/c_py_pkg) by extensions ['colcon_pkg']
[0.458s] Level 1:colcon.colcon_core.package_identification:_identify(src/c_py_pkg) by extension 'colcon_pkg'
[0.458s] Level 1:colcon.colcon_core.package_identification:_identify(src/c_py_pkg) by extensions ['colcon_meta']
[0.458s] Level 1:colcon.colcon_core.package_identification:_identify(src/c_py_pkg) by extension 'colcon_meta'
[0.458s] Level 1:colcon.colcon_core.package_identification:_identify(src/c_py_pkg) by extensions ['ros']
[0.458s] Level 1:colcon.colcon_core.package_identification:_identify(src/c_py_pkg) by extension 'ros'
[0.461s] DEBUG:colcon.colcon_core.package_identification:Package 'src/c_py_pkg' with type 'ros.ament_cmake' and name 'c_py_pkg'
[0.461s] Level 1:colcon.colcon_core.package_identification:_identify(src/cpp_pkg) by extensions ['ignore', 'ignore_ament_install']
[0.461s] Level 1:colcon.colcon_core.package_identification:_identify(src/cpp_pkg) by extension 'ignore'
[0.461s] Level 1:colcon.colcon_core.package_identification:_identify(src/cpp_pkg) by extension 'ignore_ament_install'
[0.462s] Level 1:colcon.colcon_core.package_identification:_identify(src/cpp_pkg) by extensions ['colcon_pkg']
[0.462s] Level 1:colcon.colcon_core.package_identification:_identify(src/cpp_pkg) by extension 'colcon_pkg'
[0.462s] Level 1:colcon.colcon_core.package_identification:_identify(src/cpp_pkg) by extensions ['colcon_meta']
[0.462s] Level 1:colcon.colcon_core.package_identification:_identify(src/cpp_pkg) by extension 'colcon_meta'
[0.462s] Level 1:colcon.colcon_core.package_identification:_identify(src/cpp_pkg) by extensions ['ros']
[0.462s] Level 1:colcon.colcon_core.package_identification:_identify(src/cpp_pkg) by extension 'ros'
[0.462s] DEBUG:colcon.colcon_core.package_identification:Package 'src/cpp_pkg' with type 'ros.ament_cmake' and name 'cpp_pkg'
[0.463s] Level 1:colcon.colcon_core.package_identification:_identify(src/p_py_pkg) by extensions ['ignore', 'ignore_ament_install']
[0.463s] Level 1:colcon.colcon_core.package_identification:_identify(src/p_py_pkg) by extension 'ignore'
[0.463s] Level 1:colcon.colcon_core.package_identification:_identify(src/p_py_pkg) by extension 'ignore_ament_install'
[0.463s] Level 1:colcon.colcon_core.package_identification:_identify(src/p_py_pkg) by extensions ['colcon_pkg']
[0.463s] Level 1:colcon.colcon_core.package_identification:_identify(src/p_py_pkg) by extension 'colcon_pkg'
[0.463s] Level 1:colcon.colcon_core.package_identification:_identify(src/p_py_pkg) by extensions ['colcon_meta']
[0.463s] Level 1:colcon.colcon_core.package_identification:_identify(src/p_py_pkg) by extension 'colcon_meta'
[0.463s] Level 1:colcon.colcon_core.package_identification:_identify(src/p_py_pkg) by extensions ['ros']
[0.463s] Level 1:colcon.colcon_core.package_identification:_identify(src/p_py_pkg) by extension 'ros'
[0.464s] DEBUG:colcon.colcon_core.package_identification:Package 'src/p_py_pkg' with type 'ros.ament_python' and name 'p_py_pkg'
[0.464s] Level 1:colcon.colcon_core.package_discovery:discover_packages(recursive) using defaults
[0.464s] Level 1:colcon.colcon_core.package_discovery:discover_packages(ignore) discover
[0.464s] Level 1:colcon.colcon_core.package_discovery:discover_packages(ignore) using defaults
[0.464s] Level 1:colcon.colcon_core.package_discovery:discover_packages(path) discover
[0.464s] Level 1:colcon.colcon_core.package_discovery:discover_packages(path) using defaults
[0.499s] Level 1:colcon.colcon_core.package_discovery:discover_packages(prefix_path) check parameters
[0.499s] Level 1:colcon.colcon_core.package_discovery:discover_packages(prefix_path) discover
[0.503s] DEBUG:colcon.colcon_installed_package_information.package_discovery:Found 3 installed packages in /home/chief-of-mischief/Desktop/ROS-learnings/ros2_ws/install
[0.506s] DEBUG:colcon.colcon_installed_package_information.package_discovery:Found 270 installed packages in /opt/ros/humble
[0.507s] Level 1:colcon.colcon_core.package_discovery:discover_packages(prefix_path) using defaults
[0.569s] Level 5:colcon.colcon_core.verb:set package 'c_py_pkg' build argument 'cmake_args' from command line to 'None'
[0.569s] Level 5:colcon.colcon_core.verb:set package 'c_py_pkg' build argument 'cmake_target' from command line to 'None'
[0.569s] Level 5:colcon.colcon_core.verb:set package 'c_py_pkg' build argument 'cmake_target_skip_unavailable' from command line to 'False'
[0.569s] Level 5:colcon.colcon_core.verb:set package 'c_py_pkg' build argument 'cmake_clean_cache' from command line to 'False'
[0.569s] Level 5:colcon.colcon_core.verb:set package 'c_py_pkg' build argument 'cmake_clean_first' from command line to 'False'
[0.569s] Level 5:colcon.colcon_core.verb:set package 'c_py_pkg' build argument 'cmake_force_configure' from command line to 'False'
[0.569s] Level 5:colcon.colcon_core.verb:set package 'c_py_pkg' build argument 'ament_cmake_args' from command line to 'None'
[0.569s] Level 5:colcon.colcon_core.verb:set package 'c_py_pkg' build argument 'catkin_cmake_args' from command line to 'None'
[0.570s] Level 5:colcon.colcon_core.verb:set package 'c_py_pkg' build argument 'catkin_skip_building_tests' from command line to 'False'
[0.570s] DEBUG:colcon.colcon_core.verb:Building package 'c_py_pkg' with the following arguments: {'ament_cmake_args': None, 'build_base': '/home/chief-of-mischief/Desktop/ROS-learnings/ros2_ws/build/c_py_pkg', 'catkin_cmake_args': None, 'catkin_skip_building_tests': False, 'cmake_args': None, 'cmake_clean_cache': False, 'cmake_clean_first': False, 'cmake_force_configure': False, 'cmake_target': None, 'cmake_target_skip_unavailable': False, 'install_base': '/home/chief-of-mischief/Desktop/ROS-learnings/ros2_ws/install/c_py_pkg', 'merge_install': False, 'path': '/home/chief-of-mischief/Desktop/ROS-learnings/ros2_ws/src/c_py_pkg', 'symlink_install': False, 'test_result_base': None}
[0.572s] Level 5:colcon.colcon_core.verb:set package 'cpp_pkg' build argument 'cmake_args' from command line to 'None'
[0.572s] Level 5:colcon.colcon_core.verb:set package 'cpp_pkg' build argument 'cmake_target' from command line to 'None'
[0.572s] Level 5:colcon.colcon_core.verb:set package 'cpp_pkg' build argument 'cmake_target_skip_unavailable' from command line to 'False'
[0.572s] Level 5:colcon.colcon_core.verb:set package 'cpp_pkg' build argument 'cmake_clean_cache' from command line to 'False'
[0.572s] Level 5:colcon.colcon_core.verb:set package 'cpp_pkg' build argument 'cmake_clean_first' from command line to 'False'
[0.572s] Level 5:colcon.colcon_core.verb:set package 'cpp_pkg' build argument 'cmake_force_configure' from command line to 'False'
[0.572s] Level 5:colcon.colcon_core.verb:set package 'cpp_pkg' build argument 'ament_cmake_args' from command line to 'None'
[0.572s] Level 5:colcon.colcon_core.verb:set package 'cpp_pkg' build argument 'catkin_cmake_args' from command line to 'None'
[0.572s] Level 5:colcon.colcon_core.verb:set package 'cpp_pkg' build argument 'catkin_skip_building_tests' from command line to 'False'
[0.572s] DEBUG:colcon.colcon_core.verb:Building package 'cpp_pkg' with the following arguments: {'ament_cmake_args': None, 'build_base': '/home/chief-of-mischief/Desktop/ROS-learnings/ros2_ws/build/cpp_pkg', 'catkin_cmake_args': None, 'catkin_skip_building_tests': False, 'cmake_args': None, 'cmake_clean_cache': False, 'cmake_clean_first': False, 'cmake_force_configure': False, 'cmake_target': None, 'cmake_target_skip_unavailable': False, 'install_base': '/home/chief-of-mischief/Desktop/ROS-learnings/ros2_ws/install/cpp_pkg', 'merge_install': False, 'path': '/home/chief-of-mischief/Desktop/ROS-learnings/ros2_ws/src/cpp_pkg', 'symlink_install': False, 'test_result_base': None}
[0.574s] Level 5:colcon.colcon_core.verb:set package 'p_py_pkg' build argument 'cmake_args' from command line to 'None'
[0.574s] Level 5:colcon.colcon_core.verb:set package 'p_py_pkg' build argument 'cmake_target' from command line to 'None'
[0.574s] Level 5:colcon.colcon_core.verb:set package 'p_py_pkg' build argument 'cmake_target_skip_unavailable' from command line to 'False'
[0.574s] Level 5:colcon.colcon_core.verb:set package 'p_py_pkg' build argument 'cmake_clean_cache' from command line to 'False'
[0.574s] Level 5:colcon.colcon_core.verb:set package 'p_py_pkg' build argument 'cmake_clean_first' from command line to 'False'
[0.574s] Level 5:colcon.colcon_core.verb:set package 'p_py_pkg' build argument 'cmake_force_configure' from command line to 'False'
[0.574s] Level 5:colcon.colcon_core.verb:set package 'p_py_pkg' build argument 'ament_cmake_args' from command line to 'None'
[0.574s] Level 5:colcon.colcon_core.verb:set package 'p_py_pkg' build argument 'catkin_cmake_args' from command line to 'None'
[0.574s] Level 5:colcon.colcon_core.verb:set package 'p_py_pkg' build argument 'catkin_skip_building_tests' from command line to 'False'
[0.574s] DEBUG:colcon.colcon_core.verb:Building package 'p_py_pkg' with the following arguments: {'ament_cmake_args': None, 'build_base': '/home/chief-of-mischief/Desktop/ROS-learnings/ros2_ws/build/p_py_pkg', 'catkin_cmake_args': None, 'catkin_skip_building_tests': False, 'cmake_args': None, 'cmake_clean_cache': False, 'cmake_clean_first': False, 'cmake_force_configure': False, 'cmake_target': None, 'cmake_target_skip_unavailable': False, 'install_base': '/home/chief-of-mischief/Desktop/ROS-learnings/ros2_ws/install/p_py_pkg', 'merge_install': False, 'path': '/home/chief-of-mischief/Desktop/ROS-learnings/ros2_ws/src/p_py_pkg', 'symlink_install': False, 'test_result_base': None}
[0.575s] INFO:colcon.colcon_core.executor:Executing jobs using 'parallel' executor
[0.585s] DEBUG:colcon.colcon_parallel_executor.executor.parallel:run_until_complete
[0.586s] INFO:colcon.colcon_ros.task.ament_cmake.build:Building ROS package in '/home/chief-of-mischief/Desktop/ROS-learnings/ros2_ws/src/c_py_pkg' with build type 'ament_cmake'
[0.586s] INFO:colcon.colcon_cmake.task.cmake.build:Building CMake package in '/home/chief-of-mischief/Desktop/ROS-learnings/ros2_ws/src/c_py_pkg'
[0.593s] INFO:colcon.colcon_core.plugin_system:Skipping extension 'colcon_core.shell.bat': Not used on non-Windows systems
[0.593s] INFO:colcon.colcon_core.shell:Skip shell extension 'powershell' for command environment: Not usable outside of PowerShell
[0.593s] DEBUG:colcon.colcon_core.shell:Skip shell extension 'dsv' for command environment
[0.600s] INFO:colcon.colcon_ros.task.ament_cmake.build:Building ROS package in '/home/chief-of-mischief/Desktop/ROS-learnings/ros2_ws/src/cpp_pkg' with build type 'ament_cmake'
[0.600s] INFO:colcon.colcon_cmake.task.cmake.build:Building CMake package in '/home/chief-of-mischief/Desktop/ROS-learnings/ros2_ws/src/cpp_pkg'
[0.604s] INFO:colcon.colcon_core.shell:Skip shell extension 'powershell' for command environment: Not usable outside of PowerShell
[0.604s] DEBUG:colcon.colcon_core.shell:Skip shell extension 'dsv' for command environment
[0.611s] INFO:colcon.colcon_ros.task.ament_python.build:Building ROS package in '/home/chief-of-mischief/Desktop/ROS-learnings/ros2_ws/src/p_py_pkg' with build type 'ament_python'
[0.611s] Level 1:colcon.colcon_core.shell:create_environment_hook('p_py_pkg', 'ament_prefix_path')
[0.615s] INFO:colcon.colcon_core.shell:Creating environment hook '/home/chief-of-mischief/Desktop/ROS-learnings/ros2_ws/install/p_py_pkg/share/p_py_pkg/hook/ament_prefix_path.ps1'
[0.617s] INFO:colcon.colcon_core.shell:Creating environment descriptor '/home/chief-of-mischief/Desktop/ROS-learnings/ros2_ws/install/p_py_pkg/share/p_py_pkg/hook/ament_prefix_path.dsv'
[0.618s] INFO:colcon.colcon_core.shell:Creating environment hook '/home/chief-of-mischief/Desktop/ROS-learnings/ros2_ws/install/p_py_pkg/share/p_py_pkg/hook/ament_prefix_path.sh'
[0.623s] INFO:colcon.colcon_core.shell:Skip shell extension 'powershell' for command environment: Not usable outside of PowerShell
[0.623s] DEBUG:colcon.colcon_core.shell:Skip shell extension 'dsv' for command environment
[0.638s] DEBUG:colcon.colcon_core.event_handler.log_command:Invoking command in '/home/chief-of-mischief/Desktop/ROS-learnings/ros2_ws/build/c_py_pkg': CMAKE_PREFIX_PATH=${CMAKE_PREFIX_PATH}:/home/chief-of-mischief/Desktop/ROS-learnings/ros2_ws/install/p_py_pkg:/opt/ros/humble /usr/bin/cmake --build /home/chief-of-mischief/Desktop/ROS-learnings/ros2_ws/build/c_py_pkg -- -j24 -l24
[0.643s] DEBUG:colcon.colcon_core.event_handler.log_command:Invoking command in '/home/chief-of-mischief/Desktop/ROS-learnings/ros2_ws/build/cpp_pkg': CMAKE_PREFIX_PATH=${CMAKE_PREFIX_PATH}:/home/chief-of-mischief/Desktop/ROS-learnings/ros2_ws/install/p_py_pkg:/opt/ros/humble /usr/bin/cmake --build /home/chief-of-mischief/Desktop/ROS-learnings/ros2_ws/build/cpp_pkg -- -j24 -l24
[0.936s] INFO:colcon.colcon_core.task.python.build:Building Python package in '/home/chief-of-mischief/Desktop/ROS-learnings/ros2_ws/src/p_py_pkg'
[0.940s] INFO:colcon.colcon_core.shell:Skip shell extension 'powershell' for command environment: Not usable outside of PowerShell
[0.940s] DEBUG:colcon.colcon_core.shell:Skip shell extension 'dsv' for command environment
[0.949s] DEBUG:colcon.colcon_core.event_handler.log_command:Invoked command in '/home/chief-of-mischief/Desktop/ROS-learnings/ros2_ws/build/cpp_pkg' returned '0': CMAKE_PREFIX_PATH=${CMAKE_PREFIX_PATH}:/home/chief-of-mischief/Desktop/ROS-learnings/ros2_ws/install/p_py_pkg:/opt/ros/humble /usr/bin/cmake --build /home/chief-of-mischief/Desktop/ROS-learnings/ros2_ws/build/cpp_pkg -- -j24 -l24
[0.987s] DEBUG:colcon.colcon_core.event_handler.log_command:Invoking command in '/home/chief-of-mischief/Desktop/ROS-learnings/ros2_ws/build/cpp_pkg': CMAKE_PREFIX_PATH=${CMAKE_PREFIX_PATH}:/home/chief-of-mischief/Desktop/ROS-learnings/ros2_ws/install/p_py_pkg:/opt/ros/humble /usr/bin/cmake --install /home/chief-of-mischief/Desktop/ROS-learnings/ros2_ws/build/cpp_pkg
[1.008s] Level 1:colcon.colcon_core.environment:create_environment_scripts_only(cpp_pkg)
[1.010s] DEBUG:colcon.colcon_core.event_handler.log_command:Invoked command in '/home/chief-of-mischief/Desktop/ROS-learnings/ros2_ws/build/cpp_pkg' returned '0': CMAKE_PREFIX_PATH=${CMAKE_PREFIX_PATH}:/home/chief-of-mischief/Desktop/ROS-learnings/ros2_ws/install/p_py_pkg:/opt/ros/humble /usr/bin/cmake --install /home/chief-of-mischief/Desktop/ROS-learnings/ros2_ws/build/cpp_pkg
[1.018s] Level 1:colcon.colcon_core.environment:checking '/home/chief-of-mischief/Desktop/ROS-learnings/ros2_ws/install/cpp_pkg' for CMake module files
[1.018s] Level 1:colcon.colcon_core.environment:checking '/home/chief-of-mischief/Desktop/ROS-learnings/ros2_ws/install/cpp_pkg' for CMake config files
[1.019s] Level 1:colcon.colcon_core.shell:create_environment_hook('cpp_pkg', 'cmake_prefix_path')
[1.023s] INFO:colcon.colcon_core.shell:Creating environment hook '/home/chief-of-mischief/Desktop/ROS-learnings/ros2_ws/install/cpp_pkg/share/cpp_pkg/hook/cmake_prefix_path.ps1'
[1.023s] INFO:colcon.colcon_core.shell:Creating environment descriptor '/home/chief-of-mischief/Desktop/ROS-learnings/ros2_ws/install/cpp_pkg/share/cpp_pkg/hook/cmake_prefix_path.dsv'
[1.024s] INFO:colcon.colcon_core.shell:Creating environment hook '/home/chief-of-mischief/Desktop/ROS-learnings/ros2_ws/install/cpp_pkg/share/cpp_pkg/hook/cmake_prefix_path.sh'
[1.024s] Level 1:colcon.colcon_core.environment:checking '/home/chief-of-mischief/Desktop/ROS-learnings/ros2_ws/install/cpp_pkg/lib'
[1.025s] Level 1:colcon.colcon_core.environment:checking '/home/chief-of-mischief/Desktop/ROS-learnings/ros2_ws/install/cpp_pkg/bin'
[1.025s] Level 1:colcon.colcon_core.environment:checking '/home/chief-of-mischief/Desktop/ROS-learnings/ros2_ws/install/cpp_pkg/lib/pkgconfig/cpp_pkg.pc'
[1.025s] Level 1:colcon.colcon_core.environment:checking '/home/chief-of-mischief/Desktop/ROS-learnings/ros2_ws/install/cpp_pkg/lib/python3.10/site-packages'
[1.025s] Level 1:colcon.colcon_core.environment:checking '/home/chief-of-mischief/Desktop/ROS-learnings/ros2_ws/install/cpp_pkg/bin'
[1.029s] INFO:colcon.colcon_core.shell:Creating package script '/home/chief-of-mischief/Desktop/ROS-learnings/ros2_ws/install/cpp_pkg/share/cpp_pkg/package.ps1'
[1.030s] INFO:colcon.colcon_core.shell:Creating package descriptor '/home/chief-of-mischief/Desktop/ROS-learnings/ros2_ws/install/cpp_pkg/share/cpp_pkg/package.dsv'
[1.030s] INFO:colcon.colcon_core.shell:Creating package script '/home/chief-of-mischief/Desktop/ROS-learnings/ros2_ws/install/cpp_pkg/share/cpp_pkg/package.sh'
[1.031s] INFO:colcon.colcon_core.shell:Creating package script '/home/chief-of-mischief/Desktop/ROS-learnings/ros2_ws/install/cpp_pkg/share/cpp_pkg/package.bash'
[1.032s] INFO:colcon.colcon_core.shell:Creating package script '/home/chief-of-mischief/Desktop/ROS-learnings/ros2_ws/install/cpp_pkg/share/cpp_pkg/package.zsh'
[1.033s] Level 1:colcon.colcon_core.environment:create_file_with_runtime_dependencies(/home/chief-of-mischief/Desktop/ROS-learnings/ros2_ws/install/cpp_pkg/share/colcon-core/packages/cpp_pkg)
[1.035s] DEBUG:colcon.colcon_core.event_handler.log_command:Invoked command in '/home/chief-of-mischief/Desktop/ROS-learnings/ros2_ws/build/c_py_pkg' returned '0': CMAKE_PREFIX_PATH=${CMAKE_PREFIX_PATH}:/home/chief-of-mischief/Desktop/ROS-learnings/ros2_ws/install/p_py_pkg:/opt/ros/humble /usr/bin/cmake --build /home/chief-of-mischief/Desktop/ROS-learnings/ros2_ws/build/c_py_pkg -- -j24 -l24
[1.061s] DEBUG:colcon.colcon_core.event_handler.log_command:Invoking command in '/home/chief-of-mischief/Desktop/ROS-learnings/ros2_ws/build/c_py_pkg': CMAKE_PREFIX_PATH=${CMAKE_PREFIX_PATH}:/home/chief-of-mischief/Desktop/ROS-learnings/ros2_ws/install/p_py_pkg:/opt/ros/humble /usr/bin/cmake --install /home/chief-of-mischief/Desktop/ROS-learnings/ros2_ws/build/c_py_pkg
[1.065s] Level 1:colcon.colcon_core.environment:create_environment_scripts_only(cpp_pkg)
[1.071s] Level 1:colcon.colcon_core.environment:checking '/home/chief-of-mischief/Desktop/ROS-learnings/ros2_ws/install/cpp_pkg' for CMake module files
[1.072s] Level 1:colcon.colcon_core.environment:checking '/home/chief-of-mischief/Desktop/ROS-learnings/ros2_ws/install/cpp_pkg' for CMake config files
[1.072s] Level 1:colcon.colcon_core.shell:create_environment_hook('cpp_pkg', 'cmake_prefix_path')
[1.076s] INFO:colcon.colcon_core.shell:Creating environment hook '/home/chief-of-mischief/Desktop/ROS-learnings/ros2_ws/install/cpp_pkg/share/cpp_pkg/hook/cmake_prefix_path.ps1'
[1.077s] INFO:colcon.colcon_core.shell:Creating environment descriptor '/home/chief-of-mischief/Desktop/ROS-learnings/ros2_ws/install/cpp_pkg/share/cpp_pkg/hook/cmake_prefix_path.dsv'
[1.077s] INFO:colcon.colcon_core.shell:Creating environment hook '/home/chief-of-mischief/Desktop/ROS-learnings/ros2_ws/install/cpp_pkg/share/cpp_pkg/hook/cmake_prefix_path.sh'
[1.077s] Level 1:colcon.colcon_core.environment:checking '/home/chief-of-mischief/Desktop/ROS-learnings/ros2_ws/install/cpp_pkg/lib'
[1.078s] Level 1:colcon.colcon_core.environment:checking '/home/chief-of-mischief/Desktop/ROS-learnings/ros2_ws/install/cpp_pkg/bin'
[1.078s] Level 1:colcon.colcon_core.environment:checking '/home/chief-of-mischief/Desktop/ROS-learnings/ros2_ws/install/cpp_pkg/lib/pkgconfig/cpp_pkg.pc'
[1.078s] Level 1:colcon.colcon_core.environment:checking '/home/chief-of-mischief/Desktop/ROS-learnings/ros2_ws/install/cpp_pkg/lib/python3.10/site-packages'
[1.078s] Level 1:colcon.colcon_core.environment:checking '/home/chief-of-mischief/Desktop/ROS-learnings/ros2_ws/install/cpp_pkg/bin'
[1.082s] INFO:colcon.colcon_core.shell:Creating package script '/home/chief-of-mischief/Desktop/ROS-learnings/ros2_ws/install/cpp_pkg/share/cpp_pkg/package.ps1'
[1.083s] INFO:colcon.colcon_core.shell:Creating package descriptor '/home/chief-of-mischief/Desktop/ROS-learnings/ros2_ws/install/cpp_pkg/share/cpp_pkg/package.dsv'
[1.084s] INFO:colcon.colcon_core.shell:Creating package script '/home/chief-of-mischief/Desktop/ROS-learnings/ros2_ws/install/cpp_pkg/share/cpp_pkg/package.sh'
[1.084s] INFO:colcon.colcon_core.shell:Creating package script '/home/chief-of-mischief/Desktop/ROS-learnings/ros2_ws/install/cpp_pkg/share/cpp_pkg/package.bash'
[1.085s] INFO:colcon.colcon_core.shell:Creating package script '/home/chief-of-mischief/Desktop/ROS-learnings/ros2_ws/install/cpp_pkg/share/cpp_pkg/package.zsh'
[1.085s] Level 1:colcon.colcon_core.environment:create_file_with_runtime_dependencies(/home/chief-of-mischief/Desktop/ROS-learnings/ros2_ws/install/cpp_pkg/share/colcon-core/packages/cpp_pkg)
[1.147s] Level 1:colcon.colcon_core.environment:create_environment_scripts_only(c_py_pkg)
[1.153s] Level 1:colcon.colcon_core.environment:checking '/home/chief-of-mischief/Desktop/ROS-learnings/ros2_ws/install/c_py_pkg' for CMake module files
[1.154s] DEBUG:colcon.colcon_core.event_handler.log_command:Invoked command in '/home/chief-of-mischief/Desktop/ROS-learnings/ros2_ws/build/c_py_pkg' returned '0': CMAKE_PREFIX_PATH=${CMAKE_PREFIX_PATH}:/home/chief-of-mischief/Desktop/ROS-learnings/ros2_ws/install/p_py_pkg:/opt/ros/humble /usr/bin/cmake --install /home/chief-of-mischief/Desktop/ROS-learnings/ros2_ws/build/c_py_pkg
[1.154s] Level 1:colcon.colcon_core.environment:checking '/home/chief-of-mischief/Desktop/ROS-learnings/ros2_ws/install/c_py_pkg' for CMake config files
[1.155s] Level 1:colcon.colcon_core.shell:create_environment_hook('c_py_pkg', 'cmake_prefix_path')
[1.159s] INFO:colcon.colcon_core.shell:Creating environment hook '/home/chief-of-mischief/Desktop/ROS-learnings/ros2_ws/install/c_py_pkg/share/c_py_pkg/hook/cmake_prefix_path.ps1'
[1.159s] INFO:colcon.colcon_core.shell:Creating environment descriptor '/home/chief-of-mischief/Desktop/ROS-learnings/ros2_ws/install/c_py_pkg/share/c_py_pkg/hook/cmake_prefix_path.dsv'
[1.159s] INFO:colcon.colcon_core.shell:Creating environment hook '/home/chief-of-mischief/Desktop/ROS-learnings/ros2_ws/install/c_py_pkg/share/c_py_pkg/hook/cmake_prefix_path.sh'
[1.160s] Level 1:colcon.colcon_core.environment:checking '/home/chief-of-mischief/Desktop/ROS-learnings/ros2_ws/install/c_py_pkg/lib'
[1.160s] Level 1:colcon.colcon_core.environment:checking '/home/chief-of-mischief/Desktop/ROS-learnings/ros2_ws/install/c_py_pkg/bin'
[1.160s] Level 1:colcon.colcon_core.environment:checking '/home/chief-of-mischief/Desktop/ROS-learnings/ros2_ws/install/c_py_pkg/lib/pkgconfig/c_py_pkg.pc'
[1.160s] Level 1:colcon.colcon_core.environment:checking '/home/chief-of-mischief/Desktop/ROS-learnings/ros2_ws/install/c_py_pkg/lib/python3.10/site-packages'
[1.161s] Level 1:colcon.colcon_core.environment:checking '/home/chief-of-mischief/Desktop/ROS-learnings/ros2_ws/install/c_py_pkg/bin'
[1.164s] INFO:colcon.colcon_core.shell:Creating package script '/home/chief-of-mischief/Desktop/ROS-learnings/ros2_ws/install/c_py_pkg/share/c_py_pkg/package.ps1'
[1.165s] INFO:colcon.colcon_core.shell:Creating package descriptor '/home/chief-of-mischief/Desktop/ROS-learnings/ros2_ws/install/c_py_pkg/share/c_py_pkg/package.dsv'
[1.165s] INFO:colcon.colcon_core.shell:Creating package script '/home/chief-of-mischief/Desktop/ROS-learnings/ros2_ws/install/c_py_pkg/share/c_py_pkg/package.sh'
[1.165s] INFO:colcon.colcon_core.shell:Creating package script '/home/chief-of-mischief/Desktop/ROS-learnings/ros2_ws/install/c_py_pkg/share/c_py_pkg/package.bash'
[1.166s] INFO:colcon.colcon_core.shell:Creating package script '/home/chief-of-mischief/Desktop/ROS-learnings/ros2_ws/install/c_py_pkg/share/c_py_pkg/package.zsh'
[1.166s] Level 1:colcon.colcon_core.environment:create_file_with_runtime_dependencies(/home/chief-of-mischief/Desktop/ROS-learnings/ros2_ws/install/c_py_pkg/share/colcon-core/packages/c_py_pkg)
[1.192s] Level 1:colcon.colcon_core.environment:create_environment_scripts_only(c_py_pkg)
[1.197s] Level 1:colcon.colcon_core.environment:checking '/home/chief-of-mischief/Desktop/ROS-learnings/ros2_ws/install/c_py_pkg' for CMake module files
[1.197s] Level 1:colcon.colcon_core.environment:checking '/home/chief-of-mischief/Desktop/ROS-learnings/ros2_ws/install/c_py_pkg' for CMake config files
[1.198s] Level 1:colcon.colcon_core.shell:create_environment_hook('c_py_pkg', 'cmake_prefix_path')
[1.201s] INFO:colcon.colcon_core.shell:Creating environment hook '/home/chief-of-mischief/Desktop/ROS-learnings/ros2_ws/install/c_py_pkg/share/c_py_pkg/hook/cmake_prefix_path.ps1'
[1.202s] INFO:colcon.colcon_core.shell:Creating environment descriptor '/home/chief-of-mischief/Desktop/ROS-learnings/ros2_ws/install/c_py_pkg/share/c_py_pkg/hook/cmake_prefix_path.dsv'
[1.202s] INFO:colcon.colcon_core.shell:Creating environment hook '/home/chief-of-mischief/Desktop/ROS-learnings/ros2_ws/install/c_py_pkg/share/c_py_pkg/hook/cmake_prefix_path.sh'
[1.203s] Level 1:colcon.colcon_core.environment:checking '/home/chief-of-mischief/Desktop/ROS-learnings/ros2_ws/install/c_py_pkg/lib'
[1.203s] Level 1:colcon.colcon_core.environment:checking '/home/chief-of-mischief/Desktop/ROS-learnings/ros2_ws/install/c_py_pkg/bin'
[1.203s] Level 1:colcon.colcon_core.environment:checking '/home/chief-of-mischief/Desktop/ROS-learnings/ros2_ws/install/c_py_pkg/lib/pkgconfig/c_py_pkg.pc'
[1.203s] Level 1:colcon.colcon_core.environment:checking '/home/chief-of-mischief/Desktop/ROS-learnings/ros2_ws/install/c_py_pkg/lib/python3.10/site-packages'
[1.203s] Level 1:colcon.colcon_core.environment:checking '/home/chief-of-mischief/Desktop/ROS-learnings/ros2_ws/install/c_py_pkg/bin'
[1.207s] INFO:colcon.colcon_core.shell:Creating package script '/home/chief-of-mischief/Desktop/ROS-learnings/ros2_ws/install/c_py_pkg/share/c_py_pkg/package.ps1'
[1.208s] INFO:colcon.colcon_core.shell:Creating package descriptor '/home/chief-of-mischief/Desktop/ROS-learnings/ros2_ws/install/c_py_pkg/share/c_py_pkg/package.dsv'
[1.208s] INFO:colcon.colcon_core.shell:Creating package script '/home/chief-of-mischief/Desktop/ROS-learnings/ros2_ws/install/c_py_pkg/share/c_py_pkg/package.sh'
[1.209s] INFO:colcon.colcon_core.shell:Creating package script '/home/chief-of-mischief/Desktop/ROS-learnings/ros2_ws/install/c_py_pkg/share/c_py_pkg/package.bash'
[1.209s] INFO:colcon.colcon_core.shell:Creating package script '/home/chief-of-mischief/Desktop/ROS-learnings/ros2_ws/install/c_py_pkg/share/c_py_pkg/package.zsh'
[1.209s] Level 1:colcon.colcon_core.environment:create_file_with_runtime_dependencies(/home/chief-of-mischief/Desktop/ROS-learnings/ros2_ws/install/c_py_pkg/share/colcon-core/packages/c_py_pkg)
[1.332s] DEBUG:colcon.colcon_core.event_handler.log_command:Invoking command in '/home/chief-of-mischief/Desktop/ROS-learnings/ros2_ws/build/p_py_pkg': PYTHONPATH=/home/chief-of-mischief/Desktop/ROS-learnings/ros2_ws/build/p_py_pkg/prefix_override:/home/chief-of-mischief/Desktop/ROS-learnings/ros2_ws/install/p_py_pkg/lib/python3.10/site-packages:${PYTHONPATH} /usr/bin/python3 setup.py develop --uninstall --editable --build-directory /home/chief-of-mischief/Desktop/ROS-learnings/ros2_ws/build/p_py_pkg/build
[1.849s] DEBUG:colcon.colcon_core.event_handler.log_command:Invoked command in '/home/chief-of-mischief/Desktop/ROS-learnings/ros2_ws/build/p_py_pkg' returned '0': PYTHONPATH=/home/chief-of-mischief/Desktop/ROS-learnings/ros2_ws/build/p_py_pkg/prefix_override:/home/chief-of-mischief/Desktop/ROS-learnings/ros2_ws/install/p_py_pkg/lib/python3.10/site-packages:${PYTHONPATH} /usr/bin/python3 setup.py develop --uninstall --editable --build-directory /home/chief-of-mischief/Desktop/ROS-learnings/ros2_ws/build/p_py_pkg/build
[1.851s] DEBUG:colcon.colcon_core.event_handler.log_command:Invoking command in '/home/chief-of-mischief/Desktop/ROS-learnings/ros2_ws/src/p_py_pkg': PYTHONPATH=/home/chief-of-mischief/Desktop/ROS-learnings/ros2_ws/build/p_py_pkg/prefix_override:/home/chief-of-mischief/Desktop/ROS-learnings/ros2_ws/install/p_py_pkg/lib/python3.10/site-packages:${PYTHONPATH} /usr/bin/python3 setup.py egg_info --egg-base ../../build/p_py_pkg build --build-base /home/chief-of-mischief/Desktop/ROS-learnings/ros2_ws/build/p_py_pkg/build install --record /home/chief-of-mischief/Desktop/ROS-learnings/ros2_ws/build/p_py_pkg/install.log --single-version-externally-managed
[2.186s] Level 1:colcon.colcon_core.environment:checking '/home/chief-of-mischief/Desktop/ROS-learnings/ros2_ws/install/p_py_pkg' for CMake module files
[2.187s] DEBUG:colcon.colcon_core.event_handler.log_command:Invoked command in '/home/chief-of-mischief/Desktop/ROS-learnings/ros2_ws/src/p_py_pkg' returned '0': PYTHONPATH=/home/chief-of-mischief/Desktop/ROS-learnings/ros2_ws/build/p_py_pkg/prefix_override:/home/chief-of-mischief/Desktop/ROS-learnings/ros2_ws/install/p_py_pkg/lib/python3.10/site-packages:${PYTHONPATH} /usr/bin/python3 setup.py egg_info --egg-base ../../build/p_py_pkg build --build-base /home/chief-of-mischief/Desktop/ROS-learnings/ros2_ws/build/p_py_pkg/build install --record /home/chief-of-mischief/Desktop/ROS-learnings/ros2_ws/build/p_py_pkg/install.log --single-version-externally-managed
[2.188s] Level 1:colcon.colcon_core.environment:checking '/home/chief-of-mischief/Desktop/ROS-learnings/ros2_ws/install/p_py_pkg' for CMake config files
[2.188s] Level 1:colcon.colcon_core.environment:checking '/home/chief-of-mischief/Desktop/ROS-learnings/ros2_ws/install/p_py_pkg/lib'
[2.188s] Level 1:colcon.colcon_core.environment:checking '/home/chief-of-mischief/Desktop/ROS-learnings/ros2_ws/install/p_py_pkg/bin'
[2.188s] Level 1:colcon.colcon_core.environment:checking '/home/chief-of-mischief/Desktop/ROS-learnings/ros2_ws/install/p_py_pkg/lib/pkgconfig/p_py_pkg.pc'
[2.189s] Level 1:colcon.colcon_core.environment:checking '/home/chief-of-mischief/Desktop/ROS-learnings/ros2_ws/install/p_py_pkg/lib/python3.10/site-packages'
[2.189s] Level 1:colcon.colcon_core.shell:create_environment_hook('p_py_pkg', 'pythonpath')
[2.192s] INFO:colcon.colcon_core.shell:Creating environment hook '/home/chief-of-mischief/Desktop/ROS-learnings/ros2_ws/install/p_py_pkg/share/p_py_pkg/hook/pythonpath.ps1'
[2.193s] INFO:colcon.colcon_core.shell:Creating environment descriptor '/home/chief-of-mischief/Desktop/ROS-learnings/ros2_ws/install/p_py_pkg/share/p_py_pkg/hook/pythonpath.dsv'
[2.193s] INFO:colcon.colcon_core.shell:Creating environment hook '/home/chief-of-mischief/Desktop/ROS-learnings/ros2_ws/install/p_py_pkg/share/p_py_pkg/hook/pythonpath.sh'
[2.194s] Level 1:colcon.colcon_core.environment:checking '/home/chief-of-mischief/Desktop/ROS-learnings/ros2_ws/install/p_py_pkg/bin'
[2.194s] Level 1:colcon.colcon_core.environment:create_environment_scripts_only(p_py_pkg)
[2.197s] INFO:colcon.colcon_core.shell:Creating package script '/home/chief-of-mischief/Desktop/ROS-learnings/ros2_ws/install/p_py_pkg/share/p_py_pkg/package.ps1'
[2.198s] INFO:colcon.colcon_core.shell:Creating package descriptor '/home/chief-of-mischief/Desktop/ROS-learnings/ros2_ws/install/p_py_pkg/share/p_py_pkg/package.dsv'
[2.198s] INFO:colcon.colcon_core.shell:Creating package script '/home/chief-of-mischief/Desktop/ROS-learnings/ros2_ws/install/p_py_pkg/share/p_py_pkg/package.sh'
[2.199s] INFO:colcon.colcon_core.shell:Creating package script '/home/chief-of-mischief/Desktop/ROS-learnings/ros2_ws/install/p_py_pkg/share/p_py_pkg/package.bash'
[2.199s] INFO:colcon.colcon_core.shell:Creating package script '/home/chief-of-mischief/Desktop/ROS-learnings/ros2_ws/install/p_py_pkg/share/p_py_pkg/package.zsh'
[2.199s] Level 1:colcon.colcon_core.environment:create_file_with_runtime_dependencies(/home/chief-of-mischief/Desktop/ROS-learnings/ros2_ws/install/p_py_pkg/share/colcon-core/packages/p_py_pkg)
[2.200s] DEBUG:colcon.colcon_parallel_executor.executor.parallel:closing loop
[2.200s] DEBUG:colcon.colcon_parallel_executor.executor.parallel:loop closed
[2.200s] DEBUG:colcon.colcon_parallel_executor.executor.parallel:run_until_complete finished with '0'
[2.200s] DEBUG:colcon.colcon_core.event_reactor:joining thread
[2.209s] INFO:colcon.colcon_core.plugin_system:Skipping extension 'colcon_notification.desktop_notification.terminal_notifier': Not used on non-Darwin systems
[2.209s] INFO:colcon.colcon_core.plugin_system:Skipping extension 'colcon_notification.desktop_notification.win32': Not used on non-Windows systems
[2.209s] INFO:colcon.colcon_notification.desktop_notification:Sending desktop notification using 'notify2'
[2.226s] DEBUG:colcon.colcon_core.event_reactor:joined thread
[2.230s] INFO:colcon.colcon_core.shell:Creating prefix script '/home/chief-of-mischief/Desktop/ROS-learnings/ros2_ws/install/local_setup.ps1'
[2.231s] INFO:colcon.colcon_core.shell:Creating prefix util module '/home/chief-of-mischief/Desktop/ROS-learnings/ros2_ws/install/_local_setup_util_ps1.py'
[2.233s] INFO:colcon.colcon_core.shell:Creating prefix chain script '/home/chief-of-mischief/Desktop/ROS-learnings/ros2_ws/install/setup.ps1'
[2.235s] INFO:colcon.colcon_core.shell:Creating prefix script '/home/chief-of-mischief/Desktop/ROS-learnings/ros2_ws/install/local_setup.sh'
[2.236s] INFO:colcon.colcon_core.shell:Creating prefix util module '/home/chief-of-mischief/Desktop/ROS-learnings/ros2_ws/install/_local_setup_util_sh.py'
[2.236s] INFO:colcon.colcon_core.shell:Creating prefix chain script '/home/chief-of-mischief/Desktop/ROS-learnings/ros2_ws/install/setup.sh'
[2.239s] INFO:colcon.colcon_core.shell:Creating prefix script '/home/chief-of-mischief/Desktop/ROS-learnings/ros2_ws/install/local_setup.bash'
[2.239s] INFO:colcon.colcon_core.shell:Creating prefix chain script '/home/chief-of-mischief/Desktop/ROS-learnings/ros2_ws/install/setup.bash'
[2.241s] INFO:colcon.colcon_core.shell:Creating prefix script '/home/chief-of-mischief/Desktop/ROS-learnings/ros2_ws/install/local_setup.zsh'
[2.241s] INFO:colcon.colcon_core.shell:Creating prefix chain script '/home/chief-of-mischief/Desktop/ROS-learnings/ros2_ws/install/setup.zsh'
