[0.013s] Invoking command in '/home/chief-of-mischief/Desktop/ROS-learnings/ros2_ws/build/cpp_pkg': CMAKE_PREFIX_PATH=${CMAKE_PREFIX_PATH}:/home/chief-of-mischief/Desktop/ROS-learnings/ros2_ws/install/my_py_pkg:/opt/ros/humble CONDA_PROMPT_MODIFIER=(base) /usr/bin/cmake --build /home/chief-of-mischief/Desktop/ROS-learnings/ros2_ws/build/cpp_pkg -- -j24 -l24
[0.036s] [35m[1mConsolidate compiler generated dependencies of target cpp_node[0m
[0.046s] [ 50%] [32mBuilding CXX object CMakeFiles/cpp_node.dir/src/my_first_node.cpp.o[0m
[1.851s] [100%] [32m[1mLinking CXX executable cpp_node[0m
[1.929s] [100%] Built target cpp_node
[1.935s] Invoked command in '/home/chief-of-mischief/Desktop/ROS-learnings/ros2_ws/build/cpp_pkg' returned '0': CMAKE_PREFIX_PATH=${CMAKE_PREFIX_PATH}:/home/chief-of-mischief/Desktop/ROS-learnings/ros2_ws/install/my_py_pkg:/opt/ros/humble CONDA_PROMPT_MODIFIER=(base) /usr/bin/cmake --build /home/chief-of-mischief/Desktop/ROS-learnings/ros2_ws/build/cpp_pkg -- -j24 -l24
[1.953s] Invoking command in '/home/chief-of-mischief/Desktop/ROS-learnings/ros2_ws/build/cpp_pkg': CMAKE_PREFIX_PATH=${CMAKE_PREFIX_PATH}:/home/chief-of-mischief/Desktop/ROS-learnings/ros2_ws/install/my_py_pkg:/opt/ros/humble CONDA_PROMPT_MODIFIER=(base) /usr/bin/cmake --install /home/chief-of-mischief/Desktop/ROS-learnings/ros2_ws/build/cpp_pkg
[1.957s] -- Install configuration: ""
[1.957s] -- Installing: /home/chief-of-mischief/Desktop/ROS-learnings/ros2_ws/install/cpp_pkg/lib/cpp_pkg/cpp_node
[1.957s] -- Set runtime path of "/home/chief-of-mischief/Desktop/ROS-learnings/ros2_ws/install/cpp_pkg/lib/cpp_pkg/cpp_node" to ""
[1.957s] -- Up-to-date: /home/chief-of-mischief/Desktop/ROS-learnings/ros2_ws/install/cpp_pkg/share/ament_index/resource_index/package_run_dependencies/cpp_pkg
[1.957s] -- Up-to-date: /home/chief-of-mischief/Desktop/ROS-learnings/ros2_ws/install/cpp_pkg/share/ament_index/resource_index/parent_prefix_path/cpp_pkg
[1.957s] -- Up-to-date: /home/chief-of-mischief/Desktop/ROS-learnings/ros2_ws/install/cpp_pkg/share/cpp_pkg/environment/ament_prefix_path.sh
[1.957s] -- Up-to-date: /home/chief-of-mischief/Desktop/ROS-learnings/ros2_ws/install/cpp_pkg/share/cpp_pkg/environment/ament_prefix_path.dsv
[1.958s] -- Up-to-date: /home/chief-of-mischief/Desktop/ROS-learnings/ros2_ws/install/cpp_pkg/share/cpp_pkg/environment/path.sh
[1.958s] -- Up-to-date: /home/chief-of-mischief/Desktop/ROS-learnings/ros2_ws/install/cpp_pkg/share/cpp_pkg/environment/path.dsv
[1.958s] -- Up-to-date: /home/chief-of-mischief/Desktop/ROS-learnings/ros2_ws/install/cpp_pkg/share/cpp_pkg/local_setup.bash
[1.958s] -- Up-to-date: /home/chief-of-mischief/Desktop/ROS-learnings/ros2_ws/install/cpp_pkg/share/cpp_pkg/local_setup.sh
[1.958s] -- Up-to-date: /home/chief-of-mischief/Desktop/ROS-learnings/ros2_ws/install/cpp_pkg/share/cpp_pkg/local_setup.zsh
[1.958s] -- Up-to-date: /home/chief-of-mischief/Desktop/ROS-learnings/ros2_ws/install/cpp_pkg/share/cpp_pkg/local_setup.dsv
[1.958s] -- Installing: /home/chief-of-mischief/Desktop/ROS-learnings/ros2_ws/install/cpp_pkg/share/cpp_pkg/package.dsv
[1.960s] -- Up-to-date: /home/chief-of-mischief/Desktop/ROS-learnings/ros2_ws/install/cpp_pkg/share/ament_index/resource_index/packages/cpp_pkg
[1.960s] -- Up-to-date: /home/chief-of-mischief/Desktop/ROS-learnings/ros2_ws/install/cpp_pkg/share/cpp_pkg/cmake/cpp_pkgConfig.cmake
[1.960s] -- Up-to-date: /home/chief-of-mischief/Desktop/ROS-learnings/ros2_ws/install/cpp_pkg/share/cpp_pkg/cmake/cpp_pkgConfig-version.cmake
[1.960s] -- Up-to-date: /home/chief-of-mischief/Desktop/ROS-learnings/ros2_ws/install/cpp_pkg/share/cpp_pkg/package.xml
[1.960s] Invoked command in '/home/chief-of-mischief/Desktop/ROS-learnings/ros2_ws/build/cpp_pkg' returned '0': CMAKE_PREFIX_PATH=${CMAKE_PREFIX_PATH}:/home/chief-of-mischief/Desktop/ROS-learnings/ros2_ws/install/my_py_pkg:/opt/ros/humble CONDA_PROMPT_MODIFIER=(base) /usr/bin/cmake --install /home/chief-of-mischief/Desktop/ROS-learnings/ros2_ws/build/cpp_pkg
