[0.029s] Invoking command in '/home/chief-of-mischief/Desktop/ROS-learnings/ros2_ws/build/interfacesclear': CMAKE_PREFIX_PATH=${CMAKE_PREFIX_PATH}:/home/chief-of-mischief/Desktop/ROS-learnings/ros2_ws/install/my_py_pkg:/home/chief-of-mischief/Desktop/ROS-learnings/ros2_ws/install/p_py_pkg:/opt/ros/humble /usr/bin/cmake --build /home/chief-of-mischief/Desktop/ROS-learnings/ros2_ws/build/interfacesclear -- -j24 -l24
[0.244s] Invoked command in '/home/chief-of-mischief/Desktop/ROS-learnings/ros2_ws/build/interfacesclear' returned '0': CMAKE_PREFIX_PATH=${CMAKE_PREFIX_PATH}:/home/chief-of-mischief/Desktop/ROS-learnings/ros2_ws/install/my_py_pkg:/home/chief-of-mischief/Desktop/ROS-learnings/ros2_ws/install/p_py_pkg:/opt/ros/humble /usr/bin/cmake --build /home/chief-of-mischief/Desktop/ROS-learnings/ros2_ws/build/interfacesclear -- -j24 -l24
[0.268s] Invoking command in '/home/chief-of-mischief/Desktop/ROS-learnings/ros2_ws/build/interfacesclear': CMAKE_PREFIX_PATH=${CMAKE_PREFIX_PATH}:/home/chief-of-mischief/Desktop/ROS-learnings/ros2_ws/install/my_py_pkg:/home/chief-of-mischief/Desktop/ROS-learnings/ros2_ws/install/p_py_pkg:/opt/ros/humble /usr/bin/cmake --install /home/chief-of-mischief/Desktop/ROS-learnings/ros2_ws/build/interfacesclear
[0.274s] -- Install configuration: ""
[0.275s] -- Execute custom install script
[0.275s] -- Up-to-date symlink: /home/chief-of-mischief/Desktop/ROS-learnings/ros2_ws/install/interfacesclear/share/ament_index/resource_index/package_run_dependencies/interfacesclear
[0.275s] -- Up-to-date symlink: /home/chief-of-mischief/Desktop/ROS-learnings/ros2_ws/install/interfacesclear/share/ament_index/resource_index/parent_prefix_path/interfacesclear
[0.275s] -- Up-to-date symlink: /home/chief-of-mischief/Desktop/ROS-learnings/ros2_ws/install/interfacesclear/share/interfacesclear/environment/ament_prefix_path.sh
[0.276s] -- Up-to-date symlink: /home/chief-of-mischief/Desktop/ROS-learnings/ros2_ws/install/interfacesclear/share/interfacesclear/environment/ament_prefix_path.dsv
[0.276s] -- Up-to-date symlink: /home/chief-of-mischief/Desktop/ROS-learnings/ros2_ws/install/interfacesclear/share/interfacesclear/environment/path.sh
[0.276s] -- Up-to-date symlink: /home/chief-of-mischief/Desktop/ROS-learnings/ros2_ws/install/interfacesclear/share/interfacesclear/environment/path.dsv
[0.276s] -- Up-to-date symlink: /home/chief-of-mischief/Desktop/ROS-learnings/ros2_ws/install/interfacesclear/share/interfacesclear/local_setup.bash
[0.276s] -- Up-to-date symlink: /home/chief-of-mischief/Desktop/ROS-learnings/ros2_ws/install/interfacesclear/share/interfacesclear/local_setup.sh
[0.276s] -- Up-to-date symlink: /home/chief-of-mischief/Desktop/ROS-learnings/ros2_ws/install/interfacesclear/share/interfacesclear/local_setup.zsh
[0.276s] -- Up-to-date symlink: /home/chief-of-mischief/Desktop/ROS-learnings/ros2_ws/install/interfacesclear/share/interfacesclear/local_setup.dsv
[0.276s] -- Symlinking: /home/chief-of-mischief/Desktop/ROS-learnings/ros2_ws/install/interfacesclear/share/interfacesclear/package.dsv
[0.285s] -- Up-to-date symlink: /home/chief-of-mischief/Desktop/ROS-learnings/ros2_ws/install/interfacesclear/share/ament_index/resource_index/packages/interfacesclear
[0.286s] -- Up-to-date symlink: /home/chief-of-mischief/Desktop/ROS-learnings/ros2_ws/install/interfacesclear/share/interfacesclear/cmake/interfacesclearConfig.cmake
[0.286s] -- Up-to-date symlink: /home/chief-of-mischief/Desktop/ROS-learnings/ros2_ws/install/interfacesclear/share/interfacesclear/cmake/interfacesclearConfig-version.cmake
[0.286s] -- Up-to-date symlink: /home/chief-of-mischief/Desktop/ROS-learnings/ros2_ws/install/interfacesclear/share/interfacesclear/package.xml
[0.289s] Invoked command in '/home/chief-of-mischief/Desktop/ROS-learnings/ros2_ws/build/interfacesclear' returned '0': CMAKE_PREFIX_PATH=${CMAKE_PREFIX_PATH}:/home/chief-of-mischief/Desktop/ROS-learnings/ros2_ws/install/my_py_pkg:/home/chief-of-mischief/Desktop/ROS-learnings/ros2_ws/install/p_py_pkg:/opt/ros/humble /usr/bin/cmake --install /home/chief-of-mischief/Desktop/ROS-learnings/ros2_ws/build/interfacesclear
