[0.016s] Invoking command in '/home/chief-of-mischief/Desktop/ROS-learnings/ros2_ws/build/cpp_pkg': CMAKE_PREFIX_PATH=${CMAKE_PREFIX_PATH}:/home/chief-of-mischief/Desktop/ROS-learnings/ros2_ws/install/p_py_pkg:/opt/ros/humble /usr/bin/cmake /home/chief-of-mischief/Desktop/ROS-learnings/ros2_ws/src/cpp_pkg -DAMENT_CMAKE_SYMLINK_INSTALL=1 -DCMAKE_INSTALL_PREFIX=/home/chief-of-mischief/Desktop/ROS-learnings/ros2_ws/install/cpp_pkg
[0.025s] -- Found ament_cmake: 1.3.3 (/opt/ros/humble/share/ament_cmake/cmake)
[0.107s] -- Override CMake install command with custom implementation using symlinks instead of copying resources
[0.110s] -- Found rclcpp: 16.0.2 (/opt/ros/humble/share/rclcpp/cmake)
[0.131s] -- Found rosidl_generator_c: 3.1.4 (/opt/ros/humble/share/rosidl_generator_c/cmake)
[0.132s] -- Found rosidl_adapter: 3.1.4 (/opt/ros/humble/share/rosidl_adapter/cmake)
[0.136s] -- Found rosidl_generator_cpp: 3.1.4 (/opt/ros/humble/share/rosidl_generator_cpp/cmake)
[0.142s] -- Using all available rosidl_typesupport_c: rosidl_typesupport_fastrtps_c;rosidl_typesupport_introspection_c
[0.151s] -- Using all available rosidl_typesupport_cpp: rosidl_typesupport_fastrtps_cpp;rosidl_typesupport_introspection_cpp
[0.185s] -- Found rmw_implementation_cmake: 6.1.1 (/opt/ros/humble/share/rmw_implementation_cmake/cmake)
[0.186s] -- Found rmw_fastrtps_cpp: 6.2.2 (/opt/ros/humble/share/rmw_fastrtps_cpp/cmake)
[0.253s] -- Using RMW implementation 'rmw_fastrtps_cpp' as default
[0.349s] -- Found example_interfaces: 0.9.3 (/opt/ros/humble/share/example_interfaces/cmake)
[0.430s] -- Found ament_lint_auto: 0.12.4 (/opt/ros/humble/share/ament_lint_auto/cmake)
[0.473s] -- Added test 'cppcheck' to perform static code analysis on C / C++ code
[0.473s] -- Configured cppcheck include dirs: 
[0.473s] -- Configured cppcheck exclude dirs and/or files: 
[0.474s] -- Added test 'lint_cmake' to check CMake code style
[0.474s] -- Added test 'uncrustify' to check C / C++ code style
[0.474s] -- Configured uncrustify additional arguments: 
[0.474s] -- Added test 'xmllint' to check XML markup files
[0.475s] -- Configuring done
[0.487s] -- Generating done
[0.488s] -- Build files have been written to: /home/chief-of-mischief/Desktop/ROS-learnings/ros2_ws/build/cpp_pkg
[0.493s] Invoked command in '/home/chief-of-mischief/Desktop/ROS-learnings/ros2_ws/build/cpp_pkg' returned '0': CMAKE_PREFIX_PATH=${CMAKE_PREFIX_PATH}:/home/chief-of-mischief/Desktop/ROS-learnings/ros2_ws/install/p_py_pkg:/opt/ros/humble /usr/bin/cmake /home/chief-of-mischief/Desktop/ROS-learnings/ros2_ws/src/cpp_pkg -DAMENT_CMAKE_SYMLINK_INSTALL=1 -DCMAKE_INSTALL_PREFIX=/home/chief-of-mischief/Desktop/ROS-learnings/ros2_ws/install/cpp_pkg
[0.494s] Invoking command in '/home/chief-of-mischief/Desktop/ROS-learnings/ros2_ws/build/cpp_pkg': CMAKE_PREFIX_PATH=${CMAKE_PREFIX_PATH}:/home/chief-of-mischief/Desktop/ROS-learnings/ros2_ws/install/p_py_pkg:/opt/ros/humble /usr/bin/cmake --build /home/chief-of-mischief/Desktop/ROS-learnings/ros2_ws/build/cpp_pkg -- -j24 -l24
[0.515s] [35m[1mConsolidate compiler generated dependencies of target cpp_node[0m
[0.515s] [35m[1mConsolidate compiler generated dependencies of target add_two_ints_client[0m
[0.515s] [35m[1mConsolidate compiler generated dependencies of target add_two_ints_server[0m
[0.515s] [35m[1mConsolidate compiler generated dependencies of target smartphone[0m
[0.515s] [35m[1mConsolidate compiler generated dependencies of target add_two_ints_client_no_oop[0m
[0.515s] [35m[1mConsolidate compiler generated dependencies of target robot_news_station[0m
[0.525s] [ 33%] Built target add_two_ints_client
[0.525s] [ 58%] Built target cpp_node
[0.525s] [ 66%] Built target robot_news_station
[0.525s] [ 66%] Built target add_two_ints_server
[0.526s] [100%] Built target add_two_ints_client_no_oop
[0.526s] [100%] Built target smartphone
[0.532s] Invoked command in '/home/chief-of-mischief/Desktop/ROS-learnings/ros2_ws/build/cpp_pkg' returned '0': CMAKE_PREFIX_PATH=${CMAKE_PREFIX_PATH}:/home/chief-of-mischief/Desktop/ROS-learnings/ros2_ws/install/p_py_pkg:/opt/ros/humble /usr/bin/cmake --build /home/chief-of-mischief/Desktop/ROS-learnings/ros2_ws/build/cpp_pkg -- -j24 -l24
[0.556s] Invoking command in '/home/chief-of-mischief/Desktop/ROS-learnings/ros2_ws/build/cpp_pkg': CMAKE_PREFIX_PATH=${CMAKE_PREFIX_PATH}:/home/chief-of-mischief/Desktop/ROS-learnings/ros2_ws/install/p_py_pkg:/opt/ros/humble /usr/bin/cmake --install /home/chief-of-mischief/Desktop/ROS-learnings/ros2_ws/build/cpp_pkg
[0.559s] -- Install configuration: ""
[0.559s] -- Execute custom install script
[0.560s] -- Up-to-date symlink: /home/chief-of-mischief/Desktop/ROS-learnings/ros2_ws/install/cpp_pkg/lib/cpp_pkg/cpp_node
[0.560s] -- Up-to-date symlink: /home/chief-of-mischief/Desktop/ROS-learnings/ros2_ws/install/cpp_pkg/lib/cpp_pkg/robot_news_station
[0.560s] -- Up-to-date symlink: /home/chief-of-mischief/Desktop/ROS-learnings/ros2_ws/install/cpp_pkg/lib/cpp_pkg/smartphone
[0.560s] -- Up-to-date symlink: /home/chief-of-mischief/Desktop/ROS-learnings/ros2_ws/install/cpp_pkg/lib/cpp_pkg/add_two_ints_server
[0.560s] -- Up-to-date symlink: /home/chief-of-mischief/Desktop/ROS-learnings/ros2_ws/install/cpp_pkg/lib/cpp_pkg/add_two_ints_client
[0.560s] -- Up-to-date symlink: /home/chief-of-mischief/Desktop/ROS-learnings/ros2_ws/install/cpp_pkg/lib/cpp_pkg/add_two_ints_client_no_oop
[0.560s] -- Up-to-date symlink: /home/chief-of-mischief/Desktop/ROS-learnings/ros2_ws/install/cpp_pkg/share/ament_index/resource_index/package_run_dependencies/cpp_pkg
[0.560s] -- Up-to-date symlink: /home/chief-of-mischief/Desktop/ROS-learnings/ros2_ws/install/cpp_pkg/share/ament_index/resource_index/parent_prefix_path/cpp_pkg
[0.560s] -- Up-to-date symlink: /home/chief-of-mischief/Desktop/ROS-learnings/ros2_ws/install/cpp_pkg/share/cpp_pkg/environment/ament_prefix_path.sh
[0.560s] -- Up-to-date symlink: /home/chief-of-mischief/Desktop/ROS-learnings/ros2_ws/install/cpp_pkg/share/cpp_pkg/environment/ament_prefix_path.dsv
[0.561s] -- Up-to-date symlink: /home/chief-of-mischief/Desktop/ROS-learnings/ros2_ws/install/cpp_pkg/share/cpp_pkg/environment/path.sh
[0.561s] -- Up-to-date symlink: /home/chief-of-mischief/Desktop/ROS-learnings/ros2_ws/install/cpp_pkg/share/cpp_pkg/environment/path.dsv
[0.561s] -- Up-to-date symlink: /home/chief-of-mischief/Desktop/ROS-learnings/ros2_ws/install/cpp_pkg/share/cpp_pkg/local_setup.bash
[0.561s] -- Up-to-date symlink: /home/chief-of-mischief/Desktop/ROS-learnings/ros2_ws/install/cpp_pkg/share/cpp_pkg/local_setup.sh
[0.561s] -- Up-to-date symlink: /home/chief-of-mischief/Desktop/ROS-learnings/ros2_ws/install/cpp_pkg/share/cpp_pkg/local_setup.zsh
[0.561s] -- Up-to-date symlink: /home/chief-of-mischief/Desktop/ROS-learnings/ros2_ws/install/cpp_pkg/share/cpp_pkg/local_setup.dsv
[0.561s] -- Symlinking: /home/chief-of-mischief/Desktop/ROS-learnings/ros2_ws/install/cpp_pkg/share/cpp_pkg/package.dsv
[0.566s] -- Up-to-date symlink: /home/chief-of-mischief/Desktop/ROS-learnings/ros2_ws/install/cpp_pkg/share/ament_index/resource_index/packages/cpp_pkg
[0.566s] -- Up-to-date symlink: /home/chief-of-mischief/Desktop/ROS-learnings/ros2_ws/install/cpp_pkg/share/cpp_pkg/cmake/cpp_pkgConfig.cmake
[0.566s] -- Up-to-date symlink: /home/chief-of-mischief/Desktop/ROS-learnings/ros2_ws/install/cpp_pkg/share/cpp_pkg/cmake/cpp_pkgConfig-version.cmake
[0.566s] -- Up-to-date symlink: /home/chief-of-mischief/Desktop/ROS-learnings/ros2_ws/install/cpp_pkg/share/cpp_pkg/package.xml
[0.568s] Invoked command in '/home/chief-of-mischief/Desktop/ROS-learnings/ros2_ws/build/cpp_pkg' returned '0': CMAKE_PREFIX_PATH=${CMAKE_PREFIX_PATH}:/home/chief-of-mischief/Desktop/ROS-learnings/ros2_ws/install/p_py_pkg:/opt/ros/humble /usr/bin/cmake --install /home/chief-of-mischief/Desktop/ROS-learnings/ros2_ws/build/cpp_pkg
