[0.035s] Invoking command in '/home/chief-of-mischief/Desktop/ROS-learnings/ros2_ws/build/interfaces': CMAKE_PREFIX_PATH=${CMAKE_PREFIX_PATH}:/home/chief-of-mischief/Desktop/ROS-learnings/ros2_ws/install/p_py_pkg:/home/chief-of-mischief/Desktop/ROS-learnings/ros2_ws/install/my_py_pkg:/opt/ros/humble /usr/bin/cmake --build /home/chief-of-mischief/Desktop/ROS-learnings/ros2_ws/build/interfaces -- -j24 -l24
[0.192s] [  1%] Built target interfaces__cpp
[0.192s] [ 12%] Built target interfaces__rosidl_generator_c
[0.192s] [ 12%] Built target ament_cmake_python_symlink_interfaces
[0.192s] [ 34%] Built target interfaces__rosidl_typesupport_introspection_c
[0.193s] [ 34%] Built target interfaces__rosidl_typesupport_cpp
[0.193s] [ 45%] Built target interfaces__rosidl_typesupport_introspection_cpp
[0.193s] [ 60%] Built target interfaces__rosidl_typesupport_fastrtps_cpp
[0.193s] [ 67%] Built target interfaces__rosidl_typesupport_fastrtps_c
[0.193s] [ 78%] Built target interfaces__rosidl_typesupport_c
[0.194s] [ 78%] Built target interfaces
[0.194s] [ 80%] Built target interfaces__py
[0.194s] [ 89%] Built target interfaces__rosidl_generator_py
[0.194s] [100%] Built target interfaces__rosidl_typesupport_c__pyext
[0.195s] [100%] Built target interfaces__rosidl_typesupport_fastrtps_c__pyext
[0.195s] [100%] Built target interfaces__rosidl_typesupport_introspection_c__pyext
[0.202s] running egg_info
[0.202s] writing interfaces.egg-info/PKG-INFO
[0.203s] writing dependency_links to interfaces.egg-info/dependency_links.txt
[0.203s] writing top-level names to interfaces.egg-info/top_level.txt
[0.204s] reading manifest file 'interfaces.egg-info/SOURCES.txt'
[0.205s] writing manifest file 'interfaces.egg-info/SOURCES.txt'
[0.223s] [100%] Built target ament_cmake_python_build_interfaces_egg
[0.242s] Invoked command in '/home/chief-of-mischief/Desktop/ROS-learnings/ros2_ws/build/interfaces' returned '0': CMAKE_PREFIX_PATH=${CMAKE_PREFIX_PATH}:/home/chief-of-mischief/Desktop/ROS-learnings/ros2_ws/install/p_py_pkg:/home/chief-of-mischief/Desktop/ROS-learnings/ros2_ws/install/my_py_pkg:/opt/ros/humble /usr/bin/cmake --build /home/chief-of-mischief/Desktop/ROS-learnings/ros2_ws/build/interfaces -- -j24 -l24
[0.291s] Invoking command in '/home/chief-of-mischief/Desktop/ROS-learnings/ros2_ws/build/interfaces': CMAKE_PREFIX_PATH=${CMAKE_PREFIX_PATH}:/home/chief-of-mischief/Desktop/ROS-learnings/ros2_ws/install/p_py_pkg:/home/chief-of-mischief/Desktop/ROS-learnings/ros2_ws/install/my_py_pkg:/opt/ros/humble /usr/bin/cmake --install /home/chief-of-mischief/Desktop/ROS-learnings/ros2_ws/build/interfaces
[0.295s] -- Install configuration: ""
[0.295s] -- Execute custom install script
[0.295s] -- Up-to-date symlink: /home/chief-of-mischief/Desktop/ROS-learnings/ros2_ws/install/interfaces/share/ament_index/resource_index/rosidl_interfaces/interfaces
[0.296s] -- Up-to-date symlink: /home/chief-of-mischief/Desktop/ROS-learnings/ros2_ws/install/interfaces/include/interfaces/interfaces/msg/detail/hardware_status__functions.h
[0.296s] -- Up-to-date symlink: /home/chief-of-mischief/Desktop/ROS-learnings/ros2_ws/install/interfaces/include/interfaces/interfaces/msg/detail/hardware_status__struct.h
[0.296s] -- Up-to-date symlink: /home/chief-of-mischief/Desktop/ROS-learnings/ros2_ws/install/interfaces/include/interfaces/interfaces/msg/detail/hardware_status__type_support.h
[0.296s] -- Up-to-date symlink: /home/chief-of-mischief/Desktop/ROS-learnings/ros2_ws/install/interfaces/include/interfaces/interfaces/msg/detail/led_status__functions.h
[0.296s] -- Up-to-date symlink: /home/chief-of-mischief/Desktop/ROS-learnings/ros2_ws/install/interfaces/include/interfaces/interfaces/msg/detail/led_status__struct.h
[0.296s] -- Up-to-date symlink: /home/chief-of-mischief/Desktop/ROS-learnings/ros2_ws/install/interfaces/include/interfaces/interfaces/msg/detail/led_status__type_support.h
[0.296s] -- Up-to-date symlink: /home/chief-of-mischief/Desktop/ROS-learnings/ros2_ws/install/interfaces/include/interfaces/interfaces/msg/hardware_status.h
[0.296s] -- Up-to-date symlink: /home/chief-of-mischief/Desktop/ROS-learnings/ros2_ws/install/interfaces/include/interfaces/interfaces/msg/led_status.h
[0.296s] -- Up-to-date symlink: /home/chief-of-mischief/Desktop/ROS-learnings/ros2_ws/install/interfaces/include/interfaces/interfaces/msg/rosidl_generator_c__visibility_control.h
[0.296s] -- Up-to-date symlink: /home/chief-of-mischief/Desktop/ROS-learnings/ros2_ws/install/interfaces/include/interfaces/interfaces/srv/compute_rectangle_area.h
[0.297s] -- Up-to-date symlink: /home/chief-of-mischief/Desktop/ROS-learnings/ros2_ws/install/interfaces/include/interfaces/interfaces/srv/detail/compute_rectangle_area__functions.h
[0.297s] -- Up-to-date symlink: /home/chief-of-mischief/Desktop/ROS-learnings/ros2_ws/install/interfaces/include/interfaces/interfaces/srv/detail/compute_rectangle_area__struct.h
[0.297s] -- Up-to-date symlink: /home/chief-of-mischief/Desktop/ROS-learnings/ros2_ws/install/interfaces/include/interfaces/interfaces/srv/detail/compute_rectangle_area__type_support.h
[0.297s] -- Up-to-date symlink: /home/chief-of-mischief/Desktop/ROS-learnings/ros2_ws/install/interfaces/include/interfaces/interfaces/srv/detail/set_led__functions.h
[0.297s] -- Up-to-date symlink: /home/chief-of-mischief/Desktop/ROS-learnings/ros2_ws/install/interfaces/include/interfaces/interfaces/srv/detail/set_led__struct.h
[0.297s] -- Up-to-date symlink: /home/chief-of-mischief/Desktop/ROS-learnings/ros2_ws/install/interfaces/include/interfaces/interfaces/srv/detail/set_led__type_support.h
[0.297s] -- Up-to-date symlink: /home/chief-of-mischief/Desktop/ROS-learnings/ros2_ws/install/interfaces/include/interfaces/interfaces/srv/set_led.h
[0.297s] -- Up-to-date symlink: /home/chief-of-mischief/Desktop/ROS-learnings/ros2_ws/install/interfaces/share/interfaces/environment/library_path.sh
[0.297s] -- Up-to-date symlink: /home/chief-of-mischief/Desktop/ROS-learnings/ros2_ws/install/interfaces/share/interfaces/environment/library_path.dsv
[0.298s] -- Up-to-date symlink: /home/chief-of-mischief/Desktop/ROS-learnings/ros2_ws/install/interfaces/include/interfaces/interfaces/msg/detail/hardware_status__rosidl_typesupport_fastrtps_c.h
[0.298s] -- Up-to-date symlink: /home/chief-of-mischief/Desktop/ROS-learnings/ros2_ws/install/interfaces/include/interfaces/interfaces/msg/detail/led_status__rosidl_typesupport_fastrtps_c.h
[0.298s] -- Up-to-date symlink: /home/chief-of-mischief/Desktop/ROS-learnings/ros2_ws/install/interfaces/include/interfaces/interfaces/msg/rosidl_typesupport_fastrtps_c__visibility_control.h
[0.298s] -- Up-to-date symlink: /home/chief-of-mischief/Desktop/ROS-learnings/ros2_ws/install/interfaces/include/interfaces/interfaces/srv/detail/compute_rectangle_area__rosidl_typesupport_fastrtps_c.h
[0.301s] -- Up-to-date symlink: /home/chief-of-mischief/Desktop/ROS-learnings/ros2_ws/install/interfaces/include/interfaces/interfaces/srv/detail/set_led__rosidl_typesupport_fastrtps_c.h
[0.301s] -- Up-to-date symlink: /home/chief-of-mischief/Desktop/ROS-learnings/ros2_ws/install/interfaces/include/interfaces/interfaces/msg/detail/hardware_status__rosidl_typesupport_introspection_c.h
[0.301s] -- Up-to-date symlink: /home/chief-of-mischief/Desktop/ROS-learnings/ros2_ws/install/interfaces/include/interfaces/interfaces/msg/detail/led_status__rosidl_typesupport_introspection_c.h
[0.301s] -- Up-to-date symlink: /home/chief-of-mischief/Desktop/ROS-learnings/ros2_ws/install/interfaces/include/interfaces/interfaces/msg/rosidl_typesupport_introspection_c__visibility_control.h
[0.301s] -- Up-to-date symlink: /home/chief-of-mischief/Desktop/ROS-learnings/ros2_ws/install/interfaces/include/interfaces/interfaces/srv/detail/compute_rectangle_area__rosidl_typesupport_introspection_c.h
[0.302s] -- Up-to-date symlink: /home/chief-of-mischief/Desktop/ROS-learnings/ros2_ws/install/interfaces/include/interfaces/interfaces/srv/detail/set_led__rosidl_typesupport_introspection_c.h
[0.302s] -- Up-to-date symlink: /home/chief-of-mischief/Desktop/ROS-learnings/ros2_ws/install/interfaces/include/interfaces/interfaces/msg/detail/hardware_status__builder.hpp
[0.302s] -- Up-to-date symlink: /home/chief-of-mischief/Desktop/ROS-learnings/ros2_ws/install/interfaces/include/interfaces/interfaces/msg/detail/hardware_status__struct.hpp
[0.302s] -- Up-to-date symlink: /home/chief-of-mischief/Desktop/ROS-learnings/ros2_ws/install/interfaces/include/interfaces/interfaces/msg/detail/hardware_status__traits.hpp
[0.302s] -- Up-to-date symlink: /home/chief-of-mischief/Desktop/ROS-learnings/ros2_ws/install/interfaces/include/interfaces/interfaces/msg/detail/led_status__builder.hpp
[0.302s] -- Up-to-date symlink: /home/chief-of-mischief/Desktop/ROS-learnings/ros2_ws/install/interfaces/include/interfaces/interfaces/msg/detail/led_status__struct.hpp
[0.302s] -- Up-to-date symlink: /home/chief-of-mischief/Desktop/ROS-learnings/ros2_ws/install/interfaces/include/interfaces/interfaces/msg/detail/led_status__traits.hpp
[0.302s] -- Up-to-date symlink: /home/chief-of-mischief/Desktop/ROS-learnings/ros2_ws/install/interfaces/include/interfaces/interfaces/msg/hardware_status.hpp
[0.302s] -- Up-to-date symlink: /home/chief-of-mischief/Desktop/ROS-learnings/ros2_ws/install/interfaces/include/interfaces/interfaces/msg/led_status.hpp
[0.302s] -- Up-to-date symlink: /home/chief-of-mischief/Desktop/ROS-learnings/ros2_ws/install/interfaces/include/interfaces/interfaces/srv/compute_rectangle_area.hpp
[0.302s] -- Up-to-date symlink: /home/chief-of-mischief/Desktop/ROS-learnings/ros2_ws/install/interfaces/include/interfaces/interfaces/srv/detail/compute_rectangle_area__builder.hpp
[0.302s] -- Up-to-date symlink: /home/chief-of-mischief/Desktop/ROS-learnings/ros2_ws/install/interfaces/include/interfaces/interfaces/srv/detail/compute_rectangle_area__struct.hpp
[0.302s] -- Up-to-date symlink: /home/chief-of-mischief/Desktop/ROS-learnings/ros2_ws/install/interfaces/include/interfaces/interfaces/srv/detail/compute_rectangle_area__traits.hpp
[0.302s] -- Up-to-date symlink: /home/chief-of-mischief/Desktop/ROS-learnings/ros2_ws/install/interfaces/include/interfaces/interfaces/srv/detail/set_led__builder.hpp
[0.302s] -- Up-to-date symlink: /home/chief-of-mischief/Desktop/ROS-learnings/ros2_ws/install/interfaces/include/interfaces/interfaces/srv/detail/set_led__struct.hpp
[0.302s] -- Up-to-date symlink: /home/chief-of-mischief/Desktop/ROS-learnings/ros2_ws/install/interfaces/include/interfaces/interfaces/srv/detail/set_led__traits.hpp
[0.302s] -- Up-to-date symlink: /home/chief-of-mischief/Desktop/ROS-learnings/ros2_ws/install/interfaces/include/interfaces/interfaces/srv/set_led.hpp
[0.302s] -- Up-to-date symlink: /home/chief-of-mischief/Desktop/ROS-learnings/ros2_ws/install/interfaces/include/interfaces/interfaces/msg/detail/hardware_status__rosidl_typesupport_fastrtps_cpp.hpp
[0.302s] -- Up-to-date symlink: /home/chief-of-mischief/Desktop/ROS-learnings/ros2_ws/install/interfaces/include/interfaces/interfaces/msg/detail/led_status__rosidl_typesupport_fastrtps_cpp.hpp
[0.302s] -- Up-to-date symlink: /home/chief-of-mischief/Desktop/ROS-learnings/ros2_ws/install/interfaces/include/interfaces/interfaces/msg/rosidl_typesupport_fastrtps_cpp__visibility_control.h
[0.302s] -- Up-to-date symlink: /home/chief-of-mischief/Desktop/ROS-learnings/ros2_ws/install/interfaces/include/interfaces/interfaces/srv/detail/compute_rectangle_area__rosidl_typesupport_fastrtps_cpp.hpp
[0.302s] -- Up-to-date symlink: /home/chief-of-mischief/Desktop/ROS-learnings/ros2_ws/install/interfaces/include/interfaces/interfaces/srv/detail/set_led__rosidl_typesupport_fastrtps_cpp.hpp
[0.302s] -- Up-to-date symlink: /home/chief-of-mischief/Desktop/ROS-learnings/ros2_ws/install/interfaces/include/interfaces/interfaces/msg/detail/hardware_status__rosidl_typesupport_introspection_cpp.hpp
[0.302s] -- Up-to-date symlink: /home/chief-of-mischief/Desktop/ROS-learnings/ros2_ws/install/interfaces/include/interfaces/interfaces/msg/detail/led_status__rosidl_typesupport_introspection_cpp.hpp
[0.302s] -- Up-to-date symlink: /home/chief-of-mischief/Desktop/ROS-learnings/ros2_ws/install/interfaces/include/interfaces/interfaces/srv/detail/compute_rectangle_area__rosidl_typesupport_introspection_cpp.hpp
[0.303s] -- Up-to-date symlink: /home/chief-of-mischief/Desktop/ROS-learnings/ros2_ws/install/interfaces/include/interfaces/interfaces/srv/detail/set_led__rosidl_typesupport_introspection_cpp.hpp
[0.303s] -- Up-to-date symlink: /home/chief-of-mischief/Desktop/ROS-learnings/ros2_ws/install/interfaces/share/interfaces/environment/pythonpath.sh
[0.303s] -- Up-to-date symlink: /home/chief-of-mischief/Desktop/ROS-learnings/ros2_ws/install/interfaces/share/interfaces/environment/pythonpath.dsv
[0.303s] -- Up-to-date symlink: /home/chief-of-mischief/Desktop/ROS-learnings/ros2_ws/install/interfaces/local/lib/python3.10/dist-packages/interfaces-0.0.0-py3.10.egg-info/PKG-INFO
[0.303s] -- Up-to-date symlink: /home/chief-of-mischief/Desktop/ROS-learnings/ros2_ws/install/interfaces/local/lib/python3.10/dist-packages/interfaces-0.0.0-py3.10.egg-info/SOURCES.txt
[0.303s] -- Up-to-date symlink: /home/chief-of-mischief/Desktop/ROS-learnings/ros2_ws/install/interfaces/local/lib/python3.10/dist-packages/interfaces-0.0.0-py3.10.egg-info/dependency_links.txt
[0.303s] -- Up-to-date symlink: /home/chief-of-mischief/Desktop/ROS-learnings/ros2_ws/install/interfaces/local/lib/python3.10/dist-packages/interfaces-0.0.0-py3.10.egg-info/top_level.txt
[0.303s] -- Up-to-date symlink: /home/chief-of-mischief/Desktop/ROS-learnings/ros2_ws/install/interfaces/local/lib/python3.10/dist-packages/interfaces/__init__.py
[0.303s] -- Up-to-date symlink: /home/chief-of-mischief/Desktop/ROS-learnings/ros2_ws/install/interfaces/local/lib/python3.10/dist-packages/interfaces/_interfaces_s.ep.rosidl_typesupport_c.c
[0.303s] -- Up-to-date symlink: /home/chief-of-mischief/Desktop/ROS-learnings/ros2_ws/install/interfaces/local/lib/python3.10/dist-packages/interfaces/_interfaces_s.ep.rosidl_typesupport_fastrtps_c.c
[0.303s] -- Up-to-date symlink: /home/chief-of-mischief/Desktop/ROS-learnings/ros2_ws/install/interfaces/local/lib/python3.10/dist-packages/interfaces/_interfaces_s.ep.rosidl_typesupport_introspection_c.c
[0.303s] -- Up-to-date symlink: /home/chief-of-mischief/Desktop/ROS-learnings/ros2_ws/install/interfaces/local/lib/python3.10/dist-packages/interfaces/interfaces_s__rosidl_typesupport_c.cpython-310-x86_64-linux-gnu.so
[0.303s] -- Up-to-date symlink: /home/chief-of-mischief/Desktop/ROS-learnings/ros2_ws/install/interfaces/local/lib/python3.10/dist-packages/interfaces/interfaces_s__rosidl_typesupport_fastrtps_c.cpython-310-x86_64-linux-gnu.so
[0.303s] -- Up-to-date symlink: /home/chief-of-mischief/Desktop/ROS-learnings/ros2_ws/install/interfaces/local/lib/python3.10/dist-packages/interfaces/interfaces_s__rosidl_typesupport_introspection_c.cpython-310-x86_64-linux-gnu.so
[0.303s] -- Up-to-date symlink: /home/chief-of-mischief/Desktop/ROS-learnings/ros2_ws/install/interfaces/local/lib/python3.10/dist-packages/interfaces/libinterfaces__rosidl_generator_py.so
[0.304s] -- Up-to-date symlink: /home/chief-of-mischief/Desktop/ROS-learnings/ros2_ws/install/interfaces/local/lib/python3.10/dist-packages/interfaces/msg/__init__.py
[0.304s] -- Up-to-date symlink: /home/chief-of-mischief/Desktop/ROS-learnings/ros2_ws/install/interfaces/local/lib/python3.10/dist-packages/interfaces/msg/_hardware_status.py
[0.304s] -- Up-to-date symlink: /home/chief-of-mischief/Desktop/ROS-learnings/ros2_ws/install/interfaces/local/lib/python3.10/dist-packages/interfaces/msg/_hardware_status_s.c
[0.304s] -- Up-to-date symlink: /home/chief-of-mischief/Desktop/ROS-learnings/ros2_ws/install/interfaces/local/lib/python3.10/dist-packages/interfaces/msg/_led_status.py
[0.304s] -- Up-to-date symlink: /home/chief-of-mischief/Desktop/ROS-learnings/ros2_ws/install/interfaces/local/lib/python3.10/dist-packages/interfaces/msg/_led_status_s.c
[0.304s] -- Up-to-date symlink: /home/chief-of-mischief/Desktop/ROS-learnings/ros2_ws/install/interfaces/local/lib/python3.10/dist-packages/interfaces/srv/__init__.py
[0.304s] -- Up-to-date symlink: /home/chief-of-mischief/Desktop/ROS-learnings/ros2_ws/install/interfaces/local/lib/python3.10/dist-packages/interfaces/srv/_compute_rectangle_area.py
[0.304s] -- Up-to-date symlink: /home/chief-of-mischief/Desktop/ROS-learnings/ros2_ws/install/interfaces/local/lib/python3.10/dist-packages/interfaces/srv/_compute_rectangle_area_s.c
[0.304s] -- Up-to-date symlink: /home/chief-of-mischief/Desktop/ROS-learnings/ros2_ws/install/interfaces/local/lib/python3.10/dist-packages/interfaces/srv/_set_led.py
[0.304s] -- Up-to-date symlink: /home/chief-of-mischief/Desktop/ROS-learnings/ros2_ws/install/interfaces/local/lib/python3.10/dist-packages/interfaces/srv/_set_led_s.c
[0.304s] -- Up-to-date symlink: /home/chief-of-mischief/Desktop/ROS-learnings/ros2_ws/install/interfaces/local/lib/python3.10/dist-packages/interfaces/interfaces_s__rosidl_typesupport_fastrtps_c.cpython-310-x86_64-linux-gnu.so
[0.304s] -- Up-to-date symlink: /home/chief-of-mischief/Desktop/ROS-learnings/ros2_ws/install/interfaces/local/lib/python3.10/dist-packages/interfaces/interfaces_s__rosidl_typesupport_introspection_c.cpython-310-x86_64-linux-gnu.so
[0.304s] -- Up-to-date symlink: /home/chief-of-mischief/Desktop/ROS-learnings/ros2_ws/install/interfaces/local/lib/python3.10/dist-packages/interfaces/interfaces_s__rosidl_typesupport_c.cpython-310-x86_64-linux-gnu.so
[0.304s] -- Up-to-date symlink: /home/chief-of-mischief/Desktop/ROS-learnings/ros2_ws/install/interfaces/share/interfaces/msg/HardwareStatus.idl
[0.304s] -- Up-to-date symlink: /home/chief-of-mischief/Desktop/ROS-learnings/ros2_ws/install/interfaces/share/interfaces/msg/LedStatus.idl
[0.304s] -- Up-to-date symlink: /home/chief-of-mischief/Desktop/ROS-learnings/ros2_ws/install/interfaces/share/interfaces/srv/ComputeRectangleArea.idl
[0.304s] -- Up-to-date symlink: /home/chief-of-mischief/Desktop/ROS-learnings/ros2_ws/install/interfaces/share/interfaces/srv/SetLed.idl
[0.304s] -- Up-to-date symlink: /home/chief-of-mischief/Desktop/ROS-learnings/ros2_ws/install/interfaces/share/interfaces/msg/HardwareStatus.msg
[0.304s] -- Up-to-date symlink: /home/chief-of-mischief/Desktop/ROS-learnings/ros2_ws/install/interfaces/share/interfaces/msg/LedStatus.msg
[0.304s] -- Up-to-date symlink: /home/chief-of-mischief/Desktop/ROS-learnings/ros2_ws/install/interfaces/share/interfaces/srv/ComputeRectangleArea.srv
[0.304s] -- Up-to-date symlink: /home/chief-of-mischief/Desktop/ROS-learnings/ros2_ws/install/interfaces/share/interfaces/srv/ComputeRectangleArea_Request.msg
[0.304s] -- Up-to-date symlink: /home/chief-of-mischief/Desktop/ROS-learnings/ros2_ws/install/interfaces/share/interfaces/srv/ComputeRectangleArea_Response.msg
[0.304s] -- Up-to-date symlink: /home/chief-of-mischief/Desktop/ROS-learnings/ros2_ws/install/interfaces/share/interfaces/srv/SetLed.srv
[0.304s] -- Up-to-date symlink: /home/chief-of-mischief/Desktop/ROS-learnings/ros2_ws/install/interfaces/share/interfaces/srv/SetLed_Request.msg
[0.304s] -- Up-to-date symlink: /home/chief-of-mischief/Desktop/ROS-learnings/ros2_ws/install/interfaces/share/interfaces/srv/SetLed_Response.msg
[0.304s] -- Up-to-date symlink: /home/chief-of-mischief/Desktop/ROS-learnings/ros2_ws/install/interfaces/share/ament_index/resource_index/package_run_dependencies/interfaces
[0.304s] -- Up-to-date symlink: /home/chief-of-mischief/Desktop/ROS-learnings/ros2_ws/install/interfaces/share/ament_index/resource_index/parent_prefix_path/interfaces
[0.305s] -- Up-to-date symlink: /home/chief-of-mischief/Desktop/ROS-learnings/ros2_ws/install/interfaces/share/interfaces/environment/ament_prefix_path.sh
[0.305s] -- Up-to-date symlink: /home/chief-of-mischief/Desktop/ROS-learnings/ros2_ws/install/interfaces/share/interfaces/environment/ament_prefix_path.dsv
[0.305s] -- Up-to-date symlink: /home/chief-of-mischief/Desktop/ROS-learnings/ros2_ws/install/interfaces/share/interfaces/environment/path.sh
[0.305s] -- Up-to-date symlink: /home/chief-of-mischief/Desktop/ROS-learnings/ros2_ws/install/interfaces/share/interfaces/environment/path.dsv
[0.305s] -- Up-to-date symlink: /home/chief-of-mischief/Desktop/ROS-learnings/ros2_ws/install/interfaces/share/interfaces/local_setup.bash
[0.305s] -- Up-to-date symlink: /home/chief-of-mischief/Desktop/ROS-learnings/ros2_ws/install/interfaces/share/interfaces/local_setup.sh
[0.305s] -- Up-to-date symlink: /home/chief-of-mischief/Desktop/ROS-learnings/ros2_ws/install/interfaces/share/interfaces/local_setup.zsh
[0.305s] -- Up-to-date symlink: /home/chief-of-mischief/Desktop/ROS-learnings/ros2_ws/install/interfaces/share/interfaces/local_setup.dsv
[0.305s] -- Symlinking: /home/chief-of-mischief/Desktop/ROS-learnings/ros2_ws/install/interfaces/share/interfaces/package.dsv
[0.308s] -- Up-to-date symlink: /home/chief-of-mischief/Desktop/ROS-learnings/ros2_ws/install/interfaces/share/ament_index/resource_index/packages/interfaces
[0.308s] -- Up-to-date symlink: /home/chief-of-mischief/Desktop/ROS-learnings/ros2_ws/install/interfaces/share/interfaces/cmake/rosidl_cmake-extras.cmake
[0.308s] -- Up-to-date symlink: /home/chief-of-mischief/Desktop/ROS-learnings/ros2_ws/install/interfaces/share/interfaces/cmake/ament_cmake_export_include_directories-extras.cmake
[0.309s] -- Up-to-date symlink: /home/chief-of-mischief/Desktop/ROS-learnings/ros2_ws/install/interfaces/share/interfaces/cmake/ament_cmake_export_libraries-extras.cmake
[0.309s] -- Up-to-date symlink: /home/chief-of-mischief/Desktop/ROS-learnings/ros2_ws/install/interfaces/share/interfaces/cmake/ament_cmake_export_targets-extras.cmake
[0.309s] -- Up-to-date symlink: /home/chief-of-mischief/Desktop/ROS-learnings/ros2_ws/install/interfaces/share/interfaces/cmake/rosidl_cmake_export_typesupport_targets-extras.cmake
[0.310s] -- Up-to-date symlink: /home/chief-of-mischief/Desktop/ROS-learnings/ros2_ws/install/interfaces/share/interfaces/cmake/ament_cmake_export_dependencies-extras.cmake
[0.311s] -- Up-to-date symlink: /home/chief-of-mischief/Desktop/ROS-learnings/ros2_ws/install/interfaces/share/interfaces/cmake/rosidl_cmake_export_typesupport_libraries-extras.cmake
[0.312s] -- Up-to-date symlink: /home/chief-of-mischief/Desktop/ROS-learnings/ros2_ws/install/interfaces/share/interfaces/cmake/interfacesConfig.cmake
[0.312s] -- Up-to-date symlink: /home/chief-of-mischief/Desktop/ROS-learnings/ros2_ws/install/interfaces/share/interfaces/cmake/interfacesConfig-version.cmake
[0.312s] -- Up-to-date symlink: /home/chief-of-mischief/Desktop/ROS-learnings/ros2_ws/install/interfaces/share/interfaces/package.xml
[0.312s] -- Up-to-date: /home/chief-of-mischief/Desktop/ROS-learnings/ros2_ws/install/interfaces/lib/libinterfaces__rosidl_generator_c.so
[0.312s] -- Up-to-date: /home/chief-of-mischief/Desktop/ROS-learnings/ros2_ws/install/interfaces/lib/libinterfaces__rosidl_typesupport_fastrtps_c.so
[0.312s] -- Up-to-date: /home/chief-of-mischief/Desktop/ROS-learnings/ros2_ws/install/interfaces/lib/libinterfaces__rosidl_typesupport_introspection_c.so
[0.313s] -- Up-to-date: /home/chief-of-mischief/Desktop/ROS-learnings/ros2_ws/install/interfaces/lib/libinterfaces__rosidl_typesupport_c.so
[0.313s] -- Up-to-date: /home/chief-of-mischief/Desktop/ROS-learnings/ros2_ws/install/interfaces/lib/libinterfaces__rosidl_typesupport_fastrtps_cpp.so
[0.313s] -- Up-to-date: /home/chief-of-mischief/Desktop/ROS-learnings/ros2_ws/install/interfaces/lib/libinterfaces__rosidl_typesupport_introspection_cpp.so
[0.313s] -- Up-to-date: /home/chief-of-mischief/Desktop/ROS-learnings/ros2_ws/install/interfaces/lib/libinterfaces__rosidl_typesupport_cpp.so
[0.331s] Listing '/home/chief-of-mischief/Desktop/ROS-learnings/ros2_ws/install/interfaces/local/lib/python3.10/dist-packages/interfaces'...
[0.331s] Listing '/home/chief-of-mischief/Desktop/ROS-learnings/ros2_ws/install/interfaces/local/lib/python3.10/dist-packages/interfaces/msg'...
[0.331s] Listing '/home/chief-of-mischief/Desktop/ROS-learnings/ros2_ws/install/interfaces/local/lib/python3.10/dist-packages/interfaces/srv'...
[0.335s] -- Up-to-date: /home/chief-of-mischief/Desktop/ROS-learnings/ros2_ws/install/interfaces/lib/libinterfaces__rosidl_generator_py.so
[0.335s] -- Up-to-date: /home/chief-of-mischief/Desktop/ROS-learnings/ros2_ws/install/interfaces/share/interfaces/cmake/export_interfaces__rosidl_generator_cExport.cmake
[0.335s] -- Up-to-date: /home/chief-of-mischief/Desktop/ROS-learnings/ros2_ws/install/interfaces/share/interfaces/cmake/export_interfaces__rosidl_generator_cExport-noconfig.cmake
[0.336s] -- Up-to-date: /home/chief-of-mischief/Desktop/ROS-learnings/ros2_ws/install/interfaces/share/interfaces/cmake/export_interfaces__rosidl_typesupport_fastrtps_cExport.cmake
[0.336s] -- Up-to-date: /home/chief-of-mischief/Desktop/ROS-learnings/ros2_ws/install/interfaces/share/interfaces/cmake/export_interfaces__rosidl_typesupport_fastrtps_cExport-noconfig.cmake
[0.336s] -- Up-to-date: /home/chief-of-mischief/Desktop/ROS-learnings/ros2_ws/install/interfaces/share/interfaces/cmake/interfaces__rosidl_typesupport_introspection_cExport.cmake
[0.336s] -- Up-to-date: /home/chief-of-mischief/Desktop/ROS-learnings/ros2_ws/install/interfaces/share/interfaces/cmake/interfaces__rosidl_typesupport_introspection_cExport-noconfig.cmake
[0.336s] -- Up-to-date: /home/chief-of-mischief/Desktop/ROS-learnings/ros2_ws/install/interfaces/share/interfaces/cmake/interfaces__rosidl_typesupport_cExport.cmake
[0.336s] -- Up-to-date: /home/chief-of-mischief/Desktop/ROS-learnings/ros2_ws/install/interfaces/share/interfaces/cmake/interfaces__rosidl_typesupport_cExport-noconfig.cmake
[0.336s] -- Up-to-date: /home/chief-of-mischief/Desktop/ROS-learnings/ros2_ws/install/interfaces/share/interfaces/cmake/export_interfaces__rosidl_generator_cppExport.cmake
[0.336s] -- Up-to-date: /home/chief-of-mischief/Desktop/ROS-learnings/ros2_ws/install/interfaces/share/interfaces/cmake/export_interfaces__rosidl_typesupport_fastrtps_cppExport.cmake
[0.336s] -- Up-to-date: /home/chief-of-mischief/Desktop/ROS-learnings/ros2_ws/install/interfaces/share/interfaces/cmake/export_interfaces__rosidl_typesupport_fastrtps_cppExport-noconfig.cmake
[0.336s] -- Up-to-date: /home/chief-of-mischief/Desktop/ROS-learnings/ros2_ws/install/interfaces/share/interfaces/cmake/interfaces__rosidl_typesupport_introspection_cppExport.cmake
[0.336s] -- Up-to-date: /home/chief-of-mischief/Desktop/ROS-learnings/ros2_ws/install/interfaces/share/interfaces/cmake/interfaces__rosidl_typesupport_introspection_cppExport-noconfig.cmake
[0.336s] -- Up-to-date: /home/chief-of-mischief/Desktop/ROS-learnings/ros2_ws/install/interfaces/share/interfaces/cmake/interfaces__rosidl_typesupport_cppExport.cmake
[0.336s] -- Up-to-date: /home/chief-of-mischief/Desktop/ROS-learnings/ros2_ws/install/interfaces/share/interfaces/cmake/interfaces__rosidl_typesupport_cppExport-noconfig.cmake
[0.337s] -- Up-to-date: /home/chief-of-mischief/Desktop/ROS-learnings/ros2_ws/install/interfaces/share/interfaces/cmake/export_interfaces__rosidl_generator_pyExport.cmake
[0.337s] -- Up-to-date: /home/chief-of-mischief/Desktop/ROS-learnings/ros2_ws/install/interfaces/share/interfaces/cmake/export_interfaces__rosidl_generator_pyExport-noconfig.cmake
[0.342s] Invoked command in '/home/chief-of-mischief/Desktop/ROS-learnings/ros2_ws/build/interfaces' returned '0': CMAKE_PREFIX_PATH=${CMAKE_PREFIX_PATH}:/home/chief-of-mischief/Desktop/ROS-learnings/ros2_ws/install/p_py_pkg:/home/chief-of-mischief/Desktop/ROS-learnings/ros2_ws/install/my_py_pkg:/opt/ros/humble /usr/bin/cmake --install /home/chief-of-mischief/Desktop/ROS-learnings/ros2_ws/build/interfaces
