[0.007s] Invoking command in '/home/chief-of-mischief/Desktop/ROS-learnings/ros2_ws/build/cpp_pkg': CMAKE_PREFIX_PATH=/home/chief-of-mischief/Desktop/ROS-learnings/ros2_ws/install/interfaces:/home/chief-of-mischief/Desktop/ROS-learnings/ros2_ws/install/interfacesclear:/home/chief-of-mischief/Desktop/ROS-learnings/ros2_ws/install/cpp_pkg:/home/chief-of-mischief/Desktop/ROS-learnings/ros2_ws/install/c_py_pkg:/home/chief-of-mischief/Desktop/ROS-learnings/ros2_ws/install/my_py_pkg:/home/chief-of-mischief/Desktop/ROS-learnings/ros2_ws/install/p_py_pkg:/opt/ros/humble /usr/bin/cmake --build /home/chief-of-mischief/Desktop/ROS-learnings/ros2_ws/build/cpp_pkg -- -j24 -l24
[0.025s] -- Found ament_cmake: 1.3.3 (/opt/ros/humble/share/ament_cmake/cmake)
[0.119s] -- Override CMake install command with custom implementation using symlinks instead of copying resources
[0.123s] -- Found rclcpp: 16.0.2 (/opt/ros/humble/share/rclcpp/cmake)
[0.141s] -- Found rosidl_generator_c: 3.1.4 (/opt/ros/humble/share/rosidl_generator_c/cmake)
[0.142s] -- Found rosidl_adapter: 3.1.4 (/opt/ros/humble/share/rosidl_adapter/cmake)
[0.146s] -- Found rosidl_generator_cpp: 3.1.4 (/opt/ros/humble/share/rosidl_generator_cpp/cmake)
[0.153s] -- Using all available rosidl_typesupport_c: rosidl_typesupport_fastrtps_c;rosidl_typesupport_introspection_c
[0.162s] -- Using all available rosidl_typesupport_cpp: rosidl_typesupport_fastrtps_cpp;rosidl_typesupport_introspection_cpp
[0.194s] -- Found rmw_implementation_cmake: 6.1.1 (/opt/ros/humble/share/rmw_implementation_cmake/cmake)
[0.195s] -- Found rmw_fastrtps_cpp: 6.2.2 (/opt/ros/humble/share/rmw_fastrtps_cpp/cmake)
[0.261s] -- Using RMW implementation 'rmw_fastrtps_cpp' as default
[0.349s] -- Found example_interfaces: 0.9.3 (/opt/ros/humble/share/example_interfaces/cmake)
[0.425s] -- Found interfaces: 0.0.0 (/home/chief-of-mischief/Desktop/ROS-learnings/ros2_ws/install/interfaces/share/interfaces/cmake)
[0.434s] -- Found ament_lint_auto: 0.12.4 (/opt/ros/humble/share/ament_lint_auto/cmake)
[0.480s] -- Added test 'cppcheck' to perform static code analysis on C / C++ code
[0.480s] -- Configured cppcheck include dirs: 
[0.480s] -- Configured cppcheck exclude dirs and/or files: 
[0.480s] -- Added test 'lint_cmake' to check CMake code style
[0.480s] -- Added test 'uncrustify' to check C / C++ code style
[0.480s] -- Configured uncrustify additional arguments: 
[0.481s] -- Added test 'xmllint' to check XML markup files
[0.481s] -- Configuring done
[0.498s] -- Generating done
[0.499s] -- Build files have been written to: /home/chief-of-mischief/Desktop/ROS-learnings/ros2_ws/build/cpp_pkg
[0.513s] [35m[1mConsolidate compiler generated dependencies of target cpp_node[0m
[0.513s] [35m[1mConsolidate compiler generated dependencies of target robot_news_station[0m
[0.513s] [35m[1mConsolidate compiler generated dependencies of target smartphone[0m
[0.513s] [35m[1mConsolidate compiler generated dependencies of target add_two_ints_server[0m
[0.513s] [35m[1mConsolidate compiler generated dependencies of target add_two_ints_client[0m
[0.513s] [35m[1mConsolidate compiler generated dependencies of target add_two_ints_client_no_oop[0m
[0.514s] [35m[1mConsolidate compiler generated dependencies of target hardware_status_publisher[0m
[0.523s] [ 21%] Built target cpp_node
[0.523s] [ 28%] Built target robot_news_station
[0.524s] [ 57%] Built target smartphone
[0.524s] [ 57%] Built target add_two_ints_server
[0.524s] [ 78%] [32mBuilding CXX object CMakeFiles/hardware_status_publisher.dir/src/hw_status_publisher.cpp.o[0m
[0.524s] [ 78%] Built target add_two_ints_client
[0.524s] [ 92%] Built target add_two_ints_client_no_oop
[2.742s] [100%] [32m[1mLinking CXX executable hardware_status_publisher[0m
[2.837s] [100%] Built target hardware_status_publisher
[2.847s] Invoked command in '/home/chief-of-mischief/Desktop/ROS-learnings/ros2_ws/build/cpp_pkg' returned '0': CMAKE_PREFIX_PATH=/home/chief-of-mischief/Desktop/ROS-learnings/ros2_ws/install/interfaces:/home/chief-of-mischief/Desktop/ROS-learnings/ros2_ws/install/interfacesclear:/home/chief-of-mischief/Desktop/ROS-learnings/ros2_ws/install/cpp_pkg:/home/chief-of-mischief/Desktop/ROS-learnings/ros2_ws/install/c_py_pkg:/home/chief-of-mischief/Desktop/ROS-learnings/ros2_ws/install/my_py_pkg:/home/chief-of-mischief/Desktop/ROS-learnings/ros2_ws/install/p_py_pkg:/opt/ros/humble /usr/bin/cmake --build /home/chief-of-mischief/Desktop/ROS-learnings/ros2_ws/build/cpp_pkg -- -j24 -l24
[2.868s] Invoking command in '/home/chief-of-mischief/Desktop/ROS-learnings/ros2_ws/build/cpp_pkg': CMAKE_PREFIX_PATH=/home/chief-of-mischief/Desktop/ROS-learnings/ros2_ws/install/interfaces:/home/chief-of-mischief/Desktop/ROS-learnings/ros2_ws/install/interfacesclear:/home/chief-of-mischief/Desktop/ROS-learnings/ros2_ws/install/cpp_pkg:/home/chief-of-mischief/Desktop/ROS-learnings/ros2_ws/install/c_py_pkg:/home/chief-of-mischief/Desktop/ROS-learnings/ros2_ws/install/my_py_pkg:/home/chief-of-mischief/Desktop/ROS-learnings/ros2_ws/install/p_py_pkg:/opt/ros/humble /usr/bin/cmake --install /home/chief-of-mischief/Desktop/ROS-learnings/ros2_ws/build/cpp_pkg
[2.871s] -- Install configuration: ""
[2.872s] -- Execute custom install script
[2.872s] -- Up-to-date symlink: /home/chief-of-mischief/Desktop/ROS-learnings/ros2_ws/install/cpp_pkg/lib/cpp_pkg/cpp_node
[2.872s] -- Up-to-date symlink: /home/chief-of-mischief/Desktop/ROS-learnings/ros2_ws/install/cpp_pkg/lib/cpp_pkg/robot_news_station
[2.872s] -- Up-to-date symlink: /home/chief-of-mischief/Desktop/ROS-learnings/ros2_ws/install/cpp_pkg/lib/cpp_pkg/smartphone
[2.872s] -- Up-to-date symlink: /home/chief-of-mischief/Desktop/ROS-learnings/ros2_ws/install/cpp_pkg/lib/cpp_pkg/add_two_ints_server
[2.872s] -- Up-to-date symlink: /home/chief-of-mischief/Desktop/ROS-learnings/ros2_ws/install/cpp_pkg/lib/cpp_pkg/add_two_ints_client
[2.872s] -- Up-to-date symlink: /home/chief-of-mischief/Desktop/ROS-learnings/ros2_ws/install/cpp_pkg/lib/cpp_pkg/add_two_ints_client_no_oop
[2.872s] -- Up-to-date symlink: /home/chief-of-mischief/Desktop/ROS-learnings/ros2_ws/install/cpp_pkg/lib/cpp_pkg/hardware_status_publisher
[2.873s] -- Up-to-date symlink: /home/chief-of-mischief/Desktop/ROS-learnings/ros2_ws/install/cpp_pkg/share/ament_index/resource_index/package_run_dependencies/cpp_pkg
[2.873s] -- Up-to-date symlink: /home/chief-of-mischief/Desktop/ROS-learnings/ros2_ws/install/cpp_pkg/share/ament_index/resource_index/parent_prefix_path/cpp_pkg
[2.873s] -- Up-to-date symlink: /home/chief-of-mischief/Desktop/ROS-learnings/ros2_ws/install/cpp_pkg/share/cpp_pkg/environment/ament_prefix_path.sh
[2.873s] -- Up-to-date symlink: /home/chief-of-mischief/Desktop/ROS-learnings/ros2_ws/install/cpp_pkg/share/cpp_pkg/environment/ament_prefix_path.dsv
[2.873s] -- Up-to-date symlink: /home/chief-of-mischief/Desktop/ROS-learnings/ros2_ws/install/cpp_pkg/share/cpp_pkg/environment/path.sh
[2.873s] -- Up-to-date symlink: /home/chief-of-mischief/Desktop/ROS-learnings/ros2_ws/install/cpp_pkg/share/cpp_pkg/environment/path.dsv
[2.873s] -- Up-to-date symlink: /home/chief-of-mischief/Desktop/ROS-learnings/ros2_ws/install/cpp_pkg/share/cpp_pkg/local_setup.bash
[2.873s] -- Up-to-date symlink: /home/chief-of-mischief/Desktop/ROS-learnings/ros2_ws/install/cpp_pkg/share/cpp_pkg/local_setup.sh
[2.873s] -- Up-to-date symlink: /home/chief-of-mischief/Desktop/ROS-learnings/ros2_ws/install/cpp_pkg/share/cpp_pkg/local_setup.zsh
[2.873s] -- Up-to-date symlink: /home/chief-of-mischief/Desktop/ROS-learnings/ros2_ws/install/cpp_pkg/share/cpp_pkg/local_setup.dsv
[2.873s] -- Symlinking: /home/chief-of-mischief/Desktop/ROS-learnings/ros2_ws/install/cpp_pkg/share/cpp_pkg/package.dsv
[2.877s] -- Up-to-date symlink: /home/chief-of-mischief/Desktop/ROS-learnings/ros2_ws/install/cpp_pkg/share/ament_index/resource_index/packages/cpp_pkg
[2.877s] -- Up-to-date symlink: /home/chief-of-mischief/Desktop/ROS-learnings/ros2_ws/install/cpp_pkg/share/cpp_pkg/cmake/cpp_pkgConfig.cmake
[2.877s] -- Up-to-date symlink: /home/chief-of-mischief/Desktop/ROS-learnings/ros2_ws/install/cpp_pkg/share/cpp_pkg/cmake/cpp_pkgConfig-version.cmake
[2.878s] -- Up-to-date symlink: /home/chief-of-mischief/Desktop/ROS-learnings/ros2_ws/install/cpp_pkg/share/cpp_pkg/package.xml
[2.883s] Invoked command in '/home/chief-of-mischief/Desktop/ROS-learnings/ros2_ws/build/cpp_pkg' returned '0': CMAKE_PREFIX_PATH=/home/chief-of-mischief/Desktop/ROS-learnings/ros2_ws/install/interfaces:/home/chief-of-mischief/Desktop/ROS-learnings/ros2_ws/install/interfacesclear:/home/chief-of-mischief/Desktop/ROS-learnings/ros2_ws/install/cpp_pkg:/home/chief-of-mischief/Desktop/ROS-learnings/ros2_ws/install/c_py_pkg:/home/chief-of-mischief/Desktop/ROS-learnings/ros2_ws/install/my_py_pkg:/home/chief-of-mischief/Desktop/ROS-learnings/ros2_ws/install/p_py_pkg:/opt/ros/humble /usr/bin/cmake --install /home/chief-of-mischief/Desktop/ROS-learnings/ros2_ws/build/cpp_pkg
