[0.011s] Invoking command in '/home/chief-of-mischief/Desktop/ROS-learnings/ros2_ws/build/py_pkg': CMAKE_PREFIX_PATH=/home/chief-of-mischief/Desktop/ROS-learnings/ros2_ws/install/py_pkg:/opt/ros/humble CONDA_PROMPT_MODIFIER=(base) /usr/bin/cmake --build /home/chief-of-mischief/Desktop/ROS-learnings/ros2_ws/build/py_pkg -- -j24 -l24
[0.034s] Invoked command in '/home/chief-of-mischief/Desktop/ROS-learnings/ros2_ws/build/py_pkg' returned '0': CMAKE_PREFIX_PATH=/home/chief-of-mischief/Desktop/ROS-learnings/ros2_ws/install/py_pkg:/opt/ros/humble CONDA_PROMPT_MODIFIER=(base) /usr/bin/cmake --build /home/chief-of-mischief/Desktop/ROS-learnings/ros2_ws/build/py_pkg -- -j24 -l24
[0.056s] Invoking command in '/home/chief-of-mischief/Desktop/ROS-learnings/ros2_ws/build/py_pkg': CMAKE_PREFIX_PATH=/home/chief-of-mischief/Desktop/ROS-learnings/ros2_ws/install/py_pkg:/opt/ros/humble CONDA_PROMPT_MODIFIER=(base) /usr/bin/cmake --install /home/chief-of-mischief/Desktop/ROS-learnings/ros2_ws/build/py_pkg
[0.062s] -- Install configuration: ""
[0.062s] -- Up-to-date: /home/chief-of-mischief/Desktop/ROS-learnings/ros2_ws/install/py_pkg/share/ament_index/resource_index/package_run_dependencies/py_pkg
[0.062s] -- Up-to-date: /home/chief-of-mischief/Desktop/ROS-learnings/ros2_ws/install/py_pkg/share/ament_index/resource_index/parent_prefix_path/py_pkg
[0.062s] -- Up-to-date: /home/chief-of-mischief/Desktop/ROS-learnings/ros2_ws/install/py_pkg/share/py_pkg/environment/ament_prefix_path.sh
[0.062s] -- Up-to-date: /home/chief-of-mischief/Desktop/ROS-learnings/ros2_ws/install/py_pkg/share/py_pkg/environment/ament_prefix_path.dsv
[0.062s] -- Up-to-date: /home/chief-of-mischief/Desktop/ROS-learnings/ros2_ws/install/py_pkg/share/py_pkg/environment/path.sh
[0.062s] -- Up-to-date: /home/chief-of-mischief/Desktop/ROS-learnings/ros2_ws/install/py_pkg/share/py_pkg/environment/path.dsv
[0.062s] -- Up-to-date: /home/chief-of-mischief/Desktop/ROS-learnings/ros2_ws/install/py_pkg/share/py_pkg/local_setup.bash
[0.062s] -- Up-to-date: /home/chief-of-mischief/Desktop/ROS-learnings/ros2_ws/install/py_pkg/share/py_pkg/local_setup.sh
[0.062s] -- Up-to-date: /home/chief-of-mischief/Desktop/ROS-learnings/ros2_ws/install/py_pkg/share/py_pkg/local_setup.zsh
[0.062s] -- Up-to-date: /home/chief-of-mischief/Desktop/ROS-learnings/ros2_ws/install/py_pkg/share/py_pkg/local_setup.dsv
[0.062s] -- Up-to-date: /home/chief-of-mischief/Desktop/ROS-learnings/ros2_ws/install/py_pkg/share/py_pkg/package.dsv
[0.062s] -- Up-to-date: /home/chief-of-mischief/Desktop/ROS-learnings/ros2_ws/install/py_pkg/share/ament_index/resource_index/packages/py_pkg
[0.062s] -- Up-to-date: /home/chief-of-mischief/Desktop/ROS-learnings/ros2_ws/install/py_pkg/share/py_pkg/cmake/py_pkgConfig.cmake
[0.062s] -- Up-to-date: /home/chief-of-mischief/Desktop/ROS-learnings/ros2_ws/install/py_pkg/share/py_pkg/cmake/py_pkgConfig-version.cmake
[0.062s] -- Up-to-date: /home/chief-of-mischief/Desktop/ROS-learnings/ros2_ws/install/py_pkg/share/py_pkg/package.xml
[0.063s] Invoked command in '/home/chief-of-mischief/Desktop/ROS-learnings/ros2_ws/build/py_pkg' returned '0': CMAKE_PREFIX_PATH=/home/chief-of-mischief/Desktop/ROS-learnings/ros2_ws/install/py_pkg:/opt/ros/humble CONDA_PROMPT_MODIFIER=(base) /usr/bin/cmake --install /home/chief-of-mischief/Desktop/ROS-learnings/ros2_ws/build/py_pkg
