/usr/lib/python3/dist-packages/setuptools/dist.py:723: UserWarning: Usage of dash-separated 'script-dir' will not be supported in future versions. Please use the underscore name 'script_dir' instead
  warnings.warn(
running develop
/usr/lib/python3/dist-packages/setuptools/command/easy_install.py:158: EasyInstallDeprecationWarning: easy_install command is deprecated. Use build and pip and other standards-based tools.
  warnings.warn(
/usr/lib/python3/dist-packages/setuptools/command/install.py:34: SetuptoolsDeprecationWarning: setup.py install is deprecated. Use build and pip and other standards-based tools.
  warnings.warn(
/usr/lib/python3/dist-packages/pkg_resources/__init__.py:116: PkgResourcesDeprecationWarning: 1.16.0-unknown is an invalid version and will not be supported in a future release
  warnings.warn(
/usr/lib/python3/dist-packages/pkg_resources/__init__.py:116: PkgResourcesDeprecationWarning: 0.1.43ubuntu1 is an invalid version and will not be supported in a future release
  warnings.warn(
/usr/lib/python3/dist-packages/pkg_resources/__init__.py:116: PkgResourcesDeprecationWarning: 1.1build1 is an invalid version and will not be supported in a future release
  warnings.warn(
running egg_info
creating my_py_pkg.egg-info
writing my_py_pkg.egg-info/PKG-INFO
writing dependency_links to my_py_pkg.egg-info/dependency_links.txt
writing entry points to my_py_pkg.egg-info/entry_points.txt
writing requirements to my_py_pkg.egg-info/requires.txt
writing top-level names to my_py_pkg.egg-info/top_level.txt
writing manifest file 'my_py_pkg.egg-info/SOURCES.txt'
reading manifest file 'my_py_pkg.egg-info/SOURCES.txt'
writing manifest file 'my_py_pkg.egg-info/SOURCES.txt'
running build_ext
Creating /home/chief-of-mischief/Desktop/ROS-learnings/ros2_ws/install/my_py_pkg/lib/python3.10/site-packages/my-py-pkg.egg-link (link to .)
Installing number_counter script to /home/chief-of-mischief/Desktop/ROS-learnings/ros2_ws/install/my_py_pkg/lib/my_py_pkg
Installing number_publisher script to /home/chief-of-mischief/Desktop/ROS-learnings/ros2_ws/install/my_py_pkg/lib/my_py_pkg
Installing py_node script to /home/chief-of-mischief/Desktop/ROS-learnings/ros2_ws/install/my_py_pkg/lib/my_py_pkg
Installing robot_news_station script to /home/chief-of-mischief/Desktop/ROS-learnings/ros2_ws/install/my_py_pkg/lib/my_py_pkg
Installing smartphone script to /home/chief-of-mischief/Desktop/ROS-learnings/ros2_ws/install/my_py_pkg/lib/my_py_pkg

Installed /home/chief-of-mischief/Desktop/ROS-learnings/ros2_ws/build/my_py_pkg
running install_data
creating /home/chief-of-mischief/Desktop/ROS-learnings/ros2_ws/install/my_py_pkg/share/ament_index
creating /home/chief-of-mischief/Desktop/ROS-learnings/ros2_ws/install/my_py_pkg/share/ament_index/resource_index
creating /home/chief-of-mischief/Desktop/ROS-learnings/ros2_ws/install/my_py_pkg/share/ament_index/resource_index/packages
copying resource/my_py_pkg -> /home/chief-of-mischief/Desktop/ROS-learnings/ros2_ws/install/my_py_pkg/share/ament_index/resource_index/packages
copying package.xml -> /home/chief-of-mischief/Desktop/ROS-learnings/ros2_ws/install/my_py_pkg/share/my_py_pkg
