[0.007s] Invoking command in '/home/chief-of-mischief/Desktop/ROS-learnings/ros2_ws/build/my_robot_bringup': CMAKE_PREFIX_PATH=/home/chief-of-mischief/Desktop/ROS-learnings/ros2_ws/install/cpp_pkg:/home/chief-of-mischief/Desktop/ROS-learnings/ros2_ws/install/interfaces:/home/chief-of-mischief/Desktop/ROS-learnings/ros2_ws/install/c_py_pkg:/home/chief-of-mischief/Desktop/ROS-learnings/ros2_ws/install/my_robot_bringup:/home/chief-of-mischief/Desktop/ROS-learnings/ros2_ws/install/interfacesclear:/home/chief-of-mischief/Desktop/ROS-learnings/ros2_ws/install/p_py_pkg:/home/chief-of-mischief/Desktop/ROS-learnings/ros2_ws/install/my_py_pkg:/opt/ros/humble /usr/bin/cmake --build /home/chief-of-mischief/Desktop/ROS-learnings/ros2_ws/build/my_robot_bringup -- -j24 -l24
[0.030s] Invoked command in '/home/chief-of-mischief/Desktop/ROS-learnings/ros2_ws/build/my_robot_bringup' returned '0': CMAKE_PREFIX_PATH=/home/chief-of-mischief/Desktop/ROS-learnings/ros2_ws/install/cpp_pkg:/home/chief-of-mischief/Desktop/ROS-learnings/ros2_ws/install/interfaces:/home/chief-of-mischief/Desktop/ROS-learnings/ros2_ws/install/c_py_pkg:/home/chief-of-mischief/Desktop/ROS-learnings/ros2_ws/install/my_robot_bringup:/home/chief-of-mischief/Desktop/ROS-learnings/ros2_ws/install/interfacesclear:/home/chief-of-mischief/Desktop/ROS-learnings/ros2_ws/install/p_py_pkg:/home/chief-of-mischief/Desktop/ROS-learnings/ros2_ws/install/my_py_pkg:/opt/ros/humble /usr/bin/cmake --build /home/chief-of-mischief/Desktop/ROS-learnings/ros2_ws/build/my_robot_bringup -- -j24 -l24
[0.043s] Invoking command in '/home/chief-of-mischief/Desktop/ROS-learnings/ros2_ws/build/my_robot_bringup': CMAKE_PREFIX_PATH=/home/chief-of-mischief/Desktop/ROS-learnings/ros2_ws/install/cpp_pkg:/home/chief-of-mischief/Desktop/ROS-learnings/ros2_ws/install/interfaces:/home/chief-of-mischief/Desktop/ROS-learnings/ros2_ws/install/c_py_pkg:/home/chief-of-mischief/Desktop/ROS-learnings/ros2_ws/install/my_robot_bringup:/home/chief-of-mischief/Desktop/ROS-learnings/ros2_ws/install/interfacesclear:/home/chief-of-mischief/Desktop/ROS-learnings/ros2_ws/install/p_py_pkg:/home/chief-of-mischief/Desktop/ROS-learnings/ros2_ws/install/my_py_pkg:/opt/ros/humble /usr/bin/cmake --install /home/chief-of-mischief/Desktop/ROS-learnings/ros2_ws/build/my_robot_bringup
[0.047s] -- Install configuration: ""
[0.047s] -- Execute custom install script
[0.047s] -- Symlinking: /home/chief-of-mischief/Desktop/ROS-learnings/ros2_ws/install/my_robot_bringup/share/my_robot_bringup/launch/news_app.launch.py
[0.052s] -- Up-to-date symlink: /home/chief-of-mischief/Desktop/ROS-learnings/ros2_ws/install/my_robot_bringup/share/my_robot_bringup/launch/number_app.launch.py
[0.052s] -- Up-to-date symlink: /home/chief-of-mischief/Desktop/ROS-learnings/ros2_ws/install/my_robot_bringup/share/ament_index/resource_index/package_run_dependencies/my_robot_bringup
[0.052s] -- Up-to-date symlink: /home/chief-of-mischief/Desktop/ROS-learnings/ros2_ws/install/my_robot_bringup/share/ament_index/resource_index/parent_prefix_path/my_robot_bringup
[0.052s] -- Up-to-date symlink: /home/chief-of-mischief/Desktop/ROS-learnings/ros2_ws/install/my_robot_bringup/share/my_robot_bringup/environment/ament_prefix_path.sh
[0.052s] -- Up-to-date symlink: /home/chief-of-mischief/Desktop/ROS-learnings/ros2_ws/install/my_robot_bringup/share/my_robot_bringup/environment/ament_prefix_path.dsv
[0.052s] -- Up-to-date symlink: /home/chief-of-mischief/Desktop/ROS-learnings/ros2_ws/install/my_robot_bringup/share/my_robot_bringup/environment/path.sh
[0.052s] -- Up-to-date symlink: /home/chief-of-mischief/Desktop/ROS-learnings/ros2_ws/install/my_robot_bringup/share/my_robot_bringup/environment/path.dsv
[0.052s] -- Up-to-date symlink: /home/chief-of-mischief/Desktop/ROS-learnings/ros2_ws/install/my_robot_bringup/share/my_robot_bringup/local_setup.bash
[0.052s] -- Up-to-date symlink: /home/chief-of-mischief/Desktop/ROS-learnings/ros2_ws/install/my_robot_bringup/share/my_robot_bringup/local_setup.sh
[0.052s] -- Up-to-date symlink: /home/chief-of-mischief/Desktop/ROS-learnings/ros2_ws/install/my_robot_bringup/share/my_robot_bringup/local_setup.zsh
[0.052s] -- Up-to-date symlink: /home/chief-of-mischief/Desktop/ROS-learnings/ros2_ws/install/my_robot_bringup/share/my_robot_bringup/local_setup.dsv
[0.052s] -- Symlinking: /home/chief-of-mischief/Desktop/ROS-learnings/ros2_ws/install/my_robot_bringup/share/my_robot_bringup/package.dsv
[0.057s] -- Up-to-date symlink: /home/chief-of-mischief/Desktop/ROS-learnings/ros2_ws/install/my_robot_bringup/share/ament_index/resource_index/packages/my_robot_bringup
[0.058s] -- Up-to-date symlink: /home/chief-of-mischief/Desktop/ROS-learnings/ros2_ws/install/my_robot_bringup/share/my_robot_bringup/cmake/my_robot_bringupConfig.cmake
[0.058s] -- Up-to-date symlink: /home/chief-of-mischief/Desktop/ROS-learnings/ros2_ws/install/my_robot_bringup/share/my_robot_bringup/cmake/my_robot_bringupConfig-version.cmake
[0.058s] -- Up-to-date symlink: /home/chief-of-mischief/Desktop/ROS-learnings/ros2_ws/install/my_robot_bringup/share/my_robot_bringup/package.xml
[0.062s] Invoked command in '/home/chief-of-mischief/Desktop/ROS-learnings/ros2_ws/build/my_robot_bringup' returned '0': CMAKE_PREFIX_PATH=/home/chief-of-mischief/Desktop/ROS-learnings/ros2_ws/install/cpp_pkg:/home/chief-of-mischief/Desktop/ROS-learnings/ros2_ws/install/interfaces:/home/chief-of-mischief/Desktop/ROS-learnings/ros2_ws/install/c_py_pkg:/home/chief-of-mischief/Desktop/ROS-learnings/ros2_ws/install/my_robot_bringup:/home/chief-of-mischief/Desktop/ROS-learnings/ros2_ws/install/interfacesclear:/home/chief-of-mischief/Desktop/ROS-learnings/ros2_ws/install/p_py_pkg:/home/chief-of-mischief/Desktop/ROS-learnings/ros2_ws/install/my_py_pkg:/opt/ros/humble /usr/bin/cmake --install /home/chief-of-mischief/Desktop/ROS-learnings/ros2_ws/build/my_robot_bringup
