running egg_info
creating ../../build/p_py_pkg/p_py_pkg.egg-info
writing ../../build/p_py_pkg/p_py_pkg.egg-info/PKG-INFO
writing dependency_links to ../../build/p_py_pkg/p_py_pkg.egg-info/dependency_links.txt
writing entry points to ../../build/p_py_pkg/p_py_pkg.egg-info/entry_points.txt
writing requirements to ../../build/p_py_pkg/p_py_pkg.egg-info/requires.txt
writing top-level names to ../../build/p_py_pkg/p_py_pkg.egg-info/top_level.txt
writing manifest file '../../build/p_py_pkg/p_py_pkg.egg-info/SOURCES.txt'
reading manifest file '../../build/p_py_pkg/p_py_pkg.egg-info/SOURCES.txt'
writing manifest file '../../build/p_py_pkg/p_py_pkg.egg-info/SOURCES.txt'
running build
running build_py
creating /home/chief-of-mischief/Desktop/ROS-learnings/ros2_ws/build/p_py_pkg/build
creating /home/chief-of-mischief/Desktop/ROS-learnings/ros2_ws/build/p_py_pkg/build/lib
creating /home/chief-of-mischief/Desktop/ROS-learnings/ros2_ws/build/p_py_pkg/build/lib/p_py_pkg
copying p_py_pkg/subscriber_2.py -> /home/chief-of-mischief/Desktop/ROS-learnings/ros2_ws/build/p_py_pkg/build/lib/p_py_pkg
copying p_py_pkg/publisher_2.py -> /home/chief-of-mischief/Desktop/ROS-learnings/ros2_ws/build/p_py_pkg/build/lib/p_py_pkg
copying p_py_pkg/__init__.py -> /home/chief-of-mischief/Desktop/ROS-learnings/ros2_ws/build/p_py_pkg/build/lib/p_py_pkg
running install
running install_lib
creating /home/chief-of-mischief/Desktop/ROS-learnings/ros2_ws/install/p_py_pkg/lib/python3.10/site-packages/p_py_pkg
copying /home/chief-of-mischief/Desktop/ROS-learnings/ros2_ws/build/p_py_pkg/build/lib/p_py_pkg/subscriber_2.py -> /home/chief-of-mischief/Desktop/ROS-learnings/ros2_ws/install/p_py_pkg/lib/python3.10/site-packages/p_py_pkg
copying /home/chief-of-mischief/Desktop/ROS-learnings/ros2_ws/build/p_py_pkg/build/lib/p_py_pkg/publisher_2.py -> /home/chief-of-mischief/Desktop/ROS-learnings/ros2_ws/install/p_py_pkg/lib/python3.10/site-packages/p_py_pkg
copying /home/chief-of-mischief/Desktop/ROS-learnings/ros2_ws/build/p_py_pkg/build/lib/p_py_pkg/__init__.py -> /home/chief-of-mischief/Desktop/ROS-learnings/ros2_ws/install/p_py_pkg/lib/python3.10/site-packages/p_py_pkg
byte-compiling /home/chief-of-mischief/Desktop/ROS-learnings/ros2_ws/install/p_py_pkg/lib/python3.10/site-packages/p_py_pkg/subscriber_2.py to subscriber_2.cpython-310.pyc
byte-compiling /home/chief-of-mischief/Desktop/ROS-learnings/ros2_ws/install/p_py_pkg/lib/python3.10/site-packages/p_py_pkg/publisher_2.py to publisher_2.cpython-310.pyc
byte-compiling /home/chief-of-mischief/Desktop/ROS-learnings/ros2_ws/install/p_py_pkg/lib/python3.10/site-packages/p_py_pkg/__init__.py to __init__.cpython-310.pyc
running install_data
creating /home/chief-of-mischief/Desktop/ROS-learnings/ros2_ws/install/p_py_pkg/share/ament_index
creating /home/chief-of-mischief/Desktop/ROS-learnings/ros2_ws/install/p_py_pkg/share/ament_index/resource_index
creating /home/chief-of-mischief/Desktop/ROS-learnings/ros2_ws/install/p_py_pkg/share/ament_index/resource_index/packages
copying resource/p_py_pkg -> /home/chief-of-mischief/Desktop/ROS-learnings/ros2_ws/install/p_py_pkg/share/ament_index/resource_index/packages
copying package.xml -> /home/chief-of-mischief/Desktop/ROS-learnings/ros2_ws/install/p_py_pkg/share/p_py_pkg
running install_egg_info
Copying ../../build/p_py_pkg/p_py_pkg.egg-info to /home/chief-of-mischief/Desktop/ROS-learnings/ros2_ws/install/p_py_pkg/lib/python3.10/site-packages/p_py_pkg-0.0.0-py3.10.egg-info
running install_scripts
Installing my_publisher = p_py_pkg.publisher_2:mainmy_subscriber script to /home/chief-of-mischief/Desktop/ROS-learnings/ros2_ws/install/p_py_pkg/lib/p_py_pkg
writing list of installed files to '/home/chief-of-mischief/Desktop/ROS-learnings/ros2_ws/build/p_py_pkg/install.log'
