/usr/lib/python3/dist-packages/setuptools/dist.py:723: UserWarning: Usage of dash-separated 'script-dir' will not be supported in future versions. Please use the underscore name 'script_dir' instead
  warnings.warn(
running develop
/usr/lib/python3/dist-packages/setuptools/command/easy_install.py:158: EasyInstallDeprecationWarning: easy_install command is deprecated. Use build and pip and other standards-based tools.
  warnings.warn(
/usr/lib/python3/dist-packages/setuptools/command/install.py:34: SetuptoolsDeprecationWarning: setup.py install is deprecated. Use build and pip and other standards-based tools.
  warnings.warn(
/usr/lib/python3/dist-packages/pkg_resources/__init__.py:116: PkgResourcesDeprecationWarning: 1.16.0-unknown is an invalid version and will not be supported in a future release
  warnings.warn(
/usr/lib/python3/dist-packages/pkg_resources/__init__.py:116: PkgResourcesDeprecationWarning: 0.1.43ubuntu1 is an invalid version and will not be supported in a future release
  warnings.warn(
/usr/lib/python3/dist-packages/pkg_resources/__init__.py:116: PkgResourcesDeprecationWarning: 1.1build1 is an invalid version and will not be supported in a future release
  warnings.warn(
Removing /home/chief-of-mischief/Desktop/ROS-learnings/ros2_ws/install/my_py_pkg/lib/python3.10/site-packages/my-py-pkg.egg-link (link to .)
/usr/lib/python3/dist-packages/setuptools/dist.py:723: UserWarning: Usage of dash-separated 'script-dir' will not be supported in future versions. Please use the underscore name 'script_dir' instead
  warnings.warn(
running egg_info
writing ../../build/my_py_pkg/my_py_pkg.egg-info/PKG-INFO
writing dependency_links to ../../build/my_py_pkg/my_py_pkg.egg-info/dependency_links.txt
writing entry points to ../../build/my_py_pkg/my_py_pkg.egg-info/entry_points.txt
writing requirements to ../../build/my_py_pkg/my_py_pkg.egg-info/requires.txt
writing top-level names to ../../build/my_py_pkg/my_py_pkg.egg-info/top_level.txt
reading manifest file '../../build/my_py_pkg/my_py_pkg.egg-info/SOURCES.txt'
writing manifest file '../../build/my_py_pkg/my_py_pkg.egg-info/SOURCES.txt'
running build
running build_py
creating /home/chief-of-mischief/Desktop/ROS-learnings/ros2_ws/build/my_py_pkg/build
creating /home/chief-of-mischief/Desktop/ROS-learnings/ros2_ws/build/my_py_pkg/build/lib
creating /home/chief-of-mischief/Desktop/ROS-learnings/ros2_ws/build/my_py_pkg/build/lib/my_py_pkg
copying my_py_pkg/number_publisher.py -> /home/chief-of-mischief/Desktop/ROS-learnings/ros2_ws/build/my_py_pkg/build/lib/my_py_pkg
copying my_py_pkg/smartphone.py -> /home/chief-of-mischief/Desktop/ROS-learnings/ros2_ws/build/my_py_pkg/build/lib/my_py_pkg
copying my_py_pkg/number_counter.py -> /home/chief-of-mischief/Desktop/ROS-learnings/ros2_ws/build/my_py_pkg/build/lib/my_py_pkg
copying my_py_pkg/__init__.py -> /home/chief-of-mischief/Desktop/ROS-learnings/ros2_ws/build/my_py_pkg/build/lib/my_py_pkg
copying my_py_pkg/template_python_node.py -> /home/chief-of-mischief/Desktop/ROS-learnings/ros2_ws/build/my_py_pkg/build/lib/my_py_pkg
copying my_py_pkg/my_first_node.py -> /home/chief-of-mischief/Desktop/ROS-learnings/ros2_ws/build/my_py_pkg/build/lib/my_py_pkg
copying my_py_pkg/robot_news_station.py -> /home/chief-of-mischief/Desktop/ROS-learnings/ros2_ws/build/my_py_pkg/build/lib/my_py_pkg
running install
running install_lib
creating /home/chief-of-mischief/Desktop/ROS-learnings/ros2_ws/install/my_py_pkg/lib/python3.10/site-packages/my_py_pkg
copying /home/chief-of-mischief/Desktop/ROS-learnings/ros2_ws/build/my_py_pkg/build/lib/my_py_pkg/number_publisher.py -> /home/chief-of-mischief/Desktop/ROS-learnings/ros2_ws/install/my_py_pkg/lib/python3.10/site-packages/my_py_pkg
/usr/lib/python3/dist-packages/setuptools/command/install.py:34: SetuptoolsDeprecationWarning: setup.py install is deprecated. Use build and pip and other standards-based tools.
  warnings.warn(
copying /home/chief-of-mischief/Desktop/ROS-learnings/ros2_ws/build/my_py_pkg/build/lib/my_py_pkg/smartphone.py -> /home/chief-of-mischief/Desktop/ROS-learnings/ros2_ws/install/my_py_pkg/lib/python3.10/site-packages/my_py_pkg
copying /home/chief-of-mischief/Desktop/ROS-learnings/ros2_ws/build/my_py_pkg/build/lib/my_py_pkg/number_counter.py -> /home/chief-of-mischief/Desktop/ROS-learnings/ros2_ws/install/my_py_pkg/lib/python3.10/site-packages/my_py_pkg
copying /home/chief-of-mischief/Desktop/ROS-learnings/ros2_ws/build/my_py_pkg/build/lib/my_py_pkg/__init__.py -> /home/chief-of-mischief/Desktop/ROS-learnings/ros2_ws/install/my_py_pkg/lib/python3.10/site-packages/my_py_pkg
copying /home/chief-of-mischief/Desktop/ROS-learnings/ros2_ws/build/my_py_pkg/build/lib/my_py_pkg/template_python_node.py -> /home/chief-of-mischief/Desktop/ROS-learnings/ros2_ws/install/my_py_pkg/lib/python3.10/site-packages/my_py_pkg
copying /home/chief-of-mischief/Desktop/ROS-learnings/ros2_ws/build/my_py_pkg/build/lib/my_py_pkg/my_first_node.py -> /home/chief-of-mischief/Desktop/ROS-learnings/ros2_ws/install/my_py_pkg/lib/python3.10/site-packages/my_py_pkg
copying /home/chief-of-mischief/Desktop/ROS-learnings/ros2_ws/build/my_py_pkg/build/lib/my_py_pkg/robot_news_station.py -> /home/chief-of-mischief/Desktop/ROS-learnings/ros2_ws/install/my_py_pkg/lib/python3.10/site-packages/my_py_pkg
byte-compiling /home/chief-of-mischief/Desktop/ROS-learnings/ros2_ws/install/my_py_pkg/lib/python3.10/site-packages/my_py_pkg/number_publisher.py to number_publisher.cpython-310.pyc
byte-compiling /home/chief-of-mischief/Desktop/ROS-learnings/ros2_ws/install/my_py_pkg/lib/python3.10/site-packages/my_py_pkg/smartphone.py to smartphone.cpython-310.pyc
byte-compiling /home/chief-of-mischief/Desktop/ROS-learnings/ros2_ws/install/my_py_pkg/lib/python3.10/site-packages/my_py_pkg/number_counter.py to number_counter.cpython-310.pyc
byte-compiling /home/chief-of-mischief/Desktop/ROS-learnings/ros2_ws/install/my_py_pkg/lib/python3.10/site-packages/my_py_pkg/__init__.py to __init__.cpython-310.pyc
byte-compiling /home/chief-of-mischief/Desktop/ROS-learnings/ros2_ws/install/my_py_pkg/lib/python3.10/site-packages/my_py_pkg/template_python_node.py to template_python_node.cpython-310.pyc
byte-compiling /home/chief-of-mischief/Desktop/ROS-learnings/ros2_ws/install/my_py_pkg/lib/python3.10/site-packages/my_py_pkg/my_first_node.py to my_first_node.cpython-310.pyc
byte-compiling /home/chief-of-mischief/Desktop/ROS-learnings/ros2_ws/install/my_py_pkg/lib/python3.10/site-packages/my_py_pkg/robot_news_station.py to robot_news_station.cpython-310.pyc
running install_data
running install_egg_info
Copying ../../build/my_py_pkg/my_py_pkg.egg-info to /home/chief-of-mischief/Desktop/ROS-learnings/ros2_ws/install/my_py_pkg/lib/python3.10/site-packages/my_py_pkg-0.0.0-py3.10.egg-info
running install_scripts
Installing number_counter script to /home/chief-of-mischief/Desktop/ROS-learnings/ros2_ws/install/my_py_pkg/lib/my_py_pkg
Installing number_publisher script to /home/chief-of-mischief/Desktop/ROS-learnings/ros2_ws/install/my_py_pkg/lib/my_py_pkg
Installing py_node script to /home/chief-of-mischief/Desktop/ROS-learnings/ros2_ws/install/my_py_pkg/lib/my_py_pkg
Installing robot_news_station script to /home/chief-of-mischief/Desktop/ROS-learnings/ros2_ws/install/my_py_pkg/lib/my_py_pkg
Installing smartphone script to /home/chief-of-mischief/Desktop/ROS-learnings/ros2_ws/install/my_py_pkg/lib/my_py_pkg
writing list of installed files to '/home/chief-of-mischief/Desktop/ROS-learnings/ros2_ws/build/my_py_pkg/install.log'
