[0.362s] Invoking command in '/home/chief-of-mischief/Desktop/ROS-learnings/ros2_ws/build/p_py_pkg': PYTHONPATH=/home/chief-of-mischief/Desktop/ROS-learnings/ros2_ws/build/p_py_pkg/prefix_override:/home/chief-of-mischief/Desktop/ROS-learnings/ros2_ws/install/p_py_pkg/lib/python3.10/site-packages:${PYTHONPATH} /usr/bin/python3 setup.py develop --uninstall --editable --build-directory /home/chief-of-mischief/Desktop/ROS-learnings/ros2_ws/build/p_py_pkg/build
[0.500s] running develop
[0.500s] /usr/lib/python3/dist-packages/setuptools/command/easy_install.py:158: EasyInstallDeprecationWarning: easy_install command is deprecated. Use build and pip and other standards-based tools.
[0.500s]   warnings.warn(
[0.500s] /usr/lib/python3/dist-packages/setuptools/command/install.py:34: SetuptoolsDeprecationWarning: setup.py install is deprecated. Use build and pip and other standards-based tools.
[0.500s]   warnings.warn(
[0.534s] /usr/lib/python3/dist-packages/pkg_resources/__init__.py:116: PkgResourcesDeprecationWarning: 1.16.0-unknown is an invalid version and will not be supported in a future release
[0.534s]   warnings.warn(
[0.534s] /usr/lib/python3/dist-packages/pkg_resources/__init__.py:116: PkgResourcesDeprecationWarning: 0.1.43ubuntu1 is an invalid version and will not be supported in a future release
[0.534s]   warnings.warn(
[0.534s] /usr/lib/python3/dist-packages/pkg_resources/__init__.py:116: PkgResourcesDeprecationWarning: 1.1build1 is an invalid version and will not be supported in a future release
[0.534s]   warnings.warn(
[0.609s] Invoked command in '/home/chief-of-mischief/Desktop/ROS-learnings/ros2_ws/build/p_py_pkg' returned '0': PYTHONPATH=/home/chief-of-mischief/Desktop/ROS-learnings/ros2_ws/build/p_py_pkg/prefix_override:/home/chief-of-mischief/Desktop/ROS-learnings/ros2_ws/install/p_py_pkg/lib/python3.10/site-packages:${PYTHONPATH} /usr/bin/python3 setup.py develop --uninstall --editable --build-directory /home/chief-of-mischief/Desktop/ROS-learnings/ros2_ws/build/p_py_pkg/build
[0.610s] Invoking command in '/home/chief-of-mischief/Desktop/ROS-learnings/ros2_ws/src/p_py_pkg': PYTHONPATH=/home/chief-of-mischief/Desktop/ROS-learnings/ros2_ws/build/p_py_pkg/prefix_override:/home/chief-of-mischief/Desktop/ROS-learnings/ros2_ws/install/p_py_pkg/lib/python3.10/site-packages:${PYTHONPATH} /usr/bin/python3 setup.py egg_info --egg-base ../../build/p_py_pkg build --build-base /home/chief-of-mischief/Desktop/ROS-learnings/ros2_ws/build/p_py_pkg/build install --record /home/chief-of-mischief/Desktop/ROS-learnings/ros2_ws/build/p_py_pkg/install.log --single-version-externally-managed
[0.738s] running egg_info
[0.739s] writing ../../build/p_py_pkg/p_py_pkg.egg-info/PKG-INFO
[0.739s] writing dependency_links to ../../build/p_py_pkg/p_py_pkg.egg-info/dependency_links.txt
[0.739s] writing entry points to ../../build/p_py_pkg/p_py_pkg.egg-info/entry_points.txt
[0.739s] writing requirements to ../../build/p_py_pkg/p_py_pkg.egg-info/requires.txt
[0.739s] writing top-level names to ../../build/p_py_pkg/p_py_pkg.egg-info/top_level.txt
[0.740s] reading manifest file '../../build/p_py_pkg/p_py_pkg.egg-info/SOURCES.txt'
[0.740s] writing manifest file '../../build/p_py_pkg/p_py_pkg.egg-info/SOURCES.txt'
[0.740s] running build
[0.740s] running build_py
[0.740s] running install
[0.740s] /usr/lib/python3/dist-packages/setuptools/command/install.py:34: SetuptoolsDeprecationWarning: setup.py install is deprecated. Use build and pip and other standards-based tools.
[0.741s]   warnings.warn(
[0.741s] running install_lib
[0.741s] running install_data
[0.741s] running install_egg_info
[0.742s] removing '/home/chief-of-mischief/Desktop/ROS-learnings/ros2_ws/install/p_py_pkg/lib/python3.10/site-packages/p_py_pkg-0.0.0-py3.10.egg-info' (and everything under it)
[0.742s] Copying ../../build/p_py_pkg/p_py_pkg.egg-info to /home/chief-of-mischief/Desktop/ROS-learnings/ros2_ws/install/p_py_pkg/lib/python3.10/site-packages/p_py_pkg-0.0.0-py3.10.egg-info
[0.743s] running install_scripts
[0.755s] Installing my_publisher = p_py_pkg.publisher_2:mainmy_subscriber script to /home/chief-of-mischief/Desktop/ROS-learnings/ros2_ws/install/p_py_pkg/lib/p_py_pkg
[0.755s] writing list of installed files to '/home/chief-of-mischief/Desktop/ROS-learnings/ros2_ws/build/p_py_pkg/install.log'
[0.770s] Invoked command in '/home/chief-of-mischief/Desktop/ROS-learnings/ros2_ws/src/p_py_pkg' returned '0': PYTHONPATH=/home/chief-of-mischief/Desktop/ROS-learnings/ros2_ws/build/p_py_pkg/prefix_override:/home/chief-of-mischief/Desktop/ROS-learnings/ros2_ws/install/p_py_pkg/lib/python3.10/site-packages:${PYTHONPATH} /usr/bin/python3 setup.py egg_info --egg-base ../../build/p_py_pkg build --build-base /home/chief-of-mischief/Desktop/ROS-learnings/ros2_ws/build/p_py_pkg/build install --record /home/chief-of-mischief/Desktop/ROS-learnings/ros2_ws/build/p_py_pkg/install.log --single-version-externally-managed
