-- Found ament_cmake: 1.3.3 (/opt/ros/humble/share/ament_cmake/cmake)
-- Override CMake install command with custom implementation using symlinks instead of copying resources
-- Found rclcpp: 16.0.2 (/opt/ros/humble/share/rclcpp/cmake)
-- Found rosidl_generator_c: 3.1.4 (/opt/ros/humble/share/rosidl_generator_c/cmake)
-- Found rosidl_adapter: 3.1.4 (/opt/ros/humble/share/rosidl_adapter/cmake)
-- Found rosidl_generator_cpp: 3.1.4 (/opt/ros/humble/share/rosidl_generator_cpp/cmake)
-- Using all available rosidl_typesupport_c: rosidl_typesupport_fastrtps_c;rosidl_typesupport_introspection_c
-- Using all available rosidl_typesupport_cpp: rosidl_typesupport_fastrtps_cpp;rosidl_typesupport_introspection_cpp
-- Found rmw_implementation_cmake: 6.1.1 (/opt/ros/humble/share/rmw_implementation_cmake/cmake)
-- Found rmw_fastrtps_cpp: 6.2.2 (/opt/ros/humble/share/rmw_fastrtps_cpp/cmake)
-- Using RMW implementation 'rmw_fastrtps_cpp' as default
-- Found rclpy: 3.3.5 (/opt/ros/humble/share/rclpy/cmake)
-- Found ament_lint_auto: 0.12.4 (/opt/ros/humble/share/ament_lint_auto/cmake)
-- Added test 'flake8' to check Python code syntax and style conventions
-- Added test 'lint_cmake' to check CMake code style
-- Added test 'pep257' to check Python code against some of the docstring style conventions in PEP 257
-- Added test 'xmllint' to check XML markup files
-- Configuring done
-- Generating done
-- Build files have been written to: /home/chief-of-mischief/Desktop/ROS-learnings/ros2_ws/build/c_py_pkg
Built target ament_cmake_python_symlink_scripts
running egg_info
writing scripts.egg-info/PKG-INFO
writing dependency_links to scripts.egg-info/dependency_links.txt
writing top-level names to scripts.egg-info/top_level.txt
reading manifest file 'scripts.egg-info/SOURCES.txt'
writing manifest file 'scripts.egg-info/SOURCES.txt'
Built target ament_cmake_python_build_scripts_egg
-- Install configuration: ""
-- Execute custom install script
-- Up-to-date symlink: /home/chief-of-mischief/Desktop/ROS-learnings/ros2_ws/install/c_py_pkg/share/c_py_pkg/environment/pythonpath.sh
-- Up-to-date symlink: /home/chief-of-mischief/Desktop/ROS-learnings/ros2_ws/install/c_py_pkg/share/c_py_pkg/environment/pythonpath.dsv
-- Up-to-date symlink: /home/chief-of-mischief/Desktop/ROS-learnings/ros2_ws/install/c_py_pkg/local/lib/python3.10/dist-packages/scripts-0.0.0-py3.10.egg-info/PKG-INFO
-- Up-to-date symlink: /home/chief-of-mischief/Desktop/ROS-learnings/ros2_ws/install/c_py_pkg/local/lib/python3.10/dist-packages/scripts-0.0.0-py3.10.egg-info/SOURCES.txt
-- Up-to-date symlink: /home/chief-of-mischief/Desktop/ROS-learnings/ros2_ws/install/c_py_pkg/local/lib/python3.10/dist-packages/scripts-0.0.0-py3.10.egg-info/dependency_links.txt
-- Up-to-date symlink: /home/chief-of-mischief/Desktop/ROS-learnings/ros2_ws/install/c_py_pkg/local/lib/python3.10/dist-packages/scripts-0.0.0-py3.10.egg-info/top_level.txt
-- Up-to-date symlink: /home/chief-of-mischief/Desktop/ROS-learnings/ros2_ws/install/c_py_pkg/local/lib/python3.10/dist-packages/scripts/__init__.py
-- Symlinking: /home/chief-of-mischief/Desktop/ROS-learnings/ros2_ws/install/c_py_pkg/local/lib/python3.10/dist-packages/scripts/add_two_ints_server.py
-- Up-to-date symlink: /home/chief-of-mischief/Desktop/ROS-learnings/ros2_ws/install/c_py_pkg/local/lib/python3.10/dist-packages/scripts/number_counter.py
-- Up-to-date symlink: /home/chief-of-mischief/Desktop/ROS-learnings/ros2_ws/install/c_py_pkg/local/lib/python3.10/dist-packages/scripts/number_publisher.py
-- Up-to-date symlink: /home/chief-of-mischief/Desktop/ROS-learnings/ros2_ws/install/c_py_pkg/local/lib/python3.10/dist-packages/scripts/publisher.py
-- Up-to-date symlink: /home/chief-of-mischief/Desktop/ROS-learnings/ros2_ws/install/c_py_pkg/local/lib/python3.10/dist-packages/scripts/py_node_template.py
-- Up-to-date symlink: /home/chief-of-mischief/Desktop/ROS-learnings/ros2_ws/install/c_py_pkg/local/lib/python3.10/dist-packages/scripts/robot_news_station.py
-- Up-to-date symlink: /home/chief-of-mischief/Desktop/ROS-learnings/ros2_ws/install/c_py_pkg/local/lib/python3.10/dist-packages/scripts/smartphone.py
-- Up-to-date symlink: /home/chief-of-mischief/Desktop/ROS-learnings/ros2_ws/install/c_py_pkg/local/lib/python3.10/dist-packages/scripts/subscriber.py
-- Up-to-date symlink: /home/chief-of-mischief/Desktop/ROS-learnings/ros2_ws/install/c_py_pkg/lib/c_py_pkg/publisher.py
-- Up-to-date symlink: /home/chief-of-mischief/Desktop/ROS-learnings/ros2_ws/install/c_py_pkg/lib/c_py_pkg/subscriber.py
-- Up-to-date symlink: /home/chief-of-mischief/Desktop/ROS-learnings/ros2_ws/install/c_py_pkg/lib/c_py_pkg/robot_news_station.py
-- Up-to-date symlink: /home/chief-of-mischief/Desktop/ROS-learnings/ros2_ws/install/c_py_pkg/lib/c_py_pkg/smartphone.py
-- Up-to-date symlink: /home/chief-of-mischief/Desktop/ROS-learnings/ros2_ws/install/c_py_pkg/lib/c_py_pkg/number_publisher.py
-- Up-to-date symlink: /home/chief-of-mischief/Desktop/ROS-learnings/ros2_ws/install/c_py_pkg/lib/c_py_pkg/number_counter.py
-- Symlinking: /home/chief-of-mischief/Desktop/ROS-learnings/ros2_ws/install/c_py_pkg/lib/c_py_pkg/add_two_ints_server.py
-- Up-to-date symlink: /home/chief-of-mischief/Desktop/ROS-learnings/ros2_ws/install/c_py_pkg/share/ament_index/resource_index/package_run_dependencies/c_py_pkg
-- Up-to-date symlink: /home/chief-of-mischief/Desktop/ROS-learnings/ros2_ws/install/c_py_pkg/share/ament_index/resource_index/parent_prefix_path/c_py_pkg
-- Up-to-date symlink: /home/chief-of-mischief/Desktop/ROS-learnings/ros2_ws/install/c_py_pkg/share/c_py_pkg/environment/ament_prefix_path.sh
-- Up-to-date symlink: /home/chief-of-mischief/Desktop/ROS-learnings/ros2_ws/install/c_py_pkg/share/c_py_pkg/environment/ament_prefix_path.dsv
-- Up-to-date symlink: /home/chief-of-mischief/Desktop/ROS-learnings/ros2_ws/install/c_py_pkg/share/c_py_pkg/environment/path.sh
-- Up-to-date symlink: /home/chief-of-mischief/Desktop/ROS-learnings/ros2_ws/install/c_py_pkg/share/c_py_pkg/environment/path.dsv
-- Up-to-date symlink: /home/chief-of-mischief/Desktop/ROS-learnings/ros2_ws/install/c_py_pkg/share/c_py_pkg/local_setup.bash
-- Up-to-date symlink: /home/chief-of-mischief/Desktop/ROS-learnings/ros2_ws/install/c_py_pkg/share/c_py_pkg/local_setup.sh
-- Up-to-date symlink: /home/chief-of-mischief/Desktop/ROS-learnings/ros2_ws/install/c_py_pkg/share/c_py_pkg/local_setup.zsh
-- Up-to-date symlink: /home/chief-of-mischief/Desktop/ROS-learnings/ros2_ws/install/c_py_pkg/share/c_py_pkg/local_setup.dsv
-- Symlinking: /home/chief-of-mischief/Desktop/ROS-learnings/ros2_ws/install/c_py_pkg/share/c_py_pkg/package.dsv
-- Up-to-date symlink: /home/chief-of-mischief/Desktop/ROS-learnings/ros2_ws/install/c_py_pkg/share/ament_index/resource_index/packages/c_py_pkg
-- Up-to-date symlink: /home/chief-of-mischief/Desktop/ROS-learnings/ros2_ws/install/c_py_pkg/share/c_py_pkg/cmake/c_py_pkgConfig.cmake
-- Up-to-date symlink: /home/chief-of-mischief/Desktop/ROS-learnings/ros2_ws/install/c_py_pkg/share/c_py_pkg/cmake/c_py_pkgConfig-version.cmake
-- Up-to-date symlink: /home/chief-of-mischief/Desktop/ROS-learnings/ros2_ws/install/c_py_pkg/share/c_py_pkg/package.xml
Listing '/home/chief-of-mischief/Desktop/ROS-learnings/ros2_ws/install/c_py_pkg/local/lib/python3.10/dist-packages/scripts'...
Compiling '/home/chief-of-mischief/Desktop/ROS-learnings/ros2_ws/install/c_py_pkg/local/lib/python3.10/dist-packages/scripts/add_two_ints_server.py'...
Compiling '/home/chief-of-mischief/Desktop/ROS-learnings/ros2_ws/install/c_py_pkg/local/lib/python3.10/dist-packages/scripts/number_counter.py'...
Compiling '/home/chief-of-mischief/Desktop/ROS-learnings/ros2_ws/install/c_py_pkg/local/lib/python3.10/dist-packages/scripts/number_publisher.py'...
