[0.345s] Invoking command in '/home/chief-of-mischief/Desktop/ROS-learnings/ros2_ws/build/p_py_pkg': PYTHONPATH=/home/chief-of-mischief/Desktop/ROS-learnings/ros2_ws/build/p_py_pkg/prefix_override:/home/chief-of-mischief/Desktop/ROS-learnings/ros2_ws/install/p_py_pkg/lib/python3.10/site-packages:${PYTHONPATH} /usr/bin/python3 setup.py develop --editable --build-directory /home/chief-of-mischief/Desktop/ROS-learnings/ros2_ws/build/p_py_pkg/build --no-deps install_data
[0.484s] running develop
[0.485s] /usr/lib/python3/dist-packages/setuptools/command/easy_install.py:158: EasyInstallDeprecationWarning: easy_install command is deprecated. Use build and pip and other standards-based tools.
[0.485s]   warnings.warn(
[0.485s] /usr/lib/python3/dist-packages/setuptools/command/install.py:34: SetuptoolsDeprecationWarning: setup.py install is deprecated. Use build and pip and other standards-based tools.
[0.485s]   warnings.warn(
[0.516s] /usr/lib/python3/dist-packages/pkg_resources/__init__.py:116: PkgResourcesDeprecationWarning: 1.16.0-unknown is an invalid version and will not be supported in a future release
[0.516s]   warnings.warn(
[0.516s] /usr/lib/python3/dist-packages/pkg_resources/__init__.py:116: PkgResourcesDeprecationWarning: 0.1.43ubuntu1 is an invalid version and will not be supported in a future release
[0.516s]   warnings.warn(
[0.517s] /usr/lib/python3/dist-packages/pkg_resources/__init__.py:116: PkgResourcesDeprecationWarning: 1.1build1 is an invalid version and will not be supported in a future release
[0.517s]   warnings.warn(
[0.578s] running egg_info
[0.578s] writing p_py_pkg.egg-info/PKG-INFO
[0.579s] writing dependency_links to p_py_pkg.egg-info/dependency_links.txt
[0.579s] writing entry points to p_py_pkg.egg-info/entry_points.txt
[0.579s] writing requirements to p_py_pkg.egg-info/requires.txt
[0.579s] writing top-level names to p_py_pkg.egg-info/top_level.txt
[0.580s] reading manifest file 'p_py_pkg.egg-info/SOURCES.txt'
[0.580s] writing manifest file 'p_py_pkg.egg-info/SOURCES.txt'
[0.581s] running build_ext
[0.581s] Creating /home/chief-of-mischief/Desktop/ROS-learnings/ros2_ws/install/p_py_pkg/lib/python3.10/site-packages/p-py-pkg.egg-link (link to .)
[0.581s] Installing my_publisher = p_py_pkg.publisher_2:mainmy_subscriber script to /home/chief-of-mischief/Desktop/ROS-learnings/ros2_ws/install/p_py_pkg/lib/p_py_pkg
[0.581s] 
[0.581s] Installed /home/chief-of-mischief/Desktop/ROS-learnings/ros2_ws/build/p_py_pkg
[0.581s] running install_data
[0.599s] Invoked command in '/home/chief-of-mischief/Desktop/ROS-learnings/ros2_ws/build/p_py_pkg' returned '0': PYTHONPATH=/home/chief-of-mischief/Desktop/ROS-learnings/ros2_ws/build/p_py_pkg/prefix_override:/home/chief-of-mischief/Desktop/ROS-learnings/ros2_ws/install/p_py_pkg/lib/python3.10/site-packages:${PYTHONPATH} /usr/bin/python3 setup.py develop --editable --build-directory /home/chief-of-mischief/Desktop/ROS-learnings/ros2_ws/build/p_py_pkg/build --no-deps install_data
