[0.024s] Invoking command in '/home/chief-of-mischief/Desktop/ROS-learnings/ros2_ws/build/c_py_pkg': CMAKE_PREFIX_PATH=${CMAKE_PREFIX_PATH}:/home/chief-of-mischief/Desktop/ROS-learnings/ros2_ws/install/my_py_pkg:/home/chief-of-mischief/Desktop/ROS-learnings/ros2_ws/install/p_py_pkg:/opt/ros/humble /usr/bin/cmake --build /home/chief-of-mischief/Desktop/ROS-learnings/ros2_ws/build/c_py_pkg -- -j24 -l24
[0.037s] -- Found ament_cmake: 1.3.3 (/opt/ros/humble/share/ament_cmake/cmake)
[0.123s] -- Override CMake install command with custom implementation using symlinks instead of copying resources
[0.127s] -- Found rclcpp: 16.0.2 (/opt/ros/humble/share/rclcpp/cmake)
[0.145s] -- Found rosidl_generator_c: 3.1.4 (/opt/ros/humble/share/rosidl_generator_c/cmake)
[0.146s] -- Found rosidl_adapter: 3.1.4 (/opt/ros/humble/share/rosidl_adapter/cmake)
[0.149s] -- Found rosidl_generator_cpp: 3.1.4 (/opt/ros/humble/share/rosidl_generator_cpp/cmake)
[0.155s] -- Using all available rosidl_typesupport_c: rosidl_typesupport_fastrtps_c;rosidl_typesupport_introspection_c
[0.165s] -- Using all available rosidl_typesupport_cpp: rosidl_typesupport_fastrtps_cpp;rosidl_typesupport_introspection_cpp
[0.201s] -- Found rmw_implementation_cmake: 6.1.1 (/opt/ros/humble/share/rmw_implementation_cmake/cmake)
[0.202s] -- Found rmw_fastrtps_cpp: 6.2.2 (/opt/ros/humble/share/rmw_fastrtps_cpp/cmake)
[0.273s] -- Using RMW implementation 'rmw_fastrtps_cpp' as default
[0.369s] -- Found rclpy: 3.3.5 (/opt/ros/humble/share/rclpy/cmake)
[0.406s] -- Found ament_lint_auto: 0.12.4 (/opt/ros/humble/share/ament_lint_auto/cmake)
[0.452s] -- Added test 'flake8' to check Python code syntax and style conventions
[0.452s] -- Added test 'lint_cmake' to check CMake code style
[0.453s] -- Added test 'pep257' to check Python code against some of the docstring style conventions in PEP 257
[0.453s] -- Added test 'xmllint' to check XML markup files
[0.454s] -- Configuring done
[0.456s] -- Generating done
[0.457s] -- Build files have been written to: /home/chief-of-mischief/Desktop/ROS-learnings/ros2_ws/build/c_py_pkg
[0.479s] Built target ament_cmake_python_symlink_scripts
[0.636s] running egg_info
[0.637s] writing scripts.egg-info/PKG-INFO
[0.639s] writing dependency_links to scripts.egg-info/dependency_links.txt
[0.639s] writing top-level names to scripts.egg-info/top_level.txt
[0.640s] reading manifest file 'scripts.egg-info/SOURCES.txt'
[0.640s] writing manifest file 'scripts.egg-info/SOURCES.txt'
[0.655s] Built target ament_cmake_python_build_scripts_egg
[0.660s] Invoked command in '/home/chief-of-mischief/Desktop/ROS-learnings/ros2_ws/build/c_py_pkg' returned '0': CMAKE_PREFIX_PATH=${CMAKE_PREFIX_PATH}:/home/chief-of-mischief/Desktop/ROS-learnings/ros2_ws/install/my_py_pkg:/home/chief-of-mischief/Desktop/ROS-learnings/ros2_ws/install/p_py_pkg:/opt/ros/humble /usr/bin/cmake --build /home/chief-of-mischief/Desktop/ROS-learnings/ros2_ws/build/c_py_pkg -- -j24 -l24
[0.673s] Invoking command in '/home/chief-of-mischief/Desktop/ROS-learnings/ros2_ws/build/c_py_pkg': CMAKE_PREFIX_PATH=${CMAKE_PREFIX_PATH}:/home/chief-of-mischief/Desktop/ROS-learnings/ros2_ws/install/my_py_pkg:/home/chief-of-mischief/Desktop/ROS-learnings/ros2_ws/install/p_py_pkg:/opt/ros/humble /usr/bin/cmake --install /home/chief-of-mischief/Desktop/ROS-learnings/ros2_ws/build/c_py_pkg
[0.677s] -- Install configuration: ""
[0.677s] -- Execute custom install script
[0.677s] -- Up-to-date symlink: /home/chief-of-mischief/Desktop/ROS-learnings/ros2_ws/install/c_py_pkg/share/c_py_pkg/environment/pythonpath.sh
[0.677s] -- Up-to-date symlink: /home/chief-of-mischief/Desktop/ROS-learnings/ros2_ws/install/c_py_pkg/share/c_py_pkg/environment/pythonpath.dsv
[0.678s] -- Up-to-date symlink: /home/chief-of-mischief/Desktop/ROS-learnings/ros2_ws/install/c_py_pkg/local/lib/python3.10/dist-packages/scripts-0.0.0-py3.10.egg-info/PKG-INFO
[0.678s] -- Up-to-date symlink: /home/chief-of-mischief/Desktop/ROS-learnings/ros2_ws/install/c_py_pkg/local/lib/python3.10/dist-packages/scripts-0.0.0-py3.10.egg-info/SOURCES.txt
[0.678s] -- Up-to-date symlink: /home/chief-of-mischief/Desktop/ROS-learnings/ros2_ws/install/c_py_pkg/local/lib/python3.10/dist-packages/scripts-0.0.0-py3.10.egg-info/dependency_links.txt
[0.678s] -- Up-to-date symlink: /home/chief-of-mischief/Desktop/ROS-learnings/ros2_ws/install/c_py_pkg/local/lib/python3.10/dist-packages/scripts-0.0.0-py3.10.egg-info/top_level.txt
[0.678s] -- Up-to-date symlink: /home/chief-of-mischief/Desktop/ROS-learnings/ros2_ws/install/c_py_pkg/local/lib/python3.10/dist-packages/scripts/__init__.py
[0.678s] -- Up-to-date symlink: /home/chief-of-mischief/Desktop/ROS-learnings/ros2_ws/install/c_py_pkg/local/lib/python3.10/dist-packages/scripts/add_two_ints_client_no_oop.py
[0.678s] -- Up-to-date symlink: /home/chief-of-mischief/Desktop/ROS-learnings/ros2_ws/install/c_py_pkg/local/lib/python3.10/dist-packages/scripts/add_two_ints_client_oop.py
[0.678s] -- Up-to-date symlink: /home/chief-of-mischief/Desktop/ROS-learnings/ros2_ws/install/c_py_pkg/local/lib/python3.10/dist-packages/scripts/add_two_ints_server.py
[0.678s] -- Symlinking: /home/chief-of-mischief/Desktop/ROS-learnings/ros2_ws/install/c_py_pkg/local/lib/python3.10/dist-packages/scripts/battery.py
[0.684s] -- Up-to-date symlink: /home/chief-of-mischief/Desktop/ROS-learnings/ros2_ws/install/c_py_pkg/local/lib/python3.10/dist-packages/scripts/hw_status_publisher.py
[0.684s] -- Symlinking: /home/chief-of-mischief/Desktop/ROS-learnings/ros2_ws/install/c_py_pkg/local/lib/python3.10/dist-packages/scripts/led_panel.py
[0.689s] -- Up-to-date symlink: /home/chief-of-mischief/Desktop/ROS-learnings/ros2_ws/install/c_py_pkg/local/lib/python3.10/dist-packages/scripts/number_counter.py
[0.689s] -- Up-to-date symlink: /home/chief-of-mischief/Desktop/ROS-learnings/ros2_ws/install/c_py_pkg/local/lib/python3.10/dist-packages/scripts/number_publisher.py
[0.689s] -- Up-to-date symlink: /home/chief-of-mischief/Desktop/ROS-learnings/ros2_ws/install/c_py_pkg/local/lib/python3.10/dist-packages/scripts/publisher.py
[0.689s] -- Up-to-date symlink: /home/chief-of-mischief/Desktop/ROS-learnings/ros2_ws/install/c_py_pkg/local/lib/python3.10/dist-packages/scripts/py_node_template.py
[0.689s] -- Up-to-date symlink: /home/chief-of-mischief/Desktop/ROS-learnings/ros2_ws/install/c_py_pkg/local/lib/python3.10/dist-packages/scripts/reset_counter_client.py
[0.689s] -- Up-to-date symlink: /home/chief-of-mischief/Desktop/ROS-learnings/ros2_ws/install/c_py_pkg/local/lib/python3.10/dist-packages/scripts/robot_news_station.py
[0.689s] -- Up-to-date symlink: /home/chief-of-mischief/Desktop/ROS-learnings/ros2_ws/install/c_py_pkg/local/lib/python3.10/dist-packages/scripts/smartphone.py
[0.689s] -- Up-to-date symlink: /home/chief-of-mischief/Desktop/ROS-learnings/ros2_ws/install/c_py_pkg/local/lib/python3.10/dist-packages/scripts/subscriber.py
[0.690s] -- Up-to-date symlink: /home/chief-of-mischief/Desktop/ROS-learnings/ros2_ws/install/c_py_pkg/lib/c_py_pkg/publisher.py
[0.690s] -- Up-to-date symlink: /home/chief-of-mischief/Desktop/ROS-learnings/ros2_ws/install/c_py_pkg/lib/c_py_pkg/subscriber.py
[0.690s] -- Up-to-date symlink: /home/chief-of-mischief/Desktop/ROS-learnings/ros2_ws/install/c_py_pkg/lib/c_py_pkg/robot_news_station.py
[0.690s] -- Up-to-date symlink: /home/chief-of-mischief/Desktop/ROS-learnings/ros2_ws/install/c_py_pkg/lib/c_py_pkg/smartphone.py
[0.690s] -- Up-to-date symlink: /home/chief-of-mischief/Desktop/ROS-learnings/ros2_ws/install/c_py_pkg/lib/c_py_pkg/number_publisher.py
[0.690s] -- Up-to-date symlink: /home/chief-of-mischief/Desktop/ROS-learnings/ros2_ws/install/c_py_pkg/lib/c_py_pkg/number_counter.py
[0.690s] -- Up-to-date symlink: /home/chief-of-mischief/Desktop/ROS-learnings/ros2_ws/install/c_py_pkg/lib/c_py_pkg/add_two_ints_server.py
[0.690s] -- Up-to-date symlink: /home/chief-of-mischief/Desktop/ROS-learnings/ros2_ws/install/c_py_pkg/lib/c_py_pkg/add_two_ints_client_no_oop.py
[0.690s] -- Up-to-date symlink: /home/chief-of-mischief/Desktop/ROS-learnings/ros2_ws/install/c_py_pkg/lib/c_py_pkg/add_two_ints_client_oop.py
[0.690s] -- Up-to-date symlink: /home/chief-of-mischief/Desktop/ROS-learnings/ros2_ws/install/c_py_pkg/lib/c_py_pkg/reset_counter_client.py
[0.691s] -- Up-to-date symlink: /home/chief-of-mischief/Desktop/ROS-learnings/ros2_ws/install/c_py_pkg/lib/c_py_pkg/hw_status_publisher.py
[0.691s] -- Symlinking: /home/chief-of-mischief/Desktop/ROS-learnings/ros2_ws/install/c_py_pkg/lib/c_py_pkg/battery.py
[0.695s] -- Symlinking: /home/chief-of-mischief/Desktop/ROS-learnings/ros2_ws/install/c_py_pkg/lib/c_py_pkg/led_panel.py
[0.700s] -- Up-to-date symlink: /home/chief-of-mischief/Desktop/ROS-learnings/ros2_ws/install/c_py_pkg/share/ament_index/resource_index/package_run_dependencies/c_py_pkg
[0.700s] -- Up-to-date symlink: /home/chief-of-mischief/Desktop/ROS-learnings/ros2_ws/install/c_py_pkg/share/ament_index/resource_index/parent_prefix_path/c_py_pkg
[0.700s] -- Up-to-date symlink: /home/chief-of-mischief/Desktop/ROS-learnings/ros2_ws/install/c_py_pkg/share/c_py_pkg/environment/ament_prefix_path.sh
[0.700s] -- Up-to-date symlink: /home/chief-of-mischief/Desktop/ROS-learnings/ros2_ws/install/c_py_pkg/share/c_py_pkg/environment/ament_prefix_path.dsv
[0.700s] -- Up-to-date symlink: /home/chief-of-mischief/Desktop/ROS-learnings/ros2_ws/install/c_py_pkg/share/c_py_pkg/environment/path.sh
[0.700s] -- Up-to-date symlink: /home/chief-of-mischief/Desktop/ROS-learnings/ros2_ws/install/c_py_pkg/share/c_py_pkg/environment/path.dsv
[0.701s] -- Up-to-date symlink: /home/chief-of-mischief/Desktop/ROS-learnings/ros2_ws/install/c_py_pkg/share/c_py_pkg/local_setup.bash
[0.701s] -- Up-to-date symlink: /home/chief-of-mischief/Desktop/ROS-learnings/ros2_ws/install/c_py_pkg/share/c_py_pkg/local_setup.sh
[0.701s] -- Up-to-date symlink: /home/chief-of-mischief/Desktop/ROS-learnings/ros2_ws/install/c_py_pkg/share/c_py_pkg/local_setup.zsh
[0.701s] -- Up-to-date symlink: /home/chief-of-mischief/Desktop/ROS-learnings/ros2_ws/install/c_py_pkg/share/c_py_pkg/local_setup.dsv
[0.701s] -- Symlinking: /home/chief-of-mischief/Desktop/ROS-learnings/ros2_ws/install/c_py_pkg/share/c_py_pkg/package.dsv
[0.708s] -- Up-to-date symlink: /home/chief-of-mischief/Desktop/ROS-learnings/ros2_ws/install/c_py_pkg/share/ament_index/resource_index/packages/c_py_pkg
[0.708s] -- Up-to-date symlink: /home/chief-of-mischief/Desktop/ROS-learnings/ros2_ws/install/c_py_pkg/share/c_py_pkg/cmake/c_py_pkgConfig.cmake
[0.708s] -- Up-to-date symlink: /home/chief-of-mischief/Desktop/ROS-learnings/ros2_ws/install/c_py_pkg/share/c_py_pkg/cmake/c_py_pkgConfig-version.cmake
[0.708s] -- Up-to-date symlink: /home/chief-of-mischief/Desktop/ROS-learnings/ros2_ws/install/c_py_pkg/share/c_py_pkg/package.xml
[0.729s] Listing '/home/chief-of-mischief/Desktop/ROS-learnings/ros2_ws/install/c_py_pkg/local/lib/python3.10/dist-packages/scripts'...
[0.729s] Compiling '/home/chief-of-mischief/Desktop/ROS-learnings/ros2_ws/install/c_py_pkg/local/lib/python3.10/dist-packages/scripts/add_two_ints_server.py'...
[0.729s] Compiling '/home/chief-of-mischief/Desktop/ROS-learnings/ros2_ws/install/c_py_pkg/local/lib/python3.10/dist-packages/scripts/battery.py'...
[0.729s] Compiling '/home/chief-of-mischief/Desktop/ROS-learnings/ros2_ws/install/c_py_pkg/local/lib/python3.10/dist-packages/scripts/led_panel.py'...
[0.737s] Invoked command in '/home/chief-of-mischief/Desktop/ROS-learnings/ros2_ws/build/c_py_pkg' returned '0': CMAKE_PREFIX_PATH=${CMAKE_PREFIX_PATH}:/home/chief-of-mischief/Desktop/ROS-learnings/ros2_ws/install/my_py_pkg:/home/chief-of-mischief/Desktop/ROS-learnings/ros2_ws/install/p_py_pkg:/opt/ros/humble /usr/bin/cmake --install /home/chief-of-mischief/Desktop/ROS-learnings/ros2_ws/build/c_py_pkg
