[0.010s] Invoking command in '/home/chief-of-mischief/Desktop/ROS-learnings/my_package/build/my_package': CMAKE_PREFIX_PATH=/home/chief-of-mischief/Desktop/ROS-learnings/ros2_ws/install/py_pkg:/opt/ros/humble CONDA_PROMPT_MODIFIER=(base) /usr/bin/cmake --build /home/chief-of-mischief/Desktop/ROS-learnings/my_package/build/my_package -- -j24 -l24
[0.031s] Invoked command in '/home/chief-of-mischief/Desktop/ROS-learnings/my_package/build/my_package' returned '0': CMAKE_PREFIX_PATH=/home/chief-of-mischief/Desktop/ROS-learnings/ros2_ws/install/py_pkg:/opt/ros/humble CONDA_PROMPT_MODIFIER=(base) /usr/bin/cmake --build /home/chief-of-mischief/Desktop/ROS-learnings/my_package/build/my_package -- -j24 -l24
[0.051s] Invoking command in '/home/chief-of-mischief/Desktop/ROS-learnings/my_package/build/my_package': CMAKE_PREFIX_PATH=/home/chief-of-mischief/Desktop/ROS-learnings/ros2_ws/install/py_pkg:/opt/ros/humble CONDA_PROMPT_MODIFIER=(base) /usr/bin/cmake --install /home/chief-of-mischief/Desktop/ROS-learnings/my_package/build/my_package
[0.055s] -- Install configuration: ""
[0.056s] -- Up-to-date: /home/chief-of-mischief/Desktop/ROS-learnings/my_package/install/my_package/share/my_package/launch/launch
[0.056s] -- Up-to-date: /home/chief-of-mischief/Desktop/ROS-learnings/my_package/install/my_package/share/my_package/launch/launch/talker.launch.py
[0.056s] -- Up-to-date: /home/chief-of-mischief/Desktop/ROS-learnings/my_package/install/my_package/share/my_package/launch/launch/listener.launch.py
[0.056s] -- Up-to-date: /home/chief-of-mischief/Desktop/ROS-learnings/my_package/install/my_package/share/ament_index/resource_index/package_run_dependencies/my_package
[0.056s] -- Up-to-date: /home/chief-of-mischief/Desktop/ROS-learnings/my_package/install/my_package/share/ament_index/resource_index/parent_prefix_path/my_package
[0.056s] -- Up-to-date: /home/chief-of-mischief/Desktop/ROS-learnings/my_package/install/my_package/share/my_package/environment/ament_prefix_path.sh
[0.056s] -- Up-to-date: /home/chief-of-mischief/Desktop/ROS-learnings/my_package/install/my_package/share/my_package/environment/ament_prefix_path.dsv
[0.056s] -- Up-to-date: /home/chief-of-mischief/Desktop/ROS-learnings/my_package/install/my_package/share/my_package/environment/path.sh
[0.056s] -- Up-to-date: /home/chief-of-mischief/Desktop/ROS-learnings/my_package/install/my_package/share/my_package/environment/path.dsv
[0.056s] -- Up-to-date: /home/chief-of-mischief/Desktop/ROS-learnings/my_package/install/my_package/share/my_package/local_setup.bash
[0.056s] -- Up-to-date: /home/chief-of-mischief/Desktop/ROS-learnings/my_package/install/my_package/share/my_package/local_setup.sh
[0.056s] -- Up-to-date: /home/chief-of-mischief/Desktop/ROS-learnings/my_package/install/my_package/share/my_package/local_setup.zsh
[0.056s] -- Up-to-date: /home/chief-of-mischief/Desktop/ROS-learnings/my_package/install/my_package/share/my_package/local_setup.dsv
[0.056s] -- Up-to-date: /home/chief-of-mischief/Desktop/ROS-learnings/my_package/install/my_package/share/my_package/package.dsv
[0.056s] -- Up-to-date: /home/chief-of-mischief/Desktop/ROS-learnings/my_package/install/my_package/share/ament_index/resource_index/packages/my_package
[0.057s] -- Up-to-date: /home/chief-of-mischief/Desktop/ROS-learnings/my_package/install/my_package/share/my_package/cmake/my_packageConfig.cmake
[0.057s] -- Up-to-date: /home/chief-of-mischief/Desktop/ROS-learnings/my_package/install/my_package/share/my_package/cmake/my_packageConfig-version.cmake
[0.057s] -- Up-to-date: /home/chief-of-mischief/Desktop/ROS-learnings/my_package/install/my_package/share/my_package/package.xml
[0.057s] Invoked command in '/home/chief-of-mischief/Desktop/ROS-learnings/my_package/build/my_package' returned '0': CMAKE_PREFIX_PATH=/home/chief-of-mischief/Desktop/ROS-learnings/ros2_ws/install/py_pkg:/opt/ros/humble CONDA_PROMPT_MODIFIER=(base) /usr/bin/cmake --install /home/chief-of-mischief/Desktop/ROS-learnings/my_package/build/my_package
