running develop
/usr/lib/python3/dist-packages/setuptools/command/easy_install.py:158: EasyInstallDeprecationWarning: easy_install command is deprecated. Use build and pip and other standards-based tools.
  warnings.warn(
/usr/lib/python3/dist-packages/setuptools/command/install.py:34: SetuptoolsDeprecationWarning: setup.py install is deprecated. Use build and pip and other standards-based tools.
  warnings.warn(
/usr/lib/python3/dist-packages/pkg_resources/__init__.py:116: PkgResourcesDeprecationWarning: 1.16.0-unknown is an invalid version and will not be supported in a future release
  warnings.warn(
/usr/lib/python3/dist-packages/pkg_resources/__init__.py:116: PkgResourcesDeprecationWarning: 0.1.43ubuntu1 is an invalid version and will not be supported in a future release
  warnings.warn(
/usr/lib/python3/dist-packages/pkg_resources/__init__.py:116: PkgResourcesDeprecationWarning: 1.1build1 is an invalid version and will not be supported in a future release
  warnings.warn(
running egg_info
writing p_py_pkg.egg-info/PKG-INFO
writing dependency_links to p_py_pkg.egg-info/dependency_links.txt
writing entry points to p_py_pkg.egg-info/entry_points.txt
writing requirements to p_py_pkg.egg-info/requires.txt
writing top-level names to p_py_pkg.egg-info/top_level.txt
reading manifest file 'p_py_pkg.egg-info/SOURCES.txt'
writing manifest file 'p_py_pkg.egg-info/SOURCES.txt'
running build_ext
Creating /home/chief-of-mischief/Desktop/ROS-learnings/ros2_ws/install/p_py_pkg/lib/python3.10/site-packages/p-py-pkg.egg-link (link to .)
Installing my_publisher = p_py_pkg.publisher_2:mainmy_subscriber script to /home/chief-of-mischief/Desktop/ROS-learnings/ros2_ws/install/p_py_pkg/lib/p_py_pkg

Installed /home/chief-of-mischief/Desktop/ROS-learnings/ros2_ws/build/p_py_pkg
running install_data
