[0.016s] Invoking command in '/home/chief-of-mischief/Desktop/ROS-learnings/ros2_ws/build/py_pkg': CMAKE_PREFIX_PATH=/home/chief-of-mischief/Desktop/ROS-learnings/ros2_ws/install/py_pkg:/opt/ros/humble CONDA_PROMPT_MODIFIER=(base) /usr/bin/cmake /home/chief-of-mischief/Desktop/ROS-learnings/ros2_ws/py_pkg -DCMAKE_INSTALL_PREFIX=/home/chief-of-mischief/Desktop/ROS-learnings/ros2_ws/install/py_pkg
[0.061s] -- The C compiler identification is GNU 11.3.0
[0.101s] -- The CXX compiler identification is GNU 11.3.0
[0.105s] -- Detecting C compiler ABI info
[0.153s] -- Detecting C compiler ABI info - done
[0.161s] -- Check for working C compiler: /usr/bin/cc - skipped
[0.161s] -- Detecting C compile features
[0.162s] -- Detecting C compile features - done
[0.164s] -- Detecting CXX compiler ABI info
[0.234s] -- Detecting CXX compiler ABI info - done
[0.239s] -- Check for working CXX compiler: /usr/bin/c++ - skipped
[0.239s] -- Detecting CXX compile features
[0.239s] -- Detecting CXX compile features - done
[0.240s] -- Found ament_cmake: 1.3.3 (/opt/ros/humble/share/ament_cmake/cmake)
[0.351s] -- Found Python3: /usr/bin/python3.10 (found version "3.10.6") found components: Interpreter 
[0.397s] -- Found ament_lint_auto: 0.12.4 (/opt/ros/humble/share/ament_lint_auto/cmake)
[0.459s] -- Added test 'lint_cmake' to check CMake code style
[0.460s] -- Added test 'xmllint' to check XML markup files
[0.461s] -- Configuring done
[0.462s] -- Generating done
[0.462s] -- Build files have been written to: /home/chief-of-mischief/Desktop/ROS-learnings/ros2_ws/build/py_pkg
[0.465s] Invoked command in '/home/chief-of-mischief/Desktop/ROS-learnings/ros2_ws/build/py_pkg' returned '0': CMAKE_PREFIX_PATH=/home/chief-of-mischief/Desktop/ROS-learnings/ros2_ws/install/py_pkg:/opt/ros/humble CONDA_PROMPT_MODIFIER=(base) /usr/bin/cmake /home/chief-of-mischief/Desktop/ROS-learnings/ros2_ws/py_pkg -DCMAKE_INSTALL_PREFIX=/home/chief-of-mischief/Desktop/ROS-learnings/ros2_ws/install/py_pkg
[0.466s] Invoking command in '/home/chief-of-mischief/Desktop/ROS-learnings/ros2_ws/build/py_pkg': CMAKE_PREFIX_PATH=/home/chief-of-mischief/Desktop/ROS-learnings/ros2_ws/install/py_pkg:/opt/ros/humble CONDA_PROMPT_MODIFIER=(base) /usr/bin/cmake --build /home/chief-of-mischief/Desktop/ROS-learnings/ros2_ws/build/py_pkg -- -j24 -l24
[0.488s] Invoked command in '/home/chief-of-mischief/Desktop/ROS-learnings/ros2_ws/build/py_pkg' returned '0': CMAKE_PREFIX_PATH=/home/chief-of-mischief/Desktop/ROS-learnings/ros2_ws/install/py_pkg:/opt/ros/humble CONDA_PROMPT_MODIFIER=(base) /usr/bin/cmake --build /home/chief-of-mischief/Desktop/ROS-learnings/ros2_ws/build/py_pkg -- -j24 -l24
[0.503s] Invoking command in '/home/chief-of-mischief/Desktop/ROS-learnings/ros2_ws/build/py_pkg': CMAKE_PREFIX_PATH=/home/chief-of-mischief/Desktop/ROS-learnings/ros2_ws/install/py_pkg:/opt/ros/humble CONDA_PROMPT_MODIFIER=(base) /usr/bin/cmake --install /home/chief-of-mischief/Desktop/ROS-learnings/ros2_ws/build/py_pkg
[0.509s] -- Install configuration: ""
[0.509s] -- Installing: /home/chief-of-mischief/Desktop/ROS-learnings/ros2_ws/install/py_pkg/share/ament_index/resource_index/package_run_dependencies/py_pkg
[0.509s] -- Installing: /home/chief-of-mischief/Desktop/ROS-learnings/ros2_ws/install/py_pkg/share/ament_index/resource_index/parent_prefix_path/py_pkg
[0.509s] -- Installing: /home/chief-of-mischief/Desktop/ROS-learnings/ros2_ws/install/py_pkg/share/py_pkg/environment/ament_prefix_path.sh
[0.510s] -- Installing: /home/chief-of-mischief/Desktop/ROS-learnings/ros2_ws/install/py_pkg/share/py_pkg/environment/ament_prefix_path.dsv
[0.510s] -- Installing: /home/chief-of-mischief/Desktop/ROS-learnings/ros2_ws/install/py_pkg/share/py_pkg/environment/path.sh
[0.510s] -- Installing: /home/chief-of-mischief/Desktop/ROS-learnings/ros2_ws/install/py_pkg/share/py_pkg/environment/path.dsv
[0.510s] -- Installing: /home/chief-of-mischief/Desktop/ROS-learnings/ros2_ws/install/py_pkg/share/py_pkg/local_setup.bash
[0.510s] -- Installing: /home/chief-of-mischief/Desktop/ROS-learnings/ros2_ws/install/py_pkg/share/py_pkg/local_setup.sh
[0.510s] -- Installing: /home/chief-of-mischief/Desktop/ROS-learnings/ros2_ws/install/py_pkg/share/py_pkg/local_setup.zsh
[0.510s] -- Installing: /home/chief-of-mischief/Desktop/ROS-learnings/ros2_ws/install/py_pkg/share/py_pkg/local_setup.dsv
[0.510s] -- Installing: /home/chief-of-mischief/Desktop/ROS-learnings/ros2_ws/install/py_pkg/share/py_pkg/package.dsv
[0.510s] -- Installing: /home/chief-of-mischief/Desktop/ROS-learnings/ros2_ws/install/py_pkg/share/ament_index/resource_index/packages/py_pkg
[0.511s] -- Installing: /home/chief-of-mischief/Desktop/ROS-learnings/ros2_ws/install/py_pkg/share/py_pkg/cmake/py_pkgConfig.cmake
[0.511s] -- Installing: /home/chief-of-mischief/Desktop/ROS-learnings/ros2_ws/install/py_pkg/share/py_pkg/cmake/py_pkgConfig-version.cmake
[0.511s] -- Installing: /home/chief-of-mischief/Desktop/ROS-learnings/ros2_ws/install/py_pkg/share/py_pkg/package.xml
[0.512s] Invoked command in '/home/chief-of-mischief/Desktop/ROS-learnings/ros2_ws/build/py_pkg' returned '0': CMAKE_PREFIX_PATH=/home/chief-of-mischief/Desktop/ROS-learnings/ros2_ws/install/py_pkg:/opt/ros/humble CONDA_PROMPT_MODIFIER=(base) /usr/bin/cmake --install /home/chief-of-mischief/Desktop/ROS-learnings/ros2_ws/build/py_pkg
