[0.176s] DEBUG:colcon:Command line arguments: ['/usr/bin/colcon', 'build', '--symlink-install']
[0.176s] DEBUG:colcon:Parsed command line arguments: Namespace(log_base=None, log_level=None, verb_name='build', build_base='build', install_base='install', merge_install=False, symlink_install=True, test_result_base=None, continue_on_error=False, executor='parallel', parallel_workers=24, event_handlers=None, ignore_user_meta=False, metas=['./colcon.meta'], base_paths=['.'], packages_ignore=None, packages_ignore_regex=None, paths=None, packages_up_to=None, packages_up_to_regex=None, packages_above=None, packages_above_and_dependencies=None, packages_above_depth=None, packages_select_by_dep=None, packages_skip_by_dep=None, packages_skip_up_to=None, packages_select_build_failed=False, packages_skip_build_finished=False, packages_select_test_failures=False, packages_skip_test_passed=False, packages_select=None, packages_skip=None, packages_select_regex=None, packages_skip_regex=None, packages_start=None, packages_end=None, allow_overriding=[], cmake_args=None, cmake_target=None, cmake_target_skip_unavailable=False, cmake_clean_cache=False, cmake_clean_first=False, cmake_force_configure=False, ament_cmake_args=None, catkin_cmake_args=None, catkin_skip_building_tests=False, verb_parser=<colcon_defaults.argument_parser.defaults.DefaultArgumentsDecorator object at 0x7fdf54b5a200>, verb_extension=<colcon_core.verb.build.BuildVerb object at 0x7fdf55478b50>, main=<bound method BuildVerb.main of <colcon_core.verb.build.BuildVerb object at 0x7fdf55478b50>>)
[0.189s] Level 1:colcon.colcon_core.package_discovery:discover_packages(colcon_meta) check parameters
[0.189s] Level 1:colcon.colcon_core.package_discovery:discover_packages(recursive) check parameters
[0.189s] Level 1:colcon.colcon_core.package_discovery:discover_packages(ignore) check parameters
[0.189s] Level 1:colcon.colcon_core.package_discovery:discover_packages(path) check parameters
[0.189s] Level 1:colcon.colcon_core.package_discovery:discover_packages(colcon_meta) discover
[0.189s] Level 1:colcon.colcon_core.package_discovery:discover_packages(recursive) discover
[0.189s] INFO:colcon.colcon_core.package_discovery:Crawling recursively for packages in '/home/chief-of-mischief/Desktop/ROS-learnings/ros2_ws'
[0.189s] Level 1:colcon.colcon_core.package_identification:_identify(.) by extensions ['ignore', 'ignore_ament_install']
[0.189s] Level 1:colcon.colcon_core.package_identification:_identify(.) by extension 'ignore'
[0.189s] Level 1:colcon.colcon_core.package_identification:_identify(.) by extension 'ignore_ament_install'
[0.189s] Level 1:colcon.colcon_core.package_identification:_identify(.) by extensions ['colcon_pkg']
[0.189s] Level 1:colcon.colcon_core.package_identification:_identify(.) by extension 'colcon_pkg'
[0.189s] Level 1:colcon.colcon_core.package_identification:_identify(.) by extensions ['colcon_meta']
[0.189s] Level 1:colcon.colcon_core.package_identification:_identify(.) by extension 'colcon_meta'
[0.189s] Level 1:colcon.colcon_core.package_identification:_identify(.) by extensions ['ros']
[0.189s] Level 1:colcon.colcon_core.package_identification:_identify(.) by extension 'ros'
[0.195s] Level 1:colcon.colcon_core.package_identification:_identify(.) by extensions ['cmake', 'python']
[0.195s] Level 1:colcon.colcon_core.package_identification:_identify(.) by extension 'cmake'
[0.195s] Level 1:colcon.colcon_core.package_identification:_identify(.) by extension 'python'
[0.195s] Level 1:colcon.colcon_core.package_identification:_identify(.) by extensions ['python_setup_py']
[0.195s] Level 1:colcon.colcon_core.package_identification:_identify(.) by extension 'python_setup_py'
[0.195s] Level 1:colcon.colcon_core.package_identification:_identify(build) by extensions ['ignore', 'ignore_ament_install']
[0.195s] Level 1:colcon.colcon_core.package_identification:_identify(build) by extension 'ignore'
[0.195s] Level 1:colcon.colcon_core.package_identification:_identify(build) ignored
[0.195s] Level 1:colcon.colcon_core.package_identification:_identify(install) by extensions ['ignore', 'ignore_ament_install']
[0.195s] Level 1:colcon.colcon_core.package_identification:_identify(install) by extension 'ignore'
[0.195s] Level 1:colcon.colcon_core.package_identification:_identify(install) ignored
[0.195s] Level 1:colcon.colcon_core.package_identification:_identify(log) by extensions ['ignore', 'ignore_ament_install']
[0.196s] Level 1:colcon.colcon_core.package_identification:_identify(log) by extension 'ignore'
[0.196s] Level 1:colcon.colcon_core.package_identification:_identify(log) ignored
[0.196s] Level 1:colcon.colcon_core.package_identification:_identify(src) by extensions ['ignore', 'ignore_ament_install']
[0.196s] Level 1:colcon.colcon_core.package_identification:_identify(src) by extension 'ignore'
[0.196s] Level 1:colcon.colcon_core.package_identification:_identify(src) by extension 'ignore_ament_install'
[0.196s] Level 1:colcon.colcon_core.package_identification:_identify(src) by extensions ['colcon_pkg']
[0.196s] Level 1:colcon.colcon_core.package_identification:_identify(src) by extension 'colcon_pkg'
[0.196s] Level 1:colcon.colcon_core.package_identification:_identify(src) by extensions ['colcon_meta']
[0.196s] Level 1:colcon.colcon_core.package_identification:_identify(src) by extension 'colcon_meta'
[0.196s] Level 1:colcon.colcon_core.package_identification:_identify(src) by extensions ['ros']
[0.196s] Level 1:colcon.colcon_core.package_identification:_identify(src) by extension 'ros'
[0.196s] Level 1:colcon.colcon_core.package_identification:_identify(src) by extensions ['cmake', 'python']
[0.196s] Level 1:colcon.colcon_core.package_identification:_identify(src) by extension 'cmake'
[0.196s] Level 1:colcon.colcon_core.package_identification:_identify(src) by extension 'python'
[0.196s] Level 1:colcon.colcon_core.package_identification:_identify(src) by extensions ['python_setup_py']
[0.196s] Level 1:colcon.colcon_core.package_identification:_identify(src) by extension 'python_setup_py'
[0.196s] Level 1:colcon.colcon_core.package_identification:_identify(src/c_py_pkg) by extensions ['ignore', 'ignore_ament_install']
[0.196s] Level 1:colcon.colcon_core.package_identification:_identify(src/c_py_pkg) by extension 'ignore'
[0.196s] Level 1:colcon.colcon_core.package_identification:_identify(src/c_py_pkg) by extension 'ignore_ament_install'
[0.196s] Level 1:colcon.colcon_core.package_identification:_identify(src/c_py_pkg) by extensions ['colcon_pkg']
[0.196s] Level 1:colcon.colcon_core.package_identification:_identify(src/c_py_pkg) by extension 'colcon_pkg'
[0.196s] Level 1:colcon.colcon_core.package_identification:_identify(src/c_py_pkg) by extensions ['colcon_meta']
[0.196s] Level 1:colcon.colcon_core.package_identification:_identify(src/c_py_pkg) by extension 'colcon_meta'
[0.196s] Level 1:colcon.colcon_core.package_identification:_identify(src/c_py_pkg) by extensions ['ros']
[0.196s] Level 1:colcon.colcon_core.package_identification:_identify(src/c_py_pkg) by extension 'ros'
[0.197s] DEBUG:colcon.colcon_core.package_identification:Package 'src/c_py_pkg' with type 'ros.ament_cmake' and name 'c_py_pkg'
[0.197s] Level 1:colcon.colcon_core.package_identification:_identify(src/cpp_pkg) by extensions ['ignore', 'ignore_ament_install']
[0.197s] Level 1:colcon.colcon_core.package_identification:_identify(src/cpp_pkg) by extension 'ignore'
[0.198s] Level 1:colcon.colcon_core.package_identification:_identify(src/cpp_pkg) by extension 'ignore_ament_install'
[0.198s] Level 1:colcon.colcon_core.package_identification:_identify(src/cpp_pkg) by extensions ['colcon_pkg']
[0.198s] Level 1:colcon.colcon_core.package_identification:_identify(src/cpp_pkg) by extension 'colcon_pkg'
[0.198s] Level 1:colcon.colcon_core.package_identification:_identify(src/cpp_pkg) by extensions ['colcon_meta']
[0.198s] Level 1:colcon.colcon_core.package_identification:_identify(src/cpp_pkg) by extension 'colcon_meta'
[0.198s] Level 1:colcon.colcon_core.package_identification:_identify(src/cpp_pkg) by extensions ['ros']
[0.198s] Level 1:colcon.colcon_core.package_identification:_identify(src/cpp_pkg) by extension 'ros'
[0.198s] DEBUG:colcon.colcon_core.package_identification:Package 'src/cpp_pkg' with type 'ros.ament_cmake' and name 'cpp_pkg'
[0.198s] Level 1:colcon.colcon_core.package_identification:_identify(src/p_py_pkg) by extensions ['ignore', 'ignore_ament_install']
[0.198s] Level 1:colcon.colcon_core.package_identification:_identify(src/p_py_pkg) by extension 'ignore'
[0.198s] Level 1:colcon.colcon_core.package_identification:_identify(src/p_py_pkg) by extension 'ignore_ament_install'
[0.198s] Level 1:colcon.colcon_core.package_identification:_identify(src/p_py_pkg) by extensions ['colcon_pkg']
[0.198s] Level 1:colcon.colcon_core.package_identification:_identify(src/p_py_pkg) by extension 'colcon_pkg'
[0.198s] Level 1:colcon.colcon_core.package_identification:_identify(src/p_py_pkg) by extensions ['colcon_meta']
[0.198s] Level 1:colcon.colcon_core.package_identification:_identify(src/p_py_pkg) by extension 'colcon_meta'
[0.198s] Level 1:colcon.colcon_core.package_identification:_identify(src/p_py_pkg) by extensions ['ros']
[0.198s] Level 1:colcon.colcon_core.package_identification:_identify(src/p_py_pkg) by extension 'ros'
[0.198s] DEBUG:colcon.colcon_core.package_identification:Package 'src/p_py_pkg' with type 'ros.ament_python' and name 'p_py_pkg'
[0.198s] Level 1:colcon.colcon_core.package_discovery:discover_packages(recursive) using defaults
[0.198s] Level 1:colcon.colcon_core.package_discovery:discover_packages(ignore) discover
[0.198s] Level 1:colcon.colcon_core.package_discovery:discover_packages(ignore) using defaults
[0.199s] Level 1:colcon.colcon_core.package_discovery:discover_packages(path) discover
[0.199s] Level 1:colcon.colcon_core.package_discovery:discover_packages(path) using defaults
[0.213s] Level 1:colcon.colcon_core.package_discovery:discover_packages(prefix_path) check parameters
[0.213s] Level 1:colcon.colcon_core.package_discovery:discover_packages(prefix_path) discover
[0.215s] DEBUG:colcon.colcon_installed_package_information.package_discovery:Found 3 installed packages in /home/chief-of-mischief/Desktop/ROS-learnings/ros2_ws/install
[0.216s] DEBUG:colcon.colcon_installed_package_information.package_discovery:Found 270 installed packages in /opt/ros/humble
[0.217s] Level 1:colcon.colcon_core.package_discovery:discover_packages(prefix_path) using defaults
[0.245s] Level 5:colcon.colcon_core.verb:set package 'c_py_pkg' build argument 'cmake_args' from command line to 'None'
[0.245s] Level 5:colcon.colcon_core.verb:set package 'c_py_pkg' build argument 'cmake_target' from command line to 'None'
[0.245s] Level 5:colcon.colcon_core.verb:set package 'c_py_pkg' build argument 'cmake_target_skip_unavailable' from command line to 'False'
[0.245s] Level 5:colcon.colcon_core.verb:set package 'c_py_pkg' build argument 'cmake_clean_cache' from command line to 'False'
[0.245s] Level 5:colcon.colcon_core.verb:set package 'c_py_pkg' build argument 'cmake_clean_first' from command line to 'False'
[0.245s] Level 5:colcon.colcon_core.verb:set package 'c_py_pkg' build argument 'cmake_force_configure' from command line to 'False'
[0.245s] Level 5:colcon.colcon_core.verb:set package 'c_py_pkg' build argument 'ament_cmake_args' from command line to 'None'
[0.245s] Level 5:colcon.colcon_core.verb:set package 'c_py_pkg' build argument 'catkin_cmake_args' from command line to 'None'
[0.245s] Level 5:colcon.colcon_core.verb:set package 'c_py_pkg' build argument 'catkin_skip_building_tests' from command line to 'False'
[0.245s] DEBUG:colcon.colcon_core.verb:Building package 'c_py_pkg' with the following arguments: {'ament_cmake_args': None, 'build_base': '/home/chief-of-mischief/Desktop/ROS-learnings/ros2_ws/build/c_py_pkg', 'catkin_cmake_args': None, 'catkin_skip_building_tests': False, 'cmake_args': None, 'cmake_clean_cache': False, 'cmake_clean_first': False, 'cmake_force_configure': False, 'cmake_target': None, 'cmake_target_skip_unavailable': False, 'install_base': '/home/chief-of-mischief/Desktop/ROS-learnings/ros2_ws/install/c_py_pkg', 'merge_install': False, 'path': '/home/chief-of-mischief/Desktop/ROS-learnings/ros2_ws/src/c_py_pkg', 'symlink_install': True, 'test_result_base': None}
[0.246s] Level 5:colcon.colcon_core.verb:set package 'cpp_pkg' build argument 'cmake_args' from command line to 'None'
[0.246s] Level 5:colcon.colcon_core.verb:set package 'cpp_pkg' build argument 'cmake_target' from command line to 'None'
[0.246s] Level 5:colcon.colcon_core.verb:set package 'cpp_pkg' build argument 'cmake_target_skip_unavailable' from command line to 'False'
[0.246s] Level 5:colcon.colcon_core.verb:set package 'cpp_pkg' build argument 'cmake_clean_cache' from command line to 'False'
[0.246s] Level 5:colcon.colcon_core.verb:set package 'cpp_pkg' build argument 'cmake_clean_first' from command line to 'False'
[0.246s] Level 5:colcon.colcon_core.verb:set package 'cpp_pkg' build argument 'cmake_force_configure' from command line to 'False'
[0.246s] Level 5:colcon.colcon_core.verb:set package 'cpp_pkg' build argument 'ament_cmake_args' from command line to 'None'
[0.246s] Level 5:colcon.colcon_core.verb:set package 'cpp_pkg' build argument 'catkin_cmake_args' from command line to 'None'
[0.246s] Level 5:colcon.colcon_core.verb:set package 'cpp_pkg' build argument 'catkin_skip_building_tests' from command line to 'False'
[0.246s] DEBUG:colcon.colcon_core.verb:Building package 'cpp_pkg' with the following arguments: {'ament_cmake_args': None, 'build_base': '/home/chief-of-mischief/Desktop/ROS-learnings/ros2_ws/build/cpp_pkg', 'catkin_cmake_args': None, 'catkin_skip_building_tests': False, 'cmake_args': None, 'cmake_clean_cache': False, 'cmake_clean_first': False, 'cmake_force_configure': False, 'cmake_target': None, 'cmake_target_skip_unavailable': False, 'install_base': '/home/chief-of-mischief/Desktop/ROS-learnings/ros2_ws/install/cpp_pkg', 'merge_install': False, 'path': '/home/chief-of-mischief/Desktop/ROS-learnings/ros2_ws/src/cpp_pkg', 'symlink_install': True, 'test_result_base': None}
[0.246s] Level 5:colcon.colcon_core.verb:set package 'p_py_pkg' build argument 'cmake_args' from command line to 'None'
[0.247s] Level 5:colcon.colcon_core.verb:set package 'p_py_pkg' build argument 'cmake_target' from command line to 'None'
[0.247s] Level 5:colcon.colcon_core.verb:set package 'p_py_pkg' build argument 'cmake_target_skip_unavailable' from command line to 'False'
[0.247s] Level 5:colcon.colcon_core.verb:set package 'p_py_pkg' build argument 'cmake_clean_cache' from command line to 'False'
[0.247s] Level 5:colcon.colcon_core.verb:set package 'p_py_pkg' build argument 'cmake_clean_first' from command line to 'False'
[0.247s] Level 5:colcon.colcon_core.verb:set package 'p_py_pkg' build argument 'cmake_force_configure' from command line to 'False'
[0.247s] Level 5:colcon.colcon_core.verb:set package 'p_py_pkg' build argument 'ament_cmake_args' from command line to 'None'
[0.247s] Level 5:colcon.colcon_core.verb:set package 'p_py_pkg' build argument 'catkin_cmake_args' from command line to 'None'
[0.247s] Level 5:colcon.colcon_core.verb:set package 'p_py_pkg' build argument 'catkin_skip_building_tests' from command line to 'False'
[0.247s] DEBUG:colcon.colcon_core.verb:Building package 'p_py_pkg' with the following arguments: {'ament_cmake_args': None, 'build_base': '/home/chief-of-mischief/Desktop/ROS-learnings/ros2_ws/build/p_py_pkg', 'catkin_cmake_args': None, 'catkin_skip_building_tests': False, 'cmake_args': None, 'cmake_clean_cache': False, 'cmake_clean_first': False, 'cmake_force_configure': False, 'cmake_target': None, 'cmake_target_skip_unavailable': False, 'install_base': '/home/chief-of-mischief/Desktop/ROS-learnings/ros2_ws/install/p_py_pkg', 'merge_install': False, 'path': '/home/chief-of-mischief/Desktop/ROS-learnings/ros2_ws/src/p_py_pkg', 'symlink_install': True, 'test_result_base': None}
[0.247s] INFO:colcon.colcon_core.executor:Executing jobs using 'parallel' executor
[0.252s] DEBUG:colcon.colcon_parallel_executor.executor.parallel:run_until_complete
[0.252s] INFO:colcon.colcon_ros.task.ament_cmake.build:Building ROS package in '/home/chief-of-mischief/Desktop/ROS-learnings/ros2_ws/src/c_py_pkg' with build type 'ament_cmake'
[0.252s] INFO:colcon.colcon_cmake.task.cmake.build:Building CMake package in '/home/chief-of-mischief/Desktop/ROS-learnings/ros2_ws/src/c_py_pkg'
[0.255s] INFO:colcon.colcon_core.plugin_system:Skipping extension 'colcon_core.shell.bat': Not used on non-Windows systems
[0.255s] INFO:colcon.colcon_core.shell:Skip shell extension 'powershell' for command environment: Not usable outside of PowerShell
[0.255s] DEBUG:colcon.colcon_core.shell:Skip shell extension 'dsv' for command environment
[0.259s] INFO:colcon.colcon_ros.task.ament_cmake.build:Building ROS package in '/home/chief-of-mischief/Desktop/ROS-learnings/ros2_ws/src/cpp_pkg' with build type 'ament_cmake'
[0.259s] INFO:colcon.colcon_cmake.task.cmake.build:Building CMake package in '/home/chief-of-mischief/Desktop/ROS-learnings/ros2_ws/src/cpp_pkg'
[0.260s] INFO:colcon.colcon_core.shell:Skip shell extension 'powershell' for command environment: Not usable outside of PowerShell
[0.260s] DEBUG:colcon.colcon_core.shell:Skip shell extension 'dsv' for command environment
[0.264s] INFO:colcon.colcon_ros.task.ament_python.build:Building ROS package in '/home/chief-of-mischief/Desktop/ROS-learnings/ros2_ws/src/p_py_pkg' with build type 'ament_python'
[0.264s] Level 1:colcon.colcon_core.shell:create_environment_hook('p_py_pkg', 'ament_prefix_path')
[0.266s] INFO:colcon.colcon_core.shell:Creating environment hook '/home/chief-of-mischief/Desktop/ROS-learnings/ros2_ws/install/p_py_pkg/share/p_py_pkg/hook/ament_prefix_path.ps1'
[0.266s] INFO:colcon.colcon_core.shell:Creating environment descriptor '/home/chief-of-mischief/Desktop/ROS-learnings/ros2_ws/install/p_py_pkg/share/p_py_pkg/hook/ament_prefix_path.dsv'
[0.266s] INFO:colcon.colcon_core.shell:Creating environment hook '/home/chief-of-mischief/Desktop/ROS-learnings/ros2_ws/install/p_py_pkg/share/p_py_pkg/hook/ament_prefix_path.sh'
[0.268s] INFO:colcon.colcon_core.shell:Skip shell extension 'powershell' for command environment: Not usable outside of PowerShell
[0.268s] DEBUG:colcon.colcon_core.shell:Skip shell extension 'dsv' for command environment
[0.275s] DEBUG:colcon.colcon_core.event_handler.log_command:Invoking command in '/home/chief-of-mischief/Desktop/ROS-learnings/ros2_ws/build/c_py_pkg': CMAKE_PREFIX_PATH=${CMAKE_PREFIX_PATH}:/home/chief-of-mischief/Desktop/ROS-learnings/ros2_ws/install/p_py_pkg:/opt/ros/humble /usr/bin/cmake --build /home/chief-of-mischief/Desktop/ROS-learnings/ros2_ws/build/c_py_pkg -- -j24 -l24
[0.276s] DEBUG:colcon.colcon_core.event_handler.log_command:Invoking command in '/home/chief-of-mischief/Desktop/ROS-learnings/ros2_ws/build/cpp_pkg': CMAKE_PREFIX_PATH=${CMAKE_PREFIX_PATH}:/home/chief-of-mischief/Desktop/ROS-learnings/ros2_ws/install/p_py_pkg:/opt/ros/humble /usr/bin/cmake --build /home/chief-of-mischief/Desktop/ROS-learnings/ros2_ws/build/cpp_pkg -- -j24 -l24
[0.423s] INFO:colcon.colcon_core.task.python.build:Building Python package in '/home/chief-of-mischief/Desktop/ROS-learnings/ros2_ws/src/p_py_pkg'
[0.425s] INFO:colcon.colcon_core.shell:Skip shell extension 'powershell' for command environment: Not usable outside of PowerShell
[0.425s] DEBUG:colcon.colcon_core.shell:Skip shell extension 'dsv' for command environment
[0.430s] DEBUG:colcon.colcon_core.event_handler.log_command:Invoked command in '/home/chief-of-mischief/Desktop/ROS-learnings/ros2_ws/build/cpp_pkg' returned '0': CMAKE_PREFIX_PATH=${CMAKE_PREFIX_PATH}:/home/chief-of-mischief/Desktop/ROS-learnings/ros2_ws/install/p_py_pkg:/opt/ros/humble /usr/bin/cmake --build /home/chief-of-mischief/Desktop/ROS-learnings/ros2_ws/build/cpp_pkg -- -j24 -l24
[0.451s] DEBUG:colcon.colcon_core.event_handler.log_command:Invoking command in '/home/chief-of-mischief/Desktop/ROS-learnings/ros2_ws/build/cpp_pkg': CMAKE_PREFIX_PATH=${CMAKE_PREFIX_PATH}:/home/chief-of-mischief/Desktop/ROS-learnings/ros2_ws/install/p_py_pkg:/opt/ros/humble /usr/bin/cmake --install /home/chief-of-mischief/Desktop/ROS-learnings/ros2_ws/build/cpp_pkg
[0.461s] Level 1:colcon.colcon_core.environment:create_environment_scripts_only(cpp_pkg)
[0.462s] DEBUG:colcon.colcon_core.event_handler.log_command:Invoked command in '/home/chief-of-mischief/Desktop/ROS-learnings/ros2_ws/build/cpp_pkg' returned '0': CMAKE_PREFIX_PATH=${CMAKE_PREFIX_PATH}:/home/chief-of-mischief/Desktop/ROS-learnings/ros2_ws/install/p_py_pkg:/opt/ros/humble /usr/bin/cmake --install /home/chief-of-mischief/Desktop/ROS-learnings/ros2_ws/build/cpp_pkg
[0.465s] Level 1:colcon.colcon_core.environment:checking '/home/chief-of-mischief/Desktop/ROS-learnings/ros2_ws/install/cpp_pkg' for CMake module files
[0.465s] Level 1:colcon.colcon_core.environment:checking '/home/chief-of-mischief/Desktop/ROS-learnings/ros2_ws/install/cpp_pkg' for CMake config files
[0.465s] Level 1:colcon.colcon_core.shell:create_environment_hook('cpp_pkg', 'cmake_prefix_path')
[0.467s] INFO:colcon.colcon_core.shell:Creating environment hook '/home/chief-of-mischief/Desktop/ROS-learnings/ros2_ws/install/cpp_pkg/share/cpp_pkg/hook/cmake_prefix_path.ps1'
[0.467s] INFO:colcon.colcon_core.shell:Creating environment descriptor '/home/chief-of-mischief/Desktop/ROS-learnings/ros2_ws/install/cpp_pkg/share/cpp_pkg/hook/cmake_prefix_path.dsv'
[0.467s] INFO:colcon.colcon_core.shell:Creating environment hook '/home/chief-of-mischief/Desktop/ROS-learnings/ros2_ws/install/cpp_pkg/share/cpp_pkg/hook/cmake_prefix_path.sh'
[0.468s] Level 1:colcon.colcon_core.environment:checking '/home/chief-of-mischief/Desktop/ROS-learnings/ros2_ws/install/cpp_pkg/lib'
[0.468s] Level 1:colcon.colcon_core.environment:checking '/home/chief-of-mischief/Desktop/ROS-learnings/ros2_ws/install/cpp_pkg/bin'
[0.468s] Level 1:colcon.colcon_core.environment:checking '/home/chief-of-mischief/Desktop/ROS-learnings/ros2_ws/install/cpp_pkg/lib/pkgconfig/cpp_pkg.pc'
[0.468s] Level 1:colcon.colcon_core.environment:checking '/home/chief-of-mischief/Desktop/ROS-learnings/ros2_ws/install/cpp_pkg/lib/python3.10/site-packages'
[0.468s] Level 1:colcon.colcon_core.environment:checking '/home/chief-of-mischief/Desktop/ROS-learnings/ros2_ws/install/cpp_pkg/bin'
[0.469s] INFO:colcon.colcon_core.shell:Creating package script '/home/chief-of-mischief/Desktop/ROS-learnings/ros2_ws/install/cpp_pkg/share/cpp_pkg/package.ps1'
[0.470s] INFO:colcon.colcon_core.shell:Creating package descriptor '/home/chief-of-mischief/Desktop/ROS-learnings/ros2_ws/install/cpp_pkg/share/cpp_pkg/package.dsv'
[0.470s] INFO:colcon.colcon_core.shell:Creating package script '/home/chief-of-mischief/Desktop/ROS-learnings/ros2_ws/install/cpp_pkg/share/cpp_pkg/package.sh'
[0.470s] INFO:colcon.colcon_core.shell:Creating package script '/home/chief-of-mischief/Desktop/ROS-learnings/ros2_ws/install/cpp_pkg/share/cpp_pkg/package.bash'
[0.471s] INFO:colcon.colcon_core.shell:Creating package script '/home/chief-of-mischief/Desktop/ROS-learnings/ros2_ws/install/cpp_pkg/share/cpp_pkg/package.zsh'
[0.471s] Level 1:colcon.colcon_core.environment:create_file_with_runtime_dependencies(/home/chief-of-mischief/Desktop/ROS-learnings/ros2_ws/install/cpp_pkg/share/colcon-core/packages/cpp_pkg)
[0.473s] DEBUG:colcon.colcon_core.event_handler.log_command:Invoked command in '/home/chief-of-mischief/Desktop/ROS-learnings/ros2_ws/build/c_py_pkg' returned '0': CMAKE_PREFIX_PATH=${CMAKE_PREFIX_PATH}:/home/chief-of-mischief/Desktop/ROS-learnings/ros2_ws/install/p_py_pkg:/opt/ros/humble /usr/bin/cmake --build /home/chief-of-mischief/Desktop/ROS-learnings/ros2_ws/build/c_py_pkg -- -j24 -l24
[0.484s] DEBUG:colcon.colcon_core.event_handler.log_command:Invoking command in '/home/chief-of-mischief/Desktop/ROS-learnings/ros2_ws/build/c_py_pkg': CMAKE_PREFIX_PATH=${CMAKE_PREFIX_PATH}:/home/chief-of-mischief/Desktop/ROS-learnings/ros2_ws/install/p_py_pkg:/opt/ros/humble /usr/bin/cmake --install /home/chief-of-mischief/Desktop/ROS-learnings/ros2_ws/build/c_py_pkg
[0.491s] Level 1:colcon.colcon_core.environment:create_environment_scripts_only(cpp_pkg)
[0.494s] Level 1:colcon.colcon_core.environment:checking '/home/chief-of-mischief/Desktop/ROS-learnings/ros2_ws/install/cpp_pkg' for CMake module files
[0.495s] Level 1:colcon.colcon_core.environment:checking '/home/chief-of-mischief/Desktop/ROS-learnings/ros2_ws/install/cpp_pkg' for CMake config files
[0.495s] Level 1:colcon.colcon_core.shell:create_environment_hook('cpp_pkg', 'cmake_prefix_path')
[0.496s] INFO:colcon.colcon_core.shell:Creating environment hook '/home/chief-of-mischief/Desktop/ROS-learnings/ros2_ws/install/cpp_pkg/share/cpp_pkg/hook/cmake_prefix_path.ps1'
[0.497s] INFO:colcon.colcon_core.shell:Creating environment descriptor '/home/chief-of-mischief/Desktop/ROS-learnings/ros2_ws/install/cpp_pkg/share/cpp_pkg/hook/cmake_prefix_path.dsv'
[0.497s] INFO:colcon.colcon_core.shell:Creating environment hook '/home/chief-of-mischief/Desktop/ROS-learnings/ros2_ws/install/cpp_pkg/share/cpp_pkg/hook/cmake_prefix_path.sh'
[0.497s] Level 1:colcon.colcon_core.environment:checking '/home/chief-of-mischief/Desktop/ROS-learnings/ros2_ws/install/cpp_pkg/lib'
[0.497s] Level 1:colcon.colcon_core.environment:checking '/home/chief-of-mischief/Desktop/ROS-learnings/ros2_ws/install/cpp_pkg/bin'
[0.497s] Level 1:colcon.colcon_core.environment:checking '/home/chief-of-mischief/Desktop/ROS-learnings/ros2_ws/install/cpp_pkg/lib/pkgconfig/cpp_pkg.pc'
[0.497s] Level 1:colcon.colcon_core.environment:checking '/home/chief-of-mischief/Desktop/ROS-learnings/ros2_ws/install/cpp_pkg/lib/python3.10/site-packages'
[0.497s] Level 1:colcon.colcon_core.environment:checking '/home/chief-of-mischief/Desktop/ROS-learnings/ros2_ws/install/cpp_pkg/bin'
[0.499s] INFO:colcon.colcon_core.shell:Creating package script '/home/chief-of-mischief/Desktop/ROS-learnings/ros2_ws/install/cpp_pkg/share/cpp_pkg/package.ps1'
[0.499s] INFO:colcon.colcon_core.shell:Creating package descriptor '/home/chief-of-mischief/Desktop/ROS-learnings/ros2_ws/install/cpp_pkg/share/cpp_pkg/package.dsv'
[0.500s] INFO:colcon.colcon_core.shell:Creating package script '/home/chief-of-mischief/Desktop/ROS-learnings/ros2_ws/install/cpp_pkg/share/cpp_pkg/package.sh'
[0.500s] INFO:colcon.colcon_core.shell:Creating package script '/home/chief-of-mischief/Desktop/ROS-learnings/ros2_ws/install/cpp_pkg/share/cpp_pkg/package.bash'
[0.500s] INFO:colcon.colcon_core.shell:Creating package script '/home/chief-of-mischief/Desktop/ROS-learnings/ros2_ws/install/cpp_pkg/share/cpp_pkg/package.zsh'
[0.500s] Level 1:colcon.colcon_core.environment:create_file_with_runtime_dependencies(/home/chief-of-mischief/Desktop/ROS-learnings/ros2_ws/install/cpp_pkg/share/colcon-core/packages/cpp_pkg)
[0.516s] Level 1:colcon.colcon_core.environment:create_environment_scripts_only(c_py_pkg)
[0.519s] Level 1:colcon.colcon_core.environment:checking '/home/chief-of-mischief/Desktop/ROS-learnings/ros2_ws/install/c_py_pkg' for CMake module files
[0.519s] DEBUG:colcon.colcon_core.event_handler.log_command:Invoked command in '/home/chief-of-mischief/Desktop/ROS-learnings/ros2_ws/build/c_py_pkg' returned '0': CMAKE_PREFIX_PATH=${CMAKE_PREFIX_PATH}:/home/chief-of-mischief/Desktop/ROS-learnings/ros2_ws/install/p_py_pkg:/opt/ros/humble /usr/bin/cmake --install /home/chief-of-mischief/Desktop/ROS-learnings/ros2_ws/build/c_py_pkg
[0.519s] Level 1:colcon.colcon_core.environment:checking '/home/chief-of-mischief/Desktop/ROS-learnings/ros2_ws/install/c_py_pkg' for CMake config files
[0.519s] Level 1:colcon.colcon_core.shell:create_environment_hook('c_py_pkg', 'cmake_prefix_path')
[0.521s] INFO:colcon.colcon_core.shell:Creating environment hook '/home/chief-of-mischief/Desktop/ROS-learnings/ros2_ws/install/c_py_pkg/share/c_py_pkg/hook/cmake_prefix_path.ps1'
[0.521s] INFO:colcon.colcon_core.shell:Creating environment descriptor '/home/chief-of-mischief/Desktop/ROS-learnings/ros2_ws/install/c_py_pkg/share/c_py_pkg/hook/cmake_prefix_path.dsv'
[0.521s] INFO:colcon.colcon_core.shell:Creating environment hook '/home/chief-of-mischief/Desktop/ROS-learnings/ros2_ws/install/c_py_pkg/share/c_py_pkg/hook/cmake_prefix_path.sh'
[0.522s] Level 1:colcon.colcon_core.environment:checking '/home/chief-of-mischief/Desktop/ROS-learnings/ros2_ws/install/c_py_pkg/lib'
[0.522s] Level 1:colcon.colcon_core.environment:checking '/home/chief-of-mischief/Desktop/ROS-learnings/ros2_ws/install/c_py_pkg/bin'
[0.522s] Level 1:colcon.colcon_core.environment:checking '/home/chief-of-mischief/Desktop/ROS-learnings/ros2_ws/install/c_py_pkg/lib/pkgconfig/c_py_pkg.pc'
[0.522s] Level 1:colcon.colcon_core.environment:checking '/home/chief-of-mischief/Desktop/ROS-learnings/ros2_ws/install/c_py_pkg/lib/python3.10/site-packages'
[0.522s] Level 1:colcon.colcon_core.environment:checking '/home/chief-of-mischief/Desktop/ROS-learnings/ros2_ws/install/c_py_pkg/bin'
[0.524s] INFO:colcon.colcon_core.shell:Creating package script '/home/chief-of-mischief/Desktop/ROS-learnings/ros2_ws/install/c_py_pkg/share/c_py_pkg/package.ps1'
[0.524s] INFO:colcon.colcon_core.shell:Creating package descriptor '/home/chief-of-mischief/Desktop/ROS-learnings/ros2_ws/install/c_py_pkg/share/c_py_pkg/package.dsv'
[0.524s] INFO:colcon.colcon_core.shell:Creating package script '/home/chief-of-mischief/Desktop/ROS-learnings/ros2_ws/install/c_py_pkg/share/c_py_pkg/package.sh'
[0.524s] INFO:colcon.colcon_core.shell:Creating package script '/home/chief-of-mischief/Desktop/ROS-learnings/ros2_ws/install/c_py_pkg/share/c_py_pkg/package.bash'
[0.524s] INFO:colcon.colcon_core.shell:Creating package script '/home/chief-of-mischief/Desktop/ROS-learnings/ros2_ws/install/c_py_pkg/share/c_py_pkg/package.zsh'
[0.524s] Level 1:colcon.colcon_core.environment:create_file_with_runtime_dependencies(/home/chief-of-mischief/Desktop/ROS-learnings/ros2_ws/install/c_py_pkg/share/colcon-core/packages/c_py_pkg)
[0.537s] Level 1:colcon.colcon_core.environment:create_environment_scripts_only(c_py_pkg)
[0.539s] Level 1:colcon.colcon_core.environment:checking '/home/chief-of-mischief/Desktop/ROS-learnings/ros2_ws/install/c_py_pkg' for CMake module files
[0.539s] Level 1:colcon.colcon_core.environment:checking '/home/chief-of-mischief/Desktop/ROS-learnings/ros2_ws/install/c_py_pkg' for CMake config files
[0.540s] Level 1:colcon.colcon_core.shell:create_environment_hook('c_py_pkg', 'cmake_prefix_path')
[0.541s] INFO:colcon.colcon_core.shell:Creating environment hook '/home/chief-of-mischief/Desktop/ROS-learnings/ros2_ws/install/c_py_pkg/share/c_py_pkg/hook/cmake_prefix_path.ps1'
[0.541s] INFO:colcon.colcon_core.shell:Creating environment descriptor '/home/chief-of-mischief/Desktop/ROS-learnings/ros2_ws/install/c_py_pkg/share/c_py_pkg/hook/cmake_prefix_path.dsv'
[0.541s] INFO:colcon.colcon_core.shell:Creating environment hook '/home/chief-of-mischief/Desktop/ROS-learnings/ros2_ws/install/c_py_pkg/share/c_py_pkg/hook/cmake_prefix_path.sh'
[0.542s] Level 1:colcon.colcon_core.environment:checking '/home/chief-of-mischief/Desktop/ROS-learnings/ros2_ws/install/c_py_pkg/lib'
[0.542s] Level 1:colcon.colcon_core.environment:checking '/home/chief-of-mischief/Desktop/ROS-learnings/ros2_ws/install/c_py_pkg/bin'
[0.542s] Level 1:colcon.colcon_core.environment:checking '/home/chief-of-mischief/Desktop/ROS-learnings/ros2_ws/install/c_py_pkg/lib/pkgconfig/c_py_pkg.pc'
[0.542s] Level 1:colcon.colcon_core.environment:checking '/home/chief-of-mischief/Desktop/ROS-learnings/ros2_ws/install/c_py_pkg/lib/python3.10/site-packages'
[0.542s] Level 1:colcon.colcon_core.environment:checking '/home/chief-of-mischief/Desktop/ROS-learnings/ros2_ws/install/c_py_pkg/bin'
[0.544s] INFO:colcon.colcon_core.shell:Creating package script '/home/chief-of-mischief/Desktop/ROS-learnings/ros2_ws/install/c_py_pkg/share/c_py_pkg/package.ps1'
[0.544s] INFO:colcon.colcon_core.shell:Creating package descriptor '/home/chief-of-mischief/Desktop/ROS-learnings/ros2_ws/install/c_py_pkg/share/c_py_pkg/package.dsv'
[0.544s] INFO:colcon.colcon_core.shell:Creating package script '/home/chief-of-mischief/Desktop/ROS-learnings/ros2_ws/install/c_py_pkg/share/c_py_pkg/package.sh'
[0.544s] INFO:colcon.colcon_core.shell:Creating package script '/home/chief-of-mischief/Desktop/ROS-learnings/ros2_ws/install/c_py_pkg/share/c_py_pkg/package.bash'
[0.544s] INFO:colcon.colcon_core.shell:Creating package script '/home/chief-of-mischief/Desktop/ROS-learnings/ros2_ws/install/c_py_pkg/share/c_py_pkg/package.zsh'
[0.544s] Level 1:colcon.colcon_core.environment:create_file_with_runtime_dependencies(/home/chief-of-mischief/Desktop/ROS-learnings/ros2_ws/install/c_py_pkg/share/colcon-core/packages/c_py_pkg)
[0.608s] DEBUG:colcon.colcon_core.event_handler.log_command:Invoking command in '/home/chief-of-mischief/Desktop/ROS-learnings/ros2_ws/build/p_py_pkg': PYTHONPATH=/home/chief-of-mischief/Desktop/ROS-learnings/ros2_ws/build/p_py_pkg/prefix_override:/home/chief-of-mischief/Desktop/ROS-learnings/ros2_ws/install/p_py_pkg/lib/python3.10/site-packages:${PYTHONPATH} /usr/bin/python3 setup.py develop --editable --build-directory /home/chief-of-mischief/Desktop/ROS-learnings/ros2_ws/build/p_py_pkg/build --no-deps install_data
[0.845s] Level 1:colcon.colcon_core.shell:create_environment_hook('p_py_pkg', 'pythonpath_develop')
[0.847s] INFO:colcon.colcon_core.shell:Creating environment hook '/home/chief-of-mischief/Desktop/ROS-learnings/ros2_ws/build/p_py_pkg/share/p_py_pkg/hook/pythonpath_develop.ps1'
[0.847s] DEBUG:colcon.colcon_core.event_handler.log_command:Invoked command in '/home/chief-of-mischief/Desktop/ROS-learnings/ros2_ws/build/p_py_pkg' returned '0': PYTHONPATH=/home/chief-of-mischief/Desktop/ROS-learnings/ros2_ws/build/p_py_pkg/prefix_override:/home/chief-of-mischief/Desktop/ROS-learnings/ros2_ws/install/p_py_pkg/lib/python3.10/site-packages:${PYTHONPATH} /usr/bin/python3 setup.py develop --editable --build-directory /home/chief-of-mischief/Desktop/ROS-learnings/ros2_ws/build/p_py_pkg/build --no-deps install_data
[0.847s] INFO:colcon.colcon_core.shell:Creating environment descriptor '/home/chief-of-mischief/Desktop/ROS-learnings/ros2_ws/build/p_py_pkg/share/p_py_pkg/hook/pythonpath_develop.dsv'
[0.847s] INFO:colcon.colcon_core.shell:Creating environment hook '/home/chief-of-mischief/Desktop/ROS-learnings/ros2_ws/build/p_py_pkg/share/p_py_pkg/hook/pythonpath_develop.sh'
[0.850s] Level 1:colcon.colcon_core.environment:checking '/home/chief-of-mischief/Desktop/ROS-learnings/ros2_ws/install/p_py_pkg' for CMake module files
[0.850s] Level 1:colcon.colcon_core.environment:checking '/home/chief-of-mischief/Desktop/ROS-learnings/ros2_ws/install/p_py_pkg' for CMake config files
[0.850s] Level 1:colcon.colcon_core.environment:checking '/home/chief-of-mischief/Desktop/ROS-learnings/ros2_ws/install/p_py_pkg/lib'
[0.850s] Level 1:colcon.colcon_core.environment:checking '/home/chief-of-mischief/Desktop/ROS-learnings/ros2_ws/install/p_py_pkg/bin'
[0.850s] Level 1:colcon.colcon_core.environment:checking '/home/chief-of-mischief/Desktop/ROS-learnings/ros2_ws/install/p_py_pkg/lib/pkgconfig/p_py_pkg.pc'
[0.850s] Level 1:colcon.colcon_core.environment:checking '/home/chief-of-mischief/Desktop/ROS-learnings/ros2_ws/install/p_py_pkg/lib/python3.10/site-packages'
[0.850s] Level 1:colcon.colcon_core.shell:create_environment_hook('p_py_pkg', 'pythonpath')
[0.852s] INFO:colcon.colcon_core.shell:Creating environment hook '/home/chief-of-mischief/Desktop/ROS-learnings/ros2_ws/install/p_py_pkg/share/p_py_pkg/hook/pythonpath.ps1'
[0.852s] INFO:colcon.colcon_core.shell:Creating environment descriptor '/home/chief-of-mischief/Desktop/ROS-learnings/ros2_ws/install/p_py_pkg/share/p_py_pkg/hook/pythonpath.dsv'
[0.852s] INFO:colcon.colcon_core.shell:Creating environment hook '/home/chief-of-mischief/Desktop/ROS-learnings/ros2_ws/install/p_py_pkg/share/p_py_pkg/hook/pythonpath.sh'
[0.853s] Level 1:colcon.colcon_core.environment:checking '/home/chief-of-mischief/Desktop/ROS-learnings/ros2_ws/install/p_py_pkg/bin'
[0.853s] Level 1:colcon.colcon_core.environment:create_environment_scripts_only(p_py_pkg)
[0.854s] INFO:colcon.colcon_core.shell:Creating package script '/home/chief-of-mischief/Desktop/ROS-learnings/ros2_ws/install/p_py_pkg/share/p_py_pkg/package.ps1'
[0.855s] INFO:colcon.colcon_core.shell:Creating package descriptor '/home/chief-of-mischief/Desktop/ROS-learnings/ros2_ws/install/p_py_pkg/share/p_py_pkg/package.dsv'
[0.855s] INFO:colcon.colcon_core.shell:Creating package script '/home/chief-of-mischief/Desktop/ROS-learnings/ros2_ws/install/p_py_pkg/share/p_py_pkg/package.sh'
[0.855s] INFO:colcon.colcon_core.shell:Creating package script '/home/chief-of-mischief/Desktop/ROS-learnings/ros2_ws/install/p_py_pkg/share/p_py_pkg/package.bash'
[0.855s] INFO:colcon.colcon_core.shell:Creating package script '/home/chief-of-mischief/Desktop/ROS-learnings/ros2_ws/install/p_py_pkg/share/p_py_pkg/package.zsh'
[0.855s] Level 1:colcon.colcon_core.environment:create_file_with_runtime_dependencies(/home/chief-of-mischief/Desktop/ROS-learnings/ros2_ws/install/p_py_pkg/share/colcon-core/packages/p_py_pkg)
[0.855s] DEBUG:colcon.colcon_parallel_executor.executor.parallel:closing loop
[0.855s] DEBUG:colcon.colcon_parallel_executor.executor.parallel:loop closed
[0.856s] DEBUG:colcon.colcon_parallel_executor.executor.parallel:run_until_complete finished with '0'
[0.856s] DEBUG:colcon.colcon_core.event_reactor:joining thread
[0.860s] INFO:colcon.colcon_core.plugin_system:Skipping extension 'colcon_notification.desktop_notification.terminal_notifier': Not used on non-Darwin systems
[0.860s] INFO:colcon.colcon_core.plugin_system:Skipping extension 'colcon_notification.desktop_notification.win32': Not used on non-Windows systems
[0.860s] INFO:colcon.colcon_notification.desktop_notification:Sending desktop notification using 'notify2'
[0.866s] DEBUG:colcon.colcon_core.event_reactor:joined thread
[0.868s] INFO:colcon.colcon_core.shell:Creating prefix script '/home/chief-of-mischief/Desktop/ROS-learnings/ros2_ws/install/local_setup.ps1'
[0.868s] INFO:colcon.colcon_core.shell:Creating prefix util module '/home/chief-of-mischief/Desktop/ROS-learnings/ros2_ws/install/_local_setup_util_ps1.py'
[0.869s] INFO:colcon.colcon_core.shell:Creating prefix chain script '/home/chief-of-mischief/Desktop/ROS-learnings/ros2_ws/install/setup.ps1'
[0.870s] INFO:colcon.colcon_core.shell:Creating prefix script '/home/chief-of-mischief/Desktop/ROS-learnings/ros2_ws/install/local_setup.sh'
[0.870s] INFO:colcon.colcon_core.shell:Creating prefix util module '/home/chief-of-mischief/Desktop/ROS-learnings/ros2_ws/install/_local_setup_util_sh.py'
[0.871s] INFO:colcon.colcon_core.shell:Creating prefix chain script '/home/chief-of-mischief/Desktop/ROS-learnings/ros2_ws/install/setup.sh'
[0.872s] INFO:colcon.colcon_core.shell:Creating prefix script '/home/chief-of-mischief/Desktop/ROS-learnings/ros2_ws/install/local_setup.bash'
[0.872s] INFO:colcon.colcon_core.shell:Creating prefix chain script '/home/chief-of-mischief/Desktop/ROS-learnings/ros2_ws/install/setup.bash'
[0.873s] INFO:colcon.colcon_core.shell:Creating prefix script '/home/chief-of-mischief/Desktop/ROS-learnings/ros2_ws/install/local_setup.zsh'
[0.873s] INFO:colcon.colcon_core.shell:Creating prefix chain script '/home/chief-of-mischief/Desktop/ROS-learnings/ros2_ws/install/setup.zsh'
