[0.046s] Invoking command in '/home/chief-of-mischief/Desktop/ROS-learnings/ros2_ws/build/cpp_pkg': CMAKE_PREFIX_PATH=${CMAKE_PREFIX_PATH}:/home/chief-of-mischief/Desktop/ROS-learnings/ros2_ws/install/p_py_pkg:/opt/ros/humble /usr/bin/cmake --build /home/chief-of-mischief/Desktop/ROS-learnings/ros2_ws/build/cpp_pkg -- -j24 -l24
[0.069s] -- Found ament_cmake: 1.3.3 (/opt/ros/humble/share/ament_cmake/cmake)
[0.242s] -- Override CMake install command with custom implementation using symlinks instead of copying resources
[0.250s] -- Found rclcpp: 16.0.2 (/opt/ros/humble/share/rclcpp/cmake)
[0.288s] -- Found rosidl_generator_c: 3.1.4 (/opt/ros/humble/share/rosidl_generator_c/cmake)
[0.291s] -- Found rosidl_adapter: 3.1.4 (/opt/ros/humble/share/rosidl_adapter/cmake)
[0.298s] -- Found rosidl_generator_cpp: 3.1.4 (/opt/ros/humble/share/rosidl_generator_cpp/cmake)
[0.311s] -- Using all available rosidl_typesupport_c: rosidl_typesupport_fastrtps_c;rosidl_typesupport_introspection_c
[0.330s] -- Using all available rosidl_typesupport_cpp: rosidl_typesupport_fastrtps_cpp;rosidl_typesupport_introspection_cpp
[0.404s] -- Found rmw_implementation_cmake: 6.1.1 (/opt/ros/humble/share/rmw_implementation_cmake/cmake)
[0.406s] -- Found rmw_fastrtps_cpp: 6.2.2 (/opt/ros/humble/share/rmw_fastrtps_cpp/cmake)
[0.550s] -- Using RMW implementation 'rmw_fastrtps_cpp' as default
[0.743s] -- Found example_interfaces: 0.9.3 (/opt/ros/humble/share/example_interfaces/cmake)
[0.912s] -- Found ament_lint_auto: 0.12.4 (/opt/ros/humble/share/ament_lint_auto/cmake)
[0.990s] [31mCMake Error at CMakeLists.txt:27 (add_executable):
[0.990s]   add_executable cannot create target "cpp_node" because another target with
[0.990s]   the same name already exists.  The existing target is an executable created
[0.991s]   in source directory
[0.991s]   "/home/chief-of-mischief/Desktop/ROS-learnings/ros2_ws/src/cpp_pkg".  See
[0.991s]   documentation for policy CMP0002 for more details.
[0.992s] 
[0.992s] [0m
[0.992s] [31mCMake Error at CMakeLists.txt:28 (add_executable):
[0.992s]   add_executable cannot create target "cpp_node" because another target with
[0.993s]   the same name already exists.  The existing target is an executable created
[0.993s]   in source directory
[0.993s]   "/home/chief-of-mischief/Desktop/ROS-learnings/ros2_ws/src/cpp_pkg".  See
[0.993s]   documentation for policy CMP0002 for more details.
[0.994s] 
[0.994s] [0m
[0.995s] -- Added test 'cppcheck' to perform static code analysis on C / C++ code
[0.995s] -- Configured cppcheck include dirs: 
[0.996s] -- Configured cppcheck exclude dirs and/or files: 
[0.996s] -- Added test 'lint_cmake' to check CMake code style
[0.996s] -- Added test 'uncrustify' to check C / C++ code style
[0.996s] -- Configured uncrustify additional arguments: 
[0.997s] -- Added test 'xmllint' to check XML markup files
[0.998s] -- Configuring incomplete, errors occurred!
[0.998s] See also "/home/chief-of-mischief/Desktop/ROS-learnings/ros2_ws/build/cpp_pkg/CMakeFiles/CMakeOutput.log".
[1.005s] gmake: *** [Makefile:267: cmake_check_build_system] Error 1
[1.008s] Invoked command in '/home/chief-of-mischief/Desktop/ROS-learnings/ros2_ws/build/cpp_pkg' returned '2': CMAKE_PREFIX_PATH=${CMAKE_PREFIX_PATH}:/home/chief-of-mischief/Desktop/ROS-learnings/ros2_ws/install/p_py_pkg:/opt/ros/humble /usr/bin/cmake --build /home/chief-of-mischief/Desktop/ROS-learnings/ros2_ws/build/cpp_pkg -- -j24 -l24
